Sentence #1 (14 tokens):
The salesperson told Dave that this would be the best car he ever bought
[Text=The CharacterOffsetBegin=0 CharacterOffsetEnd=3 PartOfSpeech=DT Lemma=the NamedEntityTag=O]
[Text=salesperson CharacterOffsetBegin=4 CharacterOffsetEnd=15 PartOfSpeech=NN Lemma=salesperson NamedEntityTag=O]
[Text=told CharacterOffsetBegin=16 CharacterOffsetEnd=20 PartOfSpeech=VBD Lemma=tell NamedEntityTag=O]
[Text=Dave CharacterOffsetBegin=21 CharacterOffsetEnd=25 PartOfSpeech=NNP Lemma=Dave NamedEntityTag=PERSON]
[Text=that CharacterOffsetBegin=26 CharacterOffsetEnd=30 PartOfSpeech=IN Lemma=that NamedEntityTag=O]
[Text=this CharacterOffsetBegin=31 CharacterOffsetEnd=35 PartOfSpeech=DT Lemma=this NamedEntityTag=O]
[Text=would CharacterOffsetBegin=36 CharacterOffsetEnd=41 PartOfSpeech=MD Lemma=would NamedEntityTag=O]
[Text=be CharacterOffsetBegin=42 CharacterOffsetEnd=44 PartOfSpeech=VB Lemma=be NamedEntityTag=O]
[Text=the CharacterOffsetBegin=45 CharacterOffsetEnd=48 PartOfSpeech=DT Lemma=the NamedEntityTag=O]
[Text=best CharacterOffsetBegin=49 CharacterOffsetEnd=53 PartOfSpeech=JJS Lemma=best NamedEntityTag=O]
[Text=car CharacterOffsetBegin=54 CharacterOffsetEnd=57 PartOfSpeech=NN Lemma=car NamedEntityTag=O]
[Text=he CharacterOffsetBegin=58 CharacterOffsetEnd=60 PartOfSpeech=PRP Lemma=he NamedEntityTag=O]
[Text=ever CharacterOffsetBegin=61 CharacterOffsetEnd=65 PartOfSpeech=RB Lemma=ever NamedEntityTag=O]
[Text=bought CharacterOffsetBegin=66 CharacterOffsetEnd=72 PartOfSpeech=VBD Lemma=buy NamedEntityTag=O]
(ROOT
  (S
    (NP (DT The) (NN salesperson))
    (VP (VBD told)
      (NP (NNP Dave))
      (SBAR (IN that)
        (S
          (NP (DT this))
          (VP (MD would)
            (VP (VB be)
              (NP
                (NP (DT the) (JJS best) (NN car))
                (SBAR
                  (S
                    (NP (PRP he))
                    (ADVP (RB ever))
                    (VP (VBD bought))))))))))))

root(ROOT-0, told-3)
det(salesperson-2, The-1)
nsubj(told-3, salesperson-2)
dobj(told-3, Dave-4)
mark(car-11, that-5)
nsubj(car-11, this-6)
aux(car-11, would-7)
cop(car-11, be-8)
det(car-11, the-9)
amod(car-11, best-10)
ccomp(told-3, car-11)
nsubj(bought-14, he-12)
advmod(bought-14, ever-13)
acl:relcl(car-11, bought-14)

Coreference set:
	(1,12,[12,13]) -> (1,2,[1,3]), that is: "he" -> "The salesperson"
Coreference set:
	(1,6,[6,7]) -> (1,11,[9,15]), that is: "this" -> "the best car he ever bought"
