Sentence #1 (8 tokens):
Girls like puppies because they like adorable things
[Text=Girls CharacterOffsetBegin=0 CharacterOffsetEnd=5 PartOfSpeech=NNS Lemma=girl NamedEntityTag=O]
[Text=like CharacterOffsetBegin=6 CharacterOffsetEnd=10 PartOfSpeech=IN Lemma=like NamedEntityTag=O]
[Text=puppies CharacterOffsetBegin=11 CharacterOffsetEnd=18 PartOfSpeech=NNS Lemma=puppy NamedEntityTag=O]
[Text=because CharacterOffsetBegin=19 CharacterOffsetEnd=26 PartOfSpeech=IN Lemma=because NamedEntityTag=O]
[Text=they CharacterOffsetBegin=27 CharacterOffsetEnd=31 PartOfSpeech=PRP Lemma=they NamedEntityTag=O]
[Text=like CharacterOffsetBegin=32 CharacterOffsetEnd=36 PartOfSpeech=VBP Lemma=like NamedEntityTag=O]
[Text=adorable CharacterOffsetBegin=37 CharacterOffsetEnd=45 PartOfSpeech=JJ Lemma=adorable NamedEntityTag=O]
[Text=things CharacterOffsetBegin=46 CharacterOffsetEnd=52 PartOfSpeech=NNS Lemma=thing NamedEntityTag=O]
(ROOT
  (FRAG
    (NP
      (NP (NNS Girls))
      (PP (IN like)
        (NP (NNS puppies))))
    (SBAR (IN because)
      (S
        (NP (PRP they))
        (VP (VBP like)
          (NP (JJ adorable) (NNS things)))))))

root(ROOT-0, Girls-1)
case(puppies-3, like-2)
nmod:like(Girls-1, puppies-3)
mark(like-6, because-4)
nsubj(like-6, they-5)
dep(Girls-1, like-6)
amod(things-8, adorable-7)
dobj(like-6, things-8)

