Sentence #1 (11 tokens):
The car passed the truck because it was going too slow
[Text=The CharacterOffsetBegin=0 CharacterOffsetEnd=3 PartOfSpeech=DT Lemma=the NamedEntityTag=O]
[Text=car CharacterOffsetBegin=4 CharacterOffsetEnd=7 PartOfSpeech=NN Lemma=car NamedEntityTag=O]
[Text=passed CharacterOffsetBegin=8 CharacterOffsetEnd=14 PartOfSpeech=VBD Lemma=pass NamedEntityTag=O]
[Text=the CharacterOffsetBegin=15 CharacterOffsetEnd=18 PartOfSpeech=DT Lemma=the NamedEntityTag=O]
[Text=truck CharacterOffsetBegin=19 CharacterOffsetEnd=24 PartOfSpeech=NN Lemma=truck NamedEntityTag=O]
[Text=because CharacterOffsetBegin=25 CharacterOffsetEnd=32 PartOfSpeech=IN Lemma=because NamedEntityTag=O]
[Text=it CharacterOffsetBegin=33 CharacterOffsetEnd=35 PartOfSpeech=PRP Lemma=it NamedEntityTag=O]
[Text=was CharacterOffsetBegin=36 CharacterOffsetEnd=39 PartOfSpeech=VBD Lemma=be NamedEntityTag=O]
[Text=going CharacterOffsetBegin=40 CharacterOffsetEnd=45 PartOfSpeech=VBG Lemma=go NamedEntityTag=O]
[Text=too CharacterOffsetBegin=46 CharacterOffsetEnd=49 PartOfSpeech=RB Lemma=too NamedEntityTag=O]
[Text=slow CharacterOffsetBegin=50 CharacterOffsetEnd=54 PartOfSpeech=JJ Lemma=slow NamedEntityTag=O]
(ROOT
  (S
    (NP (DT The) (NN car))
    (VP (VBD passed)
      (NP (DT the) (NN truck))
      (SBAR (IN because)
        (S
          (NP (PRP it))
          (VP (VBD was)
            (VP (VBG going)
              (ADJP (RB too) (JJ slow)))))))))

root(ROOT-0, passed-3)
det(car-2, The-1)
nsubj(passed-3, car-2)
det(truck-5, the-4)
dobj(passed-3, truck-5)
mark(going-9, because-6)
nsubj(going-9, it-7)
aux(going-9, was-8)
advcl:because(passed-3, going-9)
advmod(slow-11, too-10)
xcomp(going-9, slow-11)

Coreference set:
	(1,7,[7,8]) -> (1,2,[1,3]), that is: "it" -> "The car"
