Sentence #1 (11 tokens):
The car passed the truck because it needed to go faster
[Text=The CharacterOffsetBegin=0 CharacterOffsetEnd=3 PartOfSpeech=DT Lemma=the NamedEntityTag=O]
[Text=car CharacterOffsetBegin=4 CharacterOffsetEnd=7 PartOfSpeech=NN Lemma=car NamedEntityTag=O]
[Text=passed CharacterOffsetBegin=8 CharacterOffsetEnd=14 PartOfSpeech=VBD Lemma=pass NamedEntityTag=O]
[Text=the CharacterOffsetBegin=15 CharacterOffsetEnd=18 PartOfSpeech=DT Lemma=the NamedEntityTag=O]
[Text=truck CharacterOffsetBegin=19 CharacterOffsetEnd=24 PartOfSpeech=NN Lemma=truck NamedEntityTag=O]
[Text=because CharacterOffsetBegin=25 CharacterOffsetEnd=32 PartOfSpeech=IN Lemma=because NamedEntityTag=O]
[Text=it CharacterOffsetBegin=33 CharacterOffsetEnd=35 PartOfSpeech=PRP Lemma=it NamedEntityTag=O]
[Text=needed CharacterOffsetBegin=36 CharacterOffsetEnd=42 PartOfSpeech=VBD Lemma=need NamedEntityTag=O]
[Text=to CharacterOffsetBegin=43 CharacterOffsetEnd=45 PartOfSpeech=TO Lemma=to NamedEntityTag=O]
[Text=go CharacterOffsetBegin=46 CharacterOffsetEnd=48 PartOfSpeech=VB Lemma=go NamedEntityTag=O]
[Text=faster CharacterOffsetBegin=49 CharacterOffsetEnd=55 PartOfSpeech=RBR Lemma=faster NamedEntityTag=O]
(ROOT
  (S
    (NP (DT The) (NN car))
    (VP (VBD passed)
      (NP (DT the) (NN truck))
      (SBAR (IN because)
        (S
          (NP (PRP it))
          (VP (VBD needed)
            (S
              (VP (TO to)
                (VP (VB go)
                  (ADVP (RBR faster)))))))))))

root(ROOT-0, passed-3)
det(car-2, The-1)
nsubj(passed-3, car-2)
det(truck-5, the-4)
dobj(passed-3, truck-5)
mark(needed-8, because-6)
nsubj(needed-8, it-7)
nsubj:xsubj(go-10, it-7)
advcl:because(passed-3, needed-8)
mark(go-10, to-9)
xcomp(needed-8, go-10)
advmod(go-10, faster-11)

Coreference set:
	(1,7,[7,8]) -> (1,2,[1,3]), that is: "it" -> "The car"
