Sentence #1 (14 tokens):
Raja wanted Rena to take the job because he would be a good candidate
[Text=Raja CharacterOffsetBegin=0 CharacterOffsetEnd=4 PartOfSpeech=NNP Lemma=Raja NamedEntityTag=PERSON]
[Text=wanted CharacterOffsetBegin=5 CharacterOffsetEnd=11 PartOfSpeech=VBD Lemma=want NamedEntityTag=O]
[Text=Rena CharacterOffsetBegin=12 CharacterOffsetEnd=16 PartOfSpeech=NNP Lemma=Rena NamedEntityTag=PERSON]
[Text=to CharacterOffsetBegin=17 CharacterOffsetEnd=19 PartOfSpeech=TO Lemma=to NamedEntityTag=O]
[Text=take CharacterOffsetBegin=20 CharacterOffsetEnd=24 PartOfSpeech=VB Lemma=take NamedEntityTag=O]
[Text=the CharacterOffsetBegin=25 CharacterOffsetEnd=28 PartOfSpeech=DT Lemma=the NamedEntityTag=O]
[Text=job CharacterOffsetBegin=29 CharacterOffsetEnd=32 PartOfSpeech=NN Lemma=job NamedEntityTag=O]
[Text=because CharacterOffsetBegin=33 CharacterOffsetEnd=40 PartOfSpeech=IN Lemma=because NamedEntityTag=O]
[Text=he CharacterOffsetBegin=41 CharacterOffsetEnd=43 PartOfSpeech=PRP Lemma=he NamedEntityTag=O]
[Text=would CharacterOffsetBegin=44 CharacterOffsetEnd=49 PartOfSpeech=MD Lemma=would NamedEntityTag=O]
[Text=be CharacterOffsetBegin=50 CharacterOffsetEnd=52 PartOfSpeech=VB Lemma=be NamedEntityTag=O]
[Text=a CharacterOffsetBegin=53 CharacterOffsetEnd=54 PartOfSpeech=DT Lemma=a NamedEntityTag=O]
[Text=good CharacterOffsetBegin=55 CharacterOffsetEnd=59 PartOfSpeech=JJ Lemma=good NamedEntityTag=O]
[Text=candidate CharacterOffsetBegin=60 CharacterOffsetEnd=69 PartOfSpeech=NN Lemma=candidate NamedEntityTag=O]
(ROOT
  (S
    (NP (NNP Raja))
    (VP (VBD wanted)
      (S
        (NP (NNP Rena))
        (VP (TO to)
          (VP (VB take)
            (NP (DT the) (NN job))
            (SBAR (IN because)
              (S
                (NP (PRP he))
                (VP (MD would)
                  (VP (VB be)
                    (NP (DT a) (JJ good) (NN candidate))))))))))))

root(ROOT-0, wanted-2)
nsubj(wanted-2, Raja-1)
dobj(wanted-2, Rena-3)
nsubj:xsubj(take-5, Rena-3)
mark(take-5, to-4)
xcomp(wanted-2, take-5)
det(job-7, the-6)
dobj(take-5, job-7)
mark(candidate-14, because-8)
nsubj(candidate-14, he-9)
aux(candidate-14, would-10)
cop(candidate-14, be-11)
det(candidate-14, a-12)
amod(candidate-14, good-13)
advcl:because(take-5, candidate-14)

Coreference set:
	(1,9,[9,10]) -> (1,1,[1,2]), that is: "he" -> "Raja"
	(1,14,[12,15]) -> (1,1,[1,2]), that is: "a good candidate" -> "Raja"
