Sentence #1 (12 tokens):
Raja wanted Rena to take the job because he wanted to leave
[Text=Raja CharacterOffsetBegin=0 CharacterOffsetEnd=4 PartOfSpeech=NNP Lemma=Raja NamedEntityTag=PERSON]
[Text=wanted CharacterOffsetBegin=5 CharacterOffsetEnd=11 PartOfSpeech=VBD Lemma=want NamedEntityTag=O]
[Text=Rena CharacterOffsetBegin=12 CharacterOffsetEnd=16 PartOfSpeech=NNP Lemma=Rena NamedEntityTag=PERSON]
[Text=to CharacterOffsetBegin=17 CharacterOffsetEnd=19 PartOfSpeech=TO Lemma=to NamedEntityTag=O]
[Text=take CharacterOffsetBegin=20 CharacterOffsetEnd=24 PartOfSpeech=VB Lemma=take NamedEntityTag=O]
[Text=the CharacterOffsetBegin=25 CharacterOffsetEnd=28 PartOfSpeech=DT Lemma=the NamedEntityTag=O]
[Text=job CharacterOffsetBegin=29 CharacterOffsetEnd=32 PartOfSpeech=NN Lemma=job NamedEntityTag=O]
[Text=because CharacterOffsetBegin=33 CharacterOffsetEnd=40 PartOfSpeech=IN Lemma=because NamedEntityTag=O]
[Text=he CharacterOffsetBegin=41 CharacterOffsetEnd=43 PartOfSpeech=PRP Lemma=he NamedEntityTag=O]
[Text=wanted CharacterOffsetBegin=44 CharacterOffsetEnd=50 PartOfSpeech=VBD Lemma=want NamedEntityTag=O]
[Text=to CharacterOffsetBegin=51 CharacterOffsetEnd=53 PartOfSpeech=TO Lemma=to NamedEntityTag=O]
[Text=leave CharacterOffsetBegin=54 CharacterOffsetEnd=59 PartOfSpeech=VB Lemma=leave NamedEntityTag=O]
(ROOT
  (S
    (NP (NNP Raja))
    (VP (VBD wanted)
      (S
        (NP (NNP Rena))
        (VP (TO to)
          (VP (VB take)
            (NP (DT the) (NN job))
            (SBAR (IN because)
              (S
                (NP (PRP he))
                (VP (VBD wanted)
                  (S
                    (VP (TO to)
                      (VP (VB leave)))))))))))))

root(ROOT-0, wanted-2)
nsubj(wanted-2, Raja-1)
dobj(wanted-2, Rena-3)
nsubj:xsubj(take-5, Rena-3)
mark(take-5, to-4)
xcomp(wanted-2, take-5)
det(job-7, the-6)
dobj(take-5, job-7)
mark(wanted-10, because-8)
nsubj(wanted-10, he-9)
nsubj:xsubj(leave-12, he-9)
advcl:because(take-5, wanted-10)
mark(leave-12, to-11)
xcomp(wanted-10, leave-12)

Coreference set:
	(1,9,[9,10]) -> (1,1,[1,2]), that is: "he" -> "Raja"
