Sentence #1 (19 tokens):
Sheila tried to repair the old jalopy, even though she had not worked on cars in three decades
[Text=Sheila CharacterOffsetBegin=0 CharacterOffsetEnd=6 PartOfSpeech=NNP Lemma=Sheila NamedEntityTag=PERSON]
[Text=tried CharacterOffsetBegin=7 CharacterOffsetEnd=12 PartOfSpeech=VBD Lemma=try NamedEntityTag=O]
[Text=to CharacterOffsetBegin=13 CharacterOffsetEnd=15 PartOfSpeech=TO Lemma=to NamedEntityTag=O]
[Text=repair CharacterOffsetBegin=16 CharacterOffsetEnd=22 PartOfSpeech=VB Lemma=repair NamedEntityTag=O]
[Text=the CharacterOffsetBegin=23 CharacterOffsetEnd=26 PartOfSpeech=DT Lemma=the NamedEntityTag=O]
[Text=old CharacterOffsetBegin=27 CharacterOffsetEnd=30 PartOfSpeech=JJ Lemma=old NamedEntityTag=O]
[Text=jalopy CharacterOffsetBegin=31 CharacterOffsetEnd=37 PartOfSpeech=NN Lemma=jalopy NamedEntityTag=O]
[Text=, CharacterOffsetBegin=37 CharacterOffsetEnd=38 PartOfSpeech=, Lemma=, NamedEntityTag=O]
[Text=even CharacterOffsetBegin=39 CharacterOffsetEnd=43 PartOfSpeech=RB Lemma=even NamedEntityTag=O]
[Text=though CharacterOffsetBegin=44 CharacterOffsetEnd=50 PartOfSpeech=IN Lemma=though NamedEntityTag=O]
[Text=she CharacterOffsetBegin=51 CharacterOffsetEnd=54 PartOfSpeech=PRP Lemma=she NamedEntityTag=O]
[Text=had CharacterOffsetBegin=55 CharacterOffsetEnd=58 PartOfSpeech=VBD Lemma=have NamedEntityTag=O]
[Text=not CharacterOffsetBegin=59 CharacterOffsetEnd=62 PartOfSpeech=RB Lemma=not NamedEntityTag=O]
[Text=worked CharacterOffsetBegin=63 CharacterOffsetEnd=69 PartOfSpeech=VBN Lemma=work NamedEntityTag=O]
[Text=on CharacterOffsetBegin=70 CharacterOffsetEnd=72 PartOfSpeech=IN Lemma=on NamedEntityTag=O]
[Text=cars CharacterOffsetBegin=73 CharacterOffsetEnd=77 PartOfSpeech=NNS Lemma=car NamedEntityTag=O]
[Text=in CharacterOffsetBegin=78 CharacterOffsetEnd=80 PartOfSpeech=IN Lemma=in NamedEntityTag=O]
[Text=three CharacterOffsetBegin=81 CharacterOffsetEnd=86 PartOfSpeech=CD Lemma=three NamedEntityTag=DURATION NormalizedNamedEntityTag=P30Y Timex=<TIMEX3 tid="t1" type="DURATION" value="P30Y">three decades</TIMEX3>]
[Text=decades CharacterOffsetBegin=87 CharacterOffsetEnd=94 PartOfSpeech=NNS Lemma=decade NamedEntityTag=DURATION NormalizedNamedEntityTag=P30Y Timex=<TIMEX3 tid="t1" type="DURATION" value="P30Y">three decades</TIMEX3>]
(ROOT
  (S
    (NP (NNP Sheila))
    (VP (VBD tried)
      (S
        (VP (TO to)
          (VP (VB repair)
            (NP (DT the) (JJ old) (NN jalopy)))))
      (, ,)
      (SBAR (RB even) (IN though)
        (S
          (NP (PRP she))
          (VP (VBD had) (RB not)
            (VP (VBN worked)
              (PP (IN on)
                (NP
                  (NP (NNS cars))
                  (PP (IN in)
                    (NP (CD three) (NNS decades))))))))))))

root(ROOT-0, tried-2)
nsubj(tried-2, Sheila-1)
nsubj:xsubj(repair-4, Sheila-1)
mark(repair-4, to-3)
xcomp(tried-2, repair-4)
det(jalopy-7, the-5)
amod(jalopy-7, old-6)
dobj(repair-4, jalopy-7)
punct(tried-2, ,-8)
advmod(worked-14, even-9)
mark(worked-14, though-10)
nsubj(worked-14, she-11)
aux(worked-14, had-12)
neg(worked-14, not-13)
advcl:though(tried-2, worked-14)
case(cars-16, on-15)
nmod:on(worked-14, cars-16)
case(decades-19, in-17)
nummod(decades-19, three-18)
nmod:in(cars-16, decades-19)

Coreference set:
	(1,11,[11,12]) -> (1,1,[1,2]), that is: "she" -> "Sheila"
