Sentence #1 (9 tokens):
The ghost entered the house because it was haunted
[Text=The CharacterOffsetBegin=0 CharacterOffsetEnd=3 PartOfSpeech=DT Lemma=the NamedEntityTag=O]
[Text=ghost CharacterOffsetBegin=4 CharacterOffsetEnd=9 PartOfSpeech=NN Lemma=ghost NamedEntityTag=O]
[Text=entered CharacterOffsetBegin=10 CharacterOffsetEnd=17 PartOfSpeech=VBD Lemma=enter NamedEntityTag=O]
[Text=the CharacterOffsetBegin=18 CharacterOffsetEnd=21 PartOfSpeech=DT Lemma=the NamedEntityTag=O]
[Text=house CharacterOffsetBegin=22 CharacterOffsetEnd=27 PartOfSpeech=NN Lemma=house NamedEntityTag=O]
[Text=because CharacterOffsetBegin=28 CharacterOffsetEnd=35 PartOfSpeech=IN Lemma=because NamedEntityTag=O]
[Text=it CharacterOffsetBegin=36 CharacterOffsetEnd=38 PartOfSpeech=PRP Lemma=it NamedEntityTag=O]
[Text=was CharacterOffsetBegin=39 CharacterOffsetEnd=42 PartOfSpeech=VBD Lemma=be NamedEntityTag=O]
[Text=haunted CharacterOffsetBegin=43 CharacterOffsetEnd=50 PartOfSpeech=VBN Lemma=haunt NamedEntityTag=O]
(ROOT
  (S
    (NP (DT The) (NN ghost))
    (VP (VBD entered)
      (NP (DT the) (NN house))
      (SBAR (IN because)
        (S
          (NP (PRP it))
          (VP (VBD was)
            (VP (VBN haunted))))))))

root(ROOT-0, entered-3)
det(ghost-2, The-1)
nsubj(entered-3, ghost-2)
det(house-5, the-4)
dobj(entered-3, house-5)
mark(haunted-9, because-6)
nsubjpass(haunted-9, it-7)
auxpass(haunted-9, was-8)
advcl:because(entered-3, haunted-9)

Coreference set:
	(1,7,[7,8]) -> (1,5,[4,6]), that is: "it" -> "the house"
