Sentence #1 (8 tokens):
The lion saw the fish and it pounced
[Text=The CharacterOffsetBegin=0 CharacterOffsetEnd=3 PartOfSpeech=DT Lemma=the NamedEntityTag=O]
[Text=lion CharacterOffsetBegin=4 CharacterOffsetEnd=8 PartOfSpeech=NN Lemma=lion NamedEntityTag=O]
[Text=saw CharacterOffsetBegin=9 CharacterOffsetEnd=12 PartOfSpeech=VBD Lemma=see NamedEntityTag=O]
[Text=the CharacterOffsetBegin=13 CharacterOffsetEnd=16 PartOfSpeech=DT Lemma=the NamedEntityTag=O]
[Text=fish CharacterOffsetBegin=17 CharacterOffsetEnd=21 PartOfSpeech=NN Lemma=fish NamedEntityTag=O]
[Text=and CharacterOffsetBegin=22 CharacterOffsetEnd=25 PartOfSpeech=CC Lemma=and NamedEntityTag=O]
[Text=it CharacterOffsetBegin=26 CharacterOffsetEnd=28 PartOfSpeech=PRP Lemma=it NamedEntityTag=O]
[Text=pounced CharacterOffsetBegin=29 CharacterOffsetEnd=36 PartOfSpeech=VBD Lemma=pounce NamedEntityTag=O]
(ROOT
  (S
    (NP (DT The) (NN lion))
    (VP (VBD saw)
      (SBAR
        (S
          (NP
            (NP (DT the) (NN fish))
            (CC and)
            (NP (PRP it)))
          (VP (VBD pounced)))))))

root(ROOT-0, saw-3)
det(lion-2, The-1)
nsubj(saw-3, lion-2)
det(fish-5, the-4)
nsubj(pounced-8, fish-5)
cc(fish-5, and-6)
conj:and(fish-5, it-7)
nsubj(pounced-8, it-7)
ccomp(saw-3, pounced-8)

Coreference set:
	(1,7,[7,8]) -> (1,5,[4,6]), that is: "it" -> "the fish"
