Sentence #1 (9 tokens):
The lion saw the fish and it was swimming
[Text=The CharacterOffsetBegin=0 CharacterOffsetEnd=3 PartOfSpeech=DT Lemma=the NamedEntityTag=O]
[Text=lion CharacterOffsetBegin=4 CharacterOffsetEnd=8 PartOfSpeech=NN Lemma=lion NamedEntityTag=O]
[Text=saw CharacterOffsetBegin=9 CharacterOffsetEnd=12 PartOfSpeech=VBD Lemma=see NamedEntityTag=O]
[Text=the CharacterOffsetBegin=13 CharacterOffsetEnd=16 PartOfSpeech=DT Lemma=the NamedEntityTag=O]
[Text=fish CharacterOffsetBegin=17 CharacterOffsetEnd=21 PartOfSpeech=NN Lemma=fish NamedEntityTag=O]
[Text=and CharacterOffsetBegin=22 CharacterOffsetEnd=25 PartOfSpeech=CC Lemma=and NamedEntityTag=O]
[Text=it CharacterOffsetBegin=26 CharacterOffsetEnd=28 PartOfSpeech=PRP Lemma=it NamedEntityTag=O]
[Text=was CharacterOffsetBegin=29 CharacterOffsetEnd=32 PartOfSpeech=VBD Lemma=be NamedEntityTag=O]
[Text=swimming CharacterOffsetBegin=33 CharacterOffsetEnd=41 PartOfSpeech=VBG Lemma=swim NamedEntityTag=O]
(ROOT
  (S
    (NP (DT The) (NN lion))
    (VP (VBD saw)
      (SBAR
        (S
          (NP
            (NP (DT the) (NN fish))
            (CC and)
            (NP (PRP it)))
          (VP (VBD was)
            (VP (VBG swimming))))))))

root(ROOT-0, saw-3)
det(lion-2, The-1)
nsubj(saw-3, lion-2)
det(fish-5, the-4)
nsubj(swimming-9, fish-5)
cc(fish-5, and-6)
conj:and(fish-5, it-7)
nsubj(swimming-9, it-7)
aux(swimming-9, was-8)
ccomp(saw-3, swimming-9)

Coreference set:
	(1,7,[7,8]) -> (1,5,[4,6]), that is: "it" -> "the fish"
