Sentence #1 (9 tokens):
The clown smiled at the child and he cried
[Text=The CharacterOffsetBegin=0 CharacterOffsetEnd=3 PartOfSpeech=DT Lemma=the NamedEntityTag=O]
[Text=clown CharacterOffsetBegin=4 CharacterOffsetEnd=9 PartOfSpeech=NN Lemma=clown NamedEntityTag=O]
[Text=smiled CharacterOffsetBegin=10 CharacterOffsetEnd=16 PartOfSpeech=VBD Lemma=smile NamedEntityTag=O]
[Text=at CharacterOffsetBegin=17 CharacterOffsetEnd=19 PartOfSpeech=IN Lemma=at NamedEntityTag=O]
[Text=the CharacterOffsetBegin=20 CharacterOffsetEnd=23 PartOfSpeech=DT Lemma=the NamedEntityTag=O]
[Text=child CharacterOffsetBegin=24 CharacterOffsetEnd=29 PartOfSpeech=NN Lemma=child NamedEntityTag=O]
[Text=and CharacterOffsetBegin=30 CharacterOffsetEnd=33 PartOfSpeech=CC Lemma=and NamedEntityTag=O]
[Text=he CharacterOffsetBegin=34 CharacterOffsetEnd=36 PartOfSpeech=PRP Lemma=he NamedEntityTag=O]
[Text=cried CharacterOffsetBegin=37 CharacterOffsetEnd=42 PartOfSpeech=VBD Lemma=cry NamedEntityTag=O]
(ROOT
  (NP
    (S
      (S
        (NP (DT The) (NN clown))
        (VP (VBD smiled)
          (PP (IN at)
            (NP (DT the) (NN child)))))
      (CC and)
      (S
        (NP (PRP he))
        (VP (VBD cried))))))

root(ROOT-0, smiled-3)
det(clown-2, The-1)
nsubj(smiled-3, clown-2)
case(child-6, at-4)
det(child-6, the-5)
nmod:at(smiled-3, child-6)
cc(smiled-3, and-7)
nsubj(cried-9, he-8)
conj:and(smiled-3, cried-9)

Coreference set:
	(1,8,[8,9]) -> (1,2,[1,3]), that is: "he" -> "The clown"
