Sentence #1 (12 tokens):
The clown smiled at the child and he offered him a balloon
[Text=The CharacterOffsetBegin=0 CharacterOffsetEnd=3 PartOfSpeech=DT Lemma=the NamedEntityTag=O]
[Text=clown CharacterOffsetBegin=4 CharacterOffsetEnd=9 PartOfSpeech=NN Lemma=clown NamedEntityTag=O]
[Text=smiled CharacterOffsetBegin=10 CharacterOffsetEnd=16 PartOfSpeech=VBD Lemma=smile NamedEntityTag=O]
[Text=at CharacterOffsetBegin=17 CharacterOffsetEnd=19 PartOfSpeech=IN Lemma=at NamedEntityTag=O]
[Text=the CharacterOffsetBegin=20 CharacterOffsetEnd=23 PartOfSpeech=DT Lemma=the NamedEntityTag=O]
[Text=child CharacterOffsetBegin=24 CharacterOffsetEnd=29 PartOfSpeech=NN Lemma=child NamedEntityTag=O]
[Text=and CharacterOffsetBegin=30 CharacterOffsetEnd=33 PartOfSpeech=CC Lemma=and NamedEntityTag=O]
[Text=he CharacterOffsetBegin=34 CharacterOffsetEnd=36 PartOfSpeech=PRP Lemma=he NamedEntityTag=O]
[Text=offered CharacterOffsetBegin=37 CharacterOffsetEnd=44 PartOfSpeech=VBD Lemma=offer NamedEntityTag=O]
[Text=him CharacterOffsetBegin=45 CharacterOffsetEnd=48 PartOfSpeech=PRP Lemma=he NamedEntityTag=O]
[Text=a CharacterOffsetBegin=49 CharacterOffsetEnd=50 PartOfSpeech=DT Lemma=a NamedEntityTag=O]
[Text=balloon CharacterOffsetBegin=51 CharacterOffsetEnd=58 PartOfSpeech=NN Lemma=balloon NamedEntityTag=O]
(ROOT
  (NP
    (S
      (S
        (NP (DT The) (NN clown))
        (VP (VBD smiled)
          (PP (IN at)
            (NP (DT the) (NN child)))))
      (CC and)
      (S
        (NP (PRP he))
        (VP (VBD offered)
          (NP (PRP him))
          (NP (DT a) (NN balloon)))))))

root(ROOT-0, smiled-3)
det(clown-2, The-1)
nsubj(smiled-3, clown-2)
case(child-6, at-4)
det(child-6, the-5)
nmod:at(smiled-3, child-6)
cc(smiled-3, and-7)
nsubj(offered-9, he-8)
conj:and(smiled-3, offered-9)
iobj(offered-9, him-10)
det(balloon-12, a-11)
dobj(offered-9, balloon-12)

Coreference set:
	(1,8,[8,9]) -> (1,2,[1,3]), that is: "he" -> "The clown"
	(1,10,[10,11]) -> (1,2,[1,3]), that is: "him" -> "The clown"
