Sentence #1 (10 tokens):
The boss fired the worker when he stopped performing well
[Text=The CharacterOffsetBegin=0 CharacterOffsetEnd=3 PartOfSpeech=DT Lemma=the NamedEntityTag=O]
[Text=boss CharacterOffsetBegin=4 CharacterOffsetEnd=8 PartOfSpeech=NN Lemma=boss NamedEntityTag=O]
[Text=fired CharacterOffsetBegin=9 CharacterOffsetEnd=14 PartOfSpeech=VBD Lemma=fire NamedEntityTag=O]
[Text=the CharacterOffsetBegin=15 CharacterOffsetEnd=18 PartOfSpeech=DT Lemma=the NamedEntityTag=O]
[Text=worker CharacterOffsetBegin=19 CharacterOffsetEnd=25 PartOfSpeech=NN Lemma=worker NamedEntityTag=O]
[Text=when CharacterOffsetBegin=26 CharacterOffsetEnd=30 PartOfSpeech=WRB Lemma=when NamedEntityTag=O]
[Text=he CharacterOffsetBegin=31 CharacterOffsetEnd=33 PartOfSpeech=PRP Lemma=he NamedEntityTag=O]
[Text=stopped CharacterOffsetBegin=34 CharacterOffsetEnd=41 PartOfSpeech=VBD Lemma=stop NamedEntityTag=O]
[Text=performing CharacterOffsetBegin=42 CharacterOffsetEnd=52 PartOfSpeech=VBG Lemma=perform NamedEntityTag=O]
[Text=well CharacterOffsetBegin=53 CharacterOffsetEnd=57 PartOfSpeech=RB Lemma=well NamedEntityTag=O]
(ROOT
  (S
    (NP (DT The) (NN boss))
    (VP (VBD fired)
      (NP (DT the) (NN worker))
      (SBAR
        (WHADVP (WRB when))
        (S
          (NP (PRP he))
          (VP (VBD stopped)
            (S
              (VP (VBG performing)
                (ADVP (RB well))))))))))

root(ROOT-0, fired-3)
det(boss-2, The-1)
nsubj(fired-3, boss-2)
det(worker-5, the-4)
dobj(fired-3, worker-5)
advmod(stopped-8, when-6)
nsubj(stopped-8, he-7)
advcl(fired-3, stopped-8)
xcomp(stopped-8, performing-9)
advmod(performing-9, well-10)

Coreference set:
	(1,7,[7,8]) -> (1,2,[1,3]), that is: "he" -> "The boss"
