Sentence #1 (12 tokens):
The boss fired the worker when he called him into the office
[Text=The CharacterOffsetBegin=0 CharacterOffsetEnd=3 PartOfSpeech=DT Lemma=the NamedEntityTag=O]
[Text=boss CharacterOffsetBegin=4 CharacterOffsetEnd=8 PartOfSpeech=NN Lemma=boss NamedEntityTag=O]
[Text=fired CharacterOffsetBegin=9 CharacterOffsetEnd=14 PartOfSpeech=VBD Lemma=fire NamedEntityTag=O]
[Text=the CharacterOffsetBegin=15 CharacterOffsetEnd=18 PartOfSpeech=DT Lemma=the NamedEntityTag=O]
[Text=worker CharacterOffsetBegin=19 CharacterOffsetEnd=25 PartOfSpeech=NN Lemma=worker NamedEntityTag=O]
[Text=when CharacterOffsetBegin=26 CharacterOffsetEnd=30 PartOfSpeech=WRB Lemma=when NamedEntityTag=O]
[Text=he CharacterOffsetBegin=31 CharacterOffsetEnd=33 PartOfSpeech=PRP Lemma=he NamedEntityTag=O]
[Text=called CharacterOffsetBegin=34 CharacterOffsetEnd=40 PartOfSpeech=VBD Lemma=call NamedEntityTag=O]
[Text=him CharacterOffsetBegin=41 CharacterOffsetEnd=44 PartOfSpeech=PRP Lemma=he NamedEntityTag=O]
[Text=into CharacterOffsetBegin=45 CharacterOffsetEnd=49 PartOfSpeech=IN Lemma=into NamedEntityTag=O]
[Text=the CharacterOffsetBegin=50 CharacterOffsetEnd=53 PartOfSpeech=DT Lemma=the NamedEntityTag=O]
[Text=office CharacterOffsetBegin=54 CharacterOffsetEnd=60 PartOfSpeech=NN Lemma=office NamedEntityTag=O]
(ROOT
  (S
    (NP (DT The) (NN boss))
    (VP (VBD fired)
      (NP (DT the) (NN worker))
      (SBAR
        (WHADVP (WRB when))
        (S
          (NP (PRP he))
          (VP (VBD called)
            (NP (PRP him))
            (PP (IN into)
              (NP (DT the) (NN office)))))))))

root(ROOT-0, fired-3)
det(boss-2, The-1)
nsubj(fired-3, boss-2)
det(worker-5, the-4)
dobj(fired-3, worker-5)
advmod(called-8, when-6)
nsubj(called-8, he-7)
advcl(fired-3, called-8)
dobj(called-8, him-9)
case(office-12, into-10)
det(office-12, the-11)
nmod:into(called-8, office-12)

Coreference set:
	(1,7,[7,8]) -> (1,2,[1,3]), that is: "he" -> "The boss"
	(1,9,[9,10]) -> (1,2,[1,3]), that is: "him" -> "The boss"
