Sentence #1 (13 tokens):
The paintball player was mad at the referee because he missed a call
[Text=The CharacterOffsetBegin=0 CharacterOffsetEnd=3 PartOfSpeech=DT Lemma=the NamedEntityTag=O]
[Text=paintball CharacterOffsetBegin=4 CharacterOffsetEnd=13 PartOfSpeech=NN Lemma=paintball NamedEntityTag=O]
[Text=player CharacterOffsetBegin=14 CharacterOffsetEnd=20 PartOfSpeech=NN Lemma=player NamedEntityTag=O]
[Text=was CharacterOffsetBegin=21 CharacterOffsetEnd=24 PartOfSpeech=VBD Lemma=be NamedEntityTag=O]
[Text=mad CharacterOffsetBegin=25 CharacterOffsetEnd=28 PartOfSpeech=JJ Lemma=mad NamedEntityTag=O]
[Text=at CharacterOffsetBegin=29 CharacterOffsetEnd=31 PartOfSpeech=IN Lemma=at NamedEntityTag=O]
[Text=the CharacterOffsetBegin=32 CharacterOffsetEnd=35 PartOfSpeech=DT Lemma=the NamedEntityTag=O]
[Text=referee CharacterOffsetBegin=36 CharacterOffsetEnd=43 PartOfSpeech=NN Lemma=referee NamedEntityTag=O]
[Text=because CharacterOffsetBegin=44 CharacterOffsetEnd=51 PartOfSpeech=IN Lemma=because NamedEntityTag=O]
[Text=he CharacterOffsetBegin=52 CharacterOffsetEnd=54 PartOfSpeech=PRP Lemma=he NamedEntityTag=O]
[Text=missed CharacterOffsetBegin=55 CharacterOffsetEnd=61 PartOfSpeech=VBD Lemma=miss NamedEntityTag=O]
[Text=a CharacterOffsetBegin=62 CharacterOffsetEnd=63 PartOfSpeech=DT Lemma=a NamedEntityTag=O]
[Text=call CharacterOffsetBegin=64 CharacterOffsetEnd=68 PartOfSpeech=NN Lemma=call NamedEntityTag=O]
(ROOT
  (S
    (NP (DT The) (NN paintball) (NN player))
    (VP (VBD was)
      (ADJP (JJ mad)
        (PP (IN at)
          (NP (DT the) (NN referee))))
      (SBAR (IN because)
        (S
          (NP (PRP he))
          (VP (VBD missed)
            (NP (DT a) (NN call))))))))

root(ROOT-0, mad-5)
det(player-3, The-1)
compound(player-3, paintball-2)
nsubj(mad-5, player-3)
cop(mad-5, was-4)
case(referee-8, at-6)
det(referee-8, the-7)
nmod:at(mad-5, referee-8)
mark(missed-11, because-9)
nsubj(missed-11, he-10)
advcl:because(mad-5, missed-11)
det(call-13, a-12)
dobj(missed-11, call-13)

Coreference set:
	(1,10,[10,11]) -> (1,3,[1,4]), that is: "he" -> "The paintball player"
