Sentence #1 (16 tokens):
The paintball player was mad at the referee because he was called out but shouldn't
[Text=The CharacterOffsetBegin=0 CharacterOffsetEnd=3 PartOfSpeech=DT Lemma=the NamedEntityTag=O]
[Text=paintball CharacterOffsetBegin=4 CharacterOffsetEnd=13 PartOfSpeech=NN Lemma=paintball NamedEntityTag=O]
[Text=player CharacterOffsetBegin=14 CharacterOffsetEnd=20 PartOfSpeech=NN Lemma=player NamedEntityTag=O]
[Text=was CharacterOffsetBegin=21 CharacterOffsetEnd=24 PartOfSpeech=VBD Lemma=be NamedEntityTag=O]
[Text=mad CharacterOffsetBegin=25 CharacterOffsetEnd=28 PartOfSpeech=JJ Lemma=mad NamedEntityTag=O]
[Text=at CharacterOffsetBegin=29 CharacterOffsetEnd=31 PartOfSpeech=IN Lemma=at NamedEntityTag=O]
[Text=the CharacterOffsetBegin=32 CharacterOffsetEnd=35 PartOfSpeech=DT Lemma=the NamedEntityTag=O]
[Text=referee CharacterOffsetBegin=36 CharacterOffsetEnd=43 PartOfSpeech=NN Lemma=referee NamedEntityTag=O]
[Text=because CharacterOffsetBegin=44 CharacterOffsetEnd=51 PartOfSpeech=IN Lemma=because NamedEntityTag=O]
[Text=he CharacterOffsetBegin=52 CharacterOffsetEnd=54 PartOfSpeech=PRP Lemma=he NamedEntityTag=O]
[Text=was CharacterOffsetBegin=55 CharacterOffsetEnd=58 PartOfSpeech=VBD Lemma=be NamedEntityTag=O]
[Text=called CharacterOffsetBegin=59 CharacterOffsetEnd=65 PartOfSpeech=VBN Lemma=call NamedEntityTag=O]
[Text=out CharacterOffsetBegin=66 CharacterOffsetEnd=69 PartOfSpeech=RP Lemma=out NamedEntityTag=O]
[Text=but CharacterOffsetBegin=70 CharacterOffsetEnd=73 PartOfSpeech=CC Lemma=but NamedEntityTag=O]
[Text=should CharacterOffsetBegin=74 CharacterOffsetEnd=80 PartOfSpeech=MD Lemma=should NamedEntityTag=O]
[Text=n't CharacterOffsetBegin=80 CharacterOffsetEnd=83 PartOfSpeech=RB Lemma=not NamedEntityTag=O]
(ROOT
  (S
    (NP (DT The) (NN paintball) (NN player))
    (VP
      (VP (VBD was)
        (ADJP (JJ mad)
          (PP (IN at)
            (NP (DT the) (NN referee))))
        (SBAR (IN because)
          (S
            (NP (PRP he))
            (VP (VBD was)
              (VP (VBN called)
                (PRT (RP out)))))))
      (CC but)
      (VP (MD should) (RB n't)))))

root(ROOT-0, mad-5)
det(player-3, The-1)
compound(player-3, paintball-2)
nsubj(mad-5, player-3)
cop(mad-5, was-4)
case(referee-8, at-6)
det(referee-8, the-7)
nmod:at(mad-5, referee-8)
mark(called-12, because-9)
nsubjpass(called-12, he-10)
auxpass(called-12, was-11)
advcl:because(mad-5, called-12)
compound:prt(called-12, out-13)
cc(mad-5, but-14)
conj:but(mad-5, should-15)
neg(should-15, n't-16)

Coreference set:
	(1,10,[10,11]) -> (1,3,[1,4]), that is: "he" -> "The paintball player"
