Sentence #1 (18 tokens):
The student wanted to ask the professor for help but decided not to because he was too intimidating
[Text=The CharacterOffsetBegin=0 CharacterOffsetEnd=3 PartOfSpeech=DT Lemma=the NamedEntityTag=O]
[Text=student CharacterOffsetBegin=4 CharacterOffsetEnd=11 PartOfSpeech=NN Lemma=student NamedEntityTag=O]
[Text=wanted CharacterOffsetBegin=12 CharacterOffsetEnd=18 PartOfSpeech=VBD Lemma=want NamedEntityTag=O]
[Text=to CharacterOffsetBegin=19 CharacterOffsetEnd=21 PartOfSpeech=TO Lemma=to NamedEntityTag=O]
[Text=ask CharacterOffsetBegin=22 CharacterOffsetEnd=25 PartOfSpeech=VB Lemma=ask NamedEntityTag=O]
[Text=the CharacterOffsetBegin=26 CharacterOffsetEnd=29 PartOfSpeech=DT Lemma=the NamedEntityTag=O]
[Text=professor CharacterOffsetBegin=30 CharacterOffsetEnd=39 PartOfSpeech=NN Lemma=professor NamedEntityTag=O]
[Text=for CharacterOffsetBegin=40 CharacterOffsetEnd=43 PartOfSpeech=IN Lemma=for NamedEntityTag=O]
[Text=help CharacterOffsetBegin=44 CharacterOffsetEnd=48 PartOfSpeech=NN Lemma=help NamedEntityTag=O]
[Text=but CharacterOffsetBegin=49 CharacterOffsetEnd=52 PartOfSpeech=CC Lemma=but NamedEntityTag=O]
[Text=decided CharacterOffsetBegin=53 CharacterOffsetEnd=60 PartOfSpeech=VBD Lemma=decide NamedEntityTag=O]
[Text=not CharacterOffsetBegin=61 CharacterOffsetEnd=64 PartOfSpeech=RB Lemma=not NamedEntityTag=O]
[Text=to CharacterOffsetBegin=65 CharacterOffsetEnd=67 PartOfSpeech=TO Lemma=to NamedEntityTag=O]
[Text=because CharacterOffsetBegin=68 CharacterOffsetEnd=75 PartOfSpeech=IN Lemma=because NamedEntityTag=O]
[Text=he CharacterOffsetBegin=76 CharacterOffsetEnd=78 PartOfSpeech=PRP Lemma=he NamedEntityTag=O]
[Text=was CharacterOffsetBegin=79 CharacterOffsetEnd=82 PartOfSpeech=VBD Lemma=be NamedEntityTag=O]
[Text=too CharacterOffsetBegin=83 CharacterOffsetEnd=86 PartOfSpeech=RB Lemma=too NamedEntityTag=O]
[Text=intimidating CharacterOffsetBegin=87 CharacterOffsetEnd=99 PartOfSpeech=JJ Lemma=intimidating NamedEntityTag=O]
(ROOT
  (S
    (NP (DT The) (NN student))
    (VP
      (VP (VBD wanted)
        (S
          (VP (TO to)
            (VP (VB ask)
              (NP
                (NP (DT the) (NN professor))
                (PP (IN for)
                  (NP (NN help))))))))
      (CC but)
      (VP (VBD decided)
        (PP (RB not)
          (PP (TO to)
            (SBAR (IN because)
              (S
                (NP (PRP he))
                (VP (VBD was)
                  (ADJP (RB too) (JJ intimidating)))))))))))

root(ROOT-0, wanted-3)
det(student-2, The-1)
nsubj(wanted-3, student-2)
nsubj:xsubj(ask-5, student-2)
nsubj(decided-11, student-2)
mark(ask-5, to-4)
xcomp(wanted-3, ask-5)
det(professor-7, the-6)
dobj(ask-5, professor-7)
case(help-9, for-8)
nmod:for(professor-7, help-9)
cc(wanted-3, but-10)
conj:but(wanted-3, decided-11)
neg(intimidating-18, not-12)
mark(intimidating-18, to-13)
mark(intimidating-18, because-14)
nsubj(intimidating-18, he-15)
cop(intimidating-18, was-16)
advmod(intimidating-18, too-17)
advcl:because(decided-11, intimidating-18)

Coreference set:
	(1,15,[15,16]) -> (1,2,[1,3]), that is: "he" -> "The student"
