Sentence #1 (14 tokens):
The network heads cancelled the TV shows because they did not like the content
[Text=The CharacterOffsetBegin=0 CharacterOffsetEnd=3 PartOfSpeech=DT Lemma=the NamedEntityTag=O]
[Text=network CharacterOffsetBegin=4 CharacterOffsetEnd=11 PartOfSpeech=NN Lemma=network NamedEntityTag=O]
[Text=heads CharacterOffsetBegin=12 CharacterOffsetEnd=17 PartOfSpeech=VBZ Lemma=head NamedEntityTag=O]
[Text=cancelled CharacterOffsetBegin=18 CharacterOffsetEnd=27 PartOfSpeech=VBN Lemma=cancel NamedEntityTag=O]
[Text=the CharacterOffsetBegin=28 CharacterOffsetEnd=31 PartOfSpeech=DT Lemma=the NamedEntityTag=O]
[Text=TV CharacterOffsetBegin=32 CharacterOffsetEnd=34 PartOfSpeech=NN Lemma=tv NamedEntityTag=O]
[Text=shows CharacterOffsetBegin=35 CharacterOffsetEnd=40 PartOfSpeech=NNS Lemma=show NamedEntityTag=O]
[Text=because CharacterOffsetBegin=41 CharacterOffsetEnd=48 PartOfSpeech=IN Lemma=because NamedEntityTag=O]
[Text=they CharacterOffsetBegin=49 CharacterOffsetEnd=53 PartOfSpeech=PRP Lemma=they NamedEntityTag=O]
[Text=did CharacterOffsetBegin=54 CharacterOffsetEnd=57 PartOfSpeech=VBD Lemma=do NamedEntityTag=O]
[Text=not CharacterOffsetBegin=58 CharacterOffsetEnd=61 PartOfSpeech=RB Lemma=not NamedEntityTag=O]
[Text=like CharacterOffsetBegin=62 CharacterOffsetEnd=66 PartOfSpeech=VB Lemma=like NamedEntityTag=O]
[Text=the CharacterOffsetBegin=67 CharacterOffsetEnd=70 PartOfSpeech=DT Lemma=the NamedEntityTag=O]
[Text=content CharacterOffsetBegin=71 CharacterOffsetEnd=78 PartOfSpeech=NN Lemma=content NamedEntityTag=O]
(ROOT
  (S
    (NP (DT The) (NN network))
    (VP (VBZ heads)
      (VP (VBN cancelled)
        (NP (DT the) (NN TV) (NNS shows))
        (SBAR (IN because)
          (S
            (NP (PRP they))
            (VP (VBD did) (RB not)
              (VP (VB like)
                (NP (DT the) (NN content))))))))))

root(ROOT-0, heads-3)
det(network-2, The-1)
nsubj(heads-3, network-2)
dep(heads-3, cancelled-4)
det(shows-7, the-5)
compound(shows-7, TV-6)
dobj(cancelled-4, shows-7)
mark(like-12, because-8)
nsubj(like-12, they-9)
aux(like-12, did-10)
neg(like-12, not-11)
advcl:because(cancelled-4, like-12)
det(content-14, the-13)
dobj(like-12, content-14)

