Sentence #1 (10 tokens):
The cheetah outran the antelope so it got to eat
[Text=The CharacterOffsetBegin=0 CharacterOffsetEnd=3 PartOfSpeech=DT Lemma=the NamedEntityTag=O]
[Text=cheetah CharacterOffsetBegin=4 CharacterOffsetEnd=11 PartOfSpeech=NN Lemma=cheetah NamedEntityTag=O]
[Text=outran CharacterOffsetBegin=12 CharacterOffsetEnd=18 PartOfSpeech=VBD Lemma=outrun NamedEntityTag=O]
[Text=the CharacterOffsetBegin=19 CharacterOffsetEnd=22 PartOfSpeech=DT Lemma=the NamedEntityTag=O]
[Text=antelope CharacterOffsetBegin=23 CharacterOffsetEnd=31 PartOfSpeech=NNS Lemma=antelope NamedEntityTag=O]
[Text=so CharacterOffsetBegin=32 CharacterOffsetEnd=34 PartOfSpeech=IN Lemma=so NamedEntityTag=O]
[Text=it CharacterOffsetBegin=35 CharacterOffsetEnd=37 PartOfSpeech=PRP Lemma=it NamedEntityTag=O]
[Text=got CharacterOffsetBegin=38 CharacterOffsetEnd=41 PartOfSpeech=VBD Lemma=get NamedEntityTag=O]
[Text=to CharacterOffsetBegin=42 CharacterOffsetEnd=44 PartOfSpeech=TO Lemma=to NamedEntityTag=O]
[Text=eat CharacterOffsetBegin=45 CharacterOffsetEnd=48 PartOfSpeech=VB Lemma=eat NamedEntityTag=O]
(ROOT
  (S
    (NP (DT The) (NN cheetah))
    (VP (VBD outran)
      (NP (DT the) (NNS antelope))
      (SBAR (IN so)
        (S
          (NP (PRP it))
          (VP (VBD got)
            (S
              (VP (TO to)
                (VP (VB eat))))))))))

root(ROOT-0, outran-3)
det(cheetah-2, The-1)
nsubj(outran-3, cheetah-2)
det(antelope-5, the-4)
dobj(outran-3, antelope-5)
mark(got-8, so-6)
nsubj(got-8, it-7)
nsubj:xsubj(eat-10, it-7)
advcl:so(outran-3, got-8)
mark(eat-10, to-9)
xcomp(got-8, eat-10)

Coreference set:
	(1,7,[7,8]) -> (1,2,[1,3]), that is: "it" -> "The cheetah"
