Sentence #1 (12 tokens):
The keys typed the words because they were meant to be typed
[Text=The CharacterOffsetBegin=0 CharacterOffsetEnd=3 PartOfSpeech=DT Lemma=the NamedEntityTag=O]
[Text=keys CharacterOffsetBegin=4 CharacterOffsetEnd=8 PartOfSpeech=NNS Lemma=key NamedEntityTag=O]
[Text=typed CharacterOffsetBegin=9 CharacterOffsetEnd=14 PartOfSpeech=VBD Lemma=type NamedEntityTag=O]
[Text=the CharacterOffsetBegin=15 CharacterOffsetEnd=18 PartOfSpeech=DT Lemma=the NamedEntityTag=O]
[Text=words CharacterOffsetBegin=19 CharacterOffsetEnd=24 PartOfSpeech=NNS Lemma=word NamedEntityTag=O]
[Text=because CharacterOffsetBegin=25 CharacterOffsetEnd=32 PartOfSpeech=IN Lemma=because NamedEntityTag=O]
[Text=they CharacterOffsetBegin=33 CharacterOffsetEnd=37 PartOfSpeech=PRP Lemma=they NamedEntityTag=O]
[Text=were CharacterOffsetBegin=38 CharacterOffsetEnd=42 PartOfSpeech=VBD Lemma=be NamedEntityTag=O]
[Text=meant CharacterOffsetBegin=43 CharacterOffsetEnd=48 PartOfSpeech=VBN Lemma=mean NamedEntityTag=O]
[Text=to CharacterOffsetBegin=49 CharacterOffsetEnd=51 PartOfSpeech=TO Lemma=to NamedEntityTag=O]
[Text=be CharacterOffsetBegin=52 CharacterOffsetEnd=54 PartOfSpeech=VB Lemma=be NamedEntityTag=O]
[Text=typed CharacterOffsetBegin=55 CharacterOffsetEnd=60 PartOfSpeech=VBN Lemma=type NamedEntityTag=O]
(ROOT
  (S
    (NP (DT The) (NNS keys))
    (VP (VBD typed)
      (NP (DT the) (NNS words))
      (SBAR (IN because)
        (S
          (NP (PRP they))
          (VP (VBD were)
            (VP (VBN meant)
              (S
                (VP (TO to)
                  (VP (VB be)
                    (VP (VBN typed))))))))))))

root(ROOT-0, typed-3)
det(keys-2, The-1)
nsubj(typed-3, keys-2)
det(words-5, the-4)
dobj(typed-3, words-5)
mark(meant-9, because-6)
nsubjpass(meant-9, they-7)
nsubjpass:xsubj(typed-12, they-7)
auxpass(meant-9, were-8)
advcl:because(typed-3, meant-9)
mark(typed-12, to-10)
auxpass(typed-12, be-11)
xcomp(meant-9, typed-12)

