Sentence #1 (21 tokens):
The racquetball players were annoyed by the other students in the activity center because they wanted to play and couldn't
[Text=The CharacterOffsetBegin=0 CharacterOffsetEnd=3 PartOfSpeech=DT Lemma=the NamedEntityTag=O]
[Text=racquetball CharacterOffsetBegin=4 CharacterOffsetEnd=15 PartOfSpeech=NN Lemma=racquetball NamedEntityTag=O]
[Text=players CharacterOffsetBegin=16 CharacterOffsetEnd=23 PartOfSpeech=NNS Lemma=player NamedEntityTag=O]
[Text=were CharacterOffsetBegin=24 CharacterOffsetEnd=28 PartOfSpeech=VBD Lemma=be NamedEntityTag=O]
[Text=annoyed CharacterOffsetBegin=29 CharacterOffsetEnd=36 PartOfSpeech=VBN Lemma=annoy NamedEntityTag=O]
[Text=by CharacterOffsetBegin=37 CharacterOffsetEnd=39 PartOfSpeech=IN Lemma=by NamedEntityTag=O]
[Text=the CharacterOffsetBegin=40 CharacterOffsetEnd=43 PartOfSpeech=DT Lemma=the NamedEntityTag=O]
[Text=other CharacterOffsetBegin=44 CharacterOffsetEnd=49 PartOfSpeech=JJ Lemma=other NamedEntityTag=O]
[Text=students CharacterOffsetBegin=50 CharacterOffsetEnd=58 PartOfSpeech=NNS Lemma=student NamedEntityTag=O]
[Text=in CharacterOffsetBegin=59 CharacterOffsetEnd=61 PartOfSpeech=IN Lemma=in NamedEntityTag=O]
[Text=the CharacterOffsetBegin=62 CharacterOffsetEnd=65 PartOfSpeech=DT Lemma=the NamedEntityTag=O]
[Text=activity CharacterOffsetBegin=66 CharacterOffsetEnd=74 PartOfSpeech=NN Lemma=activity NamedEntityTag=O]
[Text=center CharacterOffsetBegin=75 CharacterOffsetEnd=81 PartOfSpeech=NN Lemma=center NamedEntityTag=O]
[Text=because CharacterOffsetBegin=82 CharacterOffsetEnd=89 PartOfSpeech=IN Lemma=because NamedEntityTag=O]
[Text=they CharacterOffsetBegin=90 CharacterOffsetEnd=94 PartOfSpeech=PRP Lemma=they NamedEntityTag=O]
[Text=wanted CharacterOffsetBegin=95 CharacterOffsetEnd=101 PartOfSpeech=VBD Lemma=want NamedEntityTag=O]
[Text=to CharacterOffsetBegin=102 CharacterOffsetEnd=104 PartOfSpeech=TO Lemma=to NamedEntityTag=O]
[Text=play CharacterOffsetBegin=105 CharacterOffsetEnd=109 PartOfSpeech=VB Lemma=play NamedEntityTag=O]
[Text=and CharacterOffsetBegin=110 CharacterOffsetEnd=113 PartOfSpeech=CC Lemma=and NamedEntityTag=O]
[Text=could CharacterOffsetBegin=114 CharacterOffsetEnd=119 PartOfSpeech=MD Lemma=could NamedEntityTag=O]
[Text=n't CharacterOffsetBegin=119 CharacterOffsetEnd=122 PartOfSpeech=RB Lemma=not NamedEntityTag=O]
(ROOT
  (S
    (NP (DT The) (NN racquetball) (NNS players))
    (VP (VBD were)
      (ADJP (VBN annoyed)
        (PP (IN by)
          (NP
            (NP (DT the) (JJ other) (NNS students))
            (PP (IN in)
              (NP (DT the) (NN activity) (NN center))))))
      (SBAR (IN because)
        (S
          (NP (PRP they))
          (VP
            (VP (VBD wanted)
              (S
                (VP (TO to)
                  (VP (VB play)))))
            (CC and)
            (VP (MD could) (RB n't))))))))

root(ROOT-0, annoyed-5)
det(players-3, The-1)
compound(players-3, racquetball-2)
nsubjpass(annoyed-5, players-3)
auxpass(annoyed-5, were-4)
case(students-9, by-6)
det(students-9, the-7)
amod(students-9, other-8)
nmod:agent(annoyed-5, students-9)
case(center-13, in-10)
det(center-13, the-11)
compound(center-13, activity-12)
nmod:in(students-9, center-13)
mark(wanted-16, because-14)
nsubj(wanted-16, they-15)
nsubj:xsubj(play-18, they-15)
advcl:because(annoyed-5, wanted-16)
mark(play-18, to-17)
xcomp(wanted-16, play-18)
cc(wanted-16, and-19)
advcl:because(annoyed-5, could-20)
conj:and(wanted-16, could-20)
neg(could-20, n't-21)

Coreference set:
	(1,15,[15,16]) -> (1,3,[1,4]), that is: "they" -> "The racquetball players"
