Sentence #1 (12 tokens):
The teachers scolded the students because they would not learn the material
[Text=The CharacterOffsetBegin=0 CharacterOffsetEnd=3 PartOfSpeech=DT Lemma=the NamedEntityTag=O]
[Text=teachers CharacterOffsetBegin=4 CharacterOffsetEnd=12 PartOfSpeech=NNS Lemma=teacher NamedEntityTag=O]
[Text=scolded CharacterOffsetBegin=13 CharacterOffsetEnd=20 PartOfSpeech=VBD Lemma=scold NamedEntityTag=O]
[Text=the CharacterOffsetBegin=21 CharacterOffsetEnd=24 PartOfSpeech=DT Lemma=the NamedEntityTag=O]
[Text=students CharacterOffsetBegin=25 CharacterOffsetEnd=33 PartOfSpeech=NNS Lemma=student NamedEntityTag=O]
[Text=because CharacterOffsetBegin=34 CharacterOffsetEnd=41 PartOfSpeech=IN Lemma=because NamedEntityTag=O]
[Text=they CharacterOffsetBegin=42 CharacterOffsetEnd=46 PartOfSpeech=PRP Lemma=they NamedEntityTag=O]
[Text=would CharacterOffsetBegin=47 CharacterOffsetEnd=52 PartOfSpeech=MD Lemma=would NamedEntityTag=O]
[Text=not CharacterOffsetBegin=53 CharacterOffsetEnd=56 PartOfSpeech=RB Lemma=not NamedEntityTag=O]
[Text=learn CharacterOffsetBegin=57 CharacterOffsetEnd=62 PartOfSpeech=VB Lemma=learn NamedEntityTag=O]
[Text=the CharacterOffsetBegin=63 CharacterOffsetEnd=66 PartOfSpeech=DT Lemma=the NamedEntityTag=O]
[Text=material CharacterOffsetBegin=67 CharacterOffsetEnd=75 PartOfSpeech=NN Lemma=material NamedEntityTag=O]
(ROOT
  (S
    (NP (DT The) (NNS teachers))
    (VP (VBD scolded)
      (NP (DT the) (NNS students))
      (SBAR (IN because)
        (S
          (NP (PRP they))
          (VP (MD would) (RB not)
            (VP (VB learn)
              (NP (DT the) (NN material)))))))))

root(ROOT-0, scolded-3)
det(teachers-2, The-1)
nsubj(scolded-3, teachers-2)
det(students-5, the-4)
dobj(scolded-3, students-5)
mark(learn-10, because-6)
nsubj(learn-10, they-7)
aux(learn-10, would-8)
neg(learn-10, not-9)
advcl:because(scolded-3, learn-10)
det(material-12, the-11)
dobj(learn-10, material-12)

Coreference set:
	(1,7,[7,8]) -> (1,2,[1,3]), that is: "they" -> "The teachers"
