Sentence #1 (11 tokens):
The teachers scolded the students because they were the authority figures
[Text=The CharacterOffsetBegin=0 CharacterOffsetEnd=3 PartOfSpeech=DT Lemma=the NamedEntityTag=O]
[Text=teachers CharacterOffsetBegin=4 CharacterOffsetEnd=12 PartOfSpeech=NNS Lemma=teacher NamedEntityTag=O]
[Text=scolded CharacterOffsetBegin=13 CharacterOffsetEnd=20 PartOfSpeech=VBD Lemma=scold NamedEntityTag=O]
[Text=the CharacterOffsetBegin=21 CharacterOffsetEnd=24 PartOfSpeech=DT Lemma=the NamedEntityTag=O]
[Text=students CharacterOffsetBegin=25 CharacterOffsetEnd=33 PartOfSpeech=NNS Lemma=student NamedEntityTag=O]
[Text=because CharacterOffsetBegin=34 CharacterOffsetEnd=41 PartOfSpeech=IN Lemma=because NamedEntityTag=O]
[Text=they CharacterOffsetBegin=42 CharacterOffsetEnd=46 PartOfSpeech=PRP Lemma=they NamedEntityTag=O]
[Text=were CharacterOffsetBegin=47 CharacterOffsetEnd=51 PartOfSpeech=VBD Lemma=be NamedEntityTag=O]
[Text=the CharacterOffsetBegin=52 CharacterOffsetEnd=55 PartOfSpeech=DT Lemma=the NamedEntityTag=O]
[Text=authority CharacterOffsetBegin=56 CharacterOffsetEnd=65 PartOfSpeech=NN Lemma=authority NamedEntityTag=O]
[Text=figures CharacterOffsetBegin=66 CharacterOffsetEnd=73 PartOfSpeech=NNS Lemma=figure NamedEntityTag=O]
(ROOT
  (S
    (NP (DT The) (NNS teachers))
    (VP (VBD scolded)
      (NP (DT the) (NNS students))
      (SBAR (IN because)
        (S
          (NP (PRP they))
          (VP (VBD were)
            (NP (DT the) (NN authority) (NNS figures))))))))

root(ROOT-0, scolded-3)
det(teachers-2, The-1)
nsubj(scolded-3, teachers-2)
det(students-5, the-4)
dobj(scolded-3, students-5)
mark(figures-11, because-6)
nsubj(figures-11, they-7)
cop(figures-11, were-8)
det(figures-11, the-9)
compound(figures-11, authority-10)
advcl:because(scolded-3, figures-11)

Coreference set:
	(1,7,[7,8]) -> (1,2,[1,3]), that is: "they" -> "The teachers"
