Sentence #1 (12 tokens):
The student couldn't understand the teacher because he had an accent
[Text=The CharacterOffsetBegin=0 CharacterOffsetEnd=3 PartOfSpeech=DT Lemma=the NamedEntityTag=O]
[Text=student CharacterOffsetBegin=4 CharacterOffsetEnd=11 PartOfSpeech=NN Lemma=student NamedEntityTag=O]
[Text=could CharacterOffsetBegin=12 CharacterOffsetEnd=17 PartOfSpeech=MD Lemma=could NamedEntityTag=O]
[Text=n't CharacterOffsetBegin=17 CharacterOffsetEnd=20 PartOfSpeech=RB Lemma=not NamedEntityTag=O]
[Text=understand CharacterOffsetBegin=21 CharacterOffsetEnd=31 PartOfSpeech=VB Lemma=understand NamedEntityTag=O]
[Text=the CharacterOffsetBegin=32 CharacterOffsetEnd=35 PartOfSpeech=DT Lemma=the NamedEntityTag=O]
[Text=teacher CharacterOffsetBegin=36 CharacterOffsetEnd=43 PartOfSpeech=NN Lemma=teacher NamedEntityTag=O]
[Text=because CharacterOffsetBegin=44 CharacterOffsetEnd=51 PartOfSpeech=IN Lemma=because NamedEntityTag=O]
[Text=he CharacterOffsetBegin=52 CharacterOffsetEnd=54 PartOfSpeech=PRP Lemma=he NamedEntityTag=O]
[Text=had CharacterOffsetBegin=55 CharacterOffsetEnd=58 PartOfSpeech=VBD Lemma=have NamedEntityTag=O]
[Text=an CharacterOffsetBegin=59 CharacterOffsetEnd=61 PartOfSpeech=DT Lemma=a NamedEntityTag=O]
[Text=accent CharacterOffsetBegin=62 CharacterOffsetEnd=68 PartOfSpeech=NN Lemma=accent NamedEntityTag=O]
(ROOT
  (S
    (NP (DT The) (NN student))
    (VP (MD could) (RB n't)
      (VP (VB understand)
        (NP (DT the) (NN teacher))
        (SBAR (IN because)
          (S
            (NP (PRP he))
            (VP (VBD had)
              (NP (DT an) (NN accent)))))))))

root(ROOT-0, understand-5)
det(student-2, The-1)
nsubj(understand-5, student-2)
aux(understand-5, could-3)
neg(understand-5, n't-4)
det(teacher-7, the-6)
dobj(understand-5, teacher-7)
mark(had-10, because-8)
nsubj(had-10, he-9)
advcl:because(understand-5, had-10)
det(accent-12, an-11)
dobj(had-10, accent-12)

Coreference set:
	(1,9,[9,10]) -> (1,2,[1,3]), that is: "he" -> "The student"
