Sentence #1 (10 tokens):
The plane was in the sky and it was cloudy
[Text=The CharacterOffsetBegin=0 CharacterOffsetEnd=3 PartOfSpeech=DT Lemma=the NamedEntityTag=O]
[Text=plane CharacterOffsetBegin=4 CharacterOffsetEnd=9 PartOfSpeech=NN Lemma=plane NamedEntityTag=O]
[Text=was CharacterOffsetBegin=10 CharacterOffsetEnd=13 PartOfSpeech=VBD Lemma=be NamedEntityTag=O]
[Text=in CharacterOffsetBegin=14 CharacterOffsetEnd=16 PartOfSpeech=IN Lemma=in NamedEntityTag=O]
[Text=the CharacterOffsetBegin=17 CharacterOffsetEnd=20 PartOfSpeech=DT Lemma=the NamedEntityTag=O]
[Text=sky CharacterOffsetBegin=21 CharacterOffsetEnd=24 PartOfSpeech=NN Lemma=sky NamedEntityTag=O]
[Text=and CharacterOffsetBegin=25 CharacterOffsetEnd=28 PartOfSpeech=CC Lemma=and NamedEntityTag=O]
[Text=it CharacterOffsetBegin=29 CharacterOffsetEnd=31 PartOfSpeech=PRP Lemma=it NamedEntityTag=O]
[Text=was CharacterOffsetBegin=32 CharacterOffsetEnd=35 PartOfSpeech=VBD Lemma=be NamedEntityTag=O]
[Text=cloudy CharacterOffsetBegin=36 CharacterOffsetEnd=42 PartOfSpeech=JJ Lemma=cloudy NamedEntityTag=O]
(ROOT
  (NP
    (S
      (S
        (NP (DT The) (NN plane))
        (VP (VBD was)
          (PP (IN in)
            (NP (DT the) (NN sky)))))
      (CC and)
      (S
        (NP (PRP it))
        (VP (VBD was)
          (ADJP (JJ cloudy)))))))

root(ROOT-0, sky-6)
det(plane-2, The-1)
nsubj(sky-6, plane-2)
cop(sky-6, was-3)
case(sky-6, in-4)
det(sky-6, the-5)
cc(sky-6, and-7)
nsubj(cloudy-10, it-8)
cop(cloudy-10, was-9)
conj:and(sky-6, cloudy-10)

Coreference set:
	(1,8,[8,9]) -> (1,2,[1,3]), that is: "it" -> "The plane"
