Sentence #1 (11 tokens):
Joe crashed into Mike because he needed a place to sleep
[Text=Joe CharacterOffsetBegin=0 CharacterOffsetEnd=3 PartOfSpeech=NNP Lemma=Joe NamedEntityTag=PERSON]
[Text=crashed CharacterOffsetBegin=4 CharacterOffsetEnd=11 PartOfSpeech=VBD Lemma=crash NamedEntityTag=O]
[Text=into CharacterOffsetBegin=12 CharacterOffsetEnd=16 PartOfSpeech=IN Lemma=into NamedEntityTag=O]
[Text=Mike CharacterOffsetBegin=17 CharacterOffsetEnd=21 PartOfSpeech=NNP Lemma=Mike NamedEntityTag=PERSON]
[Text=because CharacterOffsetBegin=22 CharacterOffsetEnd=29 PartOfSpeech=IN Lemma=because NamedEntityTag=O]
[Text=he CharacterOffsetBegin=30 CharacterOffsetEnd=32 PartOfSpeech=PRP Lemma=he NamedEntityTag=O]
[Text=needed CharacterOffsetBegin=33 CharacterOffsetEnd=39 PartOfSpeech=VBD Lemma=need NamedEntityTag=O]
[Text=a CharacterOffsetBegin=40 CharacterOffsetEnd=41 PartOfSpeech=DT Lemma=a NamedEntityTag=O]
[Text=place CharacterOffsetBegin=42 CharacterOffsetEnd=47 PartOfSpeech=NN Lemma=place NamedEntityTag=O]
[Text=to CharacterOffsetBegin=48 CharacterOffsetEnd=50 PartOfSpeech=TO Lemma=to NamedEntityTag=O]
[Text=sleep CharacterOffsetBegin=51 CharacterOffsetEnd=56 PartOfSpeech=VB Lemma=sleep NamedEntityTag=O]
(ROOT
  (S
    (NP (NNP Joe))
    (VP (VBD crashed)
      (PP (IN into)
        (NP (NNP Mike)))
      (SBAR (IN because)
        (S
          (NP (PRP he))
          (VP (VBD needed)
            (NP (DT a) (NN place)
              (S
                (VP (TO to)
                  (VP (VB sleep)))))))))))

root(ROOT-0, crashed-2)
nsubj(crashed-2, Joe-1)
case(Mike-4, into-3)
nmod:into(crashed-2, Mike-4)
mark(needed-7, because-5)
nsubj(needed-7, he-6)
advcl:because(crashed-2, needed-7)
det(place-9, a-8)
dobj(needed-7, place-9)
mark(sleep-11, to-10)
acl:to(place-9, sleep-11)

Coreference set:
	(1,6,[6,7]) -> (1,1,[1,2]), that is: "he" -> "Joe"
