Sentence #1 (9 tokens):
The man shot his friend and he was arrested
[Text=The CharacterOffsetBegin=0 CharacterOffsetEnd=3 PartOfSpeech=DT Lemma=the NamedEntityTag=O]
[Text=man CharacterOffsetBegin=4 CharacterOffsetEnd=7 PartOfSpeech=NN Lemma=man NamedEntityTag=O]
[Text=shot CharacterOffsetBegin=8 CharacterOffsetEnd=12 PartOfSpeech=VBD Lemma=shoot NamedEntityTag=O]
[Text=his CharacterOffsetBegin=13 CharacterOffsetEnd=16 PartOfSpeech=PRP$ Lemma=he NamedEntityTag=O]
[Text=friend CharacterOffsetBegin=17 CharacterOffsetEnd=23 PartOfSpeech=NN Lemma=friend NamedEntityTag=O]
[Text=and CharacterOffsetBegin=24 CharacterOffsetEnd=27 PartOfSpeech=CC Lemma=and NamedEntityTag=O]
[Text=he CharacterOffsetBegin=28 CharacterOffsetEnd=30 PartOfSpeech=PRP Lemma=he NamedEntityTag=O]
[Text=was CharacterOffsetBegin=31 CharacterOffsetEnd=34 PartOfSpeech=VBD Lemma=be NamedEntityTag=O]
[Text=arrested CharacterOffsetBegin=35 CharacterOffsetEnd=43 PartOfSpeech=VBN Lemma=arrest NamedEntityTag=O]
(ROOT
  (S
    (NP (DT The) (NN man))
    (VP (VBD shot)
      (SBAR
        (S
          (NP
            (NP (PRP$ his) (NN friend))
            (CC and)
            (NP (PRP he)))
          (VP (VBD was)
            (VP (VBN arrested))))))))

root(ROOT-0, shot-3)
det(man-2, The-1)
nsubj(shot-3, man-2)
nmod:poss(friend-5, his-4)
nsubjpass(arrested-9, friend-5)
cc(friend-5, and-6)
conj:and(friend-5, he-7)
nsubjpass(arrested-9, he-7)
auxpass(arrested-9, was-8)
ccomp(shot-3, arrested-9)

Coreference set:
	(1,4,[4,5]) -> (1,2,[1,3]), that is: "his" -> "The man"
Coreference set:
	(1,7,[7,8]) -> (1,5,[4,6]), that is: "he" -> "his friend"
