Sentence #1 (9 tokens):
The man killed the boss because he fired him
[Text=The CharacterOffsetBegin=0 CharacterOffsetEnd=3 PartOfSpeech=DT Lemma=the NamedEntityTag=O]
[Text=man CharacterOffsetBegin=4 CharacterOffsetEnd=7 PartOfSpeech=NN Lemma=man NamedEntityTag=O]
[Text=killed CharacterOffsetBegin=8 CharacterOffsetEnd=14 PartOfSpeech=VBD Lemma=kill NamedEntityTag=O]
[Text=the CharacterOffsetBegin=15 CharacterOffsetEnd=18 PartOfSpeech=DT Lemma=the NamedEntityTag=O]
[Text=boss CharacterOffsetBegin=19 CharacterOffsetEnd=23 PartOfSpeech=NN Lemma=boss NamedEntityTag=O]
[Text=because CharacterOffsetBegin=24 CharacterOffsetEnd=31 PartOfSpeech=IN Lemma=because NamedEntityTag=O]
[Text=he CharacterOffsetBegin=32 CharacterOffsetEnd=34 PartOfSpeech=PRP Lemma=he NamedEntityTag=O]
[Text=fired CharacterOffsetBegin=35 CharacterOffsetEnd=40 PartOfSpeech=VBD Lemma=fire NamedEntityTag=O]
[Text=him CharacterOffsetBegin=41 CharacterOffsetEnd=44 PartOfSpeech=PRP Lemma=he NamedEntityTag=O]
(ROOT
  (S
    (NP (DT The) (NN man))
    (VP (VBD killed)
      (NP (DT the) (NN boss))
      (SBAR (IN because)
        (S
          (NP (PRP he))
          (VP (VBD fired)
            (NP (PRP him))))))))

root(ROOT-0, killed-3)
det(man-2, The-1)
nsubj(killed-3, man-2)
det(boss-5, the-4)
dobj(killed-3, boss-5)
mark(fired-8, because-6)
nsubj(fired-8, he-7)
advcl:because(killed-3, fired-8)
dobj(fired-8, him-9)

Coreference set:
	(1,7,[7,8]) -> (1,2,[1,3]), that is: "he" -> "The man"
	(1,9,[9,10]) -> (1,2,[1,3]), that is: "him" -> "The man"
