Sentence #1 (10 tokens):
Joe raced against Steven because he would not say no
[Text=Joe CharacterOffsetBegin=0 CharacterOffsetEnd=3 PartOfSpeech=NNP Lemma=Joe NamedEntityTag=PERSON]
[Text=raced CharacterOffsetBegin=4 CharacterOffsetEnd=9 PartOfSpeech=VBD Lemma=race NamedEntityTag=O]
[Text=against CharacterOffsetBegin=10 CharacterOffsetEnd=17 PartOfSpeech=IN Lemma=against NamedEntityTag=O]
[Text=Steven CharacterOffsetBegin=18 CharacterOffsetEnd=24 PartOfSpeech=NNP Lemma=Steven NamedEntityTag=PERSON]
[Text=because CharacterOffsetBegin=25 CharacterOffsetEnd=32 PartOfSpeech=IN Lemma=because NamedEntityTag=O]
[Text=he CharacterOffsetBegin=33 CharacterOffsetEnd=35 PartOfSpeech=PRP Lemma=he NamedEntityTag=O]
[Text=would CharacterOffsetBegin=36 CharacterOffsetEnd=41 PartOfSpeech=MD Lemma=would NamedEntityTag=O]
[Text=not CharacterOffsetBegin=42 CharacterOffsetEnd=45 PartOfSpeech=RB Lemma=not NamedEntityTag=O]
[Text=say CharacterOffsetBegin=46 CharacterOffsetEnd=49 PartOfSpeech=VB Lemma=say NamedEntityTag=O]
[Text=no CharacterOffsetBegin=50 CharacterOffsetEnd=52 PartOfSpeech=DT Lemma=no NamedEntityTag=O]
(ROOT
  (S
    (NP (NNP Joe))
    (VP (VBD raced)
      (PP (IN against)
        (NP (NNP Steven)))
      (SBAR (IN because)
        (S
          (NP (PRP he))
          (VP (MD would) (RB not)
            (VP (VB say)
              (NP (DT no)))))))))

root(ROOT-0, raced-2)
nsubj(raced-2, Joe-1)
case(Steven-4, against-3)
nmod:against(raced-2, Steven-4)
mark(say-9, because-5)
nsubj(say-9, he-6)
aux(say-9, would-7)
neg(say-9, not-8)
advcl:because(raced-2, say-9)
dobj(say-9, no-10)

Coreference set:
	(1,6,[6,7]) -> (1,1,[1,2]), that is: "he" -> "Joe"
