Sentence #1 (12 tokens):
The spear easily pierced through the armor because it was too thin
[Text=The CharacterOffsetBegin=0 CharacterOffsetEnd=3 PartOfSpeech=DT Lemma=the NamedEntityTag=O]
[Text=spear CharacterOffsetBegin=4 CharacterOffsetEnd=9 PartOfSpeech=NN Lemma=spear NamedEntityTag=O]
[Text=easily CharacterOffsetBegin=10 CharacterOffsetEnd=16 PartOfSpeech=RB Lemma=easily NamedEntityTag=O]
[Text=pierced CharacterOffsetBegin=17 CharacterOffsetEnd=24 PartOfSpeech=VBD Lemma=pierce NamedEntityTag=O]
[Text=through CharacterOffsetBegin=25 CharacterOffsetEnd=32 PartOfSpeech=IN Lemma=through NamedEntityTag=O]
[Text=the CharacterOffsetBegin=33 CharacterOffsetEnd=36 PartOfSpeech=DT Lemma=the NamedEntityTag=O]
[Text=armor CharacterOffsetBegin=37 CharacterOffsetEnd=42 PartOfSpeech=NN Lemma=armor NamedEntityTag=O]
[Text=because CharacterOffsetBegin=43 CharacterOffsetEnd=50 PartOfSpeech=IN Lemma=because NamedEntityTag=O]
[Text=it CharacterOffsetBegin=51 CharacterOffsetEnd=53 PartOfSpeech=PRP Lemma=it NamedEntityTag=O]
[Text=was CharacterOffsetBegin=54 CharacterOffsetEnd=57 PartOfSpeech=VBD Lemma=be NamedEntityTag=O]
[Text=too CharacterOffsetBegin=58 CharacterOffsetEnd=61 PartOfSpeech=RB Lemma=too NamedEntityTag=O]
[Text=thin CharacterOffsetBegin=62 CharacterOffsetEnd=66 PartOfSpeech=JJ Lemma=thin NamedEntityTag=O]
(ROOT
  (S
    (NP (DT The) (NN spear))
    (VP
      (ADVP (RB easily))
      (VBD pierced)
      (PP (IN through)
        (NP (DT the) (NN armor)))
      (SBAR (IN because)
        (S
          (NP (PRP it))
          (VP (VBD was)
            (ADJP (RB too) (JJ thin))))))))

root(ROOT-0, pierced-4)
det(spear-2, The-1)
nsubj(pierced-4, spear-2)
advmod(pierced-4, easily-3)
case(armor-7, through-5)
det(armor-7, the-6)
nmod:through(pierced-4, armor-7)
mark(thin-12, because-8)
nsubj(thin-12, it-9)
cop(thin-12, was-10)
advmod(thin-12, too-11)
advcl:because(pierced-4, thin-12)

Coreference set:
	(1,9,[9,10]) -> (1,7,[6,8]), that is: "it" -> "the armor"
