Sentence #1 (14 tokens):
Joseph did not defeat William in the match, so he earned $100
[Text=Joseph CharacterOffsetBegin=0 CharacterOffsetEnd=6 PartOfSpeech=NNP Lemma=Joseph NamedEntityTag=PERSON]
[Text=did CharacterOffsetBegin=7 CharacterOffsetEnd=10 PartOfSpeech=VBD Lemma=do NamedEntityTag=O]
[Text=not CharacterOffsetBegin=11 CharacterOffsetEnd=14 PartOfSpeech=RB Lemma=not NamedEntityTag=O]
[Text=defeat CharacterOffsetBegin=15 CharacterOffsetEnd=21 PartOfSpeech=VB Lemma=defeat NamedEntityTag=O]
[Text=William CharacterOffsetBegin=22 CharacterOffsetEnd=29 PartOfSpeech=NNP Lemma=William NamedEntityTag=PERSON]
[Text=in CharacterOffsetBegin=30 CharacterOffsetEnd=32 PartOfSpeech=IN Lemma=in NamedEntityTag=O]
[Text=the CharacterOffsetBegin=33 CharacterOffsetEnd=36 PartOfSpeech=DT Lemma=the NamedEntityTag=O]
[Text=match CharacterOffsetBegin=37 CharacterOffsetEnd=42 PartOfSpeech=NN Lemma=match NamedEntityTag=O]
[Text=, CharacterOffsetBegin=42 CharacterOffsetEnd=43 PartOfSpeech=, Lemma=, NamedEntityTag=O]
[Text=so CharacterOffsetBegin=44 CharacterOffsetEnd=46 PartOfSpeech=RB Lemma=so NamedEntityTag=O]
[Text=he CharacterOffsetBegin=47 CharacterOffsetEnd=49 PartOfSpeech=PRP Lemma=he NamedEntityTag=O]
[Text=earned CharacterOffsetBegin=50 CharacterOffsetEnd=56 PartOfSpeech=VBD Lemma=earn NamedEntityTag=O]
[Text=$ CharacterOffsetBegin=57 CharacterOffsetEnd=58 PartOfSpeech=$ Lemma=$ NamedEntityTag=MONEY NormalizedNamedEntityTag=$100.0]
[Text=100 CharacterOffsetBegin=58 CharacterOffsetEnd=61 PartOfSpeech=CD Lemma=100 NamedEntityTag=MONEY NormalizedNamedEntityTag=$100.0]
(ROOT
  (S
    (NP (NNP Joseph))
    (VP (VBD did) (RB not)
      (VP (VB defeat)
        (NP
          (NP (NNP William))
          (PP (IN in)
            (NP (DT the) (NN match))))
        (, ,)
        (SBAR (RB so)
          (S
            (NP (PRP he))
            (VP (VBD earned)
              (NP ($ $) (CD 100)))))))))

root(ROOT-0, defeat-4)
nsubj(defeat-4, Joseph-1)
aux(defeat-4, did-2)
neg(defeat-4, not-3)
dobj(defeat-4, William-5)
case(match-8, in-6)
det(match-8, the-7)
nmod:in(William-5, match-8)
punct(defeat-4, ,-9)
advmod(earned-12, so-10)
nsubj(earned-12, he-11)
dep(defeat-4, earned-12)
dep(100-14, $-13)
dobj(earned-12, 100-14)

Coreference set:
	(1,11,[11,12]) -> (1,1,[1,2]), that is: "he" -> "Joseph"
