Sentence #1 (12 tokens):
The campers turned on their flashlights because it was dark without them
[Text=The CharacterOffsetBegin=0 CharacterOffsetEnd=3 PartOfSpeech=DT Lemma=the NamedEntityTag=O]
[Text=campers CharacterOffsetBegin=4 CharacterOffsetEnd=11 PartOfSpeech=NNS Lemma=camper NamedEntityTag=O]
[Text=turned CharacterOffsetBegin=12 CharacterOffsetEnd=18 PartOfSpeech=VBD Lemma=turn NamedEntityTag=O]
[Text=on CharacterOffsetBegin=19 CharacterOffsetEnd=21 PartOfSpeech=RP Lemma=on NamedEntityTag=O]
[Text=their CharacterOffsetBegin=22 CharacterOffsetEnd=27 PartOfSpeech=PRP$ Lemma=they NamedEntityTag=O]
[Text=flashlights CharacterOffsetBegin=28 CharacterOffsetEnd=39 PartOfSpeech=NNS Lemma=flashlight NamedEntityTag=O]
[Text=because CharacterOffsetBegin=40 CharacterOffsetEnd=47 PartOfSpeech=IN Lemma=because NamedEntityTag=O]
[Text=it CharacterOffsetBegin=48 CharacterOffsetEnd=50 PartOfSpeech=PRP Lemma=it NamedEntityTag=O]
[Text=was CharacterOffsetBegin=51 CharacterOffsetEnd=54 PartOfSpeech=VBD Lemma=be NamedEntityTag=O]
[Text=dark CharacterOffsetBegin=55 CharacterOffsetEnd=59 PartOfSpeech=JJ Lemma=dark NamedEntityTag=O]
[Text=without CharacterOffsetBegin=60 CharacterOffsetEnd=67 PartOfSpeech=IN Lemma=without NamedEntityTag=O]
[Text=them CharacterOffsetBegin=68 CharacterOffsetEnd=72 PartOfSpeech=PRP Lemma=they NamedEntityTag=O]
(ROOT
  (S
    (NP (DT The) (NNS campers))
    (VP (VBD turned)
      (PRT (RP on))
      (NP (PRP$ their) (NNS flashlights))
      (SBAR (IN because)
        (S
          (NP (PRP it))
          (VP (VBD was)
            (ADJP (JJ dark)
              (PP (IN without)
                (NP (PRP them))))))))))

root(ROOT-0, turned-3)
det(campers-2, The-1)
nsubj(turned-3, campers-2)
compound:prt(turned-3, on-4)
nmod:poss(flashlights-6, their-5)
dobj(turned-3, flashlights-6)
mark(dark-10, because-7)
nsubj(dark-10, it-8)
cop(dark-10, was-9)
advcl:because(turned-3, dark-10)
case(them-12, without-11)
nmod:without(dark-10, them-12)

Coreference set:
	(1,5,[5,6]) -> (1,2,[1,3]), that is: "their" -> "The campers"
	(1,12,[12,13]) -> (1,2,[1,3]), that is: "them" -> "The campers"
