Sentence #1 (17 tokens):
Adam failed to kill Alexander, so he hired a bodygaurd in case of a second attempt
[Text=Adam CharacterOffsetBegin=0 CharacterOffsetEnd=4 PartOfSpeech=NNP Lemma=Adam NamedEntityTag=PERSON]
[Text=failed CharacterOffsetBegin=5 CharacterOffsetEnd=11 PartOfSpeech=VBD Lemma=fail NamedEntityTag=O]
[Text=to CharacterOffsetBegin=12 CharacterOffsetEnd=14 PartOfSpeech=TO Lemma=to NamedEntityTag=O]
[Text=kill CharacterOffsetBegin=15 CharacterOffsetEnd=19 PartOfSpeech=VB Lemma=kill NamedEntityTag=O]
[Text=Alexander CharacterOffsetBegin=20 CharacterOffsetEnd=29 PartOfSpeech=NNP Lemma=Alexander NamedEntityTag=PERSON]
[Text=, CharacterOffsetBegin=29 CharacterOffsetEnd=30 PartOfSpeech=, Lemma=, NamedEntityTag=O]
[Text=so CharacterOffsetBegin=31 CharacterOffsetEnd=33 PartOfSpeech=RB Lemma=so NamedEntityTag=O]
[Text=he CharacterOffsetBegin=34 CharacterOffsetEnd=36 PartOfSpeech=PRP Lemma=he NamedEntityTag=O]
[Text=hired CharacterOffsetBegin=37 CharacterOffsetEnd=42 PartOfSpeech=VBD Lemma=hire NamedEntityTag=O]
[Text=a CharacterOffsetBegin=43 CharacterOffsetEnd=44 PartOfSpeech=DT Lemma=a NamedEntityTag=O]
[Text=bodygaurd CharacterOffsetBegin=45 CharacterOffsetEnd=54 PartOfSpeech=NN Lemma=bodygaurd NamedEntityTag=O]
[Text=in CharacterOffsetBegin=55 CharacterOffsetEnd=57 PartOfSpeech=IN Lemma=in NamedEntityTag=O]
[Text=case CharacterOffsetBegin=58 CharacterOffsetEnd=62 PartOfSpeech=NN Lemma=case NamedEntityTag=O]
[Text=of CharacterOffsetBegin=63 CharacterOffsetEnd=65 PartOfSpeech=IN Lemma=of NamedEntityTag=O]
[Text=a CharacterOffsetBegin=66 CharacterOffsetEnd=67 PartOfSpeech=DT Lemma=a NamedEntityTag=DURATION NormalizedNamedEntityTag=PT1S Timex=<TIMEX3 tid="t1" type="DURATION" value="PT1S">a second</TIMEX3>]
[Text=second CharacterOffsetBegin=68 CharacterOffsetEnd=74 PartOfSpeech=JJ Lemma=second NamedEntityTag=DURATION NormalizedNamedEntityTag=PT1S Timex=<TIMEX3 tid="t1" type="DURATION" value="PT1S">a second</TIMEX3>]
[Text=attempt CharacterOffsetBegin=75 CharacterOffsetEnd=82 PartOfSpeech=NN Lemma=attempt NamedEntityTag=O]
(ROOT
  (S
    (NP (NNP Adam))
    (VP (VBD failed)
      (S
        (VP (TO to)
          (VP (VB kill)
            (NP (NNP Alexander)))))
      (, ,)
      (SBAR (RB so)
        (S
          (NP (PRP he))
          (VP (VBD hired)
            (NP (DT a) (NN bodygaurd))
            (PP (IN in)
              (NP
                (NP (NN case))
                (PP (IN of)
                  (NP (DT a) (JJ second) (NN attempt)))))))))))

root(ROOT-0, failed-2)
nsubj(failed-2, Adam-1)
nsubj:xsubj(kill-4, Adam-1)
mark(kill-4, to-3)
xcomp(failed-2, kill-4)
dobj(kill-4, Alexander-5)
punct(failed-2, ,-6)
advmod(hired-9, so-7)
nsubj(hired-9, he-8)
ccomp(failed-2, hired-9)
det(bodygaurd-11, a-10)
dobj(hired-9, bodygaurd-11)
case(attempt-17, in-12)
mwe(in-12, case-13)
mwe(in-12, of-14)
det(attempt-17, a-15)
amod(attempt-17, second-16)
nmod:in_case_of(hired-9, attempt-17)

Coreference set:
	(1,8,[8,9]) -> (1,1,[1,2]), that is: "he" -> "Adam"
