Sentence #1 (15 tokens):
Adam failed to kill Alexander, so he hired an assassin for the second attempt
[Text=Adam CharacterOffsetBegin=0 CharacterOffsetEnd=4 PartOfSpeech=NNP Lemma=Adam NamedEntityTag=PERSON]
[Text=failed CharacterOffsetBegin=5 CharacterOffsetEnd=11 PartOfSpeech=VBD Lemma=fail NamedEntityTag=O]
[Text=to CharacterOffsetBegin=12 CharacterOffsetEnd=14 PartOfSpeech=TO Lemma=to NamedEntityTag=O]
[Text=kill CharacterOffsetBegin=15 CharacterOffsetEnd=19 PartOfSpeech=VB Lemma=kill NamedEntityTag=O]
[Text=Alexander CharacterOffsetBegin=20 CharacterOffsetEnd=29 PartOfSpeech=NNP Lemma=Alexander NamedEntityTag=PERSON]
[Text=, CharacterOffsetBegin=29 CharacterOffsetEnd=30 PartOfSpeech=, Lemma=, NamedEntityTag=O]
[Text=so CharacterOffsetBegin=31 CharacterOffsetEnd=33 PartOfSpeech=RB Lemma=so NamedEntityTag=O]
[Text=he CharacterOffsetBegin=34 CharacterOffsetEnd=36 PartOfSpeech=PRP Lemma=he NamedEntityTag=O]
[Text=hired CharacterOffsetBegin=37 CharacterOffsetEnd=42 PartOfSpeech=VBD Lemma=hire NamedEntityTag=O]
[Text=an CharacterOffsetBegin=43 CharacterOffsetEnd=45 PartOfSpeech=DT Lemma=a NamedEntityTag=O]
[Text=assassin CharacterOffsetBegin=46 CharacterOffsetEnd=54 PartOfSpeech=NN Lemma=assassin NamedEntityTag=O]
[Text=for CharacterOffsetBegin=55 CharacterOffsetEnd=58 PartOfSpeech=IN Lemma=for NamedEntityTag=O]
[Text=the CharacterOffsetBegin=59 CharacterOffsetEnd=62 PartOfSpeech=DT Lemma=the NamedEntityTag=O]
[Text=second CharacterOffsetBegin=63 CharacterOffsetEnd=69 PartOfSpeech=JJ Lemma=second NamedEntityTag=ORDINAL NormalizedNamedEntityTag=2.0]
[Text=attempt CharacterOffsetBegin=70 CharacterOffsetEnd=77 PartOfSpeech=NN Lemma=attempt NamedEntityTag=O]
(ROOT
  (S
    (NP (NNP Adam))
    (VP (VBD failed)
      (S
        (VP (TO to)
          (VP (VB kill)
            (NP (NNP Alexander)))))
      (, ,)
      (SBAR (RB so)
        (S
          (NP (PRP he))
          (VP (VBD hired)
            (NP (DT an) (NN assassin))
            (PP (IN for)
              (NP (DT the) (JJ second) (NN attempt)))))))))

root(ROOT-0, failed-2)
nsubj(failed-2, Adam-1)
nsubj:xsubj(kill-4, Adam-1)
mark(kill-4, to-3)
xcomp(failed-2, kill-4)
dobj(kill-4, Alexander-5)
punct(failed-2, ,-6)
advmod(hired-9, so-7)
nsubj(hired-9, he-8)
ccomp(failed-2, hired-9)
det(assassin-11, an-10)
dobj(hired-9, assassin-11)
case(attempt-15, for-12)
det(attempt-15, the-13)
amod(attempt-15, second-14)
nmod:for(hired-9, attempt-15)

Coreference set:
	(1,8,[8,9]) -> (1,1,[1,2]), that is: "he" -> "Adam"
