Sentence #1 (11 tokens):
The bowl had a crack, so it was filled in
[Text=The CharacterOffsetBegin=0 CharacterOffsetEnd=3 PartOfSpeech=DT Lemma=the NamedEntityTag=O]
[Text=bowl CharacterOffsetBegin=4 CharacterOffsetEnd=8 PartOfSpeech=NN Lemma=bowl NamedEntityTag=O]
[Text=had CharacterOffsetBegin=9 CharacterOffsetEnd=12 PartOfSpeech=VBD Lemma=have NamedEntityTag=O]
[Text=a CharacterOffsetBegin=13 CharacterOffsetEnd=14 PartOfSpeech=DT Lemma=a NamedEntityTag=O]
[Text=crack CharacterOffsetBegin=15 CharacterOffsetEnd=20 PartOfSpeech=NN Lemma=crack NamedEntityTag=O]
[Text=, CharacterOffsetBegin=20 CharacterOffsetEnd=21 PartOfSpeech=, Lemma=, NamedEntityTag=O]
[Text=so CharacterOffsetBegin=22 CharacterOffsetEnd=24 PartOfSpeech=IN Lemma=so NamedEntityTag=O]
[Text=it CharacterOffsetBegin=25 CharacterOffsetEnd=27 PartOfSpeech=PRP Lemma=it NamedEntityTag=O]
[Text=was CharacterOffsetBegin=28 CharacterOffsetEnd=31 PartOfSpeech=VBD Lemma=be NamedEntityTag=O]
[Text=filled CharacterOffsetBegin=32 CharacterOffsetEnd=38 PartOfSpeech=VBN Lemma=fill NamedEntityTag=O]
[Text=in CharacterOffsetBegin=39 CharacterOffsetEnd=41 PartOfSpeech=IN Lemma=in NamedEntityTag=O]
(ROOT
  (S
    (NP (DT The) (NN bowl))
    (VP (VBD had)
      (NP (DT a) (NN crack))
      (, ,)
      (SBAR (IN so)
        (S
          (NP (PRP it))
          (VP (VBD was)
            (VP (VBN filled)
              (PP (IN in)))))))))

root(ROOT-0, had-3)
det(bowl-2, The-1)
nsubj(had-3, bowl-2)
det(crack-5, a-4)
dobj(had-3, crack-5)
punct(had-3, ,-6)
mark(filled-10, so-7)
nsubjpass(filled-10, it-8)
auxpass(filled-10, was-9)
advcl:so(had-3, filled-10)
nmod(filled-10, in-11)

Coreference set:
	(1,8,[8,9]) -> (1,2,[1,3]), that is: "it" -> "The bowl"
