Sentence #1 (13 tokens):
Joe put Bob in the time machine and he went to the future
[Text=Joe CharacterOffsetBegin=0 CharacterOffsetEnd=3 PartOfSpeech=NNP Lemma=Joe NamedEntityTag=PERSON]
[Text=put CharacterOffsetBegin=4 CharacterOffsetEnd=7 PartOfSpeech=VBD Lemma=put NamedEntityTag=O]
[Text=Bob CharacterOffsetBegin=8 CharacterOffsetEnd=11 PartOfSpeech=NNP Lemma=Bob NamedEntityTag=PERSON]
[Text=in CharacterOffsetBegin=12 CharacterOffsetEnd=14 PartOfSpeech=IN Lemma=in NamedEntityTag=O]
[Text=the CharacterOffsetBegin=15 CharacterOffsetEnd=18 PartOfSpeech=DT Lemma=the NamedEntityTag=O]
[Text=time CharacterOffsetBegin=19 CharacterOffsetEnd=23 PartOfSpeech=NN Lemma=time NamedEntityTag=O]
[Text=machine CharacterOffsetBegin=24 CharacterOffsetEnd=31 PartOfSpeech=NN Lemma=machine NamedEntityTag=O]
[Text=and CharacterOffsetBegin=32 CharacterOffsetEnd=35 PartOfSpeech=CC Lemma=and NamedEntityTag=O]
[Text=he CharacterOffsetBegin=36 CharacterOffsetEnd=38 PartOfSpeech=PRP Lemma=he NamedEntityTag=O]
[Text=went CharacterOffsetBegin=39 CharacterOffsetEnd=43 PartOfSpeech=VBD Lemma=go NamedEntityTag=O]
[Text=to CharacterOffsetBegin=44 CharacterOffsetEnd=46 PartOfSpeech=TO Lemma=to NamedEntityTag=O]
[Text=the CharacterOffsetBegin=47 CharacterOffsetEnd=50 PartOfSpeech=DT Lemma=the NamedEntityTag=DATE NormalizedNamedEntityTag=FUTURE_REF Timex=<TIMEX3 tid="t1" type="DATE" value="FUTURE_REF">the future</TIMEX3>]
[Text=future CharacterOffsetBegin=51 CharacterOffsetEnd=57 PartOfSpeech=NN Lemma=future NamedEntityTag=DATE NormalizedNamedEntityTag=FUTURE_REF Timex=<TIMEX3 tid="t1" type="DATE" value="FUTURE_REF">the future</TIMEX3>]
(ROOT
  (S
    (NP (NNP Joe))
    (VP (VBD put)
      (SBAR
        (S
          (S
            (NP (NNP Bob))
            (PP (IN in)
              (NP (DT the) (NN time) (NN machine))))
          (CC and)
          (S
            (NP (PRP he))
            (VP (VBD went)
              (PP (TO to)
                (NP (DT the) (NN future))))))))))

root(ROOT-0, put-2)
nsubj(put-2, Joe-1)
dep(put-2, Bob-3)
case(machine-7, in-4)
det(machine-7, the-5)
compound(machine-7, time-6)
dep(Bob-3, machine-7)
cc(Bob-3, and-8)
nsubj(went-10, he-9)
dep(put-2, went-10)
conj:and(Bob-3, went-10)
case(future-13, to-11)
det(future-13, the-12)
nmod:to(went-10, future-13)

Coreference set:
	(1,9,[9,10]) -> (1,3,[3,4]), that is: "he" -> "Bob"
