Sentence #1 (9 tokens):
Bill asked Joe if he could borrow some money
[Text=Bill CharacterOffsetBegin=0 CharacterOffsetEnd=4 PartOfSpeech=NNP Lemma=Bill NamedEntityTag=PERSON]
[Text=asked CharacterOffsetBegin=5 CharacterOffsetEnd=10 PartOfSpeech=VBD Lemma=ask NamedEntityTag=O]
[Text=Joe CharacterOffsetBegin=11 CharacterOffsetEnd=14 PartOfSpeech=NNP Lemma=Joe NamedEntityTag=PERSON]
[Text=if CharacterOffsetBegin=15 CharacterOffsetEnd=17 PartOfSpeech=IN Lemma=if NamedEntityTag=O]
[Text=he CharacterOffsetBegin=18 CharacterOffsetEnd=20 PartOfSpeech=PRP Lemma=he NamedEntityTag=O]
[Text=could CharacterOffsetBegin=21 CharacterOffsetEnd=26 PartOfSpeech=MD Lemma=could NamedEntityTag=O]
[Text=borrow CharacterOffsetBegin=27 CharacterOffsetEnd=33 PartOfSpeech=VB Lemma=borrow NamedEntityTag=O]
[Text=some CharacterOffsetBegin=34 CharacterOffsetEnd=38 PartOfSpeech=DT Lemma=some NamedEntityTag=O]
[Text=money CharacterOffsetBegin=39 CharacterOffsetEnd=44 PartOfSpeech=NN Lemma=money NamedEntityTag=O]
(ROOT
  (S
    (NP (NNP Bill))
    (VP (VBD asked)
      (NP (NNP Joe))
      (SBAR (IN if)
        (S
          (NP (PRP he))
          (VP (MD could)
            (VP (VB borrow)
              (NP (DT some) (NN money)))))))))

root(ROOT-0, asked-2)
nsubj(asked-2, Bill-1)
dobj(asked-2, Joe-3)
mark(borrow-7, if-4)
nsubj(borrow-7, he-5)
aux(borrow-7, could-6)
advcl:if(asked-2, borrow-7)
det(money-9, some-8)
dobj(borrow-7, money-9)

Coreference set:
	(1,5,[5,6]) -> (1,3,[3,4]), that is: "he" -> "Joe"
