Sentence #1 (8 tokens):
Bill asked Joe if he had any money
[Text=Bill CharacterOffsetBegin=0 CharacterOffsetEnd=4 PartOfSpeech=NNP Lemma=Bill NamedEntityTag=PERSON]
[Text=asked CharacterOffsetBegin=5 CharacterOffsetEnd=10 PartOfSpeech=VBD Lemma=ask NamedEntityTag=O]
[Text=Joe CharacterOffsetBegin=11 CharacterOffsetEnd=14 PartOfSpeech=NNP Lemma=Joe NamedEntityTag=PERSON]
[Text=if CharacterOffsetBegin=15 CharacterOffsetEnd=17 PartOfSpeech=IN Lemma=if NamedEntityTag=O]
[Text=he CharacterOffsetBegin=18 CharacterOffsetEnd=20 PartOfSpeech=PRP Lemma=he NamedEntityTag=O]
[Text=had CharacterOffsetBegin=21 CharacterOffsetEnd=24 PartOfSpeech=VBD Lemma=have NamedEntityTag=O]
[Text=any CharacterOffsetBegin=25 CharacterOffsetEnd=28 PartOfSpeech=DT Lemma=any NamedEntityTag=O]
[Text=money CharacterOffsetBegin=29 CharacterOffsetEnd=34 PartOfSpeech=NN Lemma=money NamedEntityTag=O]
(ROOT
  (S
    (NP (NNP Bill))
    (VP (VBD asked)
      (NP (NNP Joe))
      (SBAR (IN if)
        (S
          (NP (PRP he))
          (VP (VBD had)
            (NP (DT any) (NN money))))))))

root(ROOT-0, asked-2)
nsubj(asked-2, Bill-1)
dobj(asked-2, Joe-3)
mark(had-6, if-4)
nsubj(had-6, he-5)
advcl:if(asked-2, had-6)
det(money-8, any-7)
dobj(had-6, money-8)

Coreference set:
	(1,5,[5,6]) -> (1,3,[3,4]), that is: "he" -> "Joe"
