Sentence #1 (11 tokens):
The campers turned on their flashlights because the darkness scared them
[Text=The CharacterOffsetBegin=0 CharacterOffsetEnd=3 PartOfSpeech=DT Lemma=the NamedEntityTag=O]
[Text=campers CharacterOffsetBegin=4 CharacterOffsetEnd=11 PartOfSpeech=NNS Lemma=camper NamedEntityTag=O]
[Text=turned CharacterOffsetBegin=12 CharacterOffsetEnd=18 PartOfSpeech=VBD Lemma=turn NamedEntityTag=O]
[Text=on CharacterOffsetBegin=19 CharacterOffsetEnd=21 PartOfSpeech=RP Lemma=on NamedEntityTag=O]
[Text=their CharacterOffsetBegin=22 CharacterOffsetEnd=27 PartOfSpeech=PRP$ Lemma=they NamedEntityTag=O]
[Text=flashlights CharacterOffsetBegin=28 CharacterOffsetEnd=39 PartOfSpeech=NNS Lemma=flashlight NamedEntityTag=O]
[Text=because CharacterOffsetBegin=40 CharacterOffsetEnd=47 PartOfSpeech=IN Lemma=because NamedEntityTag=O]
[Text=the CharacterOffsetBegin=48 CharacterOffsetEnd=51 PartOfSpeech=DT Lemma=the NamedEntityTag=O]
[Text=darkness CharacterOffsetBegin=52 CharacterOffsetEnd=60 PartOfSpeech=NN Lemma=darkness NamedEntityTag=O]
[Text=scared CharacterOffsetBegin=61 CharacterOffsetEnd=67 PartOfSpeech=VBD Lemma=scare NamedEntityTag=O]
[Text=them CharacterOffsetBegin=68 CharacterOffsetEnd=72 PartOfSpeech=PRP Lemma=they NamedEntityTag=O]
(ROOT
  (S
    (NP (DT The) (NNS campers))
    (VP (VBD turned)
      (PRT (RP on))
      (NP (PRP$ their) (NNS flashlights))
      (SBAR (IN because)
        (S
          (NP (DT the) (NN darkness))
          (VP (VBD scared)
            (NP (PRP them))))))))

root(ROOT-0, turned-3)
det(campers-2, The-1)
nsubj(turned-3, campers-2)
compound:prt(turned-3, on-4)
nmod:poss(flashlights-6, their-5)
dobj(turned-3, flashlights-6)
mark(scared-10, because-7)
det(darkness-9, the-8)
nsubj(scared-10, darkness-9)
advcl:because(turned-3, scared-10)
dobj(scared-10, them-11)

Coreference set:
	(1,5,[5,6]) -> (1,2,[1,3]), that is: "their" -> "The campers"
	(1,11,[11,12]) -> (1,2,[1,3]), that is: "them" -> "The campers"
