Sentence #1 (11 tokens):
The chef held the waiter so that he would not flee
[Text=The CharacterOffsetBegin=0 CharacterOffsetEnd=3 PartOfSpeech=DT Lemma=the NamedEntityTag=O]
[Text=chef CharacterOffsetBegin=4 CharacterOffsetEnd=8 PartOfSpeech=NN Lemma=chef NamedEntityTag=O]
[Text=held CharacterOffsetBegin=9 CharacterOffsetEnd=13 PartOfSpeech=VBD Lemma=hold NamedEntityTag=O]
[Text=the CharacterOffsetBegin=14 CharacterOffsetEnd=17 PartOfSpeech=DT Lemma=the NamedEntityTag=O]
[Text=waiter CharacterOffsetBegin=18 CharacterOffsetEnd=24 PartOfSpeech=NN Lemma=waiter NamedEntityTag=O]
[Text=so CharacterOffsetBegin=25 CharacterOffsetEnd=27 PartOfSpeech=IN Lemma=so NamedEntityTag=O]
[Text=that CharacterOffsetBegin=28 CharacterOffsetEnd=32 PartOfSpeech=IN Lemma=that NamedEntityTag=O]
[Text=he CharacterOffsetBegin=33 CharacterOffsetEnd=35 PartOfSpeech=PRP Lemma=he NamedEntityTag=O]
[Text=would CharacterOffsetBegin=36 CharacterOffsetEnd=41 PartOfSpeech=MD Lemma=would NamedEntityTag=O]
[Text=not CharacterOffsetBegin=42 CharacterOffsetEnd=45 PartOfSpeech=RB Lemma=not NamedEntityTag=O]
[Text=flee CharacterOffsetBegin=46 CharacterOffsetEnd=50 PartOfSpeech=VB Lemma=flee NamedEntityTag=O]
(ROOT
  (S
    (NP (DT The) (NN chef))
    (VP (VBD held)
      (NP (DT the) (NN waiter))
      (SBAR (IN so) (IN that)
        (S
          (NP (PRP he))
          (VP (MD would) (RB not)
            (VP (VB flee))))))))

root(ROOT-0, held-3)
det(chef-2, The-1)
nsubj(held-3, chef-2)
det(waiter-5, the-4)
dobj(held-3, waiter-5)
mark(flee-11, so-6)
mwe(so-6, that-7)
nsubj(flee-11, he-8)
aux(flee-11, would-9)
neg(flee-11, not-10)
advcl:so_that(held-3, flee-11)

Coreference set:
	(1,8,[8,9]) -> (1,2,[1,3]), that is: "he" -> "The chef"
