Sentence #1 (11 tokens):
The cat was afraid of the dog because it was timid
[Text=The CharacterOffsetBegin=0 CharacterOffsetEnd=3 PartOfSpeech=DT Lemma=the NamedEntityTag=O]
[Text=cat CharacterOffsetBegin=4 CharacterOffsetEnd=7 PartOfSpeech=NN Lemma=cat NamedEntityTag=O]
[Text=was CharacterOffsetBegin=8 CharacterOffsetEnd=11 PartOfSpeech=VBD Lemma=be NamedEntityTag=O]
[Text=afraid CharacterOffsetBegin=12 CharacterOffsetEnd=18 PartOfSpeech=JJ Lemma=afraid NamedEntityTag=O]
[Text=of CharacterOffsetBegin=19 CharacterOffsetEnd=21 PartOfSpeech=IN Lemma=of NamedEntityTag=O]
[Text=the CharacterOffsetBegin=22 CharacterOffsetEnd=25 PartOfSpeech=DT Lemma=the NamedEntityTag=O]
[Text=dog CharacterOffsetBegin=26 CharacterOffsetEnd=29 PartOfSpeech=NN Lemma=dog NamedEntityTag=O]
[Text=because CharacterOffsetBegin=30 CharacterOffsetEnd=37 PartOfSpeech=IN Lemma=because NamedEntityTag=O]
[Text=it CharacterOffsetBegin=38 CharacterOffsetEnd=40 PartOfSpeech=PRP Lemma=it NamedEntityTag=O]
[Text=was CharacterOffsetBegin=41 CharacterOffsetEnd=44 PartOfSpeech=VBD Lemma=be NamedEntityTag=O]
[Text=timid CharacterOffsetBegin=45 CharacterOffsetEnd=50 PartOfSpeech=JJ Lemma=timid NamedEntityTag=O]
(ROOT
  (S
    (NP (DT The) (NN cat))
    (VP (VBD was)
      (ADJP (JJ afraid)
        (PP (IN of)
          (NP (DT the) (NN dog))))
      (SBAR (IN because)
        (S
          (NP (PRP it))
          (VP (VBD was)
            (ADJP (JJ timid))))))))

root(ROOT-0, afraid-4)
det(cat-2, The-1)
nsubj(afraid-4, cat-2)
cop(afraid-4, was-3)
case(dog-7, of-5)
det(dog-7, the-6)
nmod:of(afraid-4, dog-7)
mark(timid-11, because-8)
nsubj(timid-11, it-9)
cop(timid-11, was-10)
advcl:because(afraid-4, timid-11)

