Sentence #1 (11 tokens):
The violin fell off the table because someone knocked it off
[Text=The CharacterOffsetBegin=0 CharacterOffsetEnd=3 PartOfSpeech=DT Lemma=the NamedEntityTag=O]
[Text=violin CharacterOffsetBegin=4 CharacterOffsetEnd=10 PartOfSpeech=NN Lemma=violin NamedEntityTag=O]
[Text=fell CharacterOffsetBegin=11 CharacterOffsetEnd=15 PartOfSpeech=VBD Lemma=fall NamedEntityTag=O]
[Text=off CharacterOffsetBegin=16 CharacterOffsetEnd=19 PartOfSpeech=RP Lemma=off NamedEntityTag=O]
[Text=the CharacterOffsetBegin=20 CharacterOffsetEnd=23 PartOfSpeech=DT Lemma=the NamedEntityTag=O]
[Text=table CharacterOffsetBegin=24 CharacterOffsetEnd=29 PartOfSpeech=NN Lemma=table NamedEntityTag=O]
[Text=because CharacterOffsetBegin=30 CharacterOffsetEnd=37 PartOfSpeech=IN Lemma=because NamedEntityTag=O]
[Text=someone CharacterOffsetBegin=38 CharacterOffsetEnd=45 PartOfSpeech=NN Lemma=someone NamedEntityTag=O]
[Text=knocked CharacterOffsetBegin=46 CharacterOffsetEnd=53 PartOfSpeech=VBD Lemma=knock NamedEntityTag=O]
[Text=it CharacterOffsetBegin=54 CharacterOffsetEnd=56 PartOfSpeech=PRP Lemma=it NamedEntityTag=O]
[Text=off CharacterOffsetBegin=57 CharacterOffsetEnd=60 PartOfSpeech=RP Lemma=off NamedEntityTag=O]
(ROOT
  (S
    (NP (DT The) (NN violin))
    (VP (VBD fell)
      (PRT (RP off))
      (NP (DT the) (NN table))
      (SBAR (IN because)
        (S
          (NP (NN someone))
          (VP (VBD knocked)
            (NP (PRP it))
            (PRT (RP off))))))))

root(ROOT-0, fell-3)
det(violin-2, The-1)
nsubj(fell-3, violin-2)
compound:prt(fell-3, off-4)
det(table-6, the-5)
dobj(fell-3, table-6)
mark(knocked-9, because-7)
nsubj(knocked-9, someone-8)
advcl:because(fell-3, knocked-9)
dobj(knocked-9, it-10)
compound:prt(knocked-9, off-11)

Coreference set:
	(1,10,[10,11]) -> (1,2,[1,3]), that is: "it" -> "The violin"
