Sentence #1 (11 tokens):
Francis stopped and looked at the penguin because he was intrigued
[Text=Francis CharacterOffsetBegin=0 CharacterOffsetEnd=7 PartOfSpeech=NNP Lemma=Francis NamedEntityTag=PERSON]
[Text=stopped CharacterOffsetBegin=8 CharacterOffsetEnd=15 PartOfSpeech=VBD Lemma=stop NamedEntityTag=O]
[Text=and CharacterOffsetBegin=16 CharacterOffsetEnd=19 PartOfSpeech=CC Lemma=and NamedEntityTag=O]
[Text=looked CharacterOffsetBegin=20 CharacterOffsetEnd=26 PartOfSpeech=VBD Lemma=look NamedEntityTag=O]
[Text=at CharacterOffsetBegin=27 CharacterOffsetEnd=29 PartOfSpeech=IN Lemma=at NamedEntityTag=O]
[Text=the CharacterOffsetBegin=30 CharacterOffsetEnd=33 PartOfSpeech=DT Lemma=the NamedEntityTag=O]
[Text=penguin CharacterOffsetBegin=34 CharacterOffsetEnd=41 PartOfSpeech=NN Lemma=penguin NamedEntityTag=O]
[Text=because CharacterOffsetBegin=42 CharacterOffsetEnd=49 PartOfSpeech=IN Lemma=because NamedEntityTag=O]
[Text=he CharacterOffsetBegin=50 CharacterOffsetEnd=52 PartOfSpeech=PRP Lemma=he NamedEntityTag=O]
[Text=was CharacterOffsetBegin=53 CharacterOffsetEnd=56 PartOfSpeech=VBD Lemma=be NamedEntityTag=O]
[Text=intrigued CharacterOffsetBegin=57 CharacterOffsetEnd=66 PartOfSpeech=VBN Lemma=intrigue NamedEntityTag=O]
(ROOT
  (S
    (NP (NNP Francis))
    (VP
      (VP (VBD stopped))
      (CC and)
      (VP (VBD looked)
        (PP (IN at)
          (NP (DT the) (NN penguin)))
        (SBAR (IN because)
          (S
            (NP (PRP he))
            (VP (VBD was)
              (VP (VBN intrigued)))))))))

root(ROOT-0, stopped-2)
nsubj(stopped-2, Francis-1)
nsubj(looked-4, Francis-1)
cc(stopped-2, and-3)
conj:and(stopped-2, looked-4)
case(penguin-7, at-5)
det(penguin-7, the-6)
nmod:at(looked-4, penguin-7)
mark(intrigued-11, because-8)
nsubjpass(intrigued-11, he-9)
auxpass(intrigued-11, was-10)
advcl:because(looked-4, intrigued-11)

Coreference set:
	(1,9,[9,10]) -> (1,1,[1,2]), that is: "he" -> "Francis"
