Sentence #1 (12 tokens):
Josie did not like Sarah, but she did not know it
[Text=Josie CharacterOffsetBegin=0 CharacterOffsetEnd=5 PartOfSpeech=NNP Lemma=Josie NamedEntityTag=PERSON]
[Text=did CharacterOffsetBegin=6 CharacterOffsetEnd=9 PartOfSpeech=VBD Lemma=do NamedEntityTag=O]
[Text=not CharacterOffsetBegin=10 CharacterOffsetEnd=13 PartOfSpeech=RB Lemma=not NamedEntityTag=O]
[Text=like CharacterOffsetBegin=14 CharacterOffsetEnd=18 PartOfSpeech=VB Lemma=like NamedEntityTag=O]
[Text=Sarah CharacterOffsetBegin=19 CharacterOffsetEnd=24 PartOfSpeech=NNP Lemma=Sarah NamedEntityTag=PERSON]
[Text=, CharacterOffsetBegin=24 CharacterOffsetEnd=25 PartOfSpeech=, Lemma=, NamedEntityTag=O]
[Text=but CharacterOffsetBegin=26 CharacterOffsetEnd=29 PartOfSpeech=CC Lemma=but NamedEntityTag=O]
[Text=she CharacterOffsetBegin=30 CharacterOffsetEnd=33 PartOfSpeech=PRP Lemma=she NamedEntityTag=O]
[Text=did CharacterOffsetBegin=34 CharacterOffsetEnd=37 PartOfSpeech=VBD Lemma=do NamedEntityTag=O]
[Text=not CharacterOffsetBegin=38 CharacterOffsetEnd=41 PartOfSpeech=RB Lemma=not NamedEntityTag=O]
[Text=know CharacterOffsetBegin=42 CharacterOffsetEnd=46 PartOfSpeech=VB Lemma=know NamedEntityTag=O]
[Text=it CharacterOffsetBegin=47 CharacterOffsetEnd=49 PartOfSpeech=PRP Lemma=it NamedEntityTag=O]
(ROOT
  (FRAG
    (S
      (S
        (NP (NNP Josie))
        (VP (VBD did) (RB not)
          (VP (VB like)
            (NP (NNP Sarah)))))
      (, ,)
      (CC but)
      (S
        (NP (PRP she))
        (VP (VBD did) (RB not)
          (VP (VB know)
            (NP (PRP it))))))))

root(ROOT-0, like-4)
nsubj(like-4, Josie-1)
aux(like-4, did-2)
neg(like-4, not-3)
dobj(like-4, Sarah-5)
punct(like-4, ,-6)
cc(like-4, but-7)
nsubj(know-11, she-8)
aux(know-11, did-9)
neg(know-11, not-10)
conj:but(like-4, know-11)
dobj(know-11, it-12)

Coreference set:
	(1,8,[8,9]) -> (1,1,[1,2]), that is: "she" -> "Josie"
