Sentence #1 (10 tokens):
The hyenas scavenged from the lions because they were desperate
[Text=The CharacterOffsetBegin=0 CharacterOffsetEnd=3 PartOfSpeech=DT Lemma=the NamedEntityTag=O]
[Text=hyenas CharacterOffsetBegin=4 CharacterOffsetEnd=10 PartOfSpeech=NNS Lemma=hyena NamedEntityTag=O]
[Text=scavenged CharacterOffsetBegin=11 CharacterOffsetEnd=20 PartOfSpeech=VBN Lemma=scavenge NamedEntityTag=O]
[Text=from CharacterOffsetBegin=21 CharacterOffsetEnd=25 PartOfSpeech=IN Lemma=from NamedEntityTag=O]
[Text=the CharacterOffsetBegin=26 CharacterOffsetEnd=29 PartOfSpeech=DT Lemma=the NamedEntityTag=O]
[Text=lions CharacterOffsetBegin=30 CharacterOffsetEnd=35 PartOfSpeech=NNS Lemma=lion NamedEntityTag=O]
[Text=because CharacterOffsetBegin=36 CharacterOffsetEnd=43 PartOfSpeech=IN Lemma=because NamedEntityTag=O]
[Text=they CharacterOffsetBegin=44 CharacterOffsetEnd=48 PartOfSpeech=PRP Lemma=they NamedEntityTag=O]
[Text=were CharacterOffsetBegin=49 CharacterOffsetEnd=53 PartOfSpeech=VBD Lemma=be NamedEntityTag=O]
[Text=desperate CharacterOffsetBegin=54 CharacterOffsetEnd=63 PartOfSpeech=JJ Lemma=desperate NamedEntityTag=O]
(ROOT
  (S
    (NP (DT The) (NNS hyenas))
    (VP (VBN scavenged)
      (PP (IN from)
        (NP (DT the) (NNS lions)))
      (SBAR (IN because)
        (S
          (NP (PRP they))
          (VP (VBD were)
            (ADJP (JJ desperate))))))))

root(ROOT-0, scavenged-3)
det(hyenas-2, The-1)
nsubj(scavenged-3, hyenas-2)
case(lions-6, from-4)
det(lions-6, the-5)
nmod:from(scavenged-3, lions-6)
mark(desperate-10, because-7)
nsubj(desperate-10, they-8)
cop(desperate-10, were-9)
advcl:because(scavenged-3, desperate-10)

Coreference set:
	(1,8,[8,9]) -> (1,2,[1,3]), that is: "they" -> "The hyenas"
