Sentence #1 (10 tokens):
The fisherman hooked a big fish but he got away
[Text=The CharacterOffsetBegin=0 CharacterOffsetEnd=3 PartOfSpeech=DT Lemma=the NamedEntityTag=O]
[Text=fisherman CharacterOffsetBegin=4 CharacterOffsetEnd=13 PartOfSpeech=NN Lemma=fisherman NamedEntityTag=O]
[Text=hooked CharacterOffsetBegin=14 CharacterOffsetEnd=20 PartOfSpeech=VBD Lemma=hook NamedEntityTag=O]
[Text=a CharacterOffsetBegin=21 CharacterOffsetEnd=22 PartOfSpeech=DT Lemma=a NamedEntityTag=O]
[Text=big CharacterOffsetBegin=23 CharacterOffsetEnd=26 PartOfSpeech=JJ Lemma=big NamedEntityTag=O]
[Text=fish CharacterOffsetBegin=27 CharacterOffsetEnd=31 PartOfSpeech=NN Lemma=fish NamedEntityTag=O]
[Text=but CharacterOffsetBegin=32 CharacterOffsetEnd=35 PartOfSpeech=CC Lemma=but NamedEntityTag=O]
[Text=he CharacterOffsetBegin=36 CharacterOffsetEnd=38 PartOfSpeech=PRP Lemma=he NamedEntityTag=O]
[Text=got CharacterOffsetBegin=39 CharacterOffsetEnd=42 PartOfSpeech=VBD Lemma=get NamedEntityTag=O]
[Text=away CharacterOffsetBegin=43 CharacterOffsetEnd=47 PartOfSpeech=RB Lemma=away NamedEntityTag=O]
(ROOT
  (S
    (NP (DT The) (NN fisherman))
    (VP (VBD hooked)
      (NP (DT a) (JJ big) (NN fish))
      (SBAR (CC but)
        (S
          (NP (PRP he))
          (VP (VBD got)
            (ADVP (RB away))))))))

root(ROOT-0, hooked-3)
det(fisherman-2, The-1)
nsubj(hooked-3, fisherman-2)
det(fish-6, a-4)
amod(fish-6, big-5)
dobj(hooked-3, fish-6)
cc(got-9, but-7)
nsubj(got-9, he-8)
dep(hooked-3, got-9)
advmod(got-9, away-10)

Coreference set:
	(1,8,[8,9]) -> (1,2,[1,3]), that is: "he" -> "The fisherman"
