Sentence #1 (11 tokens):
The fisherman hooked a big fish but he dropped his pole
[Text=The CharacterOffsetBegin=0 CharacterOffsetEnd=3 PartOfSpeech=DT Lemma=the NamedEntityTag=O]
[Text=fisherman CharacterOffsetBegin=4 CharacterOffsetEnd=13 PartOfSpeech=NN Lemma=fisherman NamedEntityTag=O]
[Text=hooked CharacterOffsetBegin=14 CharacterOffsetEnd=20 PartOfSpeech=VBD Lemma=hook NamedEntityTag=O]
[Text=a CharacterOffsetBegin=21 CharacterOffsetEnd=22 PartOfSpeech=DT Lemma=a NamedEntityTag=O]
[Text=big CharacterOffsetBegin=23 CharacterOffsetEnd=26 PartOfSpeech=JJ Lemma=big NamedEntityTag=O]
[Text=fish CharacterOffsetBegin=27 CharacterOffsetEnd=31 PartOfSpeech=NN Lemma=fish NamedEntityTag=O]
[Text=but CharacterOffsetBegin=32 CharacterOffsetEnd=35 PartOfSpeech=CC Lemma=but NamedEntityTag=O]
[Text=he CharacterOffsetBegin=36 CharacterOffsetEnd=38 PartOfSpeech=PRP Lemma=he NamedEntityTag=O]
[Text=dropped CharacterOffsetBegin=39 CharacterOffsetEnd=46 PartOfSpeech=VBD Lemma=drop NamedEntityTag=O]
[Text=his CharacterOffsetBegin=47 CharacterOffsetEnd=50 PartOfSpeech=PRP$ Lemma=he NamedEntityTag=O]
[Text=pole CharacterOffsetBegin=51 CharacterOffsetEnd=55 PartOfSpeech=NN Lemma=pole NamedEntityTag=O]
(ROOT
  (S
    (NP (DT The) (NN fisherman))
    (VP (VBD hooked)
      (NP (DT a) (JJ big) (NN fish))
      (SBAR (CC but)
        (S
          (NP (PRP he))
          (VP (VBD dropped)
            (NP (PRP$ his) (NN pole))))))))

root(ROOT-0, hooked-3)
det(fisherman-2, The-1)
nsubj(hooked-3, fisherman-2)
det(fish-6, a-4)
amod(fish-6, big-5)
dobj(hooked-3, fish-6)
cc(dropped-9, but-7)
nsubj(dropped-9, he-8)
dep(hooked-3, dropped-9)
nmod:poss(pole-11, his-10)
dobj(dropped-9, pole-11)

Coreference set:
	(1,8,[8,9]) -> (1,2,[1,3]), that is: "he" -> "The fisherman"
	(1,10,[10,11]) -> (1,2,[1,3]), that is: "his" -> "The fisherman"
