Sentence #1 (13 tokens):
The geology department petitioned the school board for money because they needed funding
[Text=The CharacterOffsetBegin=0 CharacterOffsetEnd=3 PartOfSpeech=DT Lemma=the NamedEntityTag=O]
[Text=geology CharacterOffsetBegin=4 CharacterOffsetEnd=11 PartOfSpeech=NN Lemma=geology NamedEntityTag=O]
[Text=department CharacterOffsetBegin=12 CharacterOffsetEnd=22 PartOfSpeech=NN Lemma=department NamedEntityTag=O]
[Text=petitioned CharacterOffsetBegin=23 CharacterOffsetEnd=33 PartOfSpeech=VBD Lemma=petition NamedEntityTag=O]
[Text=the CharacterOffsetBegin=34 CharacterOffsetEnd=37 PartOfSpeech=DT Lemma=the NamedEntityTag=O]
[Text=school CharacterOffsetBegin=38 CharacterOffsetEnd=44 PartOfSpeech=NN Lemma=school NamedEntityTag=O]
[Text=board CharacterOffsetBegin=45 CharacterOffsetEnd=50 PartOfSpeech=NN Lemma=board NamedEntityTag=O]
[Text=for CharacterOffsetBegin=51 CharacterOffsetEnd=54 PartOfSpeech=IN Lemma=for NamedEntityTag=O]
[Text=money CharacterOffsetBegin=55 CharacterOffsetEnd=60 PartOfSpeech=NN Lemma=money NamedEntityTag=O]
[Text=because CharacterOffsetBegin=61 CharacterOffsetEnd=68 PartOfSpeech=IN Lemma=because NamedEntityTag=O]
[Text=they CharacterOffsetBegin=69 CharacterOffsetEnd=73 PartOfSpeech=PRP Lemma=they NamedEntityTag=O]
[Text=needed CharacterOffsetBegin=74 CharacterOffsetEnd=80 PartOfSpeech=VBD Lemma=need NamedEntityTag=O]
[Text=funding CharacterOffsetBegin=81 CharacterOffsetEnd=88 PartOfSpeech=NN Lemma=funding NamedEntityTag=O]
(ROOT
  (S
    (NP (DT The) (NN geology) (NN department))
    (VP (VBD petitioned)
      (NP (DT the) (NN school) (NN board))
      (PP (IN for)
        (NP (NN money)))
      (SBAR (IN because)
        (S
          (NP (PRP they))
          (VP (VBD needed)
            (NP (NN funding))))))))

root(ROOT-0, petitioned-4)
det(department-3, The-1)
compound(department-3, geology-2)
nsubj(petitioned-4, department-3)
det(board-7, the-5)
compound(board-7, school-6)
dobj(petitioned-4, board-7)
case(money-9, for-8)
nmod:for(petitioned-4, money-9)
mark(needed-12, because-10)
nsubj(needed-12, they-11)
advcl:because(petitioned-4, needed-12)
dobj(needed-12, funding-13)

