Sentence #1 (14 tokens):
The geology department petitioned the school board for money because they could grant funding
[Text=The CharacterOffsetBegin=0 CharacterOffsetEnd=3 PartOfSpeech=DT Lemma=the NamedEntityTag=O]
[Text=geology CharacterOffsetBegin=4 CharacterOffsetEnd=11 PartOfSpeech=NN Lemma=geology NamedEntityTag=O]
[Text=department CharacterOffsetBegin=12 CharacterOffsetEnd=22 PartOfSpeech=NN Lemma=department NamedEntityTag=O]
[Text=petitioned CharacterOffsetBegin=23 CharacterOffsetEnd=33 PartOfSpeech=VBD Lemma=petition NamedEntityTag=O]
[Text=the CharacterOffsetBegin=34 CharacterOffsetEnd=37 PartOfSpeech=DT Lemma=the NamedEntityTag=O]
[Text=school CharacterOffsetBegin=38 CharacterOffsetEnd=44 PartOfSpeech=NN Lemma=school NamedEntityTag=O]
[Text=board CharacterOffsetBegin=45 CharacterOffsetEnd=50 PartOfSpeech=NN Lemma=board NamedEntityTag=O]
[Text=for CharacterOffsetBegin=51 CharacterOffsetEnd=54 PartOfSpeech=IN Lemma=for NamedEntityTag=O]
[Text=money CharacterOffsetBegin=55 CharacterOffsetEnd=60 PartOfSpeech=NN Lemma=money NamedEntityTag=O]
[Text=because CharacterOffsetBegin=61 CharacterOffsetEnd=68 PartOfSpeech=IN Lemma=because NamedEntityTag=O]
[Text=they CharacterOffsetBegin=69 CharacterOffsetEnd=73 PartOfSpeech=PRP Lemma=they NamedEntityTag=O]
[Text=could CharacterOffsetBegin=74 CharacterOffsetEnd=79 PartOfSpeech=MD Lemma=could NamedEntityTag=O]
[Text=grant CharacterOffsetBegin=80 CharacterOffsetEnd=85 PartOfSpeech=VB Lemma=grant NamedEntityTag=O]
[Text=funding CharacterOffsetBegin=86 CharacterOffsetEnd=93 PartOfSpeech=NN Lemma=funding NamedEntityTag=O]
(ROOT
  (S
    (NP (DT The) (NN geology) (NN department))
    (VP (VBD petitioned)
      (NP (DT the) (NN school) (NN board))
      (PP (IN for)
        (NP (NN money)))
      (SBAR (IN because)
        (S
          (NP (PRP they))
          (VP (MD could)
            (VP (VB grant)
              (NP (NN funding)))))))))

root(ROOT-0, petitioned-4)
det(department-3, The-1)
compound(department-3, geology-2)
nsubj(petitioned-4, department-3)
det(board-7, the-5)
compound(board-7, school-6)
dobj(petitioned-4, board-7)
case(money-9, for-8)
nmod:for(petitioned-4, money-9)
mark(grant-13, because-10)
nsubj(grant-13, they-11)
aux(grant-13, could-12)
advcl:because(petitioned-4, grant-13)
dobj(grant-13, funding-14)

