Sentence #1 (13 tokens):
George scored against Thomas in the shootout, so he lost the game
[Text=George CharacterOffsetBegin=0 CharacterOffsetEnd=6 PartOfSpeech=NNP Lemma=George NamedEntityTag=PERSON]
[Text=scored CharacterOffsetBegin=7 CharacterOffsetEnd=13 PartOfSpeech=VBD Lemma=score NamedEntityTag=O]
[Text=against CharacterOffsetBegin=14 CharacterOffsetEnd=21 PartOfSpeech=IN Lemma=against NamedEntityTag=O]
[Text=Thomas CharacterOffsetBegin=22 CharacterOffsetEnd=28 PartOfSpeech=NNP Lemma=Thomas NamedEntityTag=PERSON]
[Text=in CharacterOffsetBegin=29 CharacterOffsetEnd=31 PartOfSpeech=IN Lemma=in NamedEntityTag=O]
[Text=the CharacterOffsetBegin=32 CharacterOffsetEnd=35 PartOfSpeech=DT Lemma=the NamedEntityTag=O]
[Text=shootout CharacterOffsetBegin=36 CharacterOffsetEnd=44 PartOfSpeech=NN Lemma=shootout NamedEntityTag=O]
[Text=, CharacterOffsetBegin=44 CharacterOffsetEnd=45 PartOfSpeech=, Lemma=, NamedEntityTag=O]
[Text=so CharacterOffsetBegin=46 CharacterOffsetEnd=48 PartOfSpeech=RB Lemma=so NamedEntityTag=O]
[Text=he CharacterOffsetBegin=49 CharacterOffsetEnd=51 PartOfSpeech=PRP Lemma=he NamedEntityTag=O]
[Text=lost CharacterOffsetBegin=52 CharacterOffsetEnd=56 PartOfSpeech=VBD Lemma=lose NamedEntityTag=O]
[Text=the CharacterOffsetBegin=57 CharacterOffsetEnd=60 PartOfSpeech=DT Lemma=the NamedEntityTag=O]
[Text=game CharacterOffsetBegin=61 CharacterOffsetEnd=65 PartOfSpeech=NN Lemma=game NamedEntityTag=O]
(ROOT
  (S
    (NP (NNP George))
    (VP (VBD scored)
      (PP (IN against)
        (NP (NNP Thomas)))
      (PP (IN in)
        (NP (DT the) (NN shootout)))
      (, ,)
      (SBAR (RB so)
        (S
          (NP (PRP he))
          (VP (VBD lost)
            (NP (DT the) (NN game))))))))

root(ROOT-0, scored-2)
nsubj(scored-2, George-1)
case(Thomas-4, against-3)
nmod:against(scored-2, Thomas-4)
case(shootout-7, in-5)
det(shootout-7, the-6)
nmod:in(scored-2, shootout-7)
punct(scored-2, ,-8)
advmod(lost-11, so-9)
nsubj(lost-11, he-10)
ccomp(scored-2, lost-11)
det(game-13, the-12)
dobj(lost-11, game-13)

Coreference set:
	(1,10,[10,11]) -> (1,1,[1,2]), that is: "he" -> "George"
