Sentence #1 (13 tokens):
Lakshman asked Vivan to get him some ice cream because he was hot
[Text=Lakshman CharacterOffsetBegin=0 CharacterOffsetEnd=8 PartOfSpeech=NNP Lemma=Lakshman NamedEntityTag=PERSON]
[Text=asked CharacterOffsetBegin=9 CharacterOffsetEnd=14 PartOfSpeech=VBD Lemma=ask NamedEntityTag=O]
[Text=Vivan CharacterOffsetBegin=15 CharacterOffsetEnd=20 PartOfSpeech=NNP Lemma=Vivan NamedEntityTag=PERSON]
[Text=to CharacterOffsetBegin=21 CharacterOffsetEnd=23 PartOfSpeech=TO Lemma=to NamedEntityTag=O]
[Text=get CharacterOffsetBegin=24 CharacterOffsetEnd=27 PartOfSpeech=VB Lemma=get NamedEntityTag=O]
[Text=him CharacterOffsetBegin=28 CharacterOffsetEnd=31 PartOfSpeech=PRP Lemma=he NamedEntityTag=O]
[Text=some CharacterOffsetBegin=32 CharacterOffsetEnd=36 PartOfSpeech=DT Lemma=some NamedEntityTag=O]
[Text=ice CharacterOffsetBegin=37 CharacterOffsetEnd=40 PartOfSpeech=NN Lemma=ice NamedEntityTag=O]
[Text=cream CharacterOffsetBegin=41 CharacterOffsetEnd=46 PartOfSpeech=NN Lemma=cream NamedEntityTag=O]
[Text=because CharacterOffsetBegin=47 CharacterOffsetEnd=54 PartOfSpeech=IN Lemma=because NamedEntityTag=O]
[Text=he CharacterOffsetBegin=55 CharacterOffsetEnd=57 PartOfSpeech=PRP Lemma=he NamedEntityTag=O]
[Text=was CharacterOffsetBegin=58 CharacterOffsetEnd=61 PartOfSpeech=VBD Lemma=be NamedEntityTag=O]
[Text=hot CharacterOffsetBegin=62 CharacterOffsetEnd=65 PartOfSpeech=JJ Lemma=hot NamedEntityTag=O]
(ROOT
  (S
    (NP (NNP Lakshman))
    (VP (VBD asked)
      (S
        (NP (NNP Vivan))
        (VP (TO to)
          (VP (VB get)
            (S
              (NP (PRP him))
              (NP (DT some) (NN ice) (NN cream)))
            (SBAR (IN because)
              (S
                (NP (PRP he))
                (VP (VBD was)
                  (ADJP (JJ hot)))))))))))

root(ROOT-0, asked-2)
nsubj(asked-2, Lakshman-1)
dobj(asked-2, Vivan-3)
nsubj:xsubj(get-5, Vivan-3)
mark(get-5, to-4)
xcomp(asked-2, get-5)
nsubj(cream-9, him-6)
det(cream-9, some-7)
compound(cream-9, ice-8)
xcomp(get-5, cream-9)
mark(hot-13, because-10)
nsubj(hot-13, he-11)
cop(hot-13, was-12)
advcl:because(get-5, hot-13)

Coreference set:
	(1,6,[6,7]) -> (1,3,[3,4]), that is: "him" -> "Vivan"
	(1,11,[11,12]) -> (1,3,[3,4]), that is: "he" -> "Vivan"
