Sentence #1 (9 tokens):
Yuri owed Ivan money because he lost the bet
[Text=Yuri CharacterOffsetBegin=0 CharacterOffsetEnd=4 PartOfSpeech=NNP Lemma=Yuri NamedEntityTag=PERSON]
[Text=owed CharacterOffsetBegin=5 CharacterOffsetEnd=9 PartOfSpeech=VBD Lemma=owe NamedEntityTag=O]
[Text=Ivan CharacterOffsetBegin=10 CharacterOffsetEnd=14 PartOfSpeech=NNP Lemma=Ivan NamedEntityTag=PERSON]
[Text=money CharacterOffsetBegin=15 CharacterOffsetEnd=20 PartOfSpeech=NN Lemma=money NamedEntityTag=O]
[Text=because CharacterOffsetBegin=21 CharacterOffsetEnd=28 PartOfSpeech=IN Lemma=because NamedEntityTag=O]
[Text=he CharacterOffsetBegin=29 CharacterOffsetEnd=31 PartOfSpeech=PRP Lemma=he NamedEntityTag=O]
[Text=lost CharacterOffsetBegin=32 CharacterOffsetEnd=36 PartOfSpeech=VBD Lemma=lose NamedEntityTag=O]
[Text=the CharacterOffsetBegin=37 CharacterOffsetEnd=40 PartOfSpeech=DT Lemma=the NamedEntityTag=O]
[Text=bet CharacterOffsetBegin=41 CharacterOffsetEnd=44 PartOfSpeech=NN Lemma=bet NamedEntityTag=O]
(ROOT
  (S
    (NP (NNP Yuri))
    (VP (VBD owed)
      (NP (NNP Ivan) (NN money))
      (SBAR (IN because)
        (S
          (NP (PRP he))
          (VP (VBD lost)
            (NP (DT the) (NN bet))))))))

root(ROOT-0, owed-2)
nsubj(owed-2, Yuri-1)
compound(money-4, Ivan-3)
dobj(owed-2, money-4)
mark(lost-7, because-5)
nsubj(lost-7, he-6)
advcl:because(owed-2, lost-7)
det(bet-9, the-8)
dobj(lost-7, bet-9)

Coreference set:
	(1,6,[6,7]) -> (1,1,[1,2]), that is: "he" -> "Yuri"
