Sentence #1 (9 tokens):
Steve hired Jose because he was a hard worker
[Text=Steve CharacterOffsetBegin=0 CharacterOffsetEnd=5 PartOfSpeech=NNP Lemma=Steve NamedEntityTag=PERSON]
[Text=hired CharacterOffsetBegin=6 CharacterOffsetEnd=11 PartOfSpeech=VBD Lemma=hire NamedEntityTag=O]
[Text=Jose CharacterOffsetBegin=12 CharacterOffsetEnd=16 PartOfSpeech=NNP Lemma=Jose NamedEntityTag=PERSON]
[Text=because CharacterOffsetBegin=17 CharacterOffsetEnd=24 PartOfSpeech=IN Lemma=because NamedEntityTag=O]
[Text=he CharacterOffsetBegin=25 CharacterOffsetEnd=27 PartOfSpeech=PRP Lemma=he NamedEntityTag=O]
[Text=was CharacterOffsetBegin=28 CharacterOffsetEnd=31 PartOfSpeech=VBD Lemma=be NamedEntityTag=O]
[Text=a CharacterOffsetBegin=32 CharacterOffsetEnd=33 PartOfSpeech=DT Lemma=a NamedEntityTag=O]
[Text=hard CharacterOffsetBegin=34 CharacterOffsetEnd=38 PartOfSpeech=JJ Lemma=hard NamedEntityTag=O]
[Text=worker CharacterOffsetBegin=39 CharacterOffsetEnd=45 PartOfSpeech=NN Lemma=worker NamedEntityTag=O]
(ROOT
  (S
    (NP (NNP Steve))
    (VP (VBD hired)
      (NP (NNP Jose))
      (SBAR (IN because)
        (S
          (NP (PRP he))
          (VP (VBD was)
            (NP (DT a) (JJ hard) (NN worker))))))))

root(ROOT-0, hired-2)
nsubj(hired-2, Steve-1)
dobj(hired-2, Jose-3)
mark(worker-9, because-4)
nsubj(worker-9, he-5)
cop(worker-9, was-6)
det(worker-9, a-7)
amod(worker-9, hard-8)
advcl:because(hired-2, worker-9)

Coreference set:
	(1,5,[5,6]) -> (1,1,[1,2]), that is: "he" -> "Steve"
	(1,9,[7,10]) -> (1,1,[1,2]), that is: "a hard worker" -> "Steve"
