Sentence #1 (10 tokens):
Steve hired Jose because he could not find anyone better
[Text=Steve CharacterOffsetBegin=0 CharacterOffsetEnd=5 PartOfSpeech=NNP Lemma=Steve NamedEntityTag=PERSON]
[Text=hired CharacterOffsetBegin=6 CharacterOffsetEnd=11 PartOfSpeech=VBD Lemma=hire NamedEntityTag=O]
[Text=Jose CharacterOffsetBegin=12 CharacterOffsetEnd=16 PartOfSpeech=NNP Lemma=Jose NamedEntityTag=PERSON]
[Text=because CharacterOffsetBegin=17 CharacterOffsetEnd=24 PartOfSpeech=IN Lemma=because NamedEntityTag=O]
[Text=he CharacterOffsetBegin=25 CharacterOffsetEnd=27 PartOfSpeech=PRP Lemma=he NamedEntityTag=O]
[Text=could CharacterOffsetBegin=28 CharacterOffsetEnd=33 PartOfSpeech=MD Lemma=could NamedEntityTag=O]
[Text=not CharacterOffsetBegin=34 CharacterOffsetEnd=37 PartOfSpeech=RB Lemma=not NamedEntityTag=O]
[Text=find CharacterOffsetBegin=38 CharacterOffsetEnd=42 PartOfSpeech=VB Lemma=find NamedEntityTag=O]
[Text=anyone CharacterOffsetBegin=43 CharacterOffsetEnd=49 PartOfSpeech=NN Lemma=anyone NamedEntityTag=O]
[Text=better CharacterOffsetBegin=50 CharacterOffsetEnd=56 PartOfSpeech=JJR Lemma=better NamedEntityTag=O]
(ROOT
  (S
    (NP (NNP Steve))
    (VP (VBD hired)
      (NP (NNP Jose))
      (SBAR (IN because)
        (S
          (NP (PRP he))
          (VP (MD could) (RB not)
            (VP (VB find)
              (NP (NN anyone) (JJR better)))))))))

root(ROOT-0, hired-2)
nsubj(hired-2, Steve-1)
dobj(hired-2, Jose-3)
mark(find-8, because-4)
nsubj(find-8, he-5)
aux(find-8, could-6)
neg(find-8, not-7)
advcl:because(hired-2, find-8)
dep(better-10, anyone-9)
dobj(find-8, better-10)

Coreference set:
	(1,5,[5,6]) -> (1,1,[1,2]), that is: "he" -> "Steve"
