Sentence #1 (11 tokens):
The chimpanzee could not use Linux because it was an animal
[Text=The CharacterOffsetBegin=0 CharacterOffsetEnd=3 PartOfSpeech=DT Lemma=the NamedEntityTag=O]
[Text=chimpanzee CharacterOffsetBegin=4 CharacterOffsetEnd=14 PartOfSpeech=NN Lemma=chimpanzee NamedEntityTag=O]
[Text=could CharacterOffsetBegin=15 CharacterOffsetEnd=20 PartOfSpeech=MD Lemma=could NamedEntityTag=O]
[Text=not CharacterOffsetBegin=21 CharacterOffsetEnd=24 PartOfSpeech=RB Lemma=not NamedEntityTag=O]
[Text=use CharacterOffsetBegin=25 CharacterOffsetEnd=28 PartOfSpeech=VB Lemma=use NamedEntityTag=O]
[Text=Linux CharacterOffsetBegin=29 CharacterOffsetEnd=34 PartOfSpeech=NN Lemma=linux NamedEntityTag=O]
[Text=because CharacterOffsetBegin=35 CharacterOffsetEnd=42 PartOfSpeech=IN Lemma=because NamedEntityTag=O]
[Text=it CharacterOffsetBegin=43 CharacterOffsetEnd=45 PartOfSpeech=PRP Lemma=it NamedEntityTag=O]
[Text=was CharacterOffsetBegin=46 CharacterOffsetEnd=49 PartOfSpeech=VBD Lemma=be NamedEntityTag=O]
[Text=an CharacterOffsetBegin=50 CharacterOffsetEnd=52 PartOfSpeech=DT Lemma=a NamedEntityTag=O]
[Text=animal CharacterOffsetBegin=53 CharacterOffsetEnd=59 PartOfSpeech=NN Lemma=animal NamedEntityTag=O]
(ROOT
  (S
    (NP (DT The) (NN chimpanzee))
    (VP (MD could) (RB not)
      (VP (VB use)
        (NP (NN Linux))
        (SBAR (IN because)
          (S
            (NP (PRP it))
            (VP (VBD was)
              (NP (DT an) (NN animal)))))))))

root(ROOT-0, use-5)
det(chimpanzee-2, The-1)
nsubj(use-5, chimpanzee-2)
aux(use-5, could-3)
neg(use-5, not-4)
dobj(use-5, Linux-6)
mark(animal-11, because-7)
nsubj(animal-11, it-8)
cop(animal-11, was-9)
det(animal-11, an-10)
advcl:because(use-5, animal-11)

Coreference set:
	(1,8,[8,9]) -> (1,11,[10,12]), that is: "it" -> "an animal"
