Sentence #1 (10 tokens):
The outlaw shot the sheriff, but he shot back
[Text=The CharacterOffsetBegin=0 CharacterOffsetEnd=3 PartOfSpeech=DT Lemma=the NamedEntityTag=O]
[Text=outlaw CharacterOffsetBegin=4 CharacterOffsetEnd=10 PartOfSpeech=NN Lemma=outlaw NamedEntityTag=O]
[Text=shot CharacterOffsetBegin=11 CharacterOffsetEnd=15 PartOfSpeech=VBD Lemma=shoot NamedEntityTag=O]
[Text=the CharacterOffsetBegin=16 CharacterOffsetEnd=19 PartOfSpeech=DT Lemma=the NamedEntityTag=O]
[Text=sheriff CharacterOffsetBegin=20 CharacterOffsetEnd=27 PartOfSpeech=NN Lemma=sheriff NamedEntityTag=O]
[Text=, CharacterOffsetBegin=27 CharacterOffsetEnd=28 PartOfSpeech=, Lemma=, NamedEntityTag=O]
[Text=but CharacterOffsetBegin=29 CharacterOffsetEnd=32 PartOfSpeech=CC Lemma=but NamedEntityTag=O]
[Text=he CharacterOffsetBegin=33 CharacterOffsetEnd=35 PartOfSpeech=PRP Lemma=he NamedEntityTag=O]
[Text=shot CharacterOffsetBegin=36 CharacterOffsetEnd=40 PartOfSpeech=VBD Lemma=shoot NamedEntityTag=O]
[Text=back CharacterOffsetBegin=41 CharacterOffsetEnd=45 PartOfSpeech=RB Lemma=back NamedEntityTag=O]
(ROOT
  (FRAG
    (S
      (S
        (NP (DT The) (NN outlaw))
        (VP (VBD shot)
          (NP (DT the) (NN sheriff))))
      (, ,)
      (CC but)
      (S
        (NP (PRP he))
        (VP (VBD shot)
          (ADVP (RB back)))))))

root(ROOT-0, shot-3)
det(outlaw-2, The-1)
nsubj(shot-3, outlaw-2)
det(sheriff-5, the-4)
dobj(shot-3, sheriff-5)
punct(shot-3, ,-6)
cc(shot-3, but-7)
nsubj(shot-9, he-8)
conj:but(shot-3, shot-9)
advmod(shot-9, back-10)

Coreference set:
	(1,8,[8,9]) -> (1,2,[1,3]), that is: "he" -> "The outlaw"
