Sentence #1 (24 tokens):
Kelly neglected to tell Katie that their rent was due, but she remembered that it was due on the first of every month
[Text=Kelly CharacterOffsetBegin=0 CharacterOffsetEnd=5 PartOfSpeech=NNP Lemma=Kelly NamedEntityTag=PERSON]
[Text=neglected CharacterOffsetBegin=6 CharacterOffsetEnd=15 PartOfSpeech=VBN Lemma=neglect NamedEntityTag=O]
[Text=to CharacterOffsetBegin=16 CharacterOffsetEnd=18 PartOfSpeech=TO Lemma=to NamedEntityTag=O]
[Text=tell CharacterOffsetBegin=19 CharacterOffsetEnd=23 PartOfSpeech=VB Lemma=tell NamedEntityTag=O]
[Text=Katie CharacterOffsetBegin=24 CharacterOffsetEnd=29 PartOfSpeech=NNP Lemma=Katie NamedEntityTag=PERSON]
[Text=that CharacterOffsetBegin=30 CharacterOffsetEnd=34 PartOfSpeech=IN Lemma=that NamedEntityTag=O]
[Text=their CharacterOffsetBegin=35 CharacterOffsetEnd=40 PartOfSpeech=PRP$ Lemma=they NamedEntityTag=O]
[Text=rent CharacterOffsetBegin=41 CharacterOffsetEnd=45 PartOfSpeech=NN Lemma=rent NamedEntityTag=O]
[Text=was CharacterOffsetBegin=46 CharacterOffsetEnd=49 PartOfSpeech=VBD Lemma=be NamedEntityTag=O]
[Text=due CharacterOffsetBegin=50 CharacterOffsetEnd=53 PartOfSpeech=JJ Lemma=due NamedEntityTag=O]
[Text=, CharacterOffsetBegin=53 CharacterOffsetEnd=54 PartOfSpeech=, Lemma=, NamedEntityTag=O]
[Text=but CharacterOffsetBegin=55 CharacterOffsetEnd=58 PartOfSpeech=CC Lemma=but NamedEntityTag=O]
[Text=she CharacterOffsetBegin=59 CharacterOffsetEnd=62 PartOfSpeech=PRP Lemma=she NamedEntityTag=O]
[Text=remembered CharacterOffsetBegin=63 CharacterOffsetEnd=73 PartOfSpeech=VBD Lemma=remember NamedEntityTag=O]
[Text=that CharacterOffsetBegin=74 CharacterOffsetEnd=78 PartOfSpeech=IN Lemma=that NamedEntityTag=O]
[Text=it CharacterOffsetBegin=79 CharacterOffsetEnd=81 PartOfSpeech=PRP Lemma=it NamedEntityTag=O]
[Text=was CharacterOffsetBegin=82 CharacterOffsetEnd=85 PartOfSpeech=VBD Lemma=be NamedEntityTag=O]
[Text=due CharacterOffsetBegin=86 CharacterOffsetEnd=89 PartOfSpeech=JJ Lemma=due NamedEntityTag=O]
[Text=on CharacterOffsetBegin=90 CharacterOffsetEnd=92 PartOfSpeech=IN Lemma=on NamedEntityTag=O]
[Text=the CharacterOffsetBegin=93 CharacterOffsetEnd=96 PartOfSpeech=DT Lemma=the NamedEntityTag=O]
[Text=first CharacterOffsetBegin=97 CharacterOffsetEnd=102 PartOfSpeech=JJ Lemma=first NamedEntityTag=ORDINAL NormalizedNamedEntityTag=1.0]
[Text=of CharacterOffsetBegin=103 CharacterOffsetEnd=105 PartOfSpeech=IN Lemma=of NamedEntityTag=O]
[Text=every CharacterOffsetBegin=106 CharacterOffsetEnd=111 PartOfSpeech=DT Lemma=every NamedEntityTag=SET Timex=<TIMEX3 periodicity="P1M" quant="every" tid="t1" type="SET" value="P1M">every month</TIMEX3>]
[Text=month CharacterOffsetBegin=112 CharacterOffsetEnd=117 PartOfSpeech=NN Lemma=month NamedEntityTag=SET Timex=<TIMEX3 periodicity="P1M" quant="every" tid="t1" type="SET" value="P1M">every month</TIMEX3>]
(ROOT
  (S
    (NP (NNP Kelly))
    (VP (VBN neglected)
      (S
        (VP (TO to)
          (VP (VB tell)
            (NP (NNP Katie))
            (SBAR (IN that)
              (S
                (S
                  (NP (PRP$ their) (NN rent))
                  (VP (VBD was)
                    (ADJP (JJ due))))
                (, ,)
                (CC but)
                (S
                  (NP (PRP she))
                  (VP (VBD remembered)
                    (SBAR (IN that)
                      (S
                        (NP (PRP it))
                        (VP (VBD was)
                          (ADJP (JJ due)
                            (PP (IN on)
                              (NP
                                (NP (DT the) (JJ first))
                                (PP (IN of)
                                  (NP (DT every) (NN month)))))))))))))))))))

root(ROOT-0, neglected-2)
nsubj(neglected-2, Kelly-1)
nsubj:xsubj(tell-4, Kelly-1)
mark(tell-4, to-3)
xcomp(neglected-2, tell-4)
dobj(tell-4, Katie-5)
mark(due-10, that-6)
nmod:poss(rent-8, their-7)
nsubj(due-10, rent-8)
cop(due-10, was-9)
ccomp(tell-4, due-10)
punct(due-10, ,-11)
cc(due-10, but-12)
nsubj(remembered-14, she-13)
ccomp(tell-4, remembered-14)
conj:but(due-10, remembered-14)
mark(due-18, that-15)
nsubj(due-18, it-16)
cop(due-18, was-17)
ccomp(remembered-14, due-18)
case(first-21, on-19)
det(first-21, the-20)
nmod:on(due-18, first-21)
case(month-24, of-22)
det(month-24, every-23)
nmod:of(first-21, month-24)

Coreference set:
	(1,13,[13,14]) -> (1,5,[5,6]), that is: "she" -> "Katie"
Coreference set:
	(1,16,[16,17]) -> (1,8,[7,9]), that is: "it" -> "their rent"
