Sentence #1 (21 tokens):
The committee increased the price of the tickets to the dance for the students, but they did not like it
[Text=The CharacterOffsetBegin=0 CharacterOffsetEnd=3 PartOfSpeech=DT Lemma=the NamedEntityTag=O]
[Text=committee CharacterOffsetBegin=4 CharacterOffsetEnd=13 PartOfSpeech=NN Lemma=committee NamedEntityTag=O]
[Text=increased CharacterOffsetBegin=14 CharacterOffsetEnd=23 PartOfSpeech=VBD Lemma=increase NamedEntityTag=O]
[Text=the CharacterOffsetBegin=24 CharacterOffsetEnd=27 PartOfSpeech=DT Lemma=the NamedEntityTag=O]
[Text=price CharacterOffsetBegin=28 CharacterOffsetEnd=33 PartOfSpeech=NN Lemma=price NamedEntityTag=O]
[Text=of CharacterOffsetBegin=34 CharacterOffsetEnd=36 PartOfSpeech=IN Lemma=of NamedEntityTag=O]
[Text=the CharacterOffsetBegin=37 CharacterOffsetEnd=40 PartOfSpeech=DT Lemma=the NamedEntityTag=O]
[Text=tickets CharacterOffsetBegin=41 CharacterOffsetEnd=48 PartOfSpeech=NNS Lemma=ticket NamedEntityTag=O]
[Text=to CharacterOffsetBegin=49 CharacterOffsetEnd=51 PartOfSpeech=TO Lemma=to NamedEntityTag=O]
[Text=the CharacterOffsetBegin=52 CharacterOffsetEnd=55 PartOfSpeech=DT Lemma=the NamedEntityTag=O]
[Text=dance CharacterOffsetBegin=56 CharacterOffsetEnd=61 PartOfSpeech=NN Lemma=dance NamedEntityTag=O]
[Text=for CharacterOffsetBegin=62 CharacterOffsetEnd=65 PartOfSpeech=IN Lemma=for NamedEntityTag=O]
[Text=the CharacterOffsetBegin=66 CharacterOffsetEnd=69 PartOfSpeech=DT Lemma=the NamedEntityTag=O]
[Text=students CharacterOffsetBegin=70 CharacterOffsetEnd=78 PartOfSpeech=NNS Lemma=student NamedEntityTag=O]
[Text=, CharacterOffsetBegin=78 CharacterOffsetEnd=79 PartOfSpeech=, Lemma=, NamedEntityTag=O]
[Text=but CharacterOffsetBegin=80 CharacterOffsetEnd=83 PartOfSpeech=CC Lemma=but NamedEntityTag=O]
[Text=they CharacterOffsetBegin=84 CharacterOffsetEnd=88 PartOfSpeech=PRP Lemma=they NamedEntityTag=O]
[Text=did CharacterOffsetBegin=89 CharacterOffsetEnd=92 PartOfSpeech=VBD Lemma=do NamedEntityTag=O]
[Text=not CharacterOffsetBegin=93 CharacterOffsetEnd=96 PartOfSpeech=RB Lemma=not NamedEntityTag=O]
[Text=like CharacterOffsetBegin=97 CharacterOffsetEnd=101 PartOfSpeech=IN Lemma=like NamedEntityTag=O]
[Text=it CharacterOffsetBegin=102 CharacterOffsetEnd=104 PartOfSpeech=PRP Lemma=it NamedEntityTag=O]
(ROOT
  (FRAG
    (S
      (S
        (NP (DT The) (NN committee))
        (VP (VBD increased)
          (NP
            (NP (DT the) (NN price))
            (PP (IN of)
              (NP (DT the) (NNS tickets))))
          (PP (TO to)
            (NP
              (NP (DT the) (NN dance))
              (PP (IN for)
                (NP (DT the) (NNS students)))))))
      (, ,)
      (CC but)
      (S
        (NP (PRP they))
        (VP (VBD did)
          (PP (RB not) (IN like)
            (NP (PRP it))))))))

root(ROOT-0, increased-3)
det(committee-2, The-1)
nsubj(increased-3, committee-2)
det(price-5, the-4)
dobj(increased-3, price-5)
case(tickets-8, of-6)
det(tickets-8, the-7)
nmod:of(price-5, tickets-8)
case(dance-11, to-9)
det(dance-11, the-10)
nmod:to(increased-3, dance-11)
case(students-14, for-12)
det(students-14, the-13)
nmod:for(dance-11, students-14)
punct(increased-3, ,-15)
cc(increased-3, but-16)
nsubj(did-18, they-17)
conj:but(increased-3, did-18)
neg(it-21, not-19)
case(it-21, like-20)
nmod:like(did-18, it-21)

Coreference set:
	(1,21,[21,22]) -> (1,2,[1,3]), that is: "it" -> "The committee"
Coreference set:
	(1,17,[17,18]) -> (1,14,[13,15]), that is: "they" -> "the students"
