Sentence #1 (21 tokens):
The committee increased the price of the tickets to the dance for the students, but they changed their decision later
[Text=The CharacterOffsetBegin=0 CharacterOffsetEnd=3 PartOfSpeech=DT Lemma=the NamedEntityTag=O]
[Text=committee CharacterOffsetBegin=4 CharacterOffsetEnd=13 PartOfSpeech=NN Lemma=committee NamedEntityTag=O]
[Text=increased CharacterOffsetBegin=14 CharacterOffsetEnd=23 PartOfSpeech=VBD Lemma=increase NamedEntityTag=O]
[Text=the CharacterOffsetBegin=24 CharacterOffsetEnd=27 PartOfSpeech=DT Lemma=the NamedEntityTag=O]
[Text=price CharacterOffsetBegin=28 CharacterOffsetEnd=33 PartOfSpeech=NN Lemma=price NamedEntityTag=O]
[Text=of CharacterOffsetBegin=34 CharacterOffsetEnd=36 PartOfSpeech=IN Lemma=of NamedEntityTag=O]
[Text=the CharacterOffsetBegin=37 CharacterOffsetEnd=40 PartOfSpeech=DT Lemma=the NamedEntityTag=O]
[Text=tickets CharacterOffsetBegin=41 CharacterOffsetEnd=48 PartOfSpeech=NNS Lemma=ticket NamedEntityTag=O]
[Text=to CharacterOffsetBegin=49 CharacterOffsetEnd=51 PartOfSpeech=TO Lemma=to NamedEntityTag=O]
[Text=the CharacterOffsetBegin=52 CharacterOffsetEnd=55 PartOfSpeech=DT Lemma=the NamedEntityTag=O]
[Text=dance CharacterOffsetBegin=56 CharacterOffsetEnd=61 PartOfSpeech=NN Lemma=dance NamedEntityTag=O]
[Text=for CharacterOffsetBegin=62 CharacterOffsetEnd=65 PartOfSpeech=IN Lemma=for NamedEntityTag=O]
[Text=the CharacterOffsetBegin=66 CharacterOffsetEnd=69 PartOfSpeech=DT Lemma=the NamedEntityTag=O]
[Text=students CharacterOffsetBegin=70 CharacterOffsetEnd=78 PartOfSpeech=NNS Lemma=student NamedEntityTag=O]
[Text=, CharacterOffsetBegin=78 CharacterOffsetEnd=79 PartOfSpeech=, Lemma=, NamedEntityTag=O]
[Text=but CharacterOffsetBegin=80 CharacterOffsetEnd=83 PartOfSpeech=CC Lemma=but NamedEntityTag=O]
[Text=they CharacterOffsetBegin=84 CharacterOffsetEnd=88 PartOfSpeech=PRP Lemma=they NamedEntityTag=O]
[Text=changed CharacterOffsetBegin=89 CharacterOffsetEnd=96 PartOfSpeech=VBD Lemma=change NamedEntityTag=O]
[Text=their CharacterOffsetBegin=97 CharacterOffsetEnd=102 PartOfSpeech=PRP$ Lemma=they NamedEntityTag=O]
[Text=decision CharacterOffsetBegin=103 CharacterOffsetEnd=111 PartOfSpeech=NN Lemma=decision NamedEntityTag=O]
[Text=later CharacterOffsetBegin=112 CharacterOffsetEnd=117 PartOfSpeech=RB Lemma=later NamedEntityTag=O]
(ROOT
  (FRAG
    (S
      (S
        (NP (DT The) (NN committee))
        (VP (VBD increased)
          (NP
            (NP (DT the) (NN price))
            (PP (IN of)
              (NP (DT the) (NNS tickets))))
          (PP (TO to)
            (NP
              (NP (DT the) (NN dance))
              (PP (IN for)
                (NP (DT the) (NNS students)))))))
      (, ,)
      (CC but)
      (S
        (NP (PRP they))
        (VP (VBD changed)
          (NP (PRP$ their) (NN decision))
          (ADVP (RB later)))))))

root(ROOT-0, increased-3)
det(committee-2, The-1)
nsubj(increased-3, committee-2)
det(price-5, the-4)
dobj(increased-3, price-5)
case(tickets-8, of-6)
det(tickets-8, the-7)
nmod:of(price-5, tickets-8)
case(dance-11, to-9)
det(dance-11, the-10)
nmod:to(increased-3, dance-11)
case(students-14, for-12)
det(students-14, the-13)
nmod:for(dance-11, students-14)
punct(increased-3, ,-15)
cc(increased-3, but-16)
nsubj(changed-18, they-17)
conj:but(increased-3, changed-18)
nmod:poss(decision-20, their-19)
dobj(changed-18, decision-20)
advmod(changed-18, later-21)

Coreference set:
	(1,17,[17,18]) -> (1,14,[13,15]), that is: "they" -> "the students"
	(1,19,[19,20]) -> (1,14,[13,15]), that is: "their" -> "the students"
