Sentence #1 (13 tokens):
John wanted George to run for President because he was a great governor
[Text=John CharacterOffsetBegin=0 CharacterOffsetEnd=4 PartOfSpeech=NNP Lemma=John NamedEntityTag=PERSON]
[Text=wanted CharacterOffsetBegin=5 CharacterOffsetEnd=11 PartOfSpeech=VBD Lemma=want NamedEntityTag=O]
[Text=George CharacterOffsetBegin=12 CharacterOffsetEnd=18 PartOfSpeech=NNP Lemma=George NamedEntityTag=PERSON]
[Text=to CharacterOffsetBegin=19 CharacterOffsetEnd=21 PartOfSpeech=TO Lemma=to NamedEntityTag=O]
[Text=run CharacterOffsetBegin=22 CharacterOffsetEnd=25 PartOfSpeech=VB Lemma=run NamedEntityTag=O]
[Text=for CharacterOffsetBegin=26 CharacterOffsetEnd=29 PartOfSpeech=IN Lemma=for NamedEntityTag=O]
[Text=President CharacterOffsetBegin=30 CharacterOffsetEnd=39 PartOfSpeech=NNP Lemma=President NamedEntityTag=O]
[Text=because CharacterOffsetBegin=40 CharacterOffsetEnd=47 PartOfSpeech=IN Lemma=because NamedEntityTag=O]
[Text=he CharacterOffsetBegin=48 CharacterOffsetEnd=50 PartOfSpeech=PRP Lemma=he NamedEntityTag=O]
[Text=was CharacterOffsetBegin=51 CharacterOffsetEnd=54 PartOfSpeech=VBD Lemma=be NamedEntityTag=O]
[Text=a CharacterOffsetBegin=55 CharacterOffsetEnd=56 PartOfSpeech=DT Lemma=a NamedEntityTag=O]
[Text=great CharacterOffsetBegin=57 CharacterOffsetEnd=62 PartOfSpeech=JJ Lemma=great NamedEntityTag=O]
[Text=governor CharacterOffsetBegin=63 CharacterOffsetEnd=71 PartOfSpeech=NN Lemma=governor NamedEntityTag=O]
(ROOT
  (S
    (NP (NNP John))
    (VP (VBD wanted)
      (S
        (NP (NNP George))
        (VP (TO to)
          (VP (VB run)
            (PP (IN for)
              (NP (NNP President)))
            (SBAR (IN because)
              (S
                (NP (PRP he))
                (VP (VBD was)
                  (NP (DT a) (JJ great) (NN governor)))))))))))

root(ROOT-0, wanted-2)
nsubj(wanted-2, John-1)
dobj(wanted-2, George-3)
nsubj:xsubj(run-5, George-3)
mark(run-5, to-4)
xcomp(wanted-2, run-5)
case(President-7, for-6)
nmod:for(run-5, President-7)
mark(governor-13, because-8)
nsubj(governor-13, he-9)
cop(governor-13, was-10)
det(governor-13, a-11)
amod(governor-13, great-12)
advcl:because(run-5, governor-13)

Coreference set:
	(1,9,[9,10]) -> (1,1,[1,2]), that is: "he" -> "John"
	(1,13,[11,14]) -> (1,1,[1,2]), that is: "a great governor" -> "John"
