Sentence #1 (12 tokens):
Jill saw Jane fall down, and she asked her for help
[Text=Jill CharacterOffsetBegin=0 CharacterOffsetEnd=4 PartOfSpeech=NNP Lemma=Jill NamedEntityTag=PERSON]
[Text=saw CharacterOffsetBegin=5 CharacterOffsetEnd=8 PartOfSpeech=VBD Lemma=see NamedEntityTag=O]
[Text=Jane CharacterOffsetBegin=9 CharacterOffsetEnd=13 PartOfSpeech=NNP Lemma=Jane NamedEntityTag=PERSON]
[Text=fall CharacterOffsetBegin=14 CharacterOffsetEnd=18 PartOfSpeech=VB Lemma=fall NamedEntityTag=O]
[Text=down CharacterOffsetBegin=19 CharacterOffsetEnd=23 PartOfSpeech=RP Lemma=down NamedEntityTag=O]
[Text=, CharacterOffsetBegin=23 CharacterOffsetEnd=24 PartOfSpeech=, Lemma=, NamedEntityTag=O]
[Text=and CharacterOffsetBegin=25 CharacterOffsetEnd=28 PartOfSpeech=CC Lemma=and NamedEntityTag=O]
[Text=she CharacterOffsetBegin=29 CharacterOffsetEnd=32 PartOfSpeech=PRP Lemma=she NamedEntityTag=O]
[Text=asked CharacterOffsetBegin=33 CharacterOffsetEnd=38 PartOfSpeech=VBD Lemma=ask NamedEntityTag=O]
[Text=her CharacterOffsetBegin=39 CharacterOffsetEnd=42 PartOfSpeech=PRP$ Lemma=she NamedEntityTag=O]
[Text=for CharacterOffsetBegin=43 CharacterOffsetEnd=46 PartOfSpeech=IN Lemma=for NamedEntityTag=O]
[Text=help CharacterOffsetBegin=47 CharacterOffsetEnd=51 PartOfSpeech=NN Lemma=help NamedEntityTag=O]
(ROOT
  (S
    (S
      (NP (NNP Jill))
      (VP (VBD saw)
        (S
          (NP (NNP Jane))
          (VP (VB fall)
            (PRT (RP down))))))
    (, ,)
    (CC and)
    (S
      (NP (PRP she))
      (VP (VBD asked)
        (NP (PRP$ her))
        (PP (IN for)
          (NP (NN help)))))))

root(ROOT-0, saw-2)
nsubj(saw-2, Jill-1)
nsubj(fall-4, Jane-3)
ccomp(saw-2, fall-4)
compound:prt(fall-4, down-5)
punct(saw-2, ,-6)
cc(saw-2, and-7)
nsubj(asked-9, she-8)
conj:and(saw-2, asked-9)
dobj(asked-9, her-10)
case(help-12, for-11)
nmod:for(asked-9, help-12)

Coreference set:
	(1,8,[8,9]) -> (1,1,[1,2]), that is: "she" -> "Jill"
	(1,10,[10,11]) -> (1,1,[1,2]), that is: "her" -> "Jill"
