Sentence #1 (13 tokens):
Larry purchased some of Marty's Lemonade, and he wanted the recipe
[Text=Larry CharacterOffsetBegin=0 CharacterOffsetEnd=5 PartOfSpeech=NNP Lemma=Larry NamedEntityTag=PERSON]
[Text=purchased CharacterOffsetBegin=6 CharacterOffsetEnd=15 PartOfSpeech=VBD Lemma=purchase NamedEntityTag=O]
[Text=some CharacterOffsetBegin=16 CharacterOffsetEnd=20 PartOfSpeech=DT Lemma=some NamedEntityTag=O]
[Text=of CharacterOffsetBegin=21 CharacterOffsetEnd=23 PartOfSpeech=IN Lemma=of NamedEntityTag=O]
[Text=Marty CharacterOffsetBegin=24 CharacterOffsetEnd=29 PartOfSpeech=NNP Lemma=Marty NamedEntityTag=PERSON]
[Text='s CharacterOffsetBegin=29 CharacterOffsetEnd=31 PartOfSpeech=POS Lemma='s NamedEntityTag=O]
[Text=Lemonade CharacterOffsetBegin=32 CharacterOffsetEnd=40 PartOfSpeech=NNP Lemma=Lemonade NamedEntityTag=O]
[Text=, CharacterOffsetBegin=40 CharacterOffsetEnd=41 PartOfSpeech=, Lemma=, NamedEntityTag=O]
[Text=and CharacterOffsetBegin=42 CharacterOffsetEnd=45 PartOfSpeech=CC Lemma=and NamedEntityTag=O]
[Text=he CharacterOffsetBegin=46 CharacterOffsetEnd=48 PartOfSpeech=PRP Lemma=he NamedEntityTag=O]
[Text=wanted CharacterOffsetBegin=49 CharacterOffsetEnd=55 PartOfSpeech=VBD Lemma=want NamedEntityTag=O]
[Text=the CharacterOffsetBegin=56 CharacterOffsetEnd=59 PartOfSpeech=DT Lemma=the NamedEntityTag=O]
[Text=recipe CharacterOffsetBegin=60 CharacterOffsetEnd=66 PartOfSpeech=NN Lemma=recipe NamedEntityTag=O]
(ROOT
  (S
    (S
      (NP (NNP Larry))
      (VP (VBD purchased)
        (NP
          (NP (DT some))
          (PP (IN of)
            (NP
              (NP (NNP Marty) (POS 's))
              (NNP Lemonade))))))
    (, ,)
    (CC and)
    (S
      (NP (PRP he))
      (VP (VBD wanted)
        (NP (DT the) (NN recipe))))))

root(ROOT-0, purchased-2)
nsubj(purchased-2, Larry-1)
dobj(purchased-2, some-3)
case(Lemonade-7, of-4)
nmod:poss(Lemonade-7, Marty-5)
case(Marty-5, 's-6)
nmod:of(some-3, Lemonade-7)
punct(purchased-2, ,-8)
cc(purchased-2, and-9)
nsubj(wanted-11, he-10)
conj:and(purchased-2, wanted-11)
det(recipe-13, the-12)
dobj(wanted-11, recipe-13)

Coreference set:
	(1,10,[10,11]) -> (1,1,[1,2]), that is: "he" -> "Larry"
