Sentence #1 (12 tokens):
The professor gave the student a bad grade because he was strict
[Text=The CharacterOffsetBegin=0 CharacterOffsetEnd=3 PartOfSpeech=DT Lemma=the NamedEntityTag=O]
[Text=professor CharacterOffsetBegin=4 CharacterOffsetEnd=13 PartOfSpeech=NN Lemma=professor NamedEntityTag=O]
[Text=gave CharacterOffsetBegin=14 CharacterOffsetEnd=18 PartOfSpeech=VBD Lemma=give NamedEntityTag=O]
[Text=the CharacterOffsetBegin=19 CharacterOffsetEnd=22 PartOfSpeech=DT Lemma=the NamedEntityTag=O]
[Text=student CharacterOffsetBegin=23 CharacterOffsetEnd=30 PartOfSpeech=NN Lemma=student NamedEntityTag=O]
[Text=a CharacterOffsetBegin=31 CharacterOffsetEnd=32 PartOfSpeech=DT Lemma=a NamedEntityTag=O]
[Text=bad CharacterOffsetBegin=33 CharacterOffsetEnd=36 PartOfSpeech=JJ Lemma=bad NamedEntityTag=O]
[Text=grade CharacterOffsetBegin=37 CharacterOffsetEnd=42 PartOfSpeech=NN Lemma=grade NamedEntityTag=O]
[Text=because CharacterOffsetBegin=43 CharacterOffsetEnd=50 PartOfSpeech=IN Lemma=because NamedEntityTag=O]
[Text=he CharacterOffsetBegin=51 CharacterOffsetEnd=53 PartOfSpeech=PRP Lemma=he NamedEntityTag=O]
[Text=was CharacterOffsetBegin=54 CharacterOffsetEnd=57 PartOfSpeech=VBD Lemma=be NamedEntityTag=O]
[Text=strict CharacterOffsetBegin=58 CharacterOffsetEnd=64 PartOfSpeech=JJ Lemma=strict NamedEntityTag=O]
(ROOT
  (S
    (NP (DT The) (NN professor))
    (VP (VBD gave)
      (NP (DT the) (NN student))
      (NP (DT a) (JJ bad) (NN grade))
      (SBAR (IN because)
        (S
          (NP (PRP he))
          (VP (VBD was)
            (NP (JJ strict))))))))

root(ROOT-0, gave-3)
det(professor-2, The-1)
nsubj(gave-3, professor-2)
det(student-5, the-4)
iobj(gave-3, student-5)
det(grade-8, a-6)
amod(grade-8, bad-7)
dobj(gave-3, grade-8)
mark(strict-12, because-9)
nsubj(strict-12, he-10)
cop(strict-12, was-11)
advcl:because(gave-3, strict-12)

Coreference set:
	(1,10,[10,11]) -> (1,2,[1,3]), that is: "he" -> "The professor"
