Sentence #1 (11 tokens):
We took the books to the shops because they were old
[Text=We CharacterOffsetBegin=0 CharacterOffsetEnd=2 PartOfSpeech=PRP Lemma=we NamedEntityTag=O]
[Text=took CharacterOffsetBegin=3 CharacterOffsetEnd=7 PartOfSpeech=VBD Lemma=take NamedEntityTag=O]
[Text=the CharacterOffsetBegin=8 CharacterOffsetEnd=11 PartOfSpeech=DT Lemma=the NamedEntityTag=O]
[Text=books CharacterOffsetBegin=12 CharacterOffsetEnd=17 PartOfSpeech=NNS Lemma=book NamedEntityTag=O]
[Text=to CharacterOffsetBegin=18 CharacterOffsetEnd=20 PartOfSpeech=TO Lemma=to NamedEntityTag=O]
[Text=the CharacterOffsetBegin=21 CharacterOffsetEnd=24 PartOfSpeech=DT Lemma=the NamedEntityTag=O]
[Text=shops CharacterOffsetBegin=25 CharacterOffsetEnd=30 PartOfSpeech=NNS Lemma=shop NamedEntityTag=O]
[Text=because CharacterOffsetBegin=31 CharacterOffsetEnd=38 PartOfSpeech=IN Lemma=because NamedEntityTag=O]
[Text=they CharacterOffsetBegin=39 CharacterOffsetEnd=43 PartOfSpeech=PRP Lemma=they NamedEntityTag=O]
[Text=were CharacterOffsetBegin=44 CharacterOffsetEnd=48 PartOfSpeech=VBD Lemma=be NamedEntityTag=O]
[Text=old CharacterOffsetBegin=49 CharacterOffsetEnd=52 PartOfSpeech=JJ Lemma=old NamedEntityTag=O]
(ROOT
  (S
    (NP (PRP We))
    (VP (VBD took)
      (NP (DT the) (NNS books))
      (PP (TO to)
        (NP (DT the) (NNS shops)))
      (SBAR (IN because)
        (S
          (NP (PRP they))
          (VP (VBD were)
            (ADJP (JJ old))))))))

root(ROOT-0, took-2)
nsubj(took-2, We-1)
det(books-4, the-3)
dobj(took-2, books-4)
case(shops-7, to-5)
det(shops-7, the-6)
nmod:to(took-2, shops-7)
mark(old-11, because-8)
nsubj(old-11, they-9)
cop(old-11, were-10)
advcl:because(took-2, old-11)

