Sentence #1 (11 tokens):
We gave the fruit to the humans because they were hungry
[Text=We CharacterOffsetBegin=0 CharacterOffsetEnd=2 PartOfSpeech=PRP Lemma=we NamedEntityTag=O]
[Text=gave CharacterOffsetBegin=3 CharacterOffsetEnd=7 PartOfSpeech=VBD Lemma=give NamedEntityTag=O]
[Text=the CharacterOffsetBegin=8 CharacterOffsetEnd=11 PartOfSpeech=DT Lemma=the NamedEntityTag=O]
[Text=fruit CharacterOffsetBegin=12 CharacterOffsetEnd=17 PartOfSpeech=NN Lemma=fruit NamedEntityTag=O]
[Text=to CharacterOffsetBegin=18 CharacterOffsetEnd=20 PartOfSpeech=TO Lemma=to NamedEntityTag=O]
[Text=the CharacterOffsetBegin=21 CharacterOffsetEnd=24 PartOfSpeech=DT Lemma=the NamedEntityTag=O]
[Text=humans CharacterOffsetBegin=25 CharacterOffsetEnd=31 PartOfSpeech=NNS Lemma=human NamedEntityTag=O]
[Text=because CharacterOffsetBegin=32 CharacterOffsetEnd=39 PartOfSpeech=IN Lemma=because NamedEntityTag=O]
[Text=they CharacterOffsetBegin=40 CharacterOffsetEnd=44 PartOfSpeech=PRP Lemma=they NamedEntityTag=O]
[Text=were CharacterOffsetBegin=45 CharacterOffsetEnd=49 PartOfSpeech=VBD Lemma=be NamedEntityTag=O]
[Text=hungry CharacterOffsetBegin=50 CharacterOffsetEnd=56 PartOfSpeech=JJ Lemma=hungry NamedEntityTag=O]
(ROOT
  (S
    (NP (PRP We))
    (VP (VBD gave)
      (NP (DT the) (NN fruit))
      (PP (TO to)
        (NP (DT the) (NNS humans)))
      (SBAR (IN because)
        (S
          (NP (PRP they))
          (VP (VBD were)
            (ADJP (JJ hungry))))))))

root(ROOT-0, gave-2)
nsubj(gave-2, We-1)
det(fruit-4, the-3)
dobj(gave-2, fruit-4)
case(humans-7, to-5)
det(humans-7, the-6)
nmod:to(gave-2, humans-7)
mark(hungry-11, because-8)
nsubj(hungry-11, they-9)
cop(hungry-11, were-10)
advcl:because(gave-2, hungry-11)

Coreference set:
	(1,9,[9,10]) -> (1,7,[6,8]), that is: "they" -> "the humans"
