Sentence #1 (14 tokens):
The general fired his pistol at the monster so he could be a distraction
[Text=The CharacterOffsetBegin=0 CharacterOffsetEnd=3 PartOfSpeech=DT Lemma=the NamedEntityTag=O]
[Text=general CharacterOffsetBegin=4 CharacterOffsetEnd=11 PartOfSpeech=JJ Lemma=general NamedEntityTag=O]
[Text=fired CharacterOffsetBegin=12 CharacterOffsetEnd=17 PartOfSpeech=VBD Lemma=fire NamedEntityTag=O]
[Text=his CharacterOffsetBegin=18 CharacterOffsetEnd=21 PartOfSpeech=PRP$ Lemma=he NamedEntityTag=O]
[Text=pistol CharacterOffsetBegin=22 CharacterOffsetEnd=28 PartOfSpeech=NN Lemma=pistol NamedEntityTag=O]
[Text=at CharacterOffsetBegin=29 CharacterOffsetEnd=31 PartOfSpeech=IN Lemma=at NamedEntityTag=O]
[Text=the CharacterOffsetBegin=32 CharacterOffsetEnd=35 PartOfSpeech=DT Lemma=the NamedEntityTag=O]
[Text=monster CharacterOffsetBegin=36 CharacterOffsetEnd=43 PartOfSpeech=NN Lemma=monster NamedEntityTag=O]
[Text=so CharacterOffsetBegin=44 CharacterOffsetEnd=46 PartOfSpeech=IN Lemma=so NamedEntityTag=O]
[Text=he CharacterOffsetBegin=47 CharacterOffsetEnd=49 PartOfSpeech=PRP Lemma=he NamedEntityTag=O]
[Text=could CharacterOffsetBegin=50 CharacterOffsetEnd=55 PartOfSpeech=MD Lemma=could NamedEntityTag=O]
[Text=be CharacterOffsetBegin=56 CharacterOffsetEnd=58 PartOfSpeech=VB Lemma=be NamedEntityTag=O]
[Text=a CharacterOffsetBegin=59 CharacterOffsetEnd=60 PartOfSpeech=DT Lemma=a NamedEntityTag=O]
[Text=distraction CharacterOffsetBegin=61 CharacterOffsetEnd=72 PartOfSpeech=NN Lemma=distraction NamedEntityTag=O]
(ROOT
  (S
    (NP (DT The) (JJ general))
    (VP (VBD fired)
      (NP (PRP$ his) (NN pistol))
      (PP (IN at)
        (NP (DT the) (NN monster)))
      (SBAR (IN so)
        (S
          (NP (PRP he))
          (VP (MD could)
            (VP (VB be)
              (NP (DT a) (NN distraction)))))))))

root(ROOT-0, fired-3)
det(general-2, The-1)
nsubj(fired-3, general-2)
nmod:poss(pistol-5, his-4)
dobj(fired-3, pistol-5)
case(monster-8, at-6)
det(monster-8, the-7)
nmod:at(fired-3, monster-8)
mark(distraction-14, so-9)
nsubj(distraction-14, he-10)
aux(distraction-14, could-11)
cop(distraction-14, be-12)
det(distraction-14, a-13)
advcl:so(fired-3, distraction-14)

Coreference set:
	(1,4,[4,5]) -> (1,2,[1,3]), that is: "his" -> "The general"
	(1,10,[10,11]) -> (1,2,[1,3]), that is: "he" -> "The general"
