Sentence #1 (15 tokens):
Battlefield 3 is more fun than Modern Warfare 3 because it is a crappy game
[Text=Battlefield CharacterOffsetBegin=0 CharacterOffsetEnd=11 PartOfSpeech=NN Lemma=battlefield NamedEntityTag=O]
[Text=3 CharacterOffsetBegin=12 CharacterOffsetEnd=13 PartOfSpeech=CD Lemma=3 NamedEntityTag=NUMBER NormalizedNamedEntityTag=3.0]
[Text=is CharacterOffsetBegin=14 CharacterOffsetEnd=16 PartOfSpeech=VBZ Lemma=be NamedEntityTag=O]
[Text=more CharacterOffsetBegin=17 CharacterOffsetEnd=21 PartOfSpeech=RBR Lemma=more NamedEntityTag=O]
[Text=fun CharacterOffsetBegin=22 CharacterOffsetEnd=25 PartOfSpeech=NN Lemma=fun NamedEntityTag=O]
[Text=than CharacterOffsetBegin=26 CharacterOffsetEnd=30 PartOfSpeech=IN Lemma=than NamedEntityTag=O]
[Text=Modern CharacterOffsetBegin=31 CharacterOffsetEnd=37 PartOfSpeech=NNP Lemma=Modern NamedEntityTag=O]
[Text=Warfare CharacterOffsetBegin=38 CharacterOffsetEnd=45 PartOfSpeech=NNP Lemma=Warfare NamedEntityTag=O]
[Text=3 CharacterOffsetBegin=46 CharacterOffsetEnd=47 PartOfSpeech=CD Lemma=3 NamedEntityTag=NUMBER NormalizedNamedEntityTag=3.0]
[Text=because CharacterOffsetBegin=48 CharacterOffsetEnd=55 PartOfSpeech=IN Lemma=because NamedEntityTag=O]
[Text=it CharacterOffsetBegin=56 CharacterOffsetEnd=58 PartOfSpeech=PRP Lemma=it NamedEntityTag=O]
[Text=is CharacterOffsetBegin=59 CharacterOffsetEnd=61 PartOfSpeech=VBZ Lemma=be NamedEntityTag=O]
[Text=a CharacterOffsetBegin=62 CharacterOffsetEnd=63 PartOfSpeech=DT Lemma=a NamedEntityTag=O]
[Text=crappy CharacterOffsetBegin=64 CharacterOffsetEnd=70 PartOfSpeech=JJ Lemma=crappy NamedEntityTag=O]
[Text=game CharacterOffsetBegin=71 CharacterOffsetEnd=75 PartOfSpeech=NN Lemma=game NamedEntityTag=O]
(ROOT
  (S
    (NP (NN Battlefield) (CD 3))
    (VP (VBZ is)
      (ADVP (RBR more))
      (NP
        (NP (NN fun))
        (PP (IN than)
          (NP (NNP Modern) (NNP Warfare) (CD 3))))
      (SBAR (IN because)
        (S
          (NP (PRP it))
          (VP (VBZ is)
            (NP (DT a) (JJ crappy) (NN game))))))))

root(ROOT-0, fun-5)
nsubj(fun-5, Battlefield-1)
nummod(Battlefield-1, 3-2)
cop(fun-5, is-3)
advmod(fun-5, more-4)
case(Warfare-8, than-6)
compound(Warfare-8, Modern-7)
nmod:than(fun-5, Warfare-8)
nummod(Warfare-8, 3-9)
mark(game-15, because-10)
nsubj(game-15, it-11)
cop(game-15, is-12)
det(game-15, a-13)
amod(game-15, crappy-14)
advcl:because(fun-5, game-15)

Coreference set:
	(1,9,[9,10]) -> (1,2,[2,3]), that is: "3" -> "3"
Coreference set:
	(1,1,[1,3]) -> (1,15,[13,16]), that is: "Battlefield 3" -> "a crappy game"
	(1,5,[5,10]) -> (1,15,[13,16]), that is: "fun than Modern Warfare 3" -> "a crappy game"
	(1,11,[11,12]) -> (1,15,[13,16]), that is: "it" -> "a crappy game"
