Sentence #1 (7 tokens):
John attacked Tim because he hates communists
[Text=John CharacterOffsetBegin=0 CharacterOffsetEnd=4 PartOfSpeech=NNP Lemma=John NamedEntityTag=PERSON]
[Text=attacked CharacterOffsetBegin=5 CharacterOffsetEnd=13 PartOfSpeech=VBD Lemma=attack NamedEntityTag=O]
[Text=Tim CharacterOffsetBegin=14 CharacterOffsetEnd=17 PartOfSpeech=NNP Lemma=Tim NamedEntityTag=PERSON]
[Text=because CharacterOffsetBegin=18 CharacterOffsetEnd=25 PartOfSpeech=IN Lemma=because NamedEntityTag=O]
[Text=he CharacterOffsetBegin=26 CharacterOffsetEnd=28 PartOfSpeech=PRP Lemma=he NamedEntityTag=O]
[Text=hates CharacterOffsetBegin=29 CharacterOffsetEnd=34 PartOfSpeech=VBZ Lemma=hate NamedEntityTag=O]
[Text=communists CharacterOffsetBegin=35 CharacterOffsetEnd=45 PartOfSpeech=NNS Lemma=communist NamedEntityTag=O]
(ROOT
  (S
    (NP (NNP John))
    (VP (VBD attacked)
      (NP (NNP Tim))
      (SBAR (IN because)
        (S
          (NP (PRP he))
          (VP (VBZ hates)
            (NP (NNS communists))))))))

root(ROOT-0, attacked-2)
nsubj(attacked-2, John-1)
dobj(attacked-2, Tim-3)
mark(hates-6, because-4)
nsubj(hates-6, he-5)
advcl:because(attacked-2, hates-6)
dobj(hates-6, communists-7)

Coreference set:
	(1,5,[5,6]) -> (1,1,[1,2]), that is: "he" -> "John"
