Sentence #1 (8 tokens):
John attacked Tim because he was a communist
[Text=John CharacterOffsetBegin=0 CharacterOffsetEnd=4 PartOfSpeech=NNP Lemma=John NamedEntityTag=PERSON]
[Text=attacked CharacterOffsetBegin=5 CharacterOffsetEnd=13 PartOfSpeech=VBD Lemma=attack NamedEntityTag=O]
[Text=Tim CharacterOffsetBegin=14 CharacterOffsetEnd=17 PartOfSpeech=NNP Lemma=Tim NamedEntityTag=PERSON]
[Text=because CharacterOffsetBegin=18 CharacterOffsetEnd=25 PartOfSpeech=IN Lemma=because NamedEntityTag=O]
[Text=he CharacterOffsetBegin=26 CharacterOffsetEnd=28 PartOfSpeech=PRP Lemma=he NamedEntityTag=O]
[Text=was CharacterOffsetBegin=29 CharacterOffsetEnd=32 PartOfSpeech=VBD Lemma=be NamedEntityTag=O]
[Text=a CharacterOffsetBegin=33 CharacterOffsetEnd=34 PartOfSpeech=DT Lemma=a NamedEntityTag=O]
[Text=communist CharacterOffsetBegin=35 CharacterOffsetEnd=44 PartOfSpeech=NN Lemma=communist NamedEntityTag=O]
(ROOT
  (S
    (NP (NNP John))
    (VP (VBD attacked)
      (NP (NNP Tim))
      (SBAR (IN because)
        (S
          (NP (PRP he))
          (VP (VBD was)
            (NP (DT a) (NN communist))))))))

root(ROOT-0, attacked-2)
nsubj(attacked-2, John-1)
dobj(attacked-2, Tim-3)
mark(communist-8, because-4)
nsubj(communist-8, he-5)
cop(communist-8, was-6)
det(communist-8, a-7)
advcl:because(attacked-2, communist-8)

Coreference set:
	(1,5,[5,6]) -> (1,1,[1,2]), that is: "he" -> "John"
	(1,8,[7,9]) -> (1,1,[1,2]), that is: "a communist" -> "John"
