Sentence #1 (11 tokens):
Someone hit Billy in the face because he was being rude
[Text=Someone CharacterOffsetBegin=0 CharacterOffsetEnd=7 PartOfSpeech=NN Lemma=someone NamedEntityTag=O]
[Text=hit CharacterOffsetBegin=8 CharacterOffsetEnd=11 PartOfSpeech=VBD Lemma=hit NamedEntityTag=O]
[Text=Billy CharacterOffsetBegin=12 CharacterOffsetEnd=17 PartOfSpeech=NNP Lemma=Billy NamedEntityTag=PERSON]
[Text=in CharacterOffsetBegin=18 CharacterOffsetEnd=20 PartOfSpeech=IN Lemma=in NamedEntityTag=O]
[Text=the CharacterOffsetBegin=21 CharacterOffsetEnd=24 PartOfSpeech=DT Lemma=the NamedEntityTag=O]
[Text=face CharacterOffsetBegin=25 CharacterOffsetEnd=29 PartOfSpeech=NN Lemma=face NamedEntityTag=O]
[Text=because CharacterOffsetBegin=30 CharacterOffsetEnd=37 PartOfSpeech=IN Lemma=because NamedEntityTag=O]
[Text=he CharacterOffsetBegin=38 CharacterOffsetEnd=40 PartOfSpeech=PRP Lemma=he NamedEntityTag=O]
[Text=was CharacterOffsetBegin=41 CharacterOffsetEnd=44 PartOfSpeech=VBD Lemma=be NamedEntityTag=O]
[Text=being CharacterOffsetBegin=45 CharacterOffsetEnd=50 PartOfSpeech=VBG Lemma=be NamedEntityTag=O]
[Text=rude CharacterOffsetBegin=51 CharacterOffsetEnd=55 PartOfSpeech=JJ Lemma=rude NamedEntityTag=O]
(ROOT
  (S
    (NP (NN Someone))
    (VP (VBD hit)
      (NP
        (NP (NNP Billy))
        (PP (IN in)
          (NP (DT the) (NN face))))
      (SBAR (IN because)
        (S
          (NP (PRP he))
          (VP (VBD was)
            (VP (VBG being)
              (ADJP (JJ rude)))))))))

root(ROOT-0, hit-2)
nsubj(hit-2, Someone-1)
dobj(hit-2, Billy-3)
case(face-6, in-4)
det(face-6, the-5)
nmod:in(Billy-3, face-6)
mark(rude-11, because-7)
nsubj(rude-11, he-8)
aux(rude-11, was-9)
cop(rude-11, being-10)
advcl:because(hit-2, rude-11)

Coreference set:
	(1,8,[8,9]) -> (1,3,[3,7]), that is: "he" -> "Billy in the face"
