Sentence #1 (12 tokens):
Joe has more money than Adam since he has a better job
[Text=Joe CharacterOffsetBegin=0 CharacterOffsetEnd=3 PartOfSpeech=NNP Lemma=Joe NamedEntityTag=PERSON]
[Text=has CharacterOffsetBegin=4 CharacterOffsetEnd=7 PartOfSpeech=VBZ Lemma=have NamedEntityTag=O]
[Text=more CharacterOffsetBegin=8 CharacterOffsetEnd=12 PartOfSpeech=JJR Lemma=more NamedEntityTag=O]
[Text=money CharacterOffsetBegin=13 CharacterOffsetEnd=18 PartOfSpeech=NN Lemma=money NamedEntityTag=O]
[Text=than CharacterOffsetBegin=19 CharacterOffsetEnd=23 PartOfSpeech=IN Lemma=than NamedEntityTag=O]
[Text=Adam CharacterOffsetBegin=24 CharacterOffsetEnd=28 PartOfSpeech=NNP Lemma=Adam NamedEntityTag=PERSON]
[Text=since CharacterOffsetBegin=29 CharacterOffsetEnd=34 PartOfSpeech=IN Lemma=since NamedEntityTag=O]
[Text=he CharacterOffsetBegin=35 CharacterOffsetEnd=37 PartOfSpeech=PRP Lemma=he NamedEntityTag=O]
[Text=has CharacterOffsetBegin=38 CharacterOffsetEnd=41 PartOfSpeech=VBZ Lemma=have NamedEntityTag=O]
[Text=a CharacterOffsetBegin=42 CharacterOffsetEnd=43 PartOfSpeech=DT Lemma=a NamedEntityTag=O]
[Text=better CharacterOffsetBegin=44 CharacterOffsetEnd=50 PartOfSpeech=JJR Lemma=better NamedEntityTag=O]
[Text=job CharacterOffsetBegin=51 CharacterOffsetEnd=54 PartOfSpeech=NN Lemma=job NamedEntityTag=O]
(ROOT
  (S
    (NP (NNP Joe))
    (VP (VBZ has)
      (NP (JJR more) (NN money))
      (PP (IN than)
        (NP (NNP Adam)))
      (SBAR (IN since)
        (S
          (NP (PRP he))
          (VP (VBZ has)
            (NP (DT a) (JJR better) (NN job))))))))

root(ROOT-0, has-2)
nsubj(has-2, Joe-1)
amod(money-4, more-3)
dobj(has-2, money-4)
case(Adam-6, than-5)
nmod:than(has-2, Adam-6)
mark(has-9, since-7)
nsubj(has-9, he-8)
advcl:since(has-2, has-9)
det(job-12, a-10)
amod(job-12, better-11)
dobj(has-9, job-12)

Coreference set:
	(1,8,[8,9]) -> (1,1,[1,2]), that is: "he" -> "Joe"
