Sentence #1 (11 tokens):
Pigs are better than sheep because they do not make bacon
[Text=Pigs CharacterOffsetBegin=0 CharacterOffsetEnd=4 PartOfSpeech=NNS Lemma=pig NamedEntityTag=O]
[Text=are CharacterOffsetBegin=5 CharacterOffsetEnd=8 PartOfSpeech=VBP Lemma=be NamedEntityTag=O]
[Text=better CharacterOffsetBegin=9 CharacterOffsetEnd=15 PartOfSpeech=JJR Lemma=better NamedEntityTag=O]
[Text=than CharacterOffsetBegin=16 CharacterOffsetEnd=20 PartOfSpeech=IN Lemma=than NamedEntityTag=O]
[Text=sheep CharacterOffsetBegin=21 CharacterOffsetEnd=26 PartOfSpeech=NN Lemma=sheep NamedEntityTag=O]
[Text=because CharacterOffsetBegin=27 CharacterOffsetEnd=34 PartOfSpeech=IN Lemma=because NamedEntityTag=O]
[Text=they CharacterOffsetBegin=35 CharacterOffsetEnd=39 PartOfSpeech=PRP Lemma=they NamedEntityTag=O]
[Text=do CharacterOffsetBegin=40 CharacterOffsetEnd=42 PartOfSpeech=VBP Lemma=do NamedEntityTag=O]
[Text=not CharacterOffsetBegin=43 CharacterOffsetEnd=46 PartOfSpeech=RB Lemma=not NamedEntityTag=O]
[Text=make CharacterOffsetBegin=47 CharacterOffsetEnd=51 PartOfSpeech=VB Lemma=make NamedEntityTag=O]
[Text=bacon CharacterOffsetBegin=52 CharacterOffsetEnd=57 PartOfSpeech=NN Lemma=bacon NamedEntityTag=O]
(ROOT
  (S
    (NP (NNS Pigs))
    (VP (VBP are)
      (ADJP
        (ADJP (JJR better)
          (PP (IN than)
            (NP (NN sheep))))
        (SBAR (IN because)
          (S
            (NP (PRP they))
            (VP (VBP do) (RB not)
              (VP (VB make)
                (NP (NN bacon))))))))))

root(ROOT-0, better-3)
nsubj(better-3, Pigs-1)
cop(better-3, are-2)
case(sheep-5, than-4)
nmod:than(better-3, sheep-5)
mark(make-10, because-6)
nsubj(make-10, they-7)
aux(make-10, do-8)
neg(make-10, not-9)
ccomp(better-3, make-10)
dobj(make-10, bacon-11)

