Sentence #1 (13 tokens):
The general fired his pistol at the monster so he turned and looked
[Text=The CharacterOffsetBegin=0 CharacterOffsetEnd=3 PartOfSpeech=DT Lemma=the NamedEntityTag=O]
[Text=general CharacterOffsetBegin=4 CharacterOffsetEnd=11 PartOfSpeech=JJ Lemma=general NamedEntityTag=O]
[Text=fired CharacterOffsetBegin=12 CharacterOffsetEnd=17 PartOfSpeech=VBD Lemma=fire NamedEntityTag=O]
[Text=his CharacterOffsetBegin=18 CharacterOffsetEnd=21 PartOfSpeech=PRP$ Lemma=he NamedEntityTag=O]
[Text=pistol CharacterOffsetBegin=22 CharacterOffsetEnd=28 PartOfSpeech=NN Lemma=pistol NamedEntityTag=O]
[Text=at CharacterOffsetBegin=29 CharacterOffsetEnd=31 PartOfSpeech=IN Lemma=at NamedEntityTag=O]
[Text=the CharacterOffsetBegin=32 CharacterOffsetEnd=35 PartOfSpeech=DT Lemma=the NamedEntityTag=O]
[Text=monster CharacterOffsetBegin=36 CharacterOffsetEnd=43 PartOfSpeech=NN Lemma=monster NamedEntityTag=O]
[Text=so CharacterOffsetBegin=44 CharacterOffsetEnd=46 PartOfSpeech=IN Lemma=so NamedEntityTag=O]
[Text=he CharacterOffsetBegin=47 CharacterOffsetEnd=49 PartOfSpeech=PRP Lemma=he NamedEntityTag=O]
[Text=turned CharacterOffsetBegin=50 CharacterOffsetEnd=56 PartOfSpeech=VBD Lemma=turn NamedEntityTag=O]
[Text=and CharacterOffsetBegin=57 CharacterOffsetEnd=60 PartOfSpeech=CC Lemma=and NamedEntityTag=O]
[Text=looked CharacterOffsetBegin=61 CharacterOffsetEnd=67 PartOfSpeech=VBD Lemma=look NamedEntityTag=O]
(ROOT
  (S
    (NP (DT The) (JJ general))
    (VP (VBD fired)
      (NP (PRP$ his) (NN pistol))
      (PP (IN at)
        (NP (DT the) (NN monster)))
      (SBAR (IN so)
        (S
          (NP (PRP he))
          (VP
            (VP (VBD turned))
            (CC and)
            (VP (VBD looked))))))))

root(ROOT-0, fired-3)
det(general-2, The-1)
nsubj(fired-3, general-2)
nmod:poss(pistol-5, his-4)
dobj(fired-3, pistol-5)
case(monster-8, at-6)
det(monster-8, the-7)
nmod:at(fired-3, monster-8)
mark(turned-11, so-9)
nsubj(turned-11, he-10)
nsubj(looked-13, he-10)
advcl:so(fired-3, turned-11)
cc(turned-11, and-12)
advcl:so(fired-3, looked-13)
conj:and(turned-11, looked-13)

Coreference set:
	(1,4,[4,5]) -> (1,2,[1,3]), that is: "his" -> "The general"
	(1,10,[10,11]) -> (1,2,[1,3]), that is: "he" -> "The general"
