Sentence #1 (10 tokens):
The car beat the bike because it was too slow
[Text=The CharacterOffsetBegin=0 CharacterOffsetEnd=3 PartOfSpeech=DT Lemma=the NamedEntityTag=O]
[Text=car CharacterOffsetBegin=4 CharacterOffsetEnd=7 PartOfSpeech=NN Lemma=car NamedEntityTag=O]
[Text=beat CharacterOffsetBegin=8 CharacterOffsetEnd=12 PartOfSpeech=VBD Lemma=beat NamedEntityTag=O]
[Text=the CharacterOffsetBegin=13 CharacterOffsetEnd=16 PartOfSpeech=DT Lemma=the NamedEntityTag=O]
[Text=bike CharacterOffsetBegin=17 CharacterOffsetEnd=21 PartOfSpeech=NN Lemma=bike NamedEntityTag=O]
[Text=because CharacterOffsetBegin=22 CharacterOffsetEnd=29 PartOfSpeech=IN Lemma=because NamedEntityTag=O]
[Text=it CharacterOffsetBegin=30 CharacterOffsetEnd=32 PartOfSpeech=PRP Lemma=it NamedEntityTag=O]
[Text=was CharacterOffsetBegin=33 CharacterOffsetEnd=36 PartOfSpeech=VBD Lemma=be NamedEntityTag=O]
[Text=too CharacterOffsetBegin=37 CharacterOffsetEnd=40 PartOfSpeech=RB Lemma=too NamedEntityTag=O]
[Text=slow CharacterOffsetBegin=41 CharacterOffsetEnd=45 PartOfSpeech=JJ Lemma=slow NamedEntityTag=O]
(ROOT
  (S
    (NP (DT The) (NN car))
    (VP (VBD beat)
      (NP (DT the) (NN bike))
      (SBAR (IN because)
        (S
          (NP (PRP it))
          (VP (VBD was)
            (ADJP (RB too) (JJ slow))))))))

root(ROOT-0, beat-3)
det(car-2, The-1)
nsubj(beat-3, car-2)
det(bike-5, the-4)
dobj(beat-3, bike-5)
mark(slow-10, because-6)
nsubj(slow-10, it-7)
cop(slow-10, was-8)
advmod(slow-10, too-9)
advcl:because(beat-3, slow-10)

Coreference set:
	(1,7,[7,8]) -> (1,2,[1,3]), that is: "it" -> "The car"
