Sentence #1 (11 tokens):
The blimp hit the tree because it was in the way
[Text=The CharacterOffsetBegin=0 CharacterOffsetEnd=3 PartOfSpeech=DT Lemma=the NamedEntityTag=O]
[Text=blimp CharacterOffsetBegin=4 CharacterOffsetEnd=9 PartOfSpeech=NN Lemma=blimp NamedEntityTag=O]
[Text=hit CharacterOffsetBegin=10 CharacterOffsetEnd=13 PartOfSpeech=VBD Lemma=hit NamedEntityTag=O]
[Text=the CharacterOffsetBegin=14 CharacterOffsetEnd=17 PartOfSpeech=DT Lemma=the NamedEntityTag=O]
[Text=tree CharacterOffsetBegin=18 CharacterOffsetEnd=22 PartOfSpeech=NN Lemma=tree NamedEntityTag=O]
[Text=because CharacterOffsetBegin=23 CharacterOffsetEnd=30 PartOfSpeech=IN Lemma=because NamedEntityTag=O]
[Text=it CharacterOffsetBegin=31 CharacterOffsetEnd=33 PartOfSpeech=PRP Lemma=it NamedEntityTag=O]
[Text=was CharacterOffsetBegin=34 CharacterOffsetEnd=37 PartOfSpeech=VBD Lemma=be NamedEntityTag=O]
[Text=in CharacterOffsetBegin=38 CharacterOffsetEnd=40 PartOfSpeech=IN Lemma=in NamedEntityTag=O]
[Text=the CharacterOffsetBegin=41 CharacterOffsetEnd=44 PartOfSpeech=DT Lemma=the NamedEntityTag=O]
[Text=way CharacterOffsetBegin=45 CharacterOffsetEnd=48 PartOfSpeech=NN Lemma=way NamedEntityTag=O]
(ROOT
  (S
    (NP (DT The) (NN blimp))
    (VP (VBD hit)
      (NP (DT the) (NN tree))
      (SBAR (IN because)
        (S
          (NP (PRP it))
          (VP (VBD was)
            (PP (IN in)
              (NP (DT the) (NN way)))))))))

root(ROOT-0, hit-3)
det(blimp-2, The-1)
nsubj(hit-3, blimp-2)
det(tree-5, the-4)
dobj(hit-3, tree-5)
mark(way-11, because-6)
nsubj(way-11, it-7)
cop(way-11, was-8)
case(way-11, in-9)
det(way-11, the-10)
advcl:in(hit-3, way-11)

Coreference set:
	(1,7,[7,8]) -> (1,2,[1,3]), that is: "it" -> "The blimp"
