Sentence #1 (8 tokens):
Bob sued Bill because he was embezzling funds
[Text=Bob CharacterOffsetBegin=0 CharacterOffsetEnd=3 PartOfSpeech=NNP Lemma=Bob NamedEntityTag=PERSON]
[Text=sued CharacterOffsetBegin=4 CharacterOffsetEnd=8 PartOfSpeech=VBD Lemma=sue NamedEntityTag=O]
[Text=Bill CharacterOffsetBegin=9 CharacterOffsetEnd=13 PartOfSpeech=NNP Lemma=Bill NamedEntityTag=PERSON]
[Text=because CharacterOffsetBegin=14 CharacterOffsetEnd=21 PartOfSpeech=IN Lemma=because NamedEntityTag=O]
[Text=he CharacterOffsetBegin=22 CharacterOffsetEnd=24 PartOfSpeech=PRP Lemma=he NamedEntityTag=O]
[Text=was CharacterOffsetBegin=25 CharacterOffsetEnd=28 PartOfSpeech=VBD Lemma=be NamedEntityTag=O]
[Text=embezzling CharacterOffsetBegin=29 CharacterOffsetEnd=39 PartOfSpeech=VBG Lemma=embezzle NamedEntityTag=O]
[Text=funds CharacterOffsetBegin=40 CharacterOffsetEnd=45 PartOfSpeech=NNS Lemma=fund NamedEntityTag=O]
(ROOT
  (S
    (NP (NNP Bob))
    (VP (VBD sued)
      (NP (NNP Bill))
      (SBAR (IN because)
        (S
          (NP (PRP he))
          (VP (VBD was)
            (VP (VBG embezzling)
              (NP (NNS funds)))))))))

root(ROOT-0, sued-2)
nsubj(sued-2, Bob-1)
dobj(sued-2, Bill-3)
mark(embezzling-7, because-4)
nsubj(embezzling-7, he-5)
aux(embezzling-7, was-6)
advcl:because(sued-2, embezzling-7)
dobj(embezzling-7, funds-8)

Coreference set:
	(1,5,[5,6]) -> (1,1,[1,2]), that is: "he" -> "Bob"
