Sentence #1 (8 tokens):
Bob sued Bill because he wanted more money
[Text=Bob CharacterOffsetBegin=0 CharacterOffsetEnd=3 PartOfSpeech=NNP Lemma=Bob NamedEntityTag=PERSON]
[Text=sued CharacterOffsetBegin=4 CharacterOffsetEnd=8 PartOfSpeech=VBD Lemma=sue NamedEntityTag=O]
[Text=Bill CharacterOffsetBegin=9 CharacterOffsetEnd=13 PartOfSpeech=NNP Lemma=Bill NamedEntityTag=PERSON]
[Text=because CharacterOffsetBegin=14 CharacterOffsetEnd=21 PartOfSpeech=IN Lemma=because NamedEntityTag=O]
[Text=he CharacterOffsetBegin=22 CharacterOffsetEnd=24 PartOfSpeech=PRP Lemma=he NamedEntityTag=O]
[Text=wanted CharacterOffsetBegin=25 CharacterOffsetEnd=31 PartOfSpeech=VBD Lemma=want NamedEntityTag=O]
[Text=more CharacterOffsetBegin=32 CharacterOffsetEnd=36 PartOfSpeech=JJR Lemma=more NamedEntityTag=O]
[Text=money CharacterOffsetBegin=37 CharacterOffsetEnd=42 PartOfSpeech=NN Lemma=money NamedEntityTag=O]
(ROOT
  (S
    (NP (NNP Bob))
    (VP (VBD sued)
      (NP (NNP Bill))
      (SBAR (IN because)
        (S
          (NP (PRP he))
          (VP (VBD wanted)
            (NP (JJR more) (NN money))))))))

root(ROOT-0, sued-2)
nsubj(sued-2, Bob-1)
dobj(sued-2, Bill-3)
mark(wanted-6, because-4)
nsubj(wanted-6, he-5)
advcl:because(sued-2, wanted-6)
amod(money-8, more-7)
dobj(wanted-6, money-8)

Coreference set:
	(1,5,[5,6]) -> (1,1,[1,2]), that is: "he" -> "Bob"
