Sentence #1 (10 tokens):
I gave the donkey some food because it was hungry
[Text=I CharacterOffsetBegin=0 CharacterOffsetEnd=1 PartOfSpeech=PRP Lemma=I NamedEntityTag=O]
[Text=gave CharacterOffsetBegin=2 CharacterOffsetEnd=6 PartOfSpeech=VBD Lemma=give NamedEntityTag=O]
[Text=the CharacterOffsetBegin=7 CharacterOffsetEnd=10 PartOfSpeech=DT Lemma=the NamedEntityTag=O]
[Text=donkey CharacterOffsetBegin=11 CharacterOffsetEnd=17 PartOfSpeech=NN Lemma=donkey NamedEntityTag=O]
[Text=some CharacterOffsetBegin=18 CharacterOffsetEnd=22 PartOfSpeech=DT Lemma=some NamedEntityTag=O]
[Text=food CharacterOffsetBegin=23 CharacterOffsetEnd=27 PartOfSpeech=NN Lemma=food NamedEntityTag=O]
[Text=because CharacterOffsetBegin=28 CharacterOffsetEnd=35 PartOfSpeech=IN Lemma=because NamedEntityTag=O]
[Text=it CharacterOffsetBegin=36 CharacterOffsetEnd=38 PartOfSpeech=PRP Lemma=it NamedEntityTag=O]
[Text=was CharacterOffsetBegin=39 CharacterOffsetEnd=42 PartOfSpeech=VBD Lemma=be NamedEntityTag=O]
[Text=hungry CharacterOffsetBegin=43 CharacterOffsetEnd=49 PartOfSpeech=JJ Lemma=hungry NamedEntityTag=O]
(ROOT
  (S
    (NP (PRP I))
    (VP (VBD gave)
      (NP (DT the) (NN donkey))
      (NP (DT some) (NN food))
      (SBAR (IN because)
        (S
          (NP (PRP it))
          (VP (VBD was)
            (ADJP (JJ hungry))))))))

root(ROOT-0, gave-2)
nsubj(gave-2, I-1)
det(donkey-4, the-3)
iobj(gave-2, donkey-4)
det(food-6, some-5)
dobj(gave-2, food-6)
mark(hungry-10, because-7)
nsubj(hungry-10, it-8)
cop(hungry-10, was-9)
advcl:because(gave-2, hungry-10)

Coreference set:
	(1,8,[8,9]) -> (1,4,[3,5]), that is: "it" -> "the donkey"
