Sentence #1 (12 tokens):
Liverpool lost to Manchester United because they had been mismanaged all season
[Text=Liverpool CharacterOffsetBegin=0 CharacterOffsetEnd=9 PartOfSpeech=NNP Lemma=Liverpool NamedEntityTag=ORGANIZATION]
[Text=lost CharacterOffsetBegin=10 CharacterOffsetEnd=14 PartOfSpeech=VBD Lemma=lose NamedEntityTag=O]
[Text=to CharacterOffsetBegin=15 CharacterOffsetEnd=17 PartOfSpeech=TO Lemma=to NamedEntityTag=O]
[Text=Manchester CharacterOffsetBegin=18 CharacterOffsetEnd=28 PartOfSpeech=NNP Lemma=Manchester NamedEntityTag=ORGANIZATION]
[Text=United CharacterOffsetBegin=29 CharacterOffsetEnd=35 PartOfSpeech=NNP Lemma=United NamedEntityTag=ORGANIZATION]
[Text=because CharacterOffsetBegin=36 CharacterOffsetEnd=43 PartOfSpeech=IN Lemma=because NamedEntityTag=O]
[Text=they CharacterOffsetBegin=44 CharacterOffsetEnd=48 PartOfSpeech=PRP Lemma=they NamedEntityTag=O]
[Text=had CharacterOffsetBegin=49 CharacterOffsetEnd=52 PartOfSpeech=VBD Lemma=have NamedEntityTag=O]
[Text=been CharacterOffsetBegin=53 CharacterOffsetEnd=57 PartOfSpeech=VBN Lemma=be NamedEntityTag=O]
[Text=mismanaged CharacterOffsetBegin=58 CharacterOffsetEnd=68 PartOfSpeech=VBN Lemma=mismanage NamedEntityTag=O]
[Text=all CharacterOffsetBegin=69 CharacterOffsetEnd=72 PartOfSpeech=DT Lemma=all NamedEntityTag=O]
[Text=season CharacterOffsetBegin=73 CharacterOffsetEnd=79 PartOfSpeech=NN Lemma=season NamedEntityTag=O]
(ROOT
  (S
    (NP (NNP Liverpool))
    (VP (VBD lost)
      (PP (TO to)
        (NP (NNP Manchester) (NNP United)))
      (SBAR (IN because)
        (S
          (NP (PRP they))
          (VP (VBD had)
            (VP (VBN been)
              (VP (VBN mismanaged)
                (NP-TMP (DT all) (NN season))))))))))

root(ROOT-0, lost-2)
nsubj(lost-2, Liverpool-1)
case(United-5, to-3)
compound(United-5, Manchester-4)
nmod:to(lost-2, United-5)
mark(mismanaged-10, because-6)
nsubjpass(mismanaged-10, they-7)
aux(mismanaged-10, had-8)
auxpass(mismanaged-10, been-9)
advcl:because(lost-2, mismanaged-10)
det(season-12, all-11)
nmod:tmod(mismanaged-10, season-12)

