Sentence #1 (11 tokens):
The Playstation is outperforming the Xbox because it has better games
[Text=The CharacterOffsetBegin=0 CharacterOffsetEnd=3 PartOfSpeech=DT Lemma=the NamedEntityTag=O]
[Text=Playstation CharacterOffsetBegin=4 CharacterOffsetEnd=15 PartOfSpeech=NNP Lemma=Playstation NamedEntityTag=MISC]
[Text=is CharacterOffsetBegin=16 CharacterOffsetEnd=18 PartOfSpeech=VBZ Lemma=be NamedEntityTag=O]
[Text=outperforming CharacterOffsetBegin=19 CharacterOffsetEnd=32 PartOfSpeech=VBG Lemma=outperform NamedEntityTag=O]
[Text=the CharacterOffsetBegin=33 CharacterOffsetEnd=36 PartOfSpeech=DT Lemma=the NamedEntityTag=O]
[Text=Xbox CharacterOffsetBegin=37 CharacterOffsetEnd=41 PartOfSpeech=NN Lemma=xbox NamedEntityTag=O]
[Text=because CharacterOffsetBegin=42 CharacterOffsetEnd=49 PartOfSpeech=IN Lemma=because NamedEntityTag=O]
[Text=it CharacterOffsetBegin=50 CharacterOffsetEnd=52 PartOfSpeech=PRP Lemma=it NamedEntityTag=O]
[Text=has CharacterOffsetBegin=53 CharacterOffsetEnd=56 PartOfSpeech=VBZ Lemma=have NamedEntityTag=O]
[Text=better CharacterOffsetBegin=57 CharacterOffsetEnd=63 PartOfSpeech=JJR Lemma=better NamedEntityTag=O]
[Text=games CharacterOffsetBegin=64 CharacterOffsetEnd=69 PartOfSpeech=NNS Lemma=game NamedEntityTag=O]
(ROOT
  (S
    (NP (DT The) (NNP Playstation))
    (VP (VBZ is)
      (VP (VBG outperforming)
        (NP (DT the) (NN Xbox))
        (SBAR (IN because)
          (S
            (NP (PRP it))
            (VP (VBZ has)
              (NP (JJR better) (NNS games)))))))))

root(ROOT-0, outperforming-4)
det(Playstation-2, The-1)
nsubj(outperforming-4, Playstation-2)
aux(outperforming-4, is-3)
det(Xbox-6, the-5)
dobj(outperforming-4, Xbox-6)
mark(has-9, because-7)
nsubj(has-9, it-8)
advcl:because(outperforming-4, has-9)
amod(games-11, better-10)
dobj(has-9, games-11)

Coreference set:
	(1,8,[8,9]) -> (1,2,[1,3]), that is: "it" -> "The Playstation"
