Sentence #1 (15 tokens):
Sean is better than Watson at anaphora resolution because he can naturally understand natural language
[Text=Sean CharacterOffsetBegin=0 CharacterOffsetEnd=4 PartOfSpeech=NNP Lemma=Sean NamedEntityTag=PERSON]
[Text=is CharacterOffsetBegin=5 CharacterOffsetEnd=7 PartOfSpeech=VBZ Lemma=be NamedEntityTag=O]
[Text=better CharacterOffsetBegin=8 CharacterOffsetEnd=14 PartOfSpeech=JJR Lemma=better NamedEntityTag=O]
[Text=than CharacterOffsetBegin=15 CharacterOffsetEnd=19 PartOfSpeech=IN Lemma=than NamedEntityTag=O]
[Text=Watson CharacterOffsetBegin=20 CharacterOffsetEnd=26 PartOfSpeech=NNP Lemma=Watson NamedEntityTag=PERSON]
[Text=at CharacterOffsetBegin=27 CharacterOffsetEnd=29 PartOfSpeech=IN Lemma=at NamedEntityTag=O]
[Text=anaphora CharacterOffsetBegin=30 CharacterOffsetEnd=38 PartOfSpeech=NN Lemma=anaphora NamedEntityTag=O]
[Text=resolution CharacterOffsetBegin=39 CharacterOffsetEnd=49 PartOfSpeech=NN Lemma=resolution NamedEntityTag=O]
[Text=because CharacterOffsetBegin=50 CharacterOffsetEnd=57 PartOfSpeech=IN Lemma=because NamedEntityTag=O]
[Text=he CharacterOffsetBegin=58 CharacterOffsetEnd=60 PartOfSpeech=PRP Lemma=he NamedEntityTag=O]
[Text=can CharacterOffsetBegin=61 CharacterOffsetEnd=64 PartOfSpeech=MD Lemma=can NamedEntityTag=O]
[Text=naturally CharacterOffsetBegin=65 CharacterOffsetEnd=74 PartOfSpeech=RB Lemma=naturally NamedEntityTag=O]
[Text=understand CharacterOffsetBegin=75 CharacterOffsetEnd=85 PartOfSpeech=VB Lemma=understand NamedEntityTag=O]
[Text=natural CharacterOffsetBegin=86 CharacterOffsetEnd=93 PartOfSpeech=JJ Lemma=natural NamedEntityTag=O]
[Text=language CharacterOffsetBegin=94 CharacterOffsetEnd=102 PartOfSpeech=NN Lemma=language NamedEntityTag=O]
(ROOT
  (S
    (NP (NNP Sean))
    (VP (VBZ is)
      (ADJP
        (ADJP (JJR better))
        (PP (IN than)
          (NP
            (NP (NNP Watson))
            (PP (IN at)
              (NP (NN anaphora) (NN resolution))))))
      (SBAR (IN because)
        (S
          (NP (PRP he))
          (VP (MD can)
            (ADVP (RB naturally))
            (VP (VB understand)
              (NP (JJ natural) (NN language)))))))))

root(ROOT-0, better-3)
nsubj(better-3, Sean-1)
cop(better-3, is-2)
case(Watson-5, than-4)
nmod:than(better-3, Watson-5)
case(resolution-8, at-6)
compound(resolution-8, anaphora-7)
nmod:at(Watson-5, resolution-8)
mark(understand-13, because-9)
nsubj(understand-13, he-10)
aux(understand-13, can-11)
advmod(understand-13, naturally-12)
advcl:because(better-3, understand-13)
amod(language-15, natural-14)
dobj(understand-13, language-15)

Coreference set:
	(1,10,[10,11]) -> (1,1,[1,2]), that is: "he" -> "Sean"
