Sentence #1 (15 tokens):
Sean is better than Watson at anaphora resolution because he has trouble understanding natural language
[Text=Sean CharacterOffsetBegin=0 CharacterOffsetEnd=4 PartOfSpeech=NNP Lemma=Sean NamedEntityTag=PERSON]
[Text=is CharacterOffsetBegin=5 CharacterOffsetEnd=7 PartOfSpeech=VBZ Lemma=be NamedEntityTag=O]
[Text=better CharacterOffsetBegin=8 CharacterOffsetEnd=14 PartOfSpeech=JJR Lemma=better NamedEntityTag=O]
[Text=than CharacterOffsetBegin=15 CharacterOffsetEnd=19 PartOfSpeech=IN Lemma=than NamedEntityTag=O]
[Text=Watson CharacterOffsetBegin=20 CharacterOffsetEnd=26 PartOfSpeech=NNP Lemma=Watson NamedEntityTag=PERSON]
[Text=at CharacterOffsetBegin=27 CharacterOffsetEnd=29 PartOfSpeech=IN Lemma=at NamedEntityTag=O]
[Text=anaphora CharacterOffsetBegin=30 CharacterOffsetEnd=38 PartOfSpeech=NN Lemma=anaphora NamedEntityTag=O]
[Text=resolution CharacterOffsetBegin=39 CharacterOffsetEnd=49 PartOfSpeech=NN Lemma=resolution NamedEntityTag=O]
[Text=because CharacterOffsetBegin=50 CharacterOffsetEnd=57 PartOfSpeech=IN Lemma=because NamedEntityTag=O]
[Text=he CharacterOffsetBegin=58 CharacterOffsetEnd=60 PartOfSpeech=PRP Lemma=he NamedEntityTag=O]
[Text=has CharacterOffsetBegin=61 CharacterOffsetEnd=64 PartOfSpeech=VBZ Lemma=have NamedEntityTag=O]
[Text=trouble CharacterOffsetBegin=65 CharacterOffsetEnd=72 PartOfSpeech=NN Lemma=trouble NamedEntityTag=O]
[Text=understanding CharacterOffsetBegin=73 CharacterOffsetEnd=86 PartOfSpeech=VBG Lemma=understand NamedEntityTag=O]
[Text=natural CharacterOffsetBegin=87 CharacterOffsetEnd=94 PartOfSpeech=JJ Lemma=natural NamedEntityTag=O]
[Text=language CharacterOffsetBegin=95 CharacterOffsetEnd=103 PartOfSpeech=NN Lemma=language NamedEntityTag=O]
(ROOT
  (S
    (NP (NNP Sean))
    (VP (VBZ is)
      (ADJP
        (ADJP (JJR better))
        (PP (IN than)
          (NP
            (NP (NNP Watson))
            (PP (IN at)
              (NP (NN anaphora) (NN resolution))))))
      (SBAR (IN because)
        (S
          (NP (PRP he))
          (VP (VBZ has)
            (NP
              (NP (NN trouble))
              (VP (VBG understanding)
                (NP (JJ natural) (NN language))))))))))

root(ROOT-0, better-3)
nsubj(better-3, Sean-1)
cop(better-3, is-2)
case(Watson-5, than-4)
nmod:than(better-3, Watson-5)
case(resolution-8, at-6)
compound(resolution-8, anaphora-7)
nmod:at(Watson-5, resolution-8)
mark(has-11, because-9)
nsubj(has-11, he-10)
advcl:because(better-3, has-11)
dobj(has-11, trouble-12)
acl(trouble-12, understanding-13)
amod(language-15, natural-14)
dobj(understanding-13, language-15)

Coreference set:
	(1,10,[10,11]) -> (1,1,[1,2]), that is: "he" -> "Sean"
