Sentence #1 (12 tokens):
Sentient machines will kill all humans because they have giant death rays
[Text=Sentient CharacterOffsetBegin=0 CharacterOffsetEnd=8 PartOfSpeech=JJ Lemma=sentient NamedEntityTag=O]
[Text=machines CharacterOffsetBegin=9 CharacterOffsetEnd=17 PartOfSpeech=NNS Lemma=machine NamedEntityTag=O]
[Text=will CharacterOffsetBegin=18 CharacterOffsetEnd=22 PartOfSpeech=MD Lemma=will NamedEntityTag=O]
[Text=kill CharacterOffsetBegin=23 CharacterOffsetEnd=27 PartOfSpeech=VB Lemma=kill NamedEntityTag=O]
[Text=all CharacterOffsetBegin=28 CharacterOffsetEnd=31 PartOfSpeech=DT Lemma=all NamedEntityTag=O]
[Text=humans CharacterOffsetBegin=32 CharacterOffsetEnd=38 PartOfSpeech=NNS Lemma=human NamedEntityTag=O]
[Text=because CharacterOffsetBegin=39 CharacterOffsetEnd=46 PartOfSpeech=IN Lemma=because NamedEntityTag=O]
[Text=they CharacterOffsetBegin=47 CharacterOffsetEnd=51 PartOfSpeech=PRP Lemma=they NamedEntityTag=O]
[Text=have CharacterOffsetBegin=52 CharacterOffsetEnd=56 PartOfSpeech=VBP Lemma=have NamedEntityTag=O]
[Text=giant CharacterOffsetBegin=57 CharacterOffsetEnd=62 PartOfSpeech=JJ Lemma=giant NamedEntityTag=O]
[Text=death CharacterOffsetBegin=63 CharacterOffsetEnd=68 PartOfSpeech=NN Lemma=death NamedEntityTag=O]
[Text=rays CharacterOffsetBegin=69 CharacterOffsetEnd=73 PartOfSpeech=NNS Lemma=ray NamedEntityTag=O]
(ROOT
  (S
    (NP (JJ Sentient) (NNS machines))
    (VP (MD will)
      (VP (VB kill)
        (NP (DT all) (NNS humans))
        (SBAR (IN because)
          (S
            (NP (PRP they))
            (VP (VBP have)
              (NP (JJ giant) (NN death) (NNS rays)))))))))

root(ROOT-0, kill-4)
amod(machines-2, Sentient-1)
nsubj(kill-4, machines-2)
aux(kill-4, will-3)
det(humans-6, all-5)
dobj(kill-4, humans-6)
mark(have-9, because-7)
nsubj(have-9, they-8)
advcl:because(kill-4, have-9)
amod(rays-12, giant-10)
compound(rays-12, death-11)
dobj(have-9, rays-12)

