Sentence #1 (11 tokens):
Watson beat Ken at Jeopardy because he is a superior machine
[Text=Watson CharacterOffsetBegin=0 CharacterOffsetEnd=6 PartOfSpeech=NNP Lemma=Watson NamedEntityTag=PERSON]
[Text=beat CharacterOffsetBegin=7 CharacterOffsetEnd=11 PartOfSpeech=VBD Lemma=beat NamedEntityTag=O]
[Text=Ken CharacterOffsetBegin=12 CharacterOffsetEnd=15 PartOfSpeech=NNP Lemma=Ken NamedEntityTag=PERSON]
[Text=at CharacterOffsetBegin=16 CharacterOffsetEnd=18 PartOfSpeech=IN Lemma=at NamedEntityTag=O]
[Text=Jeopardy CharacterOffsetBegin=19 CharacterOffsetEnd=27 PartOfSpeech=NNP Lemma=Jeopardy NamedEntityTag=O]
[Text=because CharacterOffsetBegin=28 CharacterOffsetEnd=35 PartOfSpeech=IN Lemma=because NamedEntityTag=O]
[Text=he CharacterOffsetBegin=36 CharacterOffsetEnd=38 PartOfSpeech=PRP Lemma=he NamedEntityTag=O]
[Text=is CharacterOffsetBegin=39 CharacterOffsetEnd=41 PartOfSpeech=VBZ Lemma=be NamedEntityTag=O]
[Text=a CharacterOffsetBegin=42 CharacterOffsetEnd=43 PartOfSpeech=DT Lemma=a NamedEntityTag=O]
[Text=superior CharacterOffsetBegin=44 CharacterOffsetEnd=52 PartOfSpeech=JJ Lemma=superior NamedEntityTag=O]
[Text=machine CharacterOffsetBegin=53 CharacterOffsetEnd=60 PartOfSpeech=NN Lemma=machine NamedEntityTag=O]
(ROOT
  (S
    (NP (NNP Watson))
    (VP (VBD beat)
      (NP (NNP Ken))
      (PP (IN at)
        (NP (NNP Jeopardy)))
      (SBAR (IN because)
        (S
          (NP (PRP he))
          (VP (VBZ is)
            (NP (DT a) (JJ superior) (NN machine))))))))

root(ROOT-0, beat-2)
nsubj(beat-2, Watson-1)
dobj(beat-2, Ken-3)
case(Jeopardy-5, at-4)
nmod:at(beat-2, Jeopardy-5)
mark(machine-11, because-6)
nsubj(machine-11, he-7)
cop(machine-11, is-8)
det(machine-11, a-9)
amod(machine-11, superior-10)
advcl:because(beat-2, machine-11)

Coreference set:
	(1,7,[7,8]) -> (1,1,[1,2]), that is: "he" -> "Watson"
