Sentence #1 (8 tokens):
Larry trusted Page because Bill told him to
[Text=Larry CharacterOffsetBegin=0 CharacterOffsetEnd=5 PartOfSpeech=NNP Lemma=Larry NamedEntityTag=PERSON]
[Text=trusted CharacterOffsetBegin=6 CharacterOffsetEnd=13 PartOfSpeech=VBD Lemma=trust NamedEntityTag=O]
[Text=Page CharacterOffsetBegin=14 CharacterOffsetEnd=18 PartOfSpeech=NNP Lemma=Page NamedEntityTag=O]
[Text=because CharacterOffsetBegin=19 CharacterOffsetEnd=26 PartOfSpeech=IN Lemma=because NamedEntityTag=O]
[Text=Bill CharacterOffsetBegin=27 CharacterOffsetEnd=31 PartOfSpeech=NNP Lemma=Bill NamedEntityTag=PERSON]
[Text=told CharacterOffsetBegin=32 CharacterOffsetEnd=36 PartOfSpeech=VBD Lemma=tell NamedEntityTag=O]
[Text=him CharacterOffsetBegin=37 CharacterOffsetEnd=40 PartOfSpeech=PRP Lemma=he NamedEntityTag=O]
[Text=to CharacterOffsetBegin=41 CharacterOffsetEnd=43 PartOfSpeech=TO Lemma=to NamedEntityTag=O]
(ROOT
  (S
    (NP (NNP Larry))
    (VP (VBD trusted)
      (NP (NNP Page))
      (SBAR (IN because)
        (S
          (NP (NNP Bill))
          (VP (VBD told)
            (NP (PRP him))
            (PP (TO to))))))))

root(ROOT-0, trusted-2)
nsubj(trusted-2, Larry-1)
dobj(trusted-2, Page-3)
mark(told-6, because-4)
nsubj(told-6, Bill-5)
advcl:because(trusted-2, told-6)
dobj(told-6, him-7)
nmod(told-6, to-8)

Coreference set:
	(1,7,[7,8]) -> (1,1,[1,2]), that is: "him" -> "Larry"
