Sentence #1 (7 tokens):
Larry trusted Page because Bill knows him
[Text=Larry CharacterOffsetBegin=0 CharacterOffsetEnd=5 PartOfSpeech=NNP Lemma=Larry NamedEntityTag=PERSON]
[Text=trusted CharacterOffsetBegin=6 CharacterOffsetEnd=13 PartOfSpeech=VBD Lemma=trust NamedEntityTag=O]
[Text=Page CharacterOffsetBegin=14 CharacterOffsetEnd=18 PartOfSpeech=NNP Lemma=Page NamedEntityTag=O]
[Text=because CharacterOffsetBegin=19 CharacterOffsetEnd=26 PartOfSpeech=IN Lemma=because NamedEntityTag=O]
[Text=Bill CharacterOffsetBegin=27 CharacterOffsetEnd=31 PartOfSpeech=NNP Lemma=Bill NamedEntityTag=PERSON]
[Text=knows CharacterOffsetBegin=32 CharacterOffsetEnd=37 PartOfSpeech=VBZ Lemma=know NamedEntityTag=O]
[Text=him CharacterOffsetBegin=38 CharacterOffsetEnd=41 PartOfSpeech=PRP Lemma=he NamedEntityTag=O]
(ROOT
  (S
    (NP (NNP Larry))
    (VP (VBD trusted)
      (NP (NNP Page))
      (SBAR (IN because)
        (S
          (NP (NNP Bill))
          (VP (VBZ knows)
            (NP (PRP him))))))))

root(ROOT-0, trusted-2)
nsubj(trusted-2, Larry-1)
dobj(trusted-2, Page-3)
mark(knows-6, because-4)
nsubj(knows-6, Bill-5)
advcl:because(trusted-2, knows-6)
dobj(knows-6, him-7)

Coreference set:
	(1,7,[7,8]) -> (1,1,[1,2]), that is: "him" -> "Larry"
