Sentence #1 (8 tokens):
Cosby supported Jay because Thea really liked him
[Text=Cosby CharacterOffsetBegin=0 CharacterOffsetEnd=5 PartOfSpeech=NNP Lemma=Cosby NamedEntityTag=O]
[Text=supported CharacterOffsetBegin=6 CharacterOffsetEnd=15 PartOfSpeech=VBD Lemma=support NamedEntityTag=O]
[Text=Jay CharacterOffsetBegin=16 CharacterOffsetEnd=19 PartOfSpeech=NNP Lemma=Jay NamedEntityTag=PERSON]
[Text=because CharacterOffsetBegin=20 CharacterOffsetEnd=27 PartOfSpeech=IN Lemma=because NamedEntityTag=O]
[Text=Thea CharacterOffsetBegin=28 CharacterOffsetEnd=32 PartOfSpeech=NNP Lemma=Thea NamedEntityTag=PERSON]
[Text=really CharacterOffsetBegin=33 CharacterOffsetEnd=39 PartOfSpeech=RB Lemma=really NamedEntityTag=O]
[Text=liked CharacterOffsetBegin=40 CharacterOffsetEnd=45 PartOfSpeech=VBD Lemma=like NamedEntityTag=O]
[Text=him CharacterOffsetBegin=46 CharacterOffsetEnd=49 PartOfSpeech=PRP Lemma=he NamedEntityTag=O]
(ROOT
  (S
    (NP (NNP Cosby))
    (VP (VBD supported)
      (NP (NNP Jay))
      (SBAR (IN because)
        (S
          (NP (NNP Thea))
          (ADVP (RB really))
          (VP (VBD liked)
            (NP (PRP him))))))))

root(ROOT-0, supported-2)
nsubj(supported-2, Cosby-1)
dobj(supported-2, Jay-3)
mark(liked-7, because-4)
nsubj(liked-7, Thea-5)
advmod(liked-7, really-6)
advcl:because(supported-2, liked-7)
dobj(liked-7, him-8)

Coreference set:
	(1,8,[8,9]) -> (1,1,[1,2]), that is: "him" -> "Cosby"
