Sentence #1 (8 tokens):
Cosby supported Jay because Thea asked him to
[Text=Cosby CharacterOffsetBegin=0 CharacterOffsetEnd=5 PartOfSpeech=NNP Lemma=Cosby NamedEntityTag=O]
[Text=supported CharacterOffsetBegin=6 CharacterOffsetEnd=15 PartOfSpeech=VBD Lemma=support NamedEntityTag=O]
[Text=Jay CharacterOffsetBegin=16 CharacterOffsetEnd=19 PartOfSpeech=NNP Lemma=Jay NamedEntityTag=PERSON]
[Text=because CharacterOffsetBegin=20 CharacterOffsetEnd=27 PartOfSpeech=IN Lemma=because NamedEntityTag=O]
[Text=Thea CharacterOffsetBegin=28 CharacterOffsetEnd=32 PartOfSpeech=NNP Lemma=Thea NamedEntityTag=PERSON]
[Text=asked CharacterOffsetBegin=33 CharacterOffsetEnd=38 PartOfSpeech=VBD Lemma=ask NamedEntityTag=O]
[Text=him CharacterOffsetBegin=39 CharacterOffsetEnd=42 PartOfSpeech=PRP Lemma=he NamedEntityTag=O]
[Text=to CharacterOffsetBegin=43 CharacterOffsetEnd=45 PartOfSpeech=TO Lemma=to NamedEntityTag=O]
(ROOT
  (S
    (NP (NNP Cosby))
    (VP (VBD supported)
      (NP (NNP Jay))
      (SBAR (IN because)
        (S
          (NP (NNP Thea))
          (VP (VBD asked)
            (NP (PRP him))
            (PP (TO to))))))))

root(ROOT-0, supported-2)
nsubj(supported-2, Cosby-1)
dobj(supported-2, Jay-3)
mark(asked-6, because-4)
nsubj(asked-6, Thea-5)
advcl:because(supported-2, asked-6)
dobj(asked-6, him-7)
nmod(asked-6, to-8)

Coreference set:
	(1,7,[7,8]) -> (1,1,[1,2]), that is: "him" -> "Cosby"
