Sentence #1 (8 tokens):
Jace loves Jesus because he died for him
[Text=Jace CharacterOffsetBegin=0 CharacterOffsetEnd=4 PartOfSpeech=NNP Lemma=Jace NamedEntityTag=PERSON]
[Text=loves CharacterOffsetBegin=5 CharacterOffsetEnd=10 PartOfSpeech=VBZ Lemma=love NamedEntityTag=O]
[Text=Jesus CharacterOffsetBegin=11 CharacterOffsetEnd=16 PartOfSpeech=NNP Lemma=Jesus NamedEntityTag=PERSON]
[Text=because CharacterOffsetBegin=17 CharacterOffsetEnd=24 PartOfSpeech=IN Lemma=because NamedEntityTag=O]
[Text=he CharacterOffsetBegin=25 CharacterOffsetEnd=27 PartOfSpeech=PRP Lemma=he NamedEntityTag=O]
[Text=died CharacterOffsetBegin=28 CharacterOffsetEnd=32 PartOfSpeech=VBD Lemma=die NamedEntityTag=O]
[Text=for CharacterOffsetBegin=33 CharacterOffsetEnd=36 PartOfSpeech=IN Lemma=for NamedEntityTag=O]
[Text=him CharacterOffsetBegin=37 CharacterOffsetEnd=40 PartOfSpeech=PRP Lemma=he NamedEntityTag=O]
(ROOT
  (S
    (NP (NNP Jace))
    (VP (VBZ loves)
      (NP (NNP Jesus))
      (SBAR (IN because)
        (S
          (NP (PRP he))
          (VP (VBD died)
            (PP (IN for)
              (NP (PRP him)))))))))

root(ROOT-0, loves-2)
nsubj(loves-2, Jace-1)
dobj(loves-2, Jesus-3)
mark(died-6, because-4)
nsubj(died-6, he-5)
advcl:because(loves-2, died-6)
case(him-8, for-7)
nmod:for(died-6, him-8)

Coreference set:
	(1,5,[5,6]) -> (1,1,[1,2]), that is: "he" -> "Jace"
	(1,8,[8,9]) -> (1,1,[1,2]), that is: "him" -> "Jace"
