Sentence #1 (8 tokens):
Jace loves Jesus because he tasted his goodness
[Text=Jace CharacterOffsetBegin=0 CharacterOffsetEnd=4 PartOfSpeech=NNP Lemma=Jace NamedEntityTag=PERSON]
[Text=loves CharacterOffsetBegin=5 CharacterOffsetEnd=10 PartOfSpeech=VBZ Lemma=love NamedEntityTag=O]
[Text=Jesus CharacterOffsetBegin=11 CharacterOffsetEnd=16 PartOfSpeech=NNP Lemma=Jesus NamedEntityTag=PERSON]
[Text=because CharacterOffsetBegin=17 CharacterOffsetEnd=24 PartOfSpeech=IN Lemma=because NamedEntityTag=O]
[Text=he CharacterOffsetBegin=25 CharacterOffsetEnd=27 PartOfSpeech=PRP Lemma=he NamedEntityTag=O]
[Text=tasted CharacterOffsetBegin=28 CharacterOffsetEnd=34 PartOfSpeech=VBD Lemma=taste NamedEntityTag=O]
[Text=his CharacterOffsetBegin=35 CharacterOffsetEnd=38 PartOfSpeech=PRP$ Lemma=he NamedEntityTag=O]
[Text=goodness CharacterOffsetBegin=39 CharacterOffsetEnd=47 PartOfSpeech=NN Lemma=goodness NamedEntityTag=O]
(ROOT
  (S
    (NP (NNP Jace))
    (VP (VBZ loves)
      (NP (NNP Jesus))
      (SBAR (IN because)
        (S
          (NP (PRP he))
          (VP (VBD tasted)
            (NP (PRP$ his) (NN goodness))))))))

root(ROOT-0, loves-2)
nsubj(loves-2, Jace-1)
dobj(loves-2, Jesus-3)
mark(tasted-6, because-4)
nsubj(tasted-6, he-5)
advcl:because(loves-2, tasted-6)
nmod:poss(goodness-8, his-7)
dobj(tasted-6, goodness-8)

Coreference set:
	(1,5,[5,6]) -> (1,1,[1,2]), that is: "he" -> "Jace"
	(1,7,[7,8]) -> (1,1,[1,2]), that is: "his" -> "Jace"
