Sentence #1 (8 tokens):
Olga kicked Sara because she woke her up
[Text=Olga CharacterOffsetBegin=0 CharacterOffsetEnd=4 PartOfSpeech=NNP Lemma=Olga NamedEntityTag=PERSON]
[Text=kicked CharacterOffsetBegin=5 CharacterOffsetEnd=11 PartOfSpeech=VBD Lemma=kick NamedEntityTag=O]
[Text=Sara CharacterOffsetBegin=12 CharacterOffsetEnd=16 PartOfSpeech=NNP Lemma=Sara NamedEntityTag=PERSON]
[Text=because CharacterOffsetBegin=17 CharacterOffsetEnd=24 PartOfSpeech=IN Lemma=because NamedEntityTag=O]
[Text=she CharacterOffsetBegin=25 CharacterOffsetEnd=28 PartOfSpeech=PRP Lemma=she NamedEntityTag=O]
[Text=woke CharacterOffsetBegin=29 CharacterOffsetEnd=33 PartOfSpeech=VBD Lemma=wake NamedEntityTag=O]
[Text=her CharacterOffsetBegin=34 CharacterOffsetEnd=37 PartOfSpeech=PRP$ Lemma=she NamedEntityTag=O]
[Text=up CharacterOffsetBegin=38 CharacterOffsetEnd=40 PartOfSpeech=RP Lemma=up NamedEntityTag=O]
(ROOT
  (S
    (NP (NNP Olga))
    (VP (VBD kicked)
      (NP (NNP Sara))
      (SBAR (IN because)
        (S
          (NP (PRP she))
          (VP (VBD woke)
            (NP (PRP$ her))
            (PRT (RP up))))))))

root(ROOT-0, kicked-2)
nsubj(kicked-2, Olga-1)
dobj(kicked-2, Sara-3)
mark(woke-6, because-4)
nsubj(woke-6, she-5)
advcl:because(kicked-2, woke-6)
dobj(woke-6, her-7)
compound:prt(woke-6, up-8)

Coreference set:
	(1,5,[5,6]) -> (1,1,[1,2]), that is: "she" -> "Olga"
	(1,7,[7,8]) -> (1,1,[1,2]), that is: "her" -> "Olga"
