Sentence #1 (7 tokens):
Olga kicked Sara because she was drunk
[Text=Olga CharacterOffsetBegin=0 CharacterOffsetEnd=4 PartOfSpeech=NNP Lemma=Olga NamedEntityTag=PERSON]
[Text=kicked CharacterOffsetBegin=5 CharacterOffsetEnd=11 PartOfSpeech=VBD Lemma=kick NamedEntityTag=O]
[Text=Sara CharacterOffsetBegin=12 CharacterOffsetEnd=16 PartOfSpeech=NNP Lemma=Sara NamedEntityTag=PERSON]
[Text=because CharacterOffsetBegin=17 CharacterOffsetEnd=24 PartOfSpeech=IN Lemma=because NamedEntityTag=O]
[Text=she CharacterOffsetBegin=25 CharacterOffsetEnd=28 PartOfSpeech=PRP Lemma=she NamedEntityTag=O]
[Text=was CharacterOffsetBegin=29 CharacterOffsetEnd=32 PartOfSpeech=VBD Lemma=be NamedEntityTag=O]
[Text=drunk CharacterOffsetBegin=33 CharacterOffsetEnd=38 PartOfSpeech=JJ Lemma=drunk NamedEntityTag=O]
(ROOT
  (S
    (NP (NNP Olga))
    (VP (VBD kicked)
      (NP (NNP Sara))
      (SBAR (IN because)
        (S
          (NP (PRP she))
          (VP (VBD was)
            (ADJP (JJ drunk))))))))

root(ROOT-0, kicked-2)
nsubj(kicked-2, Olga-1)
dobj(kicked-2, Sara-3)
mark(drunk-7, because-4)
nsubj(drunk-7, she-5)
cop(drunk-7, was-6)
advcl:because(kicked-2, drunk-7)

Coreference set:
	(1,5,[5,6]) -> (1,1,[1,2]), that is: "she" -> "Olga"
