Sentence #1 (19 tokens):
Nola shot Christina in the head because she thought it was a good idea to kill a human being
[Text=Nola CharacterOffsetBegin=0 CharacterOffsetEnd=4 PartOfSpeech=NNP Lemma=Nola NamedEntityTag=PERSON]
[Text=shot CharacterOffsetBegin=5 CharacterOffsetEnd=9 PartOfSpeech=VBD Lemma=shoot NamedEntityTag=O]
[Text=Christina CharacterOffsetBegin=10 CharacterOffsetEnd=19 PartOfSpeech=NNP Lemma=Christina NamedEntityTag=PERSON]
[Text=in CharacterOffsetBegin=20 CharacterOffsetEnd=22 PartOfSpeech=IN Lemma=in NamedEntityTag=O]
[Text=the CharacterOffsetBegin=23 CharacterOffsetEnd=26 PartOfSpeech=DT Lemma=the NamedEntityTag=O]
[Text=head CharacterOffsetBegin=27 CharacterOffsetEnd=31 PartOfSpeech=NN Lemma=head NamedEntityTag=O]
[Text=because CharacterOffsetBegin=32 CharacterOffsetEnd=39 PartOfSpeech=IN Lemma=because NamedEntityTag=O]
[Text=she CharacterOffsetBegin=40 CharacterOffsetEnd=43 PartOfSpeech=PRP Lemma=she NamedEntityTag=O]
[Text=thought CharacterOffsetBegin=44 CharacterOffsetEnd=51 PartOfSpeech=VBD Lemma=think NamedEntityTag=O]
[Text=it CharacterOffsetBegin=52 CharacterOffsetEnd=54 PartOfSpeech=PRP Lemma=it NamedEntityTag=O]
[Text=was CharacterOffsetBegin=55 CharacterOffsetEnd=58 PartOfSpeech=VBD Lemma=be NamedEntityTag=O]
[Text=a CharacterOffsetBegin=59 CharacterOffsetEnd=60 PartOfSpeech=DT Lemma=a NamedEntityTag=O]
[Text=good CharacterOffsetBegin=61 CharacterOffsetEnd=65 PartOfSpeech=JJ Lemma=good NamedEntityTag=O]
[Text=idea CharacterOffsetBegin=66 CharacterOffsetEnd=70 PartOfSpeech=NN Lemma=idea NamedEntityTag=O]
[Text=to CharacterOffsetBegin=71 CharacterOffsetEnd=73 PartOfSpeech=TO Lemma=to NamedEntityTag=O]
[Text=kill CharacterOffsetBegin=74 CharacterOffsetEnd=78 PartOfSpeech=VB Lemma=kill NamedEntityTag=O]
[Text=a CharacterOffsetBegin=79 CharacterOffsetEnd=80 PartOfSpeech=DT Lemma=a NamedEntityTag=O]
[Text=human CharacterOffsetBegin=81 CharacterOffsetEnd=86 PartOfSpeech=JJ Lemma=human NamedEntityTag=O]
[Text=being CharacterOffsetBegin=87 CharacterOffsetEnd=92 PartOfSpeech=NN Lemma=being NamedEntityTag=O]
(ROOT
  (S
    (NP (NNP Nola))
    (VP (VBD shot)
      (NP
        (NP (NNP Christina))
        (PP (IN in)
          (NP (DT the) (NN head))))
      (SBAR (IN because)
        (S
          (NP (PRP she))
          (VP (VBD thought)
            (SBAR
              (S
                (NP (PRP it))
                (VP (VBD was)
                  (NP (DT a) (JJ good) (NN idea)
                    (S
                      (VP (TO to)
                        (VP (VB kill)
                          (NP (DT a) (JJ human) (NN being)))))))))))))))

root(ROOT-0, shot-2)
nsubj(shot-2, Nola-1)
dobj(shot-2, Christina-3)
case(head-6, in-4)
det(head-6, the-5)
nmod:in(Christina-3, head-6)
mark(thought-9, because-7)
nsubj(thought-9, she-8)
advcl:because(shot-2, thought-9)
nsubj(idea-14, it-10)
cop(idea-14, was-11)
det(idea-14, a-12)
amod(idea-14, good-13)
ccomp(thought-9, idea-14)
mark(kill-16, to-15)
acl:to(idea-14, kill-16)
det(being-19, a-17)
amod(being-19, human-18)
dobj(kill-16, being-19)

Coreference set:
	(1,8,[8,9]) -> (1,1,[1,2]), that is: "she" -> "Nola"
