Sentence #1 (7 tokens):
Rebecca kissed Dina because she loves her
[Text=Rebecca CharacterOffsetBegin=0 CharacterOffsetEnd=7 PartOfSpeech=NNP Lemma=Rebecca NamedEntityTag=PERSON]
[Text=kissed CharacterOffsetBegin=8 CharacterOffsetEnd=14 PartOfSpeech=VBD Lemma=kiss NamedEntityTag=O]
[Text=Dina CharacterOffsetBegin=15 CharacterOffsetEnd=19 PartOfSpeech=NNP Lemma=Dina NamedEntityTag=PERSON]
[Text=because CharacterOffsetBegin=20 CharacterOffsetEnd=27 PartOfSpeech=IN Lemma=because NamedEntityTag=O]
[Text=she CharacterOffsetBegin=28 CharacterOffsetEnd=31 PartOfSpeech=PRP Lemma=she NamedEntityTag=O]
[Text=loves CharacterOffsetBegin=32 CharacterOffsetEnd=37 PartOfSpeech=VBZ Lemma=love NamedEntityTag=O]
[Text=her CharacterOffsetBegin=38 CharacterOffsetEnd=41 PartOfSpeech=PRP$ Lemma=she NamedEntityTag=O]
(ROOT
  (S
    (NP (NNP Rebecca))
    (VP (VBD kissed)
      (NP (NNP Dina))
      (SBAR (IN because)
        (S
          (NP (PRP she))
          (VP (VBZ loves)
            (NP (PRP$ her))))))))

root(ROOT-0, kissed-2)
nsubj(kissed-2, Rebecca-1)
dobj(kissed-2, Dina-3)
mark(loves-6, because-4)
nsubj(loves-6, she-5)
advcl:because(kissed-2, loves-6)
dobj(loves-6, her-7)

Coreference set:
	(1,5,[5,6]) -> (1,1,[1,2]), that is: "she" -> "Rebecca"
	(1,7,[7,8]) -> (1,1,[1,2]), that is: "her" -> "Rebecca"
