Sentence #1 (9 tokens):
Rebecca kissed Dina because she is a sweet girl
[Text=Rebecca CharacterOffsetBegin=0 CharacterOffsetEnd=7 PartOfSpeech=NNP Lemma=Rebecca NamedEntityTag=PERSON]
[Text=kissed CharacterOffsetBegin=8 CharacterOffsetEnd=14 PartOfSpeech=VBD Lemma=kiss NamedEntityTag=O]
[Text=Dina CharacterOffsetBegin=15 CharacterOffsetEnd=19 PartOfSpeech=NNP Lemma=Dina NamedEntityTag=PERSON]
[Text=because CharacterOffsetBegin=20 CharacterOffsetEnd=27 PartOfSpeech=IN Lemma=because NamedEntityTag=O]
[Text=she CharacterOffsetBegin=28 CharacterOffsetEnd=31 PartOfSpeech=PRP Lemma=she NamedEntityTag=O]
[Text=is CharacterOffsetBegin=32 CharacterOffsetEnd=34 PartOfSpeech=VBZ Lemma=be NamedEntityTag=O]
[Text=a CharacterOffsetBegin=35 CharacterOffsetEnd=36 PartOfSpeech=DT Lemma=a NamedEntityTag=O]
[Text=sweet CharacterOffsetBegin=37 CharacterOffsetEnd=42 PartOfSpeech=JJ Lemma=sweet NamedEntityTag=O]
[Text=girl CharacterOffsetBegin=43 CharacterOffsetEnd=47 PartOfSpeech=NN Lemma=girl NamedEntityTag=O]
(ROOT
  (S
    (NP (NNP Rebecca))
    (VP (VBD kissed)
      (NP (NNP Dina))
      (SBAR (IN because)
        (S
          (NP (PRP she))
          (VP (VBZ is)
            (NP (DT a) (JJ sweet) (NN girl))))))))

root(ROOT-0, kissed-2)
nsubj(kissed-2, Rebecca-1)
dobj(kissed-2, Dina-3)
mark(girl-9, because-4)
nsubj(girl-9, she-5)
cop(girl-9, is-6)
det(girl-9, a-7)
amod(girl-9, sweet-8)
advcl:because(kissed-2, girl-9)

Coreference set:
	(1,5,[5,6]) -> (1,1,[1,2]), that is: "she" -> "Rebecca"
	(1,9,[7,10]) -> (1,1,[1,2]), that is: "a sweet girl" -> "Rebecca"
