Sentence #1 (12 tokens):
Mom brought Sara from school early because she had an early meeting
[Text=Mom CharacterOffsetBegin=0 CharacterOffsetEnd=3 PartOfSpeech=NN Lemma=mom NamedEntityTag=O]
[Text=brought CharacterOffsetBegin=4 CharacterOffsetEnd=11 PartOfSpeech=VBD Lemma=bring NamedEntityTag=O]
[Text=Sara CharacterOffsetBegin=12 CharacterOffsetEnd=16 PartOfSpeech=NNP Lemma=Sara NamedEntityTag=PERSON]
[Text=from CharacterOffsetBegin=17 CharacterOffsetEnd=21 PartOfSpeech=IN Lemma=from NamedEntityTag=O]
[Text=school CharacterOffsetBegin=22 CharacterOffsetEnd=28 PartOfSpeech=NN Lemma=school NamedEntityTag=O]
[Text=early CharacterOffsetBegin=29 CharacterOffsetEnd=34 PartOfSpeech=RB Lemma=early NamedEntityTag=O]
[Text=because CharacterOffsetBegin=35 CharacterOffsetEnd=42 PartOfSpeech=IN Lemma=because NamedEntityTag=O]
[Text=she CharacterOffsetBegin=43 CharacterOffsetEnd=46 PartOfSpeech=PRP Lemma=she NamedEntityTag=O]
[Text=had CharacterOffsetBegin=47 CharacterOffsetEnd=50 PartOfSpeech=VBD Lemma=have NamedEntityTag=O]
[Text=an CharacterOffsetBegin=51 CharacterOffsetEnd=53 PartOfSpeech=DT Lemma=a NamedEntityTag=O]
[Text=early CharacterOffsetBegin=54 CharacterOffsetEnd=59 PartOfSpeech=JJ Lemma=early NamedEntityTag=O]
[Text=meeting CharacterOffsetBegin=60 CharacterOffsetEnd=67 PartOfSpeech=NN Lemma=meeting NamedEntityTag=O]
(ROOT
  (S
    (NP (NN Mom))
    (VP (VBD brought)
      (NP (NNP Sara))
      (PP (IN from)
        (NP (NN school) (RB early)))
      (SBAR (IN because)
        (S
          (NP (PRP she))
          (VP (VBD had)
            (NP (DT an) (JJ early) (NN meeting))))))))

root(ROOT-0, brought-2)
nsubj(brought-2, Mom-1)
dobj(brought-2, Sara-3)
case(school-5, from-4)
nmod:from(brought-2, school-5)
advmod(school-5, early-6)
mark(had-9, because-7)
nsubj(had-9, she-8)
advcl:because(brought-2, had-9)
det(meeting-12, an-10)
amod(meeting-12, early-11)
dobj(had-9, meeting-12)

Coreference set:
	(1,8,[8,9]) -> (1,3,[3,4]), that is: "she" -> "Sara"
