Sentence #1 (7 tokens):
John asked Bill because he was confused
[Text=John CharacterOffsetBegin=0 CharacterOffsetEnd=4 PartOfSpeech=NNP Lemma=John NamedEntityTag=PERSON]
[Text=asked CharacterOffsetBegin=5 CharacterOffsetEnd=10 PartOfSpeech=VBD Lemma=ask NamedEntityTag=O]
[Text=Bill CharacterOffsetBegin=11 CharacterOffsetEnd=15 PartOfSpeech=NNP Lemma=Bill NamedEntityTag=PERSON]
[Text=because CharacterOffsetBegin=16 CharacterOffsetEnd=23 PartOfSpeech=IN Lemma=because NamedEntityTag=O]
[Text=he CharacterOffsetBegin=24 CharacterOffsetEnd=26 PartOfSpeech=PRP Lemma=he NamedEntityTag=O]
[Text=was CharacterOffsetBegin=27 CharacterOffsetEnd=30 PartOfSpeech=VBD Lemma=be NamedEntityTag=O]
[Text=confused CharacterOffsetBegin=31 CharacterOffsetEnd=39 PartOfSpeech=VBN Lemma=confuse NamedEntityTag=O]
(ROOT
  (S
    (NP (NNP John))
    (VP (VBD asked)
      (NP (NNP Bill))
      (SBAR (IN because)
        (S
          (NP (PRP he))
          (VP (VBD was)
            (VP (VBN confused))))))))

root(ROOT-0, asked-2)
nsubj(asked-2, John-1)
dobj(asked-2, Bill-3)
mark(confused-7, because-4)
nsubjpass(confused-7, he-5)
auxpass(confused-7, was-6)
advcl:because(asked-2, confused-7)

Coreference set:
	(1,5,[5,6]) -> (1,1,[1,2]), that is: "he" -> "John"
