Sentence #1 (8 tokens):
John asked Bill because he knew the answer
[Text=John CharacterOffsetBegin=0 CharacterOffsetEnd=4 PartOfSpeech=NNP Lemma=John NamedEntityTag=PERSON]
[Text=asked CharacterOffsetBegin=5 CharacterOffsetEnd=10 PartOfSpeech=VBD Lemma=ask NamedEntityTag=O]
[Text=Bill CharacterOffsetBegin=11 CharacterOffsetEnd=15 PartOfSpeech=NNP Lemma=Bill NamedEntityTag=PERSON]
[Text=because CharacterOffsetBegin=16 CharacterOffsetEnd=23 PartOfSpeech=IN Lemma=because NamedEntityTag=O]
[Text=he CharacterOffsetBegin=24 CharacterOffsetEnd=26 PartOfSpeech=PRP Lemma=he NamedEntityTag=O]
[Text=knew CharacterOffsetBegin=27 CharacterOffsetEnd=31 PartOfSpeech=VBD Lemma=know NamedEntityTag=O]
[Text=the CharacterOffsetBegin=32 CharacterOffsetEnd=35 PartOfSpeech=DT Lemma=the NamedEntityTag=O]
[Text=answer CharacterOffsetBegin=36 CharacterOffsetEnd=42 PartOfSpeech=NN Lemma=answer NamedEntityTag=O]
(ROOT
  (S
    (NP (NNP John))
    (VP (VBD asked)
      (NP (NNP Bill))
      (SBAR (IN because)
        (S
          (NP (PRP he))
          (VP (VBD knew)
            (NP (DT the) (NN answer))))))))

root(ROOT-0, asked-2)
nsubj(asked-2, John-1)
dobj(asked-2, Bill-3)
mark(knew-6, because-4)
nsubj(knew-6, he-5)
advcl:because(asked-2, knew-6)
det(answer-8, the-7)
dobj(knew-6, answer-8)

Coreference set:
	(1,5,[5,6]) -> (1,1,[1,2]), that is: "he" -> "John"
