Sentence #1 (8 tokens):
John rated Bill because he was the judge
[Text=John CharacterOffsetBegin=0 CharacterOffsetEnd=4 PartOfSpeech=NNP Lemma=John NamedEntityTag=PERSON]
[Text=rated CharacterOffsetBegin=5 CharacterOffsetEnd=10 PartOfSpeech=VBD Lemma=rate NamedEntityTag=O]
[Text=Bill CharacterOffsetBegin=11 CharacterOffsetEnd=15 PartOfSpeech=NNP Lemma=Bill NamedEntityTag=PERSON]
[Text=because CharacterOffsetBegin=16 CharacterOffsetEnd=23 PartOfSpeech=IN Lemma=because NamedEntityTag=O]
[Text=he CharacterOffsetBegin=24 CharacterOffsetEnd=26 PartOfSpeech=PRP Lemma=he NamedEntityTag=O]
[Text=was CharacterOffsetBegin=27 CharacterOffsetEnd=30 PartOfSpeech=VBD Lemma=be NamedEntityTag=O]
[Text=the CharacterOffsetBegin=31 CharacterOffsetEnd=34 PartOfSpeech=DT Lemma=the NamedEntityTag=O]
[Text=judge CharacterOffsetBegin=35 CharacterOffsetEnd=40 PartOfSpeech=NN Lemma=judge NamedEntityTag=O]
(ROOT
  (S
    (NP (NNP John))
    (VP (VBD rated)
      (NP (NNP Bill))
      (SBAR (IN because)
        (S
          (NP (PRP he))
          (VP (VBD was)
            (NP (DT the) (NN judge))))))))

root(ROOT-0, rated-2)
nsubj(rated-2, John-1)
dobj(rated-2, Bill-3)
mark(judge-8, because-4)
nsubj(judge-8, he-5)
cop(judge-8, was-6)
det(judge-8, the-7)
advcl:because(rated-2, judge-8)

Coreference set:
	(1,5,[5,6]) -> (1,1,[1,2]), that is: "he" -> "John"
	(1,8,[7,9]) -> (1,1,[1,2]), that is: "the judge" -> "John"
