Sentence #1 (10 tokens):
John called Bill because he needed someone to talk to
[Text=John CharacterOffsetBegin=0 CharacterOffsetEnd=4 PartOfSpeech=NNP Lemma=John NamedEntityTag=PERSON]
[Text=called CharacterOffsetBegin=5 CharacterOffsetEnd=11 PartOfSpeech=VBD Lemma=call NamedEntityTag=O]
[Text=Bill CharacterOffsetBegin=12 CharacterOffsetEnd=16 PartOfSpeech=NNP Lemma=Bill NamedEntityTag=PERSON]
[Text=because CharacterOffsetBegin=17 CharacterOffsetEnd=24 PartOfSpeech=IN Lemma=because NamedEntityTag=O]
[Text=he CharacterOffsetBegin=25 CharacterOffsetEnd=27 PartOfSpeech=PRP Lemma=he NamedEntityTag=O]
[Text=needed CharacterOffsetBegin=28 CharacterOffsetEnd=34 PartOfSpeech=VBD Lemma=need NamedEntityTag=O]
[Text=someone CharacterOffsetBegin=35 CharacterOffsetEnd=42 PartOfSpeech=NN Lemma=someone NamedEntityTag=O]
[Text=to CharacterOffsetBegin=43 CharacterOffsetEnd=45 PartOfSpeech=TO Lemma=to NamedEntityTag=O]
[Text=talk CharacterOffsetBegin=46 CharacterOffsetEnd=50 PartOfSpeech=VB Lemma=talk NamedEntityTag=O]
[Text=to CharacterOffsetBegin=51 CharacterOffsetEnd=53 PartOfSpeech=TO Lemma=to NamedEntityTag=O]
(ROOT
  (S
    (NP (NNP John))
    (VP (VBD called)
      (NP (NNP Bill))
      (SBAR (IN because)
        (S
          (NP (PRP he))
          (VP (VBD needed)
            (NP (NN someone))
            (S
              (VP (TO to)
                (VP (VB talk)
                  (PP (TO to)))))))))))

root(ROOT-0, called-2)
nsubj(called-2, John-1)
dobj(called-2, Bill-3)
mark(needed-6, because-4)
nsubj(needed-6, he-5)
advcl:because(called-2, needed-6)
dobj(needed-6, someone-7)
mark(talk-9, to-8)
advcl:to(needed-6, talk-9)
nmod(talk-9, to-10)

Coreference set:
	(1,5,[5,6]) -> (1,1,[1,2]), that is: "he" -> "John"
