Sentence #1 (9 tokens):
John called Bill because he was a good listener
[Text=John CharacterOffsetBegin=0 CharacterOffsetEnd=4 PartOfSpeech=NNP Lemma=John NamedEntityTag=PERSON]
[Text=called CharacterOffsetBegin=5 CharacterOffsetEnd=11 PartOfSpeech=VBD Lemma=call NamedEntityTag=O]
[Text=Bill CharacterOffsetBegin=12 CharacterOffsetEnd=16 PartOfSpeech=NNP Lemma=Bill NamedEntityTag=PERSON]
[Text=because CharacterOffsetBegin=17 CharacterOffsetEnd=24 PartOfSpeech=IN Lemma=because NamedEntityTag=O]
[Text=he CharacterOffsetBegin=25 CharacterOffsetEnd=27 PartOfSpeech=PRP Lemma=he NamedEntityTag=O]
[Text=was CharacterOffsetBegin=28 CharacterOffsetEnd=31 PartOfSpeech=VBD Lemma=be NamedEntityTag=O]
[Text=a CharacterOffsetBegin=32 CharacterOffsetEnd=33 PartOfSpeech=DT Lemma=a NamedEntityTag=O]
[Text=good CharacterOffsetBegin=34 CharacterOffsetEnd=38 PartOfSpeech=JJ Lemma=good NamedEntityTag=O]
[Text=listener CharacterOffsetBegin=39 CharacterOffsetEnd=47 PartOfSpeech=NN Lemma=listener NamedEntityTag=O]
(ROOT
  (S
    (NP (NNP John))
    (VP (VBD called)
      (NP (NNP Bill))
      (SBAR (IN because)
        (S
          (NP (PRP he))
          (VP (VBD was)
            (NP (DT a) (JJ good) (NN listener))))))))

root(ROOT-0, called-2)
nsubj(called-2, John-1)
dobj(called-2, Bill-3)
mark(listener-9, because-4)
nsubj(listener-9, he-5)
cop(listener-9, was-6)
det(listener-9, a-7)
amod(listener-9, good-8)
advcl:because(called-2, listener-9)

Coreference set:
	(1,5,[5,6]) -> (1,1,[1,2]), that is: "he" -> "John"
	(1,9,[7,10]) -> (1,1,[1,2]), that is: "a good listener" -> "John"
