Sentence #1 (14 tokens):
Rice beat Texas, even though they were the best team in the nation
[Text=Rice CharacterOffsetBegin=0 CharacterOffsetEnd=4 PartOfSpeech=NNP Lemma=Rice NamedEntityTag=PERSON]
[Text=beat CharacterOffsetBegin=5 CharacterOffsetEnd=9 PartOfSpeech=VBD Lemma=beat NamedEntityTag=O]
[Text=Texas CharacterOffsetBegin=10 CharacterOffsetEnd=15 PartOfSpeech=NNP Lemma=Texas NamedEntityTag=LOCATION]
[Text=, CharacterOffsetBegin=15 CharacterOffsetEnd=16 PartOfSpeech=, Lemma=, NamedEntityTag=O]
[Text=even CharacterOffsetBegin=17 CharacterOffsetEnd=21 PartOfSpeech=RB Lemma=even NamedEntityTag=O]
[Text=though CharacterOffsetBegin=22 CharacterOffsetEnd=28 PartOfSpeech=IN Lemma=though NamedEntityTag=O]
[Text=they CharacterOffsetBegin=29 CharacterOffsetEnd=33 PartOfSpeech=PRP Lemma=they NamedEntityTag=O]
[Text=were CharacterOffsetBegin=34 CharacterOffsetEnd=38 PartOfSpeech=VBD Lemma=be NamedEntityTag=O]
[Text=the CharacterOffsetBegin=39 CharacterOffsetEnd=42 PartOfSpeech=DT Lemma=the NamedEntityTag=O]
[Text=best CharacterOffsetBegin=43 CharacterOffsetEnd=47 PartOfSpeech=JJS Lemma=best NamedEntityTag=O]
[Text=team CharacterOffsetBegin=48 CharacterOffsetEnd=52 PartOfSpeech=NN Lemma=team NamedEntityTag=O]
[Text=in CharacterOffsetBegin=53 CharacterOffsetEnd=55 PartOfSpeech=IN Lemma=in NamedEntityTag=O]
[Text=the CharacterOffsetBegin=56 CharacterOffsetEnd=59 PartOfSpeech=DT Lemma=the NamedEntityTag=O]
[Text=nation CharacterOffsetBegin=60 CharacterOffsetEnd=66 PartOfSpeech=NN Lemma=nation NamedEntityTag=O]
(ROOT
  (S
    (NP (NNP Rice))
    (VP (VBD beat)
      (NP (NNP Texas))
      (, ,)
      (SBAR (RB even) (IN though)
        (S
          (NP (PRP they))
          (VP (VBD were)
            (NP
              (NP (DT the) (JJS best) (NN team))
              (PP (IN in)
                (NP (DT the) (NN nation))))))))))

root(ROOT-0, beat-2)
nsubj(beat-2, Rice-1)
dobj(beat-2, Texas-3)
punct(beat-2, ,-4)
advmod(team-11, even-5)
mark(team-11, though-6)
nsubj(team-11, they-7)
cop(team-11, were-8)
det(team-11, the-9)
amod(team-11, best-10)
advcl:though(beat-2, team-11)
case(nation-14, in-12)
det(nation-14, the-13)
nmod:in(team-11, nation-14)

