Sentence #1 (10 tokens):
John killed Bill because he was fighting for his life
[Text=John CharacterOffsetBegin=0 CharacterOffsetEnd=4 PartOfSpeech=NNP Lemma=John NamedEntityTag=PERSON]
[Text=killed CharacterOffsetBegin=5 CharacterOffsetEnd=11 PartOfSpeech=VBD Lemma=kill NamedEntityTag=O]
[Text=Bill CharacterOffsetBegin=12 CharacterOffsetEnd=16 PartOfSpeech=NNP Lemma=Bill NamedEntityTag=PERSON]
[Text=because CharacterOffsetBegin=17 CharacterOffsetEnd=24 PartOfSpeech=IN Lemma=because NamedEntityTag=O]
[Text=he CharacterOffsetBegin=25 CharacterOffsetEnd=27 PartOfSpeech=PRP Lemma=he NamedEntityTag=O]
[Text=was CharacterOffsetBegin=28 CharacterOffsetEnd=31 PartOfSpeech=VBD Lemma=be NamedEntityTag=O]
[Text=fighting CharacterOffsetBegin=32 CharacterOffsetEnd=40 PartOfSpeech=VBG Lemma=fight NamedEntityTag=O]
[Text=for CharacterOffsetBegin=41 CharacterOffsetEnd=44 PartOfSpeech=IN Lemma=for NamedEntityTag=O]
[Text=his CharacterOffsetBegin=45 CharacterOffsetEnd=48 PartOfSpeech=PRP$ Lemma=he NamedEntityTag=O]
[Text=life CharacterOffsetBegin=49 CharacterOffsetEnd=53 PartOfSpeech=NN Lemma=life NamedEntityTag=O]
(ROOT
  (S
    (NP (NNP John))
    (VP (VBD killed)
      (NP (NNP Bill))
      (SBAR (IN because)
        (S
          (NP (PRP he))
          (VP (VBD was)
            (VP (VBG fighting)
              (PP (IN for)
                (NP (PRP$ his) (NN life))))))))))

root(ROOT-0, killed-2)
nsubj(killed-2, John-1)
dobj(killed-2, Bill-3)
mark(fighting-7, because-4)
nsubj(fighting-7, he-5)
aux(fighting-7, was-6)
advcl:because(killed-2, fighting-7)
case(life-10, for-8)
nmod:poss(life-10, his-9)
nmod:for(fighting-7, life-10)

Coreference set:
	(1,5,[5,6]) -> (1,1,[1,2]), that is: "he" -> "John"
	(1,9,[9,10]) -> (1,1,[1,2]), that is: "his" -> "John"
