Sentence #1 (12 tokens):
Billy beat Tommy at Scrabble because that newbie had all the luck
[Text=Billy CharacterOffsetBegin=0 CharacterOffsetEnd=5 PartOfSpeech=NNP Lemma=Billy NamedEntityTag=PERSON]
[Text=beat CharacterOffsetBegin=6 CharacterOffsetEnd=10 PartOfSpeech=VBD Lemma=beat NamedEntityTag=O]
[Text=Tommy CharacterOffsetBegin=11 CharacterOffsetEnd=16 PartOfSpeech=NNP Lemma=Tommy NamedEntityTag=PERSON]
[Text=at CharacterOffsetBegin=17 CharacterOffsetEnd=19 PartOfSpeech=IN Lemma=at NamedEntityTag=O]
[Text=Scrabble CharacterOffsetBegin=20 CharacterOffsetEnd=28 PartOfSpeech=NNP Lemma=Scrabble NamedEntityTag=O]
[Text=because CharacterOffsetBegin=29 CharacterOffsetEnd=36 PartOfSpeech=IN Lemma=because NamedEntityTag=O]
[Text=that CharacterOffsetBegin=37 CharacterOffsetEnd=41 PartOfSpeech=DT Lemma=that NamedEntityTag=O]
[Text=newbie CharacterOffsetBegin=42 CharacterOffsetEnd=48 PartOfSpeech=NN Lemma=newbie NamedEntityTag=O]
[Text=had CharacterOffsetBegin=49 CharacterOffsetEnd=52 PartOfSpeech=VBD Lemma=have NamedEntityTag=O]
[Text=all CharacterOffsetBegin=53 CharacterOffsetEnd=56 PartOfSpeech=PDT Lemma=all NamedEntityTag=O]
[Text=the CharacterOffsetBegin=57 CharacterOffsetEnd=60 PartOfSpeech=DT Lemma=the NamedEntityTag=O]
[Text=luck CharacterOffsetBegin=61 CharacterOffsetEnd=65 PartOfSpeech=NN Lemma=luck NamedEntityTag=O]
(ROOT
  (S
    (NP (NNP Billy))
    (VP (VBD beat)
      (NP (NNP Tommy))
      (PP (IN at)
        (NP (NNP Scrabble)))
      (SBAR (IN because)
        (S
          (NP (DT that) (NN newbie))
          (VP (VBD had)
            (NP (PDT all) (DT the) (NN luck))))))))

root(ROOT-0, beat-2)
nsubj(beat-2, Billy-1)
dobj(beat-2, Tommy-3)
case(Scrabble-5, at-4)
nmod:at(beat-2, Scrabble-5)
mark(had-9, because-6)
det(newbie-8, that-7)
nsubj(had-9, newbie-8)
advcl:because(beat-2, had-9)
det:predet(luck-12, all-10)
det(luck-12, the-11)
dobj(had-9, luck-12)

