Sentence #1 (12 tokens):
Mary had a little lamb until she had lamb chops for dinner
[Text=Mary CharacterOffsetBegin=0 CharacterOffsetEnd=4 PartOfSpeech=NNP Lemma=Mary NamedEntityTag=PERSON]
[Text=had CharacterOffsetBegin=5 CharacterOffsetEnd=8 PartOfSpeech=VBD Lemma=have NamedEntityTag=O]
[Text=a CharacterOffsetBegin=9 CharacterOffsetEnd=10 PartOfSpeech=DT Lemma=a NamedEntityTag=O]
[Text=little CharacterOffsetBegin=11 CharacterOffsetEnd=17 PartOfSpeech=JJ Lemma=little NamedEntityTag=O]
[Text=lamb CharacterOffsetBegin=18 CharacterOffsetEnd=22 PartOfSpeech=NN Lemma=lamb NamedEntityTag=O]
[Text=until CharacterOffsetBegin=23 CharacterOffsetEnd=28 PartOfSpeech=IN Lemma=until NamedEntityTag=O]
[Text=she CharacterOffsetBegin=29 CharacterOffsetEnd=32 PartOfSpeech=PRP Lemma=she NamedEntityTag=O]
[Text=had CharacterOffsetBegin=33 CharacterOffsetEnd=36 PartOfSpeech=VBD Lemma=have NamedEntityTag=O]
[Text=lamb CharacterOffsetBegin=37 CharacterOffsetEnd=41 PartOfSpeech=NN Lemma=lamb NamedEntityTag=O]
[Text=chops CharacterOffsetBegin=42 CharacterOffsetEnd=47 PartOfSpeech=NNS Lemma=chop NamedEntityTag=O]
[Text=for CharacterOffsetBegin=48 CharacterOffsetEnd=51 PartOfSpeech=IN Lemma=for NamedEntityTag=O]
[Text=dinner CharacterOffsetBegin=52 CharacterOffsetEnd=58 PartOfSpeech=NN Lemma=dinner NamedEntityTag=O]
(ROOT
  (S
    (NP (NNP Mary))
    (VP (VBD had)
      (NP (DT a) (JJ little) (NN lamb))
      (SBAR (IN until)
        (S
          (NP (PRP she))
          (VP (VBD had)
            (NP
              (NP (NN lamb) (NNS chops))
              (PP (IN for)
                (NP (NN dinner))))))))))

root(ROOT-0, had-2)
nsubj(had-2, Mary-1)
det(lamb-5, a-3)
amod(lamb-5, little-4)
dobj(had-2, lamb-5)
mark(had-8, until-6)
nsubj(had-8, she-7)
advcl:until(had-2, had-8)
compound(chops-10, lamb-9)
dobj(had-8, chops-10)
case(dinner-12, for-11)
nmod:for(chops-10, dinner-12)

Coreference set:
	(1,7,[7,8]) -> (1,1,[1,2]), that is: "she" -> "Mary"
