Sentence #1 (8 tokens):
The state executes prisoners because they want justice
[Text=The CharacterOffsetBegin=0 CharacterOffsetEnd=3 PartOfSpeech=DT Lemma=the NamedEntityTag=O]
[Text=state CharacterOffsetBegin=4 CharacterOffsetEnd=9 PartOfSpeech=NN Lemma=state NamedEntityTag=O]
[Text=executes CharacterOffsetBegin=10 CharacterOffsetEnd=18 PartOfSpeech=VBZ Lemma=execute NamedEntityTag=O]
[Text=prisoners CharacterOffsetBegin=19 CharacterOffsetEnd=28 PartOfSpeech=NNS Lemma=prisoner NamedEntityTag=O]
[Text=because CharacterOffsetBegin=29 CharacterOffsetEnd=36 PartOfSpeech=IN Lemma=because NamedEntityTag=O]
[Text=they CharacterOffsetBegin=37 CharacterOffsetEnd=41 PartOfSpeech=PRP Lemma=they NamedEntityTag=O]
[Text=want CharacterOffsetBegin=42 CharacterOffsetEnd=46 PartOfSpeech=VBP Lemma=want NamedEntityTag=O]
[Text=justice CharacterOffsetBegin=47 CharacterOffsetEnd=54 PartOfSpeech=NN Lemma=justice NamedEntityTag=O]
(ROOT
  (S
    (NP (DT The) (NN state))
    (VP (VBZ executes)
      (NP (NNS prisoners))
      (SBAR (IN because)
        (S
          (NP (PRP they))
          (VP (VBP want)
            (NP (NN justice))))))))

root(ROOT-0, executes-3)
det(state-2, The-1)
nsubj(executes-3, state-2)
dobj(executes-3, prisoners-4)
mark(want-7, because-5)
nsubj(want-7, they-6)
advcl:because(executes-3, want-7)
dobj(want-7, justice-8)

Coreference set:
	(1,6,[6,7]) -> (1,4,[4,5]), that is: "they" -> "prisoners"
