Sentence #1 (11 tokens):
The minister befriended King George so he would not get beheaded
[Text=The CharacterOffsetBegin=0 CharacterOffsetEnd=3 PartOfSpeech=DT Lemma=the NamedEntityTag=O]
[Text=minister CharacterOffsetBegin=4 CharacterOffsetEnd=12 PartOfSpeech=NN Lemma=minister NamedEntityTag=O]
[Text=befriended CharacterOffsetBegin=13 CharacterOffsetEnd=23 PartOfSpeech=VBD Lemma=befriend NamedEntityTag=O]
[Text=King CharacterOffsetBegin=24 CharacterOffsetEnd=28 PartOfSpeech=NNP Lemma=King NamedEntityTag=PERSON]
[Text=George CharacterOffsetBegin=29 CharacterOffsetEnd=35 PartOfSpeech=NNP Lemma=George NamedEntityTag=PERSON]
[Text=so CharacterOffsetBegin=36 CharacterOffsetEnd=38 PartOfSpeech=IN Lemma=so NamedEntityTag=O]
[Text=he CharacterOffsetBegin=39 CharacterOffsetEnd=41 PartOfSpeech=PRP Lemma=he NamedEntityTag=O]
[Text=would CharacterOffsetBegin=42 CharacterOffsetEnd=47 PartOfSpeech=MD Lemma=would NamedEntityTag=O]
[Text=not CharacterOffsetBegin=48 CharacterOffsetEnd=51 PartOfSpeech=RB Lemma=not NamedEntityTag=O]
[Text=get CharacterOffsetBegin=52 CharacterOffsetEnd=55 PartOfSpeech=VB Lemma=get NamedEntityTag=O]
[Text=beheaded CharacterOffsetBegin=56 CharacterOffsetEnd=64 PartOfSpeech=VBN Lemma=behead NamedEntityTag=O]
(ROOT
  (S
    (NP (DT The) (NN minister))
    (VP (VBD befriended)
      (NP (NNP King) (NNP George))
      (SBAR (IN so)
        (S
          (NP (PRP he))
          (VP (MD would) (RB not)
            (VP (VB get)
              (VP (VBN beheaded)))))))))

root(ROOT-0, befriended-3)
det(minister-2, The-1)
nsubj(befriended-3, minister-2)
compound(George-5, King-4)
dobj(befriended-3, George-5)
mark(beheaded-11, so-6)
nsubjpass(beheaded-11, he-7)
aux(beheaded-11, would-8)
neg(beheaded-11, not-9)
auxpass(beheaded-11, get-10)
advcl:so(befriended-3, beheaded-11)

Coreference set:
	(1,7,[7,8]) -> (1,2,[1,3]), that is: "he" -> "The minister"
