Sentence #1 (11 tokens):
The minister befriended King George so he could have some friends
[Text=The CharacterOffsetBegin=0 CharacterOffsetEnd=3 PartOfSpeech=DT Lemma=the NamedEntityTag=O]
[Text=minister CharacterOffsetBegin=4 CharacterOffsetEnd=12 PartOfSpeech=NN Lemma=minister NamedEntityTag=O]
[Text=befriended CharacterOffsetBegin=13 CharacterOffsetEnd=23 PartOfSpeech=VBD Lemma=befriend NamedEntityTag=O]
[Text=King CharacterOffsetBegin=24 CharacterOffsetEnd=28 PartOfSpeech=NNP Lemma=King NamedEntityTag=PERSON]
[Text=George CharacterOffsetBegin=29 CharacterOffsetEnd=35 PartOfSpeech=NNP Lemma=George NamedEntityTag=PERSON]
[Text=so CharacterOffsetBegin=36 CharacterOffsetEnd=38 PartOfSpeech=IN Lemma=so NamedEntityTag=O]
[Text=he CharacterOffsetBegin=39 CharacterOffsetEnd=41 PartOfSpeech=PRP Lemma=he NamedEntityTag=O]
[Text=could CharacterOffsetBegin=42 CharacterOffsetEnd=47 PartOfSpeech=MD Lemma=could NamedEntityTag=O]
[Text=have CharacterOffsetBegin=48 CharacterOffsetEnd=52 PartOfSpeech=VB Lemma=have NamedEntityTag=O]
[Text=some CharacterOffsetBegin=53 CharacterOffsetEnd=57 PartOfSpeech=DT Lemma=some NamedEntityTag=O]
[Text=friends CharacterOffsetBegin=58 CharacterOffsetEnd=65 PartOfSpeech=NNS Lemma=friend NamedEntityTag=O]
(ROOT
  (S
    (NP (DT The) (NN minister))
    (VP (VBD befriended)
      (NP (NNP King) (NNP George))
      (SBAR (IN so)
        (S
          (NP (PRP he))
          (VP (MD could)
            (VP (VB have)
              (NP (DT some) (NNS friends)))))))))

root(ROOT-0, befriended-3)
det(minister-2, The-1)
nsubj(befriended-3, minister-2)
compound(George-5, King-4)
dobj(befriended-3, George-5)
mark(have-9, so-6)
nsubj(have-9, he-7)
aux(have-9, could-8)
advcl:so(befriended-3, have-9)
det(friends-11, some-10)
dobj(have-9, friends-11)

Coreference set:
	(1,7,[7,8]) -> (1,2,[1,3]), that is: "he" -> "The minister"
