Sentence #1 (7 tokens):
Mary likes Joe because she likes females
[Text=Mary CharacterOffsetBegin=0 CharacterOffsetEnd=4 PartOfSpeech=NNP Lemma=Mary NamedEntityTag=PERSON]
[Text=likes CharacterOffsetBegin=5 CharacterOffsetEnd=10 PartOfSpeech=VBZ Lemma=like NamedEntityTag=O]
[Text=Joe CharacterOffsetBegin=11 CharacterOffsetEnd=14 PartOfSpeech=NNP Lemma=Joe NamedEntityTag=PERSON]
[Text=because CharacterOffsetBegin=15 CharacterOffsetEnd=22 PartOfSpeech=IN Lemma=because NamedEntityTag=O]
[Text=she CharacterOffsetBegin=23 CharacterOffsetEnd=26 PartOfSpeech=PRP Lemma=she NamedEntityTag=O]
[Text=likes CharacterOffsetBegin=27 CharacterOffsetEnd=32 PartOfSpeech=VBZ Lemma=like NamedEntityTag=O]
[Text=females CharacterOffsetBegin=33 CharacterOffsetEnd=40 PartOfSpeech=NNS Lemma=female NamedEntityTag=O]
(ROOT
  (S
    (NP (NNP Mary))
    (VP (VBZ likes)
      (NP (NNP Joe))
      (SBAR (IN because)
        (S
          (NP (PRP she))
          (VP (VBZ likes)
            (NP (NNS females))))))))

root(ROOT-0, likes-2)
nsubj(likes-2, Mary-1)
dobj(likes-2, Joe-3)
mark(likes-6, because-4)
nsubj(likes-6, she-5)
advcl:because(likes-2, likes-6)
dobj(likes-6, females-7)

Coreference set:
	(1,5,[5,6]) -> (1,1,[1,2]), that is: "she" -> "Mary"
