Sentence #1 (14 tokens):
The bat hit the ball because it flew in the way of the trajectory
[Text=The CharacterOffsetBegin=0 CharacterOffsetEnd=3 PartOfSpeech=DT Lemma=the NamedEntityTag=O]
[Text=bat CharacterOffsetBegin=4 CharacterOffsetEnd=7 PartOfSpeech=NN Lemma=bat NamedEntityTag=O]
[Text=hit CharacterOffsetBegin=8 CharacterOffsetEnd=11 PartOfSpeech=VBD Lemma=hit NamedEntityTag=O]
[Text=the CharacterOffsetBegin=12 CharacterOffsetEnd=15 PartOfSpeech=DT Lemma=the NamedEntityTag=O]
[Text=ball CharacterOffsetBegin=16 CharacterOffsetEnd=20 PartOfSpeech=NN Lemma=ball NamedEntityTag=O]
[Text=because CharacterOffsetBegin=21 CharacterOffsetEnd=28 PartOfSpeech=IN Lemma=because NamedEntityTag=O]
[Text=it CharacterOffsetBegin=29 CharacterOffsetEnd=31 PartOfSpeech=PRP Lemma=it NamedEntityTag=O]
[Text=flew CharacterOffsetBegin=32 CharacterOffsetEnd=36 PartOfSpeech=VBD Lemma=fly NamedEntityTag=O]
[Text=in CharacterOffsetBegin=37 CharacterOffsetEnd=39 PartOfSpeech=IN Lemma=in NamedEntityTag=O]
[Text=the CharacterOffsetBegin=40 CharacterOffsetEnd=43 PartOfSpeech=DT Lemma=the NamedEntityTag=O]
[Text=way CharacterOffsetBegin=44 CharacterOffsetEnd=47 PartOfSpeech=NN Lemma=way NamedEntityTag=O]
[Text=of CharacterOffsetBegin=48 CharacterOffsetEnd=50 PartOfSpeech=IN Lemma=of NamedEntityTag=O]
[Text=the CharacterOffsetBegin=51 CharacterOffsetEnd=54 PartOfSpeech=DT Lemma=the NamedEntityTag=O]
[Text=trajectory CharacterOffsetBegin=55 CharacterOffsetEnd=65 PartOfSpeech=NN Lemma=trajectory NamedEntityTag=O]
(ROOT
  (S
    (NP (DT The) (NN bat))
    (VP (VBD hit)
      (NP (DT the) (NN ball))
      (SBAR (IN because)
        (S
          (NP (PRP it))
          (VP (VBD flew)
            (PP (IN in)
              (NP
                (NP (DT the) (NN way))
                (PP (IN of)
                  (NP (DT the) (NN trajectory)))))))))))

root(ROOT-0, hit-3)
det(bat-2, The-1)
nsubj(hit-3, bat-2)
det(ball-5, the-4)
dobj(hit-3, ball-5)
mark(flew-8, because-6)
nsubj(flew-8, it-7)
advcl:because(hit-3, flew-8)
case(way-11, in-9)
det(way-11, the-10)
nmod:in(flew-8, way-11)
case(trajectory-14, of-12)
det(trajectory-14, the-13)
nmod:of(way-11, trajectory-14)

Coreference set:
	(1,7,[7,8]) -> (1,2,[1,3]), that is: "it" -> "The bat"
