Sentence #1 (10 tokens):
The apple wine entered my mouth because it tastes good
[Text=The CharacterOffsetBegin=0 CharacterOffsetEnd=3 PartOfSpeech=DT Lemma=the NamedEntityTag=O]
[Text=apple CharacterOffsetBegin=4 CharacterOffsetEnd=9 PartOfSpeech=NN Lemma=apple NamedEntityTag=O]
[Text=wine CharacterOffsetBegin=10 CharacterOffsetEnd=14 PartOfSpeech=NN Lemma=wine NamedEntityTag=O]
[Text=entered CharacterOffsetBegin=15 CharacterOffsetEnd=22 PartOfSpeech=VBD Lemma=enter NamedEntityTag=O]
[Text=my CharacterOffsetBegin=23 CharacterOffsetEnd=25 PartOfSpeech=PRP$ Lemma=my NamedEntityTag=O]
[Text=mouth CharacterOffsetBegin=26 CharacterOffsetEnd=31 PartOfSpeech=NN Lemma=mouth NamedEntityTag=O]
[Text=because CharacterOffsetBegin=32 CharacterOffsetEnd=39 PartOfSpeech=IN Lemma=because NamedEntityTag=O]
[Text=it CharacterOffsetBegin=40 CharacterOffsetEnd=42 PartOfSpeech=PRP Lemma=it NamedEntityTag=O]
[Text=tastes CharacterOffsetBegin=43 CharacterOffsetEnd=49 PartOfSpeech=VBZ Lemma=taste NamedEntityTag=O]
[Text=good CharacterOffsetBegin=50 CharacterOffsetEnd=54 PartOfSpeech=JJ Lemma=good NamedEntityTag=O]
(ROOT
  (S
    (NP (DT The) (NN apple) (NN wine))
    (VP (VBD entered)
      (NP (PRP$ my) (NN mouth))
      (SBAR (IN because)
        (S
          (NP (PRP it))
          (VP (VBZ tastes)
            (ADJP (JJ good))))))))

root(ROOT-0, entered-4)
det(wine-3, The-1)
compound(wine-3, apple-2)
nsubj(entered-4, wine-3)
nmod:poss(mouth-6, my-5)
dobj(entered-4, mouth-6)
mark(tastes-9, because-7)
nsubj(tastes-9, it-8)
advcl:because(entered-4, tastes-9)
xcomp(tastes-9, good-10)

Coreference set:
	(1,8,[8,9]) -> (1,3,[1,4]), that is: "it" -> "The apple wine"
