Sentence #1 (15 tokens):
The boy helped his friend move because he was going to be busy all day
[Text=The CharacterOffsetBegin=0 CharacterOffsetEnd=3 PartOfSpeech=DT Lemma=the NamedEntityTag=O]
[Text=boy CharacterOffsetBegin=4 CharacterOffsetEnd=7 PartOfSpeech=NN Lemma=boy NamedEntityTag=O]
[Text=helped CharacterOffsetBegin=8 CharacterOffsetEnd=14 PartOfSpeech=VBD Lemma=help NamedEntityTag=O]
[Text=his CharacterOffsetBegin=15 CharacterOffsetEnd=18 PartOfSpeech=PRP$ Lemma=he NamedEntityTag=O]
[Text=friend CharacterOffsetBegin=19 CharacterOffsetEnd=25 PartOfSpeech=NN Lemma=friend NamedEntityTag=O]
[Text=move CharacterOffsetBegin=26 CharacterOffsetEnd=30 PartOfSpeech=NN Lemma=move NamedEntityTag=O]
[Text=because CharacterOffsetBegin=31 CharacterOffsetEnd=38 PartOfSpeech=IN Lemma=because NamedEntityTag=O]
[Text=he CharacterOffsetBegin=39 CharacterOffsetEnd=41 PartOfSpeech=PRP Lemma=he NamedEntityTag=O]
[Text=was CharacterOffsetBegin=42 CharacterOffsetEnd=45 PartOfSpeech=VBD Lemma=be NamedEntityTag=O]
[Text=going CharacterOffsetBegin=46 CharacterOffsetEnd=51 PartOfSpeech=VBG Lemma=go NamedEntityTag=O]
[Text=to CharacterOffsetBegin=52 CharacterOffsetEnd=54 PartOfSpeech=TO Lemma=to NamedEntityTag=O]
[Text=be CharacterOffsetBegin=55 CharacterOffsetEnd=57 PartOfSpeech=VB Lemma=be NamedEntityTag=O]
[Text=busy CharacterOffsetBegin=58 CharacterOffsetEnd=62 PartOfSpeech=JJ Lemma=busy NamedEntityTag=O]
[Text=all CharacterOffsetBegin=63 CharacterOffsetEnd=66 PartOfSpeech=DT Lemma=all NamedEntityTag=O]
[Text=day CharacterOffsetBegin=67 CharacterOffsetEnd=70 PartOfSpeech=NN Lemma=day NamedEntityTag=DURATION NormalizedNamedEntityTag=P1D Timex=<TIMEX3 tid="t1" type="DURATION" value="P1D">day</TIMEX3>]
(ROOT
  (S
    (NP (DT The) (NN boy))
    (VP (VBD helped)
      (NP (PRP$ his) (NN friend) (NN move))
      (SBAR (IN because)
        (S
          (NP (PRP he))
          (VP (VBD was)
            (VP (VBG going)
              (S
                (VP (TO to)
                  (VP (VB be)
                    (ADJP (JJ busy))
                    (NP-TMP (DT all) (NN day))))))))))))

root(ROOT-0, helped-3)
det(boy-2, The-1)
nsubj(helped-3, boy-2)
nmod:poss(move-6, his-4)
compound(move-6, friend-5)
dobj(helped-3, move-6)
mark(going-10, because-7)
nsubj(going-10, he-8)
nsubj:xsubj(busy-13, he-8)
aux(going-10, was-9)
advcl:because(helped-3, going-10)
mark(busy-13, to-11)
cop(busy-13, be-12)
xcomp(going-10, busy-13)
det(day-15, all-14)
nmod:tmod(busy-13, day-15)

Coreference set:
	(1,4,[4,5]) -> (1,2,[1,3]), that is: "his" -> "The boy"
	(1,8,[8,9]) -> (1,2,[1,3]), that is: "he" -> "The boy"
