Sentence #1 (12 tokens):
The boy secretly watched his friend because he wanted the secret information
[Text=The CharacterOffsetBegin=0 CharacterOffsetEnd=3 PartOfSpeech=DT Lemma=the NamedEntityTag=O]
[Text=boy CharacterOffsetBegin=4 CharacterOffsetEnd=7 PartOfSpeech=NN Lemma=boy NamedEntityTag=O]
[Text=secretly CharacterOffsetBegin=8 CharacterOffsetEnd=16 PartOfSpeech=RB Lemma=secretly NamedEntityTag=O]
[Text=watched CharacterOffsetBegin=17 CharacterOffsetEnd=24 PartOfSpeech=VBD Lemma=watch NamedEntityTag=O]
[Text=his CharacterOffsetBegin=25 CharacterOffsetEnd=28 PartOfSpeech=PRP$ Lemma=he NamedEntityTag=O]
[Text=friend CharacterOffsetBegin=29 CharacterOffsetEnd=35 PartOfSpeech=NN Lemma=friend NamedEntityTag=O]
[Text=because CharacterOffsetBegin=36 CharacterOffsetEnd=43 PartOfSpeech=IN Lemma=because NamedEntityTag=O]
[Text=he CharacterOffsetBegin=44 CharacterOffsetEnd=46 PartOfSpeech=PRP Lemma=he NamedEntityTag=O]
[Text=wanted CharacterOffsetBegin=47 CharacterOffsetEnd=53 PartOfSpeech=VBD Lemma=want NamedEntityTag=O]
[Text=the CharacterOffsetBegin=54 CharacterOffsetEnd=57 PartOfSpeech=DT Lemma=the NamedEntityTag=O]
[Text=secret CharacterOffsetBegin=58 CharacterOffsetEnd=64 PartOfSpeech=JJ Lemma=secret NamedEntityTag=O]
[Text=information CharacterOffsetBegin=65 CharacterOffsetEnd=76 PartOfSpeech=NN Lemma=information NamedEntityTag=O]
(ROOT
  (S
    (NP (DT The) (NN boy))
    (VP
      (ADVP (RB secretly))
      (VBD watched)
      (NP (PRP$ his) (NN friend))
      (SBAR (IN because)
        (S
          (NP (PRP he))
          (VP (VBD wanted)
            (NP (DT the) (JJ secret) (NN information))))))))

root(ROOT-0, watched-4)
det(boy-2, The-1)
nsubj(watched-4, boy-2)
advmod(watched-4, secretly-3)
nmod:poss(friend-6, his-5)
dobj(watched-4, friend-6)
mark(wanted-9, because-7)
nsubj(wanted-9, he-8)
advcl:because(watched-4, wanted-9)
det(information-12, the-10)
amod(information-12, secret-11)
dobj(wanted-9, information-12)

Coreference set:
	(1,5,[5,6]) -> (1,2,[1,3]), that is: "his" -> "The boy"
	(1,8,[8,9]) -> (1,2,[1,3]), that is: "he" -> "The boy"
