Sentence #1 (13 tokens):
The bug was flying towards the light, but it was extinguished prematurely
[Text=The CharacterOffsetBegin=0 CharacterOffsetEnd=3 PartOfSpeech=DT Lemma=the NamedEntityTag=O]
[Text=bug CharacterOffsetBegin=4 CharacterOffsetEnd=7 PartOfSpeech=NN Lemma=bug NamedEntityTag=O]
[Text=was CharacterOffsetBegin=8 CharacterOffsetEnd=11 PartOfSpeech=VBD Lemma=be NamedEntityTag=O]
[Text=flying CharacterOffsetBegin=12 CharacterOffsetEnd=18 PartOfSpeech=VBG Lemma=fly NamedEntityTag=O]
[Text=towards CharacterOffsetBegin=19 CharacterOffsetEnd=26 PartOfSpeech=IN Lemma=towards NamedEntityTag=O]
[Text=the CharacterOffsetBegin=27 CharacterOffsetEnd=30 PartOfSpeech=DT Lemma=the NamedEntityTag=O]
[Text=light CharacterOffsetBegin=31 CharacterOffsetEnd=36 PartOfSpeech=NN Lemma=light NamedEntityTag=O]
[Text=, CharacterOffsetBegin=36 CharacterOffsetEnd=37 PartOfSpeech=, Lemma=, NamedEntityTag=O]
[Text=but CharacterOffsetBegin=38 CharacterOffsetEnd=41 PartOfSpeech=CC Lemma=but NamedEntityTag=O]
[Text=it CharacterOffsetBegin=42 CharacterOffsetEnd=44 PartOfSpeech=PRP Lemma=it NamedEntityTag=O]
[Text=was CharacterOffsetBegin=45 CharacterOffsetEnd=48 PartOfSpeech=VBD Lemma=be NamedEntityTag=O]
[Text=extinguished CharacterOffsetBegin=49 CharacterOffsetEnd=61 PartOfSpeech=VBN Lemma=extinguish NamedEntityTag=O]
[Text=prematurely CharacterOffsetBegin=62 CharacterOffsetEnd=73 PartOfSpeech=RB Lemma=prematurely NamedEntityTag=O]
(ROOT
  (FRAG
    (S
      (S
        (NP (DT The) (NN bug))
        (VP (VBD was)
          (VP (VBG flying)
            (PP (IN towards)
              (NP (DT the) (NN light))))))
      (, ,)
      (CC but)
      (S
        (NP (PRP it))
        (VP (VBD was)
          (VP (VBN extinguished)
            (ADVP (RB prematurely))))))))

root(ROOT-0, flying-4)
det(bug-2, The-1)
nsubj(flying-4, bug-2)
aux(flying-4, was-3)
case(light-7, towards-5)
det(light-7, the-6)
nmod:towards(flying-4, light-7)
punct(flying-4, ,-8)
cc(flying-4, but-9)
nsubjpass(extinguished-12, it-10)
auxpass(extinguished-12, was-11)
conj:but(flying-4, extinguished-12)
advmod(extinguished-12, prematurely-13)

Coreference set:
	(1,10,[10,11]) -> (1,2,[1,3]), that is: "it" -> "The bug"
