Sentence #1 (12 tokens):
The man offered the boy candy, but he got no candy
[Text=The CharacterOffsetBegin=0 CharacterOffsetEnd=3 PartOfSpeech=DT Lemma=the NamedEntityTag=O]
[Text=man CharacterOffsetBegin=4 CharacterOffsetEnd=7 PartOfSpeech=NN Lemma=man NamedEntityTag=O]
[Text=offered CharacterOffsetBegin=8 CharacterOffsetEnd=15 PartOfSpeech=VBD Lemma=offer NamedEntityTag=O]
[Text=the CharacterOffsetBegin=16 CharacterOffsetEnd=19 PartOfSpeech=DT Lemma=the NamedEntityTag=O]
[Text=boy CharacterOffsetBegin=20 CharacterOffsetEnd=23 PartOfSpeech=NN Lemma=boy NamedEntityTag=O]
[Text=candy CharacterOffsetBegin=24 CharacterOffsetEnd=29 PartOfSpeech=NN Lemma=candy NamedEntityTag=O]
[Text=, CharacterOffsetBegin=29 CharacterOffsetEnd=30 PartOfSpeech=, Lemma=, NamedEntityTag=O]
[Text=but CharacterOffsetBegin=31 CharacterOffsetEnd=34 PartOfSpeech=CC Lemma=but NamedEntityTag=O]
[Text=he CharacterOffsetBegin=35 CharacterOffsetEnd=37 PartOfSpeech=PRP Lemma=he NamedEntityTag=O]
[Text=got CharacterOffsetBegin=38 CharacterOffsetEnd=41 PartOfSpeech=VBD Lemma=get NamedEntityTag=O]
[Text=no CharacterOffsetBegin=42 CharacterOffsetEnd=44 PartOfSpeech=DT Lemma=no NamedEntityTag=O]
[Text=candy CharacterOffsetBegin=45 CharacterOffsetEnd=50 PartOfSpeech=NN Lemma=candy NamedEntityTag=O]
(ROOT
  (FRAG
    (S
      (S
        (NP (DT The) (NN man))
        (VP (VBD offered)
          (NP (DT the) (NN boy) (NN candy))))
      (, ,)
      (CC but)
      (S
        (NP (PRP he))
        (VP (VBD got)
          (NP (DT no) (NN candy)))))))

root(ROOT-0, offered-3)
det(man-2, The-1)
nsubj(offered-3, man-2)
det(candy-6, the-4)
compound(candy-6, boy-5)
dobj(offered-3, candy-6)
punct(offered-3, ,-7)
cc(offered-3, but-8)
nsubj(got-10, he-9)
conj:but(offered-3, got-10)
neg(candy-12, no-11)
dobj(got-10, candy-12)

Coreference set:
	(1,9,[9,10]) -> (1,2,[1,3]), that is: "he" -> "The man"
Coreference set:
	(1,12,[11,13]) -> (1,6,[4,7]), that is: "no candy" -> "the boy candy"
