Sentence #1 (11 tokens):
The baby cow cried at the farmer because he had milk
[Text=The CharacterOffsetBegin=0 CharacterOffsetEnd=3 PartOfSpeech=DT Lemma=the NamedEntityTag=O]
[Text=baby CharacterOffsetBegin=4 CharacterOffsetEnd=8 PartOfSpeech=NN Lemma=baby NamedEntityTag=O]
[Text=cow CharacterOffsetBegin=9 CharacterOffsetEnd=12 PartOfSpeech=NN Lemma=cow NamedEntityTag=O]
[Text=cried CharacterOffsetBegin=13 CharacterOffsetEnd=18 PartOfSpeech=VBD Lemma=cry NamedEntityTag=O]
[Text=at CharacterOffsetBegin=19 CharacterOffsetEnd=21 PartOfSpeech=IN Lemma=at NamedEntityTag=O]
[Text=the CharacterOffsetBegin=22 CharacterOffsetEnd=25 PartOfSpeech=DT Lemma=the NamedEntityTag=O]
[Text=farmer CharacterOffsetBegin=26 CharacterOffsetEnd=32 PartOfSpeech=NN Lemma=farmer NamedEntityTag=O]
[Text=because CharacterOffsetBegin=33 CharacterOffsetEnd=40 PartOfSpeech=IN Lemma=because NamedEntityTag=O]
[Text=he CharacterOffsetBegin=41 CharacterOffsetEnd=43 PartOfSpeech=PRP Lemma=he NamedEntityTag=O]
[Text=had CharacterOffsetBegin=44 CharacterOffsetEnd=47 PartOfSpeech=VBD Lemma=have NamedEntityTag=O]
[Text=milk CharacterOffsetBegin=48 CharacterOffsetEnd=52 PartOfSpeech=NN Lemma=milk NamedEntityTag=O]
(ROOT
  (S
    (NP (DT The) (NN baby) (NN cow))
    (VP (VBD cried)
      (PP (IN at)
        (NP (DT the) (NN farmer)))
      (SBAR (IN because)
        (S
          (NP (PRP he))
          (VP (VBD had)
            (NP (NN milk))))))))

root(ROOT-0, cried-4)
det(cow-3, The-1)
compound(cow-3, baby-2)
nsubj(cried-4, cow-3)
case(farmer-7, at-5)
det(farmer-7, the-6)
nmod:at(cried-4, farmer-7)
mark(had-10, because-8)
nsubj(had-10, he-9)
advcl:because(cried-4, had-10)
dobj(had-10, milk-11)

Coreference set:
	(1,9,[9,10]) -> (1,7,[6,8]), that is: "he" -> "the farmer"
