Sentence #1 (15 tokens):
My teacher asked a student to make sentences because he wanted to see him write
[Text=My CharacterOffsetBegin=0 CharacterOffsetEnd=2 PartOfSpeech=PRP$ Lemma=my NamedEntityTag=O]
[Text=teacher CharacterOffsetBegin=3 CharacterOffsetEnd=10 PartOfSpeech=NN Lemma=teacher NamedEntityTag=O]
[Text=asked CharacterOffsetBegin=11 CharacterOffsetEnd=16 PartOfSpeech=VBD Lemma=ask NamedEntityTag=O]
[Text=a CharacterOffsetBegin=17 CharacterOffsetEnd=18 PartOfSpeech=DT Lemma=a NamedEntityTag=O]
[Text=student CharacterOffsetBegin=19 CharacterOffsetEnd=26 PartOfSpeech=NN Lemma=student NamedEntityTag=O]
[Text=to CharacterOffsetBegin=27 CharacterOffsetEnd=29 PartOfSpeech=TO Lemma=to NamedEntityTag=O]
[Text=make CharacterOffsetBegin=30 CharacterOffsetEnd=34 PartOfSpeech=VB Lemma=make NamedEntityTag=O]
[Text=sentences CharacterOffsetBegin=35 CharacterOffsetEnd=44 PartOfSpeech=NNS Lemma=sentence NamedEntityTag=O]
[Text=because CharacterOffsetBegin=45 CharacterOffsetEnd=52 PartOfSpeech=IN Lemma=because NamedEntityTag=O]
[Text=he CharacterOffsetBegin=53 CharacterOffsetEnd=55 PartOfSpeech=PRP Lemma=he NamedEntityTag=O]
[Text=wanted CharacterOffsetBegin=56 CharacterOffsetEnd=62 PartOfSpeech=VBD Lemma=want NamedEntityTag=O]
[Text=to CharacterOffsetBegin=63 CharacterOffsetEnd=65 PartOfSpeech=TO Lemma=to NamedEntityTag=O]
[Text=see CharacterOffsetBegin=66 CharacterOffsetEnd=69 PartOfSpeech=VB Lemma=see NamedEntityTag=O]
[Text=him CharacterOffsetBegin=70 CharacterOffsetEnd=73 PartOfSpeech=PRP Lemma=he NamedEntityTag=O]
[Text=write CharacterOffsetBegin=74 CharacterOffsetEnd=79 PartOfSpeech=VB Lemma=write NamedEntityTag=O]
(ROOT
  (S
    (NP (PRP$ My) (NN teacher))
    (VP (VBD asked)
      (NP (DT a) (NN student)
        (S
          (VP (TO to)
            (VP (VB make)
              (NP (NNS sentences))
              (SBAR (IN because)
                (S
                  (NP (PRP he))
                  (VP (VBD wanted)
                    (S
                      (VP (TO to)
                        (VP (VB see)
                          (S
                            (NP (PRP him))
                            (VP (VB write))))))))))))))))

root(ROOT-0, asked-3)
nmod:poss(teacher-2, My-1)
nsubj(asked-3, teacher-2)
det(student-5, a-4)
dobj(asked-3, student-5)
mark(make-7, to-6)
acl:to(student-5, make-7)
dobj(make-7, sentences-8)
mark(wanted-11, because-9)
nsubj(wanted-11, he-10)
nsubj:xsubj(see-13, he-10)
advcl:because(make-7, wanted-11)
mark(see-13, to-12)
xcomp(wanted-11, see-13)
nsubj(write-15, him-14)
ccomp(see-13, write-15)

Coreference set:
	(1,10,[10,11]) -> (1,2,[1,3]), that is: "he" -> "My teacher"
	(1,14,[14,15]) -> (1,2,[1,3]), that is: "him" -> "My teacher"
