Sentence #1 (12 tokens):
The Skyline drifts better than the F-150 because it is well balanced
[Text=The CharacterOffsetBegin=0 CharacterOffsetEnd=3 PartOfSpeech=DT Lemma=the NamedEntityTag=O]
[Text=Skyline CharacterOffsetBegin=4 CharacterOffsetEnd=11 PartOfSpeech=NNP Lemma=Skyline NamedEntityTag=ORGANIZATION]
[Text=drifts CharacterOffsetBegin=12 CharacterOffsetEnd=18 PartOfSpeech=VBZ Lemma=drift NamedEntityTag=O]
[Text=better CharacterOffsetBegin=19 CharacterOffsetEnd=25 PartOfSpeech=JJR Lemma=better NamedEntityTag=O]
[Text=than CharacterOffsetBegin=26 CharacterOffsetEnd=30 PartOfSpeech=IN Lemma=than NamedEntityTag=O]
[Text=the CharacterOffsetBegin=31 CharacterOffsetEnd=34 PartOfSpeech=DT Lemma=the NamedEntityTag=O]
[Text=F-150 CharacterOffsetBegin=35 CharacterOffsetEnd=40 PartOfSpeech=NN Lemma=f-150 NamedEntityTag=MISC]
[Text=because CharacterOffsetBegin=41 CharacterOffsetEnd=48 PartOfSpeech=IN Lemma=because NamedEntityTag=O]
[Text=it CharacterOffsetBegin=49 CharacterOffsetEnd=51 PartOfSpeech=PRP Lemma=it NamedEntityTag=O]
[Text=is CharacterOffsetBegin=52 CharacterOffsetEnd=54 PartOfSpeech=VBZ Lemma=be NamedEntityTag=O]
[Text=well CharacterOffsetBegin=55 CharacterOffsetEnd=59 PartOfSpeech=RB Lemma=well NamedEntityTag=O]
[Text=balanced CharacterOffsetBegin=60 CharacterOffsetEnd=68 PartOfSpeech=JJ Lemma=balanced NamedEntityTag=O]
(ROOT
  (S
    (NP (DT The) (NNP Skyline))
    (VP (VBZ drifts)
      (ADJP
        (ADJP (JJR better))
        (PP (IN than)
          (NP (DT the) (NN F-150))))
      (SBAR (IN because)
        (S
          (NP (PRP it))
          (VP (VBZ is)
            (ADJP (RB well) (JJ balanced))))))))

root(ROOT-0, drifts-3)
det(Skyline-2, The-1)
nsubj(drifts-3, Skyline-2)
xcomp(drifts-3, better-4)
case(F-150-7, than-5)
det(F-150-7, the-6)
nmod:than(better-4, F-150-7)
mark(balanced-12, because-8)
nsubj(balanced-12, it-9)
cop(balanced-12, is-10)
advmod(balanced-12, well-11)
advcl:because(drifts-3, balanced-12)

Coreference set:
	(1,9,[9,10]) -> (1,2,[1,3]), that is: "it" -> "The Skyline"
