Sentence #1 (14 tokens):
The Skyline drifts better than the F-150 because it is not meant to drift
[Text=The CharacterOffsetBegin=0 CharacterOffsetEnd=3 PartOfSpeech=DT Lemma=the NamedEntityTag=O]
[Text=Skyline CharacterOffsetBegin=4 CharacterOffsetEnd=11 PartOfSpeech=NNP Lemma=Skyline NamedEntityTag=ORGANIZATION]
[Text=drifts CharacterOffsetBegin=12 CharacterOffsetEnd=18 PartOfSpeech=VBZ Lemma=drift NamedEntityTag=O]
[Text=better CharacterOffsetBegin=19 CharacterOffsetEnd=25 PartOfSpeech=JJR Lemma=better NamedEntityTag=O]
[Text=than CharacterOffsetBegin=26 CharacterOffsetEnd=30 PartOfSpeech=IN Lemma=than NamedEntityTag=O]
[Text=the CharacterOffsetBegin=31 CharacterOffsetEnd=34 PartOfSpeech=DT Lemma=the NamedEntityTag=O]
[Text=F-150 CharacterOffsetBegin=35 CharacterOffsetEnd=40 PartOfSpeech=NN Lemma=f-150 NamedEntityTag=MISC]
[Text=because CharacterOffsetBegin=41 CharacterOffsetEnd=48 PartOfSpeech=IN Lemma=because NamedEntityTag=O]
[Text=it CharacterOffsetBegin=49 CharacterOffsetEnd=51 PartOfSpeech=PRP Lemma=it NamedEntityTag=O]
[Text=is CharacterOffsetBegin=52 CharacterOffsetEnd=54 PartOfSpeech=VBZ Lemma=be NamedEntityTag=O]
[Text=not CharacterOffsetBegin=55 CharacterOffsetEnd=58 PartOfSpeech=RB Lemma=not NamedEntityTag=O]
[Text=meant CharacterOffsetBegin=59 CharacterOffsetEnd=64 PartOfSpeech=VBN Lemma=mean NamedEntityTag=O]
[Text=to CharacterOffsetBegin=65 CharacterOffsetEnd=67 PartOfSpeech=TO Lemma=to NamedEntityTag=O]
[Text=drift CharacterOffsetBegin=68 CharacterOffsetEnd=73 PartOfSpeech=VB Lemma=drift NamedEntityTag=O]
(ROOT
  (S
    (NP (DT The) (NNP Skyline))
    (VP (VBZ drifts)
      (ADJP
        (ADJP (JJR better))
        (PP (IN than)
          (NP (DT the) (NN F-150))))
      (SBAR (IN because)
        (S
          (NP (PRP it))
          (VP (VBZ is) (RB not)
            (VP (VBN meant)
              (S
                (VP (TO to)
                  (VP (VB drift)))))))))))

root(ROOT-0, drifts-3)
det(Skyline-2, The-1)
nsubj(drifts-3, Skyline-2)
xcomp(drifts-3, better-4)
case(F-150-7, than-5)
det(F-150-7, the-6)
nmod:than(better-4, F-150-7)
mark(meant-12, because-8)
nsubjpass(meant-12, it-9)
nsubj:xsubj(drift-14, it-9)
auxpass(meant-12, is-10)
neg(meant-12, not-11)
advcl:because(drifts-3, meant-12)
mark(drift-14, to-13)
xcomp(meant-12, drift-14)

