Sentence #1 (15 tokens):
The city council granted a permit to the construction workers because they were well qualified
[Text=The CharacterOffsetBegin=0 CharacterOffsetEnd=3 PartOfSpeech=DT Lemma=the NamedEntityTag=O]
[Text=city CharacterOffsetBegin=4 CharacterOffsetEnd=8 PartOfSpeech=NN Lemma=city NamedEntityTag=O]
[Text=council CharacterOffsetBegin=9 CharacterOffsetEnd=16 PartOfSpeech=NN Lemma=council NamedEntityTag=O]
[Text=granted CharacterOffsetBegin=17 CharacterOffsetEnd=24 PartOfSpeech=VBD Lemma=grant NamedEntityTag=O]
[Text=a CharacterOffsetBegin=25 CharacterOffsetEnd=26 PartOfSpeech=DT Lemma=a NamedEntityTag=O]
[Text=permit CharacterOffsetBegin=27 CharacterOffsetEnd=33 PartOfSpeech=NN Lemma=permit NamedEntityTag=O]
[Text=to CharacterOffsetBegin=34 CharacterOffsetEnd=36 PartOfSpeech=TO Lemma=to NamedEntityTag=O]
[Text=the CharacterOffsetBegin=37 CharacterOffsetEnd=40 PartOfSpeech=DT Lemma=the NamedEntityTag=O]
[Text=construction CharacterOffsetBegin=41 CharacterOffsetEnd=53 PartOfSpeech=NN Lemma=construction NamedEntityTag=O]
[Text=workers CharacterOffsetBegin=54 CharacterOffsetEnd=61 PartOfSpeech=NNS Lemma=worker NamedEntityTag=O]
[Text=because CharacterOffsetBegin=62 CharacterOffsetEnd=69 PartOfSpeech=IN Lemma=because NamedEntityTag=O]
[Text=they CharacterOffsetBegin=70 CharacterOffsetEnd=74 PartOfSpeech=PRP Lemma=they NamedEntityTag=O]
[Text=were CharacterOffsetBegin=75 CharacterOffsetEnd=79 PartOfSpeech=VBD Lemma=be NamedEntityTag=O]
[Text=well CharacterOffsetBegin=80 CharacterOffsetEnd=84 PartOfSpeech=RB Lemma=well NamedEntityTag=O]
[Text=qualified CharacterOffsetBegin=85 CharacterOffsetEnd=94 PartOfSpeech=VBN Lemma=qualify NamedEntityTag=O]
(ROOT
  (S
    (NP (DT The) (NN city) (NN council))
    (VP (VBD granted)
      (NP (DT a) (NN permit))
      (PP (TO to)
        (NP (DT the) (NN construction) (NNS workers)))
      (SBAR (IN because)
        (S
          (NP (PRP they))
          (VP (VBD were)
            (ADJP (RB well) (VBN qualified))))))))

root(ROOT-0, granted-4)
det(council-3, The-1)
compound(council-3, city-2)
nsubj(granted-4, council-3)
det(permit-6, a-5)
dobj(granted-4, permit-6)
case(workers-10, to-7)
det(workers-10, the-8)
compound(workers-10, construction-9)
nmod:to(granted-4, workers-10)
mark(qualified-15, because-11)
nsubjpass(qualified-15, they-12)
auxpass(qualified-15, were-13)
advmod(qualified-15, well-14)
advcl:because(granted-4, qualified-15)

Coreference set:
	(1,12,[12,13]) -> (1,10,[8,11]), that is: "they" -> "the construction workers"
