Sentence #1 (11 tokens):
The Detroit Lions beat the Dallas Cowboys because they were unprepared
[Text=The CharacterOffsetBegin=0 CharacterOffsetEnd=3 PartOfSpeech=DT Lemma=the NamedEntityTag=O]
[Text=Detroit CharacterOffsetBegin=4 CharacterOffsetEnd=11 PartOfSpeech=NNP Lemma=Detroit NamedEntityTag=ORGANIZATION]
[Text=Lions CharacterOffsetBegin=12 CharacterOffsetEnd=17 PartOfSpeech=NNPS Lemma=Lions NamedEntityTag=ORGANIZATION]
[Text=beat CharacterOffsetBegin=18 CharacterOffsetEnd=22 PartOfSpeech=VBD Lemma=beat NamedEntityTag=O]
[Text=the CharacterOffsetBegin=23 CharacterOffsetEnd=26 PartOfSpeech=DT Lemma=the NamedEntityTag=O]
[Text=Dallas CharacterOffsetBegin=27 CharacterOffsetEnd=33 PartOfSpeech=NNP Lemma=Dallas NamedEntityTag=ORGANIZATION]
[Text=Cowboys CharacterOffsetBegin=34 CharacterOffsetEnd=41 PartOfSpeech=NNPS Lemma=Cowboys NamedEntityTag=ORGANIZATION]
[Text=because CharacterOffsetBegin=42 CharacterOffsetEnd=49 PartOfSpeech=IN Lemma=because NamedEntityTag=O]
[Text=they CharacterOffsetBegin=50 CharacterOffsetEnd=54 PartOfSpeech=PRP Lemma=they NamedEntityTag=O]
[Text=were CharacterOffsetBegin=55 CharacterOffsetEnd=59 PartOfSpeech=VBD Lemma=be NamedEntityTag=O]
[Text=unprepared CharacterOffsetBegin=60 CharacterOffsetEnd=70 PartOfSpeech=JJ Lemma=unprepared NamedEntityTag=O]
(ROOT
  (S
    (NP (DT The) (NNP Detroit) (NNPS Lions))
    (VP (VBD beat)
      (NP (DT the) (NNP Dallas) (NNPS Cowboys))
      (SBAR (IN because)
        (S
          (NP (PRP they))
          (VP (VBD were)
            (ADJP (JJ unprepared))))))))

root(ROOT-0, beat-4)
det(Lions-3, The-1)
compound(Lions-3, Detroit-2)
nsubj(beat-4, Lions-3)
det(Cowboys-7, the-5)
compound(Cowboys-7, Dallas-6)
dobj(beat-4, Cowboys-7)
mark(unprepared-11, because-8)
nsubj(unprepared-11, they-9)
cop(unprepared-11, were-10)
advcl:because(beat-4, unprepared-11)

