Sentence #1 (17 tokens):
James Cameron is more successful than Michael Bay because his movies do not create as much hype
[Text=James CharacterOffsetBegin=0 CharacterOffsetEnd=5 PartOfSpeech=NNP Lemma=James NamedEntityTag=PERSON]
[Text=Cameron CharacterOffsetBegin=6 CharacterOffsetEnd=13 PartOfSpeech=NNP Lemma=Cameron NamedEntityTag=PERSON]
[Text=is CharacterOffsetBegin=14 CharacterOffsetEnd=16 PartOfSpeech=VBZ Lemma=be NamedEntityTag=O]
[Text=more CharacterOffsetBegin=17 CharacterOffsetEnd=21 PartOfSpeech=RBR Lemma=more NamedEntityTag=O]
[Text=successful CharacterOffsetBegin=22 CharacterOffsetEnd=32 PartOfSpeech=JJ Lemma=successful NamedEntityTag=O]
[Text=than CharacterOffsetBegin=33 CharacterOffsetEnd=37 PartOfSpeech=IN Lemma=than NamedEntityTag=O]
[Text=Michael CharacterOffsetBegin=38 CharacterOffsetEnd=45 PartOfSpeech=NNP Lemma=Michael NamedEntityTag=PERSON]
[Text=Bay CharacterOffsetBegin=46 CharacterOffsetEnd=49 PartOfSpeech=NNP Lemma=Bay NamedEntityTag=PERSON]
[Text=because CharacterOffsetBegin=50 CharacterOffsetEnd=57 PartOfSpeech=IN Lemma=because NamedEntityTag=O]
[Text=his CharacterOffsetBegin=58 CharacterOffsetEnd=61 PartOfSpeech=PRP$ Lemma=he NamedEntityTag=O]
[Text=movies CharacterOffsetBegin=62 CharacterOffsetEnd=68 PartOfSpeech=NNS Lemma=movie NamedEntityTag=O]
[Text=do CharacterOffsetBegin=69 CharacterOffsetEnd=71 PartOfSpeech=VBP Lemma=do NamedEntityTag=O]
[Text=not CharacterOffsetBegin=72 CharacterOffsetEnd=75 PartOfSpeech=RB Lemma=not NamedEntityTag=O]
[Text=create CharacterOffsetBegin=76 CharacterOffsetEnd=82 PartOfSpeech=VB Lemma=create NamedEntityTag=O]
[Text=as CharacterOffsetBegin=83 CharacterOffsetEnd=85 PartOfSpeech=RB Lemma=as NamedEntityTag=O]
[Text=much CharacterOffsetBegin=86 CharacterOffsetEnd=90 PartOfSpeech=JJ Lemma=much NamedEntityTag=O]
[Text=hype CharacterOffsetBegin=91 CharacterOffsetEnd=95 PartOfSpeech=NN Lemma=hype NamedEntityTag=O]
(ROOT
  (S
    (NP (NNP James) (NNP Cameron))
    (VP (VBZ is)
      (ADJP (RBR more) (JJ successful)
        (PP (IN than)
          (NP (NNP Michael) (NNP Bay))))
      (SBAR (IN because)
        (S
          (NP (PRP$ his) (NNS movies))
          (VP (VBP do) (RB not)
            (VP (VB create)
              (NP
                (ADJP (RB as) (JJ much))
                (NN hype)))))))))

root(ROOT-0, successful-5)
compound(Cameron-2, James-1)
nsubj(successful-5, Cameron-2)
cop(successful-5, is-3)
advmod(successful-5, more-4)
case(Bay-8, than-6)
compound(Bay-8, Michael-7)
nmod:than(successful-5, Bay-8)
mark(create-14, because-9)
nmod:poss(movies-11, his-10)
nsubj(create-14, movies-11)
aux(create-14, do-12)
neg(create-14, not-13)
advcl:because(successful-5, create-14)
advmod(much-16, as-15)
amod(hype-17, much-16)
dobj(create-14, hype-17)

Coreference set:
	(1,10,[10,11]) -> (1,2,[1,3]), that is: "his" -> "James Cameron"
