Sentence #1 (16 tokens):
The Penguins scored two goals against the Flyers in two minutes because they were not concentrating
[Text=The CharacterOffsetBegin=0 CharacterOffsetEnd=3 PartOfSpeech=DT Lemma=the NamedEntityTag=O]
[Text=Penguins CharacterOffsetBegin=4 CharacterOffsetEnd=12 PartOfSpeech=NNPS Lemma=Penguins NamedEntityTag=ORGANIZATION]
[Text=scored CharacterOffsetBegin=13 CharacterOffsetEnd=19 PartOfSpeech=VBD Lemma=score NamedEntityTag=O]
[Text=two CharacterOffsetBegin=20 CharacterOffsetEnd=23 PartOfSpeech=CD Lemma=two NamedEntityTag=NUMBER NormalizedNamedEntityTag=2.0]
[Text=goals CharacterOffsetBegin=24 CharacterOffsetEnd=29 PartOfSpeech=NNS Lemma=goal NamedEntityTag=O]
[Text=against CharacterOffsetBegin=30 CharacterOffsetEnd=37 PartOfSpeech=IN Lemma=against NamedEntityTag=O]
[Text=the CharacterOffsetBegin=38 CharacterOffsetEnd=41 PartOfSpeech=DT Lemma=the NamedEntityTag=O]
[Text=Flyers CharacterOffsetBegin=42 CharacterOffsetEnd=48 PartOfSpeech=NNPS Lemma=Flyers NamedEntityTag=ORGANIZATION]
[Text=in CharacterOffsetBegin=49 CharacterOffsetEnd=51 PartOfSpeech=IN Lemma=in NamedEntityTag=O]
[Text=two CharacterOffsetBegin=52 CharacterOffsetEnd=55 PartOfSpeech=CD Lemma=two NamedEntityTag=DURATION NormalizedNamedEntityTag=PT2M Timex=<TIMEX3 tid="t1" type="DURATION" value="PT2M">two minutes</TIMEX3>]
[Text=minutes CharacterOffsetBegin=56 CharacterOffsetEnd=63 PartOfSpeech=NNS Lemma=minute NamedEntityTag=DURATION NormalizedNamedEntityTag=PT2M Timex=<TIMEX3 tid="t1" type="DURATION" value="PT2M">two minutes</TIMEX3>]
[Text=because CharacterOffsetBegin=64 CharacterOffsetEnd=71 PartOfSpeech=IN Lemma=because NamedEntityTag=O]
[Text=they CharacterOffsetBegin=72 CharacterOffsetEnd=76 PartOfSpeech=PRP Lemma=they NamedEntityTag=O]
[Text=were CharacterOffsetBegin=77 CharacterOffsetEnd=81 PartOfSpeech=VBD Lemma=be NamedEntityTag=O]
[Text=not CharacterOffsetBegin=82 CharacterOffsetEnd=85 PartOfSpeech=RB Lemma=not NamedEntityTag=O]
[Text=concentrating CharacterOffsetBegin=86 CharacterOffsetEnd=99 PartOfSpeech=VBG Lemma=concentrate NamedEntityTag=O]
(ROOT
  (S
    (NP (DT The) (NNPS Penguins))
    (VP (VBD scored)
      (NP (CD two) (NNS goals))
      (PP (IN against)
        (NP (DT the) (NNPS Flyers)))
      (PP (IN in)
        (NP (CD two) (NNS minutes)))
      (SBAR (IN because)
        (S
          (NP (PRP they))
          (VP (VBD were) (RB not)
            (VP (VBG concentrating))))))))

root(ROOT-0, scored-3)
det(Penguins-2, The-1)
nsubj(scored-3, Penguins-2)
nummod(goals-5, two-4)
dobj(scored-3, goals-5)
case(Flyers-8, against-6)
det(Flyers-8, the-7)
nmod:against(scored-3, Flyers-8)
case(minutes-11, in-9)
nummod(minutes-11, two-10)
nmod:in(scored-3, minutes-11)
mark(concentrating-16, because-12)
nsubj(concentrating-16, they-13)
aux(concentrating-16, were-14)
neg(concentrating-16, not-15)
advcl:because(scored-3, concentrating-16)

