Sentence #1 (14 tokens):
Fox News is more popular in ratings than CNN since they are more interesting
[Text=Fox CharacterOffsetBegin=0 CharacterOffsetEnd=3 PartOfSpeech=NNP Lemma=Fox NamedEntityTag=ORGANIZATION]
[Text=News CharacterOffsetBegin=4 CharacterOffsetEnd=8 PartOfSpeech=NNP Lemma=News NamedEntityTag=ORGANIZATION]
[Text=is CharacterOffsetBegin=9 CharacterOffsetEnd=11 PartOfSpeech=VBZ Lemma=be NamedEntityTag=O]
[Text=more CharacterOffsetBegin=12 CharacterOffsetEnd=16 PartOfSpeech=RBR Lemma=more NamedEntityTag=O]
[Text=popular CharacterOffsetBegin=17 CharacterOffsetEnd=24 PartOfSpeech=JJ Lemma=popular NamedEntityTag=O]
[Text=in CharacterOffsetBegin=25 CharacterOffsetEnd=27 PartOfSpeech=IN Lemma=in NamedEntityTag=O]
[Text=ratings CharacterOffsetBegin=28 CharacterOffsetEnd=35 PartOfSpeech=NNS Lemma=rating NamedEntityTag=O]
[Text=than CharacterOffsetBegin=36 CharacterOffsetEnd=40 PartOfSpeech=IN Lemma=than NamedEntityTag=O]
[Text=CNN CharacterOffsetBegin=41 CharacterOffsetEnd=44 PartOfSpeech=NNP Lemma=CNN NamedEntityTag=ORGANIZATION]
[Text=since CharacterOffsetBegin=45 CharacterOffsetEnd=50 PartOfSpeech=IN Lemma=since NamedEntityTag=O]
[Text=they CharacterOffsetBegin=51 CharacterOffsetEnd=55 PartOfSpeech=PRP Lemma=they NamedEntityTag=O]
[Text=are CharacterOffsetBegin=56 CharacterOffsetEnd=59 PartOfSpeech=VBP Lemma=be NamedEntityTag=O]
[Text=more CharacterOffsetBegin=60 CharacterOffsetEnd=64 PartOfSpeech=RBR Lemma=more NamedEntityTag=O]
[Text=interesting CharacterOffsetBegin=65 CharacterOffsetEnd=76 PartOfSpeech=JJ Lemma=interesting NamedEntityTag=O]
(ROOT
  (S
    (NP (NNP Fox) (NNP News))
    (VP (VBZ is)
      (ADJP (RBR more) (JJ popular)
        (PP (IN in)
          (NP
            (NP (NNS ratings))
            (PP (IN than)
              (NP (NNP CNN))))))
      (SBAR (IN since)
        (S
          (NP (PRP they))
          (VP (VBP are)
            (ADJP (RBR more) (JJ interesting))))))))

root(ROOT-0, popular-5)
compound(News-2, Fox-1)
nsubj(popular-5, News-2)
cop(popular-5, is-3)
advmod(popular-5, more-4)
case(ratings-7, in-6)
nmod:in(popular-5, ratings-7)
case(CNN-9, than-8)
nmod:than(ratings-7, CNN-9)
mark(interesting-14, since-10)
nsubj(interesting-14, they-11)
cop(interesting-14, are-12)
advmod(interesting-14, more-13)
advcl:since(popular-5, interesting-14)

