Sentence #1 (16 tokens):
The Autobots try to stop the Decepticons since they want the world to live in peace
[Text=The CharacterOffsetBegin=0 CharacterOffsetEnd=3 PartOfSpeech=DT Lemma=the NamedEntityTag=O]
[Text=Autobots CharacterOffsetBegin=4 CharacterOffsetEnd=12 PartOfSpeech=NNPS Lemma=Autobots NamedEntityTag=O]
[Text=try CharacterOffsetBegin=13 CharacterOffsetEnd=16 PartOfSpeech=VBP Lemma=try NamedEntityTag=O]
[Text=to CharacterOffsetBegin=17 CharacterOffsetEnd=19 PartOfSpeech=TO Lemma=to NamedEntityTag=O]
[Text=stop CharacterOffsetBegin=20 CharacterOffsetEnd=24 PartOfSpeech=VB Lemma=stop NamedEntityTag=O]
[Text=the CharacterOffsetBegin=25 CharacterOffsetEnd=28 PartOfSpeech=DT Lemma=the NamedEntityTag=O]
[Text=Decepticons CharacterOffsetBegin=29 CharacterOffsetEnd=40 PartOfSpeech=NNS Lemma=decepticon NamedEntityTag=MISC]
[Text=since CharacterOffsetBegin=41 CharacterOffsetEnd=46 PartOfSpeech=IN Lemma=since NamedEntityTag=O]
[Text=they CharacterOffsetBegin=47 CharacterOffsetEnd=51 PartOfSpeech=PRP Lemma=they NamedEntityTag=O]
[Text=want CharacterOffsetBegin=52 CharacterOffsetEnd=56 PartOfSpeech=VBP Lemma=want NamedEntityTag=O]
[Text=the CharacterOffsetBegin=57 CharacterOffsetEnd=60 PartOfSpeech=DT Lemma=the NamedEntityTag=O]
[Text=world CharacterOffsetBegin=61 CharacterOffsetEnd=66 PartOfSpeech=NN Lemma=world NamedEntityTag=O]
[Text=to CharacterOffsetBegin=67 CharacterOffsetEnd=69 PartOfSpeech=TO Lemma=to NamedEntityTag=O]
[Text=live CharacterOffsetBegin=70 CharacterOffsetEnd=74 PartOfSpeech=VB Lemma=live NamedEntityTag=O]
[Text=in CharacterOffsetBegin=75 CharacterOffsetEnd=77 PartOfSpeech=IN Lemma=in NamedEntityTag=O]
[Text=peace CharacterOffsetBegin=78 CharacterOffsetEnd=83 PartOfSpeech=NN Lemma=peace NamedEntityTag=O]
(ROOT
  (S
    (NP (DT The) (NNPS Autobots))
    (VP (VBP try)
      (S
        (VP (TO to)
          (VP (VB stop)
            (NP (DT the) (NNS Decepticons))
            (SBAR (IN since)
              (S
                (NP (PRP they))
                (VP (VBP want)
                  (S
                    (NP (DT the) (NN world))
                    (VP (TO to)
                      (VP (VB live)
                        (PP (IN in)
                          (NP (NN peace)))))))))))))))

root(ROOT-0, try-3)
det(Autobots-2, The-1)
nsubj(try-3, Autobots-2)
nsubj:xsubj(stop-5, Autobots-2)
mark(stop-5, to-4)
xcomp(try-3, stop-5)
det(Decepticons-7, the-6)
dobj(stop-5, Decepticons-7)
mark(want-10, since-8)
nsubj(want-10, they-9)
advcl:since(stop-5, want-10)
det(world-12, the-11)
dobj(want-10, world-12)
nsubj:xsubj(live-14, world-12)
mark(live-14, to-13)
xcomp(want-10, live-14)
case(peace-16, in-15)
nmod:in(live-14, peace-16)

Coreference set:
	(1,9,[9,10]) -> (1,2,[1,3]), that is: "they" -> "The Autobots"
