Sentence #1 (14 tokens):
The Autobots try to stop the Decepticons since they want to destroy the world
[Text=The CharacterOffsetBegin=0 CharacterOffsetEnd=3 PartOfSpeech=DT Lemma=the NamedEntityTag=O]
[Text=Autobots CharacterOffsetBegin=4 CharacterOffsetEnd=12 PartOfSpeech=NNPS Lemma=Autobots NamedEntityTag=O]
[Text=try CharacterOffsetBegin=13 CharacterOffsetEnd=16 PartOfSpeech=VBP Lemma=try NamedEntityTag=O]
[Text=to CharacterOffsetBegin=17 CharacterOffsetEnd=19 PartOfSpeech=TO Lemma=to NamedEntityTag=O]
[Text=stop CharacterOffsetBegin=20 CharacterOffsetEnd=24 PartOfSpeech=VB Lemma=stop NamedEntityTag=O]
[Text=the CharacterOffsetBegin=25 CharacterOffsetEnd=28 PartOfSpeech=DT Lemma=the NamedEntityTag=O]
[Text=Decepticons CharacterOffsetBegin=29 CharacterOffsetEnd=40 PartOfSpeech=NNS Lemma=decepticon NamedEntityTag=MISC]
[Text=since CharacterOffsetBegin=41 CharacterOffsetEnd=46 PartOfSpeech=IN Lemma=since NamedEntityTag=O]
[Text=they CharacterOffsetBegin=47 CharacterOffsetEnd=51 PartOfSpeech=PRP Lemma=they NamedEntityTag=O]
[Text=want CharacterOffsetBegin=52 CharacterOffsetEnd=56 PartOfSpeech=VBP Lemma=want NamedEntityTag=O]
[Text=to CharacterOffsetBegin=57 CharacterOffsetEnd=59 PartOfSpeech=TO Lemma=to NamedEntityTag=O]
[Text=destroy CharacterOffsetBegin=60 CharacterOffsetEnd=67 PartOfSpeech=VB Lemma=destroy NamedEntityTag=O]
[Text=the CharacterOffsetBegin=68 CharacterOffsetEnd=71 PartOfSpeech=DT Lemma=the NamedEntityTag=O]
[Text=world CharacterOffsetBegin=72 CharacterOffsetEnd=77 PartOfSpeech=NN Lemma=world NamedEntityTag=O]
(ROOT
  (S
    (NP (DT The) (NNPS Autobots))
    (VP (VBP try)
      (S
        (VP (TO to)
          (VP (VB stop)
            (NP (DT the) (NNS Decepticons))
            (SBAR (IN since)
              (S
                (NP (PRP they))
                (VP (VBP want)
                  (S
                    (VP (TO to)
                      (VP (VB destroy)
                        (NP (DT the) (NN world))))))))))))))

root(ROOT-0, try-3)
det(Autobots-2, The-1)
nsubj(try-3, Autobots-2)
nsubj:xsubj(stop-5, Autobots-2)
mark(stop-5, to-4)
xcomp(try-3, stop-5)
det(Decepticons-7, the-6)
dobj(stop-5, Decepticons-7)
mark(want-10, since-8)
nsubj(want-10, they-9)
nsubj:xsubj(destroy-12, they-9)
advcl:since(stop-5, want-10)
mark(destroy-12, to-11)
xcomp(want-10, destroy-12)
det(world-14, the-13)
dobj(destroy-12, world-14)

Coreference set:
	(1,9,[9,10]) -> (1,2,[1,3]), that is: "they" -> "The Autobots"
