Sentence #1 (16 tokens):
Californians are better than New Yorkers because they do not have Hollywood lots to produce movies
[Text=Californians CharacterOffsetBegin=0 CharacterOffsetEnd=12 PartOfSpeech=NNPS Lemma=Californians NamedEntityTag=MISC]
[Text=are CharacterOffsetBegin=13 CharacterOffsetEnd=16 PartOfSpeech=VBP Lemma=be NamedEntityTag=O]
[Text=better CharacterOffsetBegin=17 CharacterOffsetEnd=23 PartOfSpeech=JJR Lemma=better NamedEntityTag=O]
[Text=than CharacterOffsetBegin=24 CharacterOffsetEnd=28 PartOfSpeech=IN Lemma=than NamedEntityTag=O]
[Text=New CharacterOffsetBegin=29 CharacterOffsetEnd=32 PartOfSpeech=NNP Lemma=New NamedEntityTag=MISC]
[Text=Yorkers CharacterOffsetBegin=33 CharacterOffsetEnd=40 PartOfSpeech=NNPS Lemma=Yorkers NamedEntityTag=MISC]
[Text=because CharacterOffsetBegin=41 CharacterOffsetEnd=48 PartOfSpeech=IN Lemma=because NamedEntityTag=O]
[Text=they CharacterOffsetBegin=49 CharacterOffsetEnd=53 PartOfSpeech=PRP Lemma=they NamedEntityTag=O]
[Text=do CharacterOffsetBegin=54 CharacterOffsetEnd=56 PartOfSpeech=VBP Lemma=do NamedEntityTag=O]
[Text=not CharacterOffsetBegin=57 CharacterOffsetEnd=60 PartOfSpeech=RB Lemma=not NamedEntityTag=O]
[Text=have CharacterOffsetBegin=61 CharacterOffsetEnd=65 PartOfSpeech=VB Lemma=have NamedEntityTag=O]
[Text=Hollywood CharacterOffsetBegin=66 CharacterOffsetEnd=75 PartOfSpeech=NNP Lemma=Hollywood NamedEntityTag=ORGANIZATION]
[Text=lots CharacterOffsetBegin=76 CharacterOffsetEnd=80 PartOfSpeech=NNS Lemma=lot NamedEntityTag=O]
[Text=to CharacterOffsetBegin=81 CharacterOffsetEnd=83 PartOfSpeech=TO Lemma=to NamedEntityTag=O]
[Text=produce CharacterOffsetBegin=84 CharacterOffsetEnd=91 PartOfSpeech=VB Lemma=produce NamedEntityTag=O]
[Text=movies CharacterOffsetBegin=92 CharacterOffsetEnd=98 PartOfSpeech=NNS Lemma=movie NamedEntityTag=O]
(ROOT
  (S
    (NP (NNPS Californians))
    (VP (VBP are)
      (ADJP
        (ADJP (JJR better)
          (PP (IN than)
            (NP (NNP New) (NNPS Yorkers))))
        (SBAR (IN because)
          (S
            (NP (PRP they))
            (VP (VBP do) (RB not)
              (VP (VB have)
                (S
                  (NP (NNP Hollywood) (NNS lots))
                  (VP (TO to)
                    (VP (VB produce)
                      (NP (NNS movies)))))))))))))

root(ROOT-0, better-3)
nsubj(better-3, Californians-1)
cop(better-3, are-2)
case(Yorkers-6, than-4)
compound(Yorkers-6, New-5)
nmod:than(better-3, Yorkers-6)
mark(have-11, because-7)
nsubj(have-11, they-8)
aux(have-11, do-9)
neg(have-11, not-10)
ccomp(better-3, have-11)
compound(lots-13, Hollywood-12)
dobj(have-11, lots-13)
mark(produce-15, to-14)
ccomp(have-11, produce-15)
dobj(produce-15, movies-16)

