Sentence #1 (12 tokens):
The Mongolians attacked the Chinese because they are always eager for war
[Text=The CharacterOffsetBegin=0 CharacterOffsetEnd=3 PartOfSpeech=DT Lemma=the NamedEntityTag=O]
[Text=Mongolians CharacterOffsetBegin=4 CharacterOffsetEnd=14 PartOfSpeech=NNPS Lemma=Mongolians NamedEntityTag=MISC]
[Text=attacked CharacterOffsetBegin=15 CharacterOffsetEnd=23 PartOfSpeech=VBD Lemma=attack NamedEntityTag=O]
[Text=the CharacterOffsetBegin=24 CharacterOffsetEnd=27 PartOfSpeech=DT Lemma=the NamedEntityTag=O]
[Text=Chinese CharacterOffsetBegin=28 CharacterOffsetEnd=35 PartOfSpeech=JJ Lemma=chinese NamedEntityTag=MISC]
[Text=because CharacterOffsetBegin=36 CharacterOffsetEnd=43 PartOfSpeech=IN Lemma=because NamedEntityTag=O]
[Text=they CharacterOffsetBegin=44 CharacterOffsetEnd=48 PartOfSpeech=PRP Lemma=they NamedEntityTag=O]
[Text=are CharacterOffsetBegin=49 CharacterOffsetEnd=52 PartOfSpeech=VBP Lemma=be NamedEntityTag=O]
[Text=always CharacterOffsetBegin=53 CharacterOffsetEnd=59 PartOfSpeech=RB Lemma=always NamedEntityTag=O]
[Text=eager CharacterOffsetBegin=60 CharacterOffsetEnd=65 PartOfSpeech=JJ Lemma=eager NamedEntityTag=O]
[Text=for CharacterOffsetBegin=66 CharacterOffsetEnd=69 PartOfSpeech=IN Lemma=for NamedEntityTag=O]
[Text=war CharacterOffsetBegin=70 CharacterOffsetEnd=73 PartOfSpeech=NN Lemma=war NamedEntityTag=O]
(ROOT
  (S
    (NP (DT The) (NNPS Mongolians))
    (VP (VBD attacked)
      (NP (DT the) (JJ Chinese))
      (SBAR (IN because)
        (S
          (NP (PRP they))
          (VP (VBP are)
            (ADVP (RB always))
            (ADJP (JJ eager)
              (PP (IN for)
                (NP (NN war))))))))))

root(ROOT-0, attacked-3)
det(Mongolians-2, The-1)
nsubj(attacked-3, Mongolians-2)
det(Chinese-5, the-4)
dobj(attacked-3, Chinese-5)
mark(eager-10, because-6)
nsubj(eager-10, they-7)
cop(eager-10, are-8)
advmod(eager-10, always-9)
advcl:because(attacked-3, eager-10)
case(war-12, for-11)
nmod:for(eager-10, war-12)

