Sentence #1 (9 tokens):
The Mongolians attacked the Chinese because they are pacifists
[Text=The CharacterOffsetBegin=0 CharacterOffsetEnd=3 PartOfSpeech=DT Lemma=the NamedEntityTag=O]
[Text=Mongolians CharacterOffsetBegin=4 CharacterOffsetEnd=14 PartOfSpeech=NNPS Lemma=Mongolians NamedEntityTag=MISC]
[Text=attacked CharacterOffsetBegin=15 CharacterOffsetEnd=23 PartOfSpeech=VBD Lemma=attack NamedEntityTag=O]
[Text=the CharacterOffsetBegin=24 CharacterOffsetEnd=27 PartOfSpeech=DT Lemma=the NamedEntityTag=O]
[Text=Chinese CharacterOffsetBegin=28 CharacterOffsetEnd=35 PartOfSpeech=JJ Lemma=chinese NamedEntityTag=MISC]
[Text=because CharacterOffsetBegin=36 CharacterOffsetEnd=43 PartOfSpeech=IN Lemma=because NamedEntityTag=O]
[Text=they CharacterOffsetBegin=44 CharacterOffsetEnd=48 PartOfSpeech=PRP Lemma=they NamedEntityTag=O]
[Text=are CharacterOffsetBegin=49 CharacterOffsetEnd=52 PartOfSpeech=VBP Lemma=be NamedEntityTag=O]
[Text=pacifists CharacterOffsetBegin=53 CharacterOffsetEnd=62 PartOfSpeech=NNS Lemma=pacifist NamedEntityTag=O]
(ROOT
  (S
    (NP (DT The) (NNPS Mongolians))
    (VP (VBD attacked)
      (NP (DT the) (JJ Chinese))
      (SBAR (IN because)
        (S
          (NP (PRP they))
          (VP (VBP are)
            (NP (NNS pacifists))))))))

root(ROOT-0, attacked-3)
det(Mongolians-2, The-1)
nsubj(attacked-3, Mongolians-2)
det(Chinese-5, the-4)
dobj(attacked-3, Chinese-5)
mark(pacifists-9, because-6)
nsubj(pacifists-9, they-7)
cop(pacifists-9, are-8)
advcl:because(attacked-3, pacifists-9)

Coreference set:
	(1,7,[7,8]) -> (1,9,[9,10]), that is: "they" -> "pacifists"
