Sentence #1 (15 tokens):
Jupiter is bigger than the Earth, but it is heavier due to being solid
[Text=Jupiter CharacterOffsetBegin=0 CharacterOffsetEnd=7 PartOfSpeech=NNP Lemma=Jupiter NamedEntityTag=LOCATION]
[Text=is CharacterOffsetBegin=8 CharacterOffsetEnd=10 PartOfSpeech=VBZ Lemma=be NamedEntityTag=O]
[Text=bigger CharacterOffsetBegin=11 CharacterOffsetEnd=17 PartOfSpeech=JJR Lemma=bigger NamedEntityTag=O]
[Text=than CharacterOffsetBegin=18 CharacterOffsetEnd=22 PartOfSpeech=IN Lemma=than NamedEntityTag=O]
[Text=the CharacterOffsetBegin=23 CharacterOffsetEnd=26 PartOfSpeech=DT Lemma=the NamedEntityTag=O]
[Text=Earth CharacterOffsetBegin=27 CharacterOffsetEnd=32 PartOfSpeech=NNP Lemma=Earth NamedEntityTag=LOCATION]
[Text=, CharacterOffsetBegin=32 CharacterOffsetEnd=33 PartOfSpeech=, Lemma=, NamedEntityTag=O]
[Text=but CharacterOffsetBegin=34 CharacterOffsetEnd=37 PartOfSpeech=CC Lemma=but NamedEntityTag=O]
[Text=it CharacterOffsetBegin=38 CharacterOffsetEnd=40 PartOfSpeech=PRP Lemma=it NamedEntityTag=O]
[Text=is CharacterOffsetBegin=41 CharacterOffsetEnd=43 PartOfSpeech=VBZ Lemma=be NamedEntityTag=O]
[Text=heavier CharacterOffsetBegin=44 CharacterOffsetEnd=51 PartOfSpeech=JJR Lemma=heavier NamedEntityTag=O]
[Text=due CharacterOffsetBegin=52 CharacterOffsetEnd=55 PartOfSpeech=JJ Lemma=due NamedEntityTag=O]
[Text=to CharacterOffsetBegin=56 CharacterOffsetEnd=58 PartOfSpeech=TO Lemma=to NamedEntityTag=O]
[Text=being CharacterOffsetBegin=59 CharacterOffsetEnd=64 PartOfSpeech=VBG Lemma=be NamedEntityTag=O]
[Text=solid CharacterOffsetBegin=65 CharacterOffsetEnd=70 PartOfSpeech=JJ Lemma=solid NamedEntityTag=O]
(ROOT
  (FRAG
    (S
      (S
        (NP (NNP Jupiter))
        (VP (VBZ is)
          (ADJP
            (ADJP (JJR bigger))
            (PP (IN than)
              (NP (DT the) (NNP Earth))))))
      (, ,)
      (CC but)
      (S
        (NP (PRP it))
        (VP (VBZ is)
          (ADJP
            (ADJP (JJR heavier) (JJ due))
            (PP (TO to)
              (S
                (VP (VBG being)
                  (ADJP (JJ solid)))))))))))

root(ROOT-0, bigger-3)
nsubj(bigger-3, Jupiter-1)
cop(bigger-3, is-2)
case(Earth-6, than-4)
det(Earth-6, the-5)
nmod:than(bigger-3, Earth-6)
punct(bigger-3, ,-7)
cc(bigger-3, but-8)
nsubj(due-12, it-9)
cop(due-12, is-10)
dep(due-12, heavier-11)
conj:but(bigger-3, due-12)
mark(solid-15, to-13)
cop(solid-15, being-14)
advcl:to(due-12, solid-15)

Coreference set:
	(1,9,[9,10]) -> (1,1,[1,2]), that is: "it" -> "Jupiter"
