Sentence #1 (15 tokens):
Brick is better than clay for building houses because they are much stronger building materials
[Text=Brick CharacterOffsetBegin=0 CharacterOffsetEnd=5 PartOfSpeech=NNP Lemma=Brick NamedEntityTag=O]
[Text=is CharacterOffsetBegin=6 CharacterOffsetEnd=8 PartOfSpeech=VBZ Lemma=be NamedEntityTag=O]
[Text=better CharacterOffsetBegin=9 CharacterOffsetEnd=15 PartOfSpeech=JJR Lemma=better NamedEntityTag=O]
[Text=than CharacterOffsetBegin=16 CharacterOffsetEnd=20 PartOfSpeech=IN Lemma=than NamedEntityTag=O]
[Text=clay CharacterOffsetBegin=21 CharacterOffsetEnd=25 PartOfSpeech=NN Lemma=clay NamedEntityTag=O]
[Text=for CharacterOffsetBegin=26 CharacterOffsetEnd=29 PartOfSpeech=IN Lemma=for NamedEntityTag=O]
[Text=building CharacterOffsetBegin=30 CharacterOffsetEnd=38 PartOfSpeech=VBG Lemma=build NamedEntityTag=O]
[Text=houses CharacterOffsetBegin=39 CharacterOffsetEnd=45 PartOfSpeech=NNS Lemma=house NamedEntityTag=O]
[Text=because CharacterOffsetBegin=46 CharacterOffsetEnd=53 PartOfSpeech=IN Lemma=because NamedEntityTag=O]
[Text=they CharacterOffsetBegin=54 CharacterOffsetEnd=58 PartOfSpeech=PRP Lemma=they NamedEntityTag=O]
[Text=are CharacterOffsetBegin=59 CharacterOffsetEnd=62 PartOfSpeech=VBP Lemma=be NamedEntityTag=O]
[Text=much CharacterOffsetBegin=63 CharacterOffsetEnd=67 PartOfSpeech=RB Lemma=much NamedEntityTag=O]
[Text=stronger CharacterOffsetBegin=68 CharacterOffsetEnd=76 PartOfSpeech=JJR Lemma=stronger NamedEntityTag=O]
[Text=building CharacterOffsetBegin=77 CharacterOffsetEnd=85 PartOfSpeech=NN Lemma=building NamedEntityTag=O]
[Text=materials CharacterOffsetBegin=86 CharacterOffsetEnd=95 PartOfSpeech=NNS Lemma=material NamedEntityTag=O]
(ROOT
  (S
    (NP (NNP Brick))
    (VP (VBZ is)
      (ADJP (JJR better)
        (PP (IN than)
          (NP (NN clay)))
        (PP (IN for)
          (S
            (VP (VBG building)
              (NP (NNS houses))
              (SBAR (IN because)
                (S
                  (NP (PRP they))
                  (VP (VBP are)
                    (NP
                      (ADJP (RB much) (JJR stronger))
                      (NN building) (NNS materials))))))))))))

root(ROOT-0, better-3)
nsubj(better-3, Brick-1)
cop(better-3, is-2)
case(clay-5, than-4)
nmod:than(better-3, clay-5)
mark(building-7, for-6)
advcl:for(better-3, building-7)
dobj(building-7, houses-8)
mark(materials-15, because-9)
nsubj(materials-15, they-10)
cop(materials-15, are-11)
advmod(stronger-13, much-12)
amod(materials-15, stronger-13)
compound(materials-15, building-14)
advcl:because(building-7, materials-15)

