Sentence #1 (14 tokens):
Brick is better than clay for building houses because they become weak from water
[Text=Brick CharacterOffsetBegin=0 CharacterOffsetEnd=5 PartOfSpeech=NNP Lemma=Brick NamedEntityTag=O]
[Text=is CharacterOffsetBegin=6 CharacterOffsetEnd=8 PartOfSpeech=VBZ Lemma=be NamedEntityTag=O]
[Text=better CharacterOffsetBegin=9 CharacterOffsetEnd=15 PartOfSpeech=JJR Lemma=better NamedEntityTag=O]
[Text=than CharacterOffsetBegin=16 CharacterOffsetEnd=20 PartOfSpeech=IN Lemma=than NamedEntityTag=O]
[Text=clay CharacterOffsetBegin=21 CharacterOffsetEnd=25 PartOfSpeech=NN Lemma=clay NamedEntityTag=O]
[Text=for CharacterOffsetBegin=26 CharacterOffsetEnd=29 PartOfSpeech=IN Lemma=for NamedEntityTag=O]
[Text=building CharacterOffsetBegin=30 CharacterOffsetEnd=38 PartOfSpeech=VBG Lemma=build NamedEntityTag=O]
[Text=houses CharacterOffsetBegin=39 CharacterOffsetEnd=45 PartOfSpeech=NNS Lemma=house NamedEntityTag=O]
[Text=because CharacterOffsetBegin=46 CharacterOffsetEnd=53 PartOfSpeech=IN Lemma=because NamedEntityTag=O]
[Text=they CharacterOffsetBegin=54 CharacterOffsetEnd=58 PartOfSpeech=PRP Lemma=they NamedEntityTag=O]
[Text=become CharacterOffsetBegin=59 CharacterOffsetEnd=65 PartOfSpeech=VBP Lemma=become NamedEntityTag=O]
[Text=weak CharacterOffsetBegin=66 CharacterOffsetEnd=70 PartOfSpeech=JJ Lemma=weak NamedEntityTag=O]
[Text=from CharacterOffsetBegin=71 CharacterOffsetEnd=75 PartOfSpeech=IN Lemma=from NamedEntityTag=O]
[Text=water CharacterOffsetBegin=76 CharacterOffsetEnd=81 PartOfSpeech=NN Lemma=water NamedEntityTag=O]
(ROOT
  (S
    (NP (NNP Brick))
    (VP (VBZ is)
      (ADJP (JJR better)
        (PP (IN than)
          (NP (NN clay)))
        (PP (IN for)
          (S
            (VP (VBG building)
              (NP (NNS houses))
              (SBAR (IN because)
                (S
                  (NP (PRP they))
                  (VP (VBP become)
                    (ADJP (JJ weak))
                    (PP (IN from)
                      (NP (NN water)))))))))))))

root(ROOT-0, better-3)
nsubj(better-3, Brick-1)
cop(better-3, is-2)
case(clay-5, than-4)
nmod:than(better-3, clay-5)
mark(building-7, for-6)
advcl:for(better-3, building-7)
dobj(building-7, houses-8)
mark(become-11, because-9)
nsubj(become-11, they-10)
advcl:because(building-7, become-11)
xcomp(become-11, weak-12)
case(water-14, from-13)
nmod:from(become-11, water-14)

