Sentence #1 (21 tokens):
The Dallas Cowboys are more successful as a franchise than the Saints because they are considered "America's Team"
[Text=The CharacterOffsetBegin=0 CharacterOffsetEnd=3 PartOfSpeech=DT Lemma=the NamedEntityTag=O]
[Text=Dallas CharacterOffsetBegin=4 CharacterOffsetEnd=10 PartOfSpeech=NNP Lemma=Dallas NamedEntityTag=ORGANIZATION]
[Text=Cowboys CharacterOffsetBegin=11 CharacterOffsetEnd=18 PartOfSpeech=NNPS Lemma=Cowboys NamedEntityTag=ORGANIZATION]
[Text=are CharacterOffsetBegin=19 CharacterOffsetEnd=22 PartOfSpeech=VBP Lemma=be NamedEntityTag=O]
[Text=more CharacterOffsetBegin=23 CharacterOffsetEnd=27 PartOfSpeech=RBR Lemma=more NamedEntityTag=O]
[Text=successful CharacterOffsetBegin=28 CharacterOffsetEnd=38 PartOfSpeech=JJ Lemma=successful NamedEntityTag=O]
[Text=as CharacterOffsetBegin=39 CharacterOffsetEnd=41 PartOfSpeech=IN Lemma=as NamedEntityTag=O]
[Text=a CharacterOffsetBegin=42 CharacterOffsetEnd=43 PartOfSpeech=DT Lemma=a NamedEntityTag=O]
[Text=franchise CharacterOffsetBegin=44 CharacterOffsetEnd=53 PartOfSpeech=NN Lemma=franchise NamedEntityTag=O]
[Text=than CharacterOffsetBegin=54 CharacterOffsetEnd=58 PartOfSpeech=IN Lemma=than NamedEntityTag=O]
[Text=the CharacterOffsetBegin=59 CharacterOffsetEnd=62 PartOfSpeech=DT Lemma=the NamedEntityTag=O]
[Text=Saints CharacterOffsetBegin=63 CharacterOffsetEnd=69 PartOfSpeech=NNP Lemma=Saints NamedEntityTag=ORGANIZATION]
[Text=because CharacterOffsetBegin=70 CharacterOffsetEnd=77 PartOfSpeech=IN Lemma=because NamedEntityTag=O]
[Text=they CharacterOffsetBegin=78 CharacterOffsetEnd=82 PartOfSpeech=PRP Lemma=they NamedEntityTag=O]
[Text=are CharacterOffsetBegin=83 CharacterOffsetEnd=86 PartOfSpeech=VBP Lemma=be NamedEntityTag=O]
[Text=considered CharacterOffsetBegin=87 CharacterOffsetEnd=97 PartOfSpeech=VBN Lemma=consider NamedEntityTag=O]
[Text=`` CharacterOffsetBegin=98 CharacterOffsetEnd=99 PartOfSpeech=`` Lemma=`` NamedEntityTag=O]
[Text=America CharacterOffsetBegin=99 CharacterOffsetEnd=106 PartOfSpeech=NNP Lemma=America NamedEntityTag=LOCATION]
[Text='s CharacterOffsetBegin=106 CharacterOffsetEnd=108 PartOfSpeech=POS Lemma='s NamedEntityTag=O]
[Text=Team CharacterOffsetBegin=109 CharacterOffsetEnd=113 PartOfSpeech=NNP Lemma=Team NamedEntityTag=O]
[Text='' CharacterOffsetBegin=113 CharacterOffsetEnd=114 PartOfSpeech='' Lemma='' NamedEntityTag=O]
(ROOT
  (S
    (NP (DT The) (NNP Dallas) (NNPS Cowboys))
    (VP (VBP are)
      (ADJP
        (ADJP (RBR more) (JJ successful)
          (PP (IN as)
            (NP
              (NP (DT a) (NN franchise))
              (PP (IN than)
                (NP (DT the) (NNP Saints))))))
        (SBAR (IN because)
          (S
            (NP (PRP they))
            (VP (VBP are)
              (VP (VBN considered) (`` ``)
                (NP
                  (NP (NNP America) (POS 's))
                  (NNP Team))
                ('' '')))))))))

root(ROOT-0, successful-6)
det(Cowboys-3, The-1)
compound(Cowboys-3, Dallas-2)
nsubj(successful-6, Cowboys-3)
cop(successful-6, are-4)
advmod(successful-6, more-5)
case(franchise-9, as-7)
det(franchise-9, a-8)
nmod:as(successful-6, franchise-9)
case(Saints-12, than-10)
det(Saints-12, the-11)
nmod:than(franchise-9, Saints-12)
mark(considered-16, because-13)
nsubjpass(considered-16, they-14)
auxpass(considered-16, are-15)
ccomp(successful-6, considered-16)
punct(considered-16, ``-17)
nmod:poss(Team-20, America-18)
case(America-18, 's-19)
dobj(considered-16, Team-20)
punct(considered-16, ''-21)

