Sentence #1 (23 tokens):
The Dallas Cowboys are more successful as a franchise than the Saints because they do not have the same amount of market value
[Text=The CharacterOffsetBegin=0 CharacterOffsetEnd=3 PartOfSpeech=DT Lemma=the NamedEntityTag=O]
[Text=Dallas CharacterOffsetBegin=4 CharacterOffsetEnd=10 PartOfSpeech=NNP Lemma=Dallas NamedEntityTag=ORGANIZATION]
[Text=Cowboys CharacterOffsetBegin=11 CharacterOffsetEnd=18 PartOfSpeech=NNPS Lemma=Cowboys NamedEntityTag=ORGANIZATION]
[Text=are CharacterOffsetBegin=19 CharacterOffsetEnd=22 PartOfSpeech=VBP Lemma=be NamedEntityTag=O]
[Text=more CharacterOffsetBegin=23 CharacterOffsetEnd=27 PartOfSpeech=RBR Lemma=more NamedEntityTag=O]
[Text=successful CharacterOffsetBegin=28 CharacterOffsetEnd=38 PartOfSpeech=JJ Lemma=successful NamedEntityTag=O]
[Text=as CharacterOffsetBegin=39 CharacterOffsetEnd=41 PartOfSpeech=IN Lemma=as NamedEntityTag=O]
[Text=a CharacterOffsetBegin=42 CharacterOffsetEnd=43 PartOfSpeech=DT Lemma=a NamedEntityTag=O]
[Text=franchise CharacterOffsetBegin=44 CharacterOffsetEnd=53 PartOfSpeech=NN Lemma=franchise NamedEntityTag=O]
[Text=than CharacterOffsetBegin=54 CharacterOffsetEnd=58 PartOfSpeech=IN Lemma=than NamedEntityTag=O]
[Text=the CharacterOffsetBegin=59 CharacterOffsetEnd=62 PartOfSpeech=DT Lemma=the NamedEntityTag=O]
[Text=Saints CharacterOffsetBegin=63 CharacterOffsetEnd=69 PartOfSpeech=NNP Lemma=Saints NamedEntityTag=ORGANIZATION]
[Text=because CharacterOffsetBegin=70 CharacterOffsetEnd=77 PartOfSpeech=IN Lemma=because NamedEntityTag=O]
[Text=they CharacterOffsetBegin=78 CharacterOffsetEnd=82 PartOfSpeech=PRP Lemma=they NamedEntityTag=O]
[Text=do CharacterOffsetBegin=83 CharacterOffsetEnd=85 PartOfSpeech=VBP Lemma=do NamedEntityTag=O]
[Text=not CharacterOffsetBegin=86 CharacterOffsetEnd=89 PartOfSpeech=RB Lemma=not NamedEntityTag=O]
[Text=have CharacterOffsetBegin=90 CharacterOffsetEnd=94 PartOfSpeech=VB Lemma=have NamedEntityTag=O]
[Text=the CharacterOffsetBegin=95 CharacterOffsetEnd=98 PartOfSpeech=DT Lemma=the NamedEntityTag=O]
[Text=same CharacterOffsetBegin=99 CharacterOffsetEnd=103 PartOfSpeech=JJ Lemma=same NamedEntityTag=O]
[Text=amount CharacterOffsetBegin=104 CharacterOffsetEnd=110 PartOfSpeech=NN Lemma=amount NamedEntityTag=O]
[Text=of CharacterOffsetBegin=111 CharacterOffsetEnd=113 PartOfSpeech=IN Lemma=of NamedEntityTag=O]
[Text=market CharacterOffsetBegin=114 CharacterOffsetEnd=120 PartOfSpeech=NN Lemma=market NamedEntityTag=O]
[Text=value CharacterOffsetBegin=121 CharacterOffsetEnd=126 PartOfSpeech=NN Lemma=value NamedEntityTag=O]
(ROOT
  (S
    (NP (DT The) (NNP Dallas) (NNPS Cowboys))
    (VP (VBP are)
      (ADJP
        (ADJP (RBR more) (JJ successful)
          (PP (IN as)
            (NP
              (NP (DT a) (NN franchise))
              (PP (IN than)
                (NP (DT the) (NNP Saints))))))
        (SBAR (IN because)
          (S
            (NP (PRP they))
            (VP (VBP do) (RB not)
              (VP (VB have)
                (NP
                  (NP (DT the) (JJ same) (NN amount))
                  (PP (IN of)
                    (NP (NN market) (NN value))))))))))))

root(ROOT-0, successful-6)
det(Cowboys-3, The-1)
compound(Cowboys-3, Dallas-2)
nsubj(successful-6, Cowboys-3)
cop(successful-6, are-4)
advmod(successful-6, more-5)
case(franchise-9, as-7)
det(franchise-9, a-8)
nmod:as(successful-6, franchise-9)
case(Saints-12, than-10)
det(Saints-12, the-11)
nmod:than(franchise-9, Saints-12)
mark(have-17, because-13)
nsubj(have-17, they-14)
aux(have-17, do-15)
neg(have-17, not-16)
ccomp(successful-6, have-17)
det(amount-20, the-18)
amod(amount-20, same-19)
dobj(have-17, amount-20)
case(value-23, of-21)
compound(value-23, market-22)
nmod:of(amount-20, value-23)

