Sentence #1 (17 tokens):
The US government declared war on Iraq because they were responding to their attack on US soil
[Text=The CharacterOffsetBegin=0 CharacterOffsetEnd=3 PartOfSpeech=DT Lemma=the NamedEntityTag=O]
[Text=US CharacterOffsetBegin=4 CharacterOffsetEnd=6 PartOfSpeech=NNP Lemma=US NamedEntityTag=LOCATION]
[Text=government CharacterOffsetBegin=7 CharacterOffsetEnd=17 PartOfSpeech=NN Lemma=government NamedEntityTag=O]
[Text=declared CharacterOffsetBegin=18 CharacterOffsetEnd=26 PartOfSpeech=VBD Lemma=declare NamedEntityTag=O]
[Text=war CharacterOffsetBegin=27 CharacterOffsetEnd=30 PartOfSpeech=NN Lemma=war NamedEntityTag=O]
[Text=on CharacterOffsetBegin=31 CharacterOffsetEnd=33 PartOfSpeech=IN Lemma=on NamedEntityTag=O]
[Text=Iraq CharacterOffsetBegin=34 CharacterOffsetEnd=38 PartOfSpeech=NNP Lemma=Iraq NamedEntityTag=LOCATION]
[Text=because CharacterOffsetBegin=39 CharacterOffsetEnd=46 PartOfSpeech=IN Lemma=because NamedEntityTag=O]
[Text=they CharacterOffsetBegin=47 CharacterOffsetEnd=51 PartOfSpeech=PRP Lemma=they NamedEntityTag=O]
[Text=were CharacterOffsetBegin=52 CharacterOffsetEnd=56 PartOfSpeech=VBD Lemma=be NamedEntityTag=O]
[Text=responding CharacterOffsetBegin=57 CharacterOffsetEnd=67 PartOfSpeech=VBG Lemma=respond NamedEntityTag=O]
[Text=to CharacterOffsetBegin=68 CharacterOffsetEnd=70 PartOfSpeech=TO Lemma=to NamedEntityTag=O]
[Text=their CharacterOffsetBegin=71 CharacterOffsetEnd=76 PartOfSpeech=PRP$ Lemma=they NamedEntityTag=O]
[Text=attack CharacterOffsetBegin=77 CharacterOffsetEnd=83 PartOfSpeech=NN Lemma=attack NamedEntityTag=O]
[Text=on CharacterOffsetBegin=84 CharacterOffsetEnd=86 PartOfSpeech=IN Lemma=on NamedEntityTag=O]
[Text=US CharacterOffsetBegin=87 CharacterOffsetEnd=89 PartOfSpeech=NNP Lemma=US NamedEntityTag=LOCATION]
[Text=soil CharacterOffsetBegin=90 CharacterOffsetEnd=94 PartOfSpeech=NN Lemma=soil NamedEntityTag=O]
(ROOT
  (S
    (NP (DT The) (NNP US) (NN government))
    (VP (VBD declared)
      (NP (NN war))
      (PP (IN on)
        (NP (NNP Iraq)))
      (SBAR (IN because)
        (S
          (NP (PRP they))
          (VP (VBD were)
            (VP (VBG responding)
              (PP (TO to)
                (NP
                  (NP (PRP$ their) (NN attack))
                  (PP (IN on)
                    (NP (NNP US) (NN soil))))))))))))

root(ROOT-0, declared-4)
det(government-3, The-1)
compound(government-3, US-2)
nsubj(declared-4, government-3)
dobj(declared-4, war-5)
case(Iraq-7, on-6)
nmod:on(declared-4, Iraq-7)
mark(responding-11, because-8)
nsubj(responding-11, they-9)
aux(responding-11, were-10)
advcl:because(declared-4, responding-11)
case(attack-14, to-12)
nmod:poss(attack-14, their-13)
nmod:to(responding-11, attack-14)
case(soil-17, on-15)
compound(soil-17, US-16)
nmod:on(attack-14, soil-17)

Coreference set:
	(1,16,[16,17]) -> (1,2,[2,3]), that is: "US" -> "US"
Coreference set:
	(1,13,[13,14]) -> (1,9,[9,10]), that is: "their" -> "they"
