Sentence #1 (13 tokens):
The US government declared war on Iraq because they attacked on US soil
[Text=The CharacterOffsetBegin=0 CharacterOffsetEnd=3 PartOfSpeech=DT Lemma=the NamedEntityTag=O]
[Text=US CharacterOffsetBegin=4 CharacterOffsetEnd=6 PartOfSpeech=NNP Lemma=US NamedEntityTag=LOCATION]
[Text=government CharacterOffsetBegin=7 CharacterOffsetEnd=17 PartOfSpeech=NN Lemma=government NamedEntityTag=O]
[Text=declared CharacterOffsetBegin=18 CharacterOffsetEnd=26 PartOfSpeech=VBD Lemma=declare NamedEntityTag=O]
[Text=war CharacterOffsetBegin=27 CharacterOffsetEnd=30 PartOfSpeech=NN Lemma=war NamedEntityTag=O]
[Text=on CharacterOffsetBegin=31 CharacterOffsetEnd=33 PartOfSpeech=IN Lemma=on NamedEntityTag=O]
[Text=Iraq CharacterOffsetBegin=34 CharacterOffsetEnd=38 PartOfSpeech=NNP Lemma=Iraq NamedEntityTag=LOCATION]
[Text=because CharacterOffsetBegin=39 CharacterOffsetEnd=46 PartOfSpeech=IN Lemma=because NamedEntityTag=O]
[Text=they CharacterOffsetBegin=47 CharacterOffsetEnd=51 PartOfSpeech=PRP Lemma=they NamedEntityTag=O]
[Text=attacked CharacterOffsetBegin=52 CharacterOffsetEnd=60 PartOfSpeech=VBD Lemma=attack NamedEntityTag=O]
[Text=on CharacterOffsetBegin=61 CharacterOffsetEnd=63 PartOfSpeech=IN Lemma=on NamedEntityTag=O]
[Text=US CharacterOffsetBegin=64 CharacterOffsetEnd=66 PartOfSpeech=NNP Lemma=US NamedEntityTag=LOCATION]
[Text=soil CharacterOffsetBegin=67 CharacterOffsetEnd=71 PartOfSpeech=NN Lemma=soil NamedEntityTag=O]
(ROOT
  (S
    (NP (DT The) (NNP US) (NN government))
    (VP (VBD declared)
      (NP (NN war))
      (PP (IN on)
        (NP (NNP Iraq)))
      (SBAR (IN because)
        (S
          (NP (PRP they))
          (VP (VBD attacked)
            (PP (IN on)
              (NP (NNP US) (NN soil)))))))))

root(ROOT-0, declared-4)
det(government-3, The-1)
compound(government-3, US-2)
nsubj(declared-4, government-3)
dobj(declared-4, war-5)
case(Iraq-7, on-6)
nmod:on(declared-4, Iraq-7)
mark(attacked-10, because-8)
nsubj(attacked-10, they-9)
advcl:because(declared-4, attacked-10)
case(soil-13, on-11)
compound(soil-13, US-12)
nmod:on(attacked-10, soil-13)

Coreference set:
	(1,12,[12,13]) -> (1,2,[2,3]), that is: "US" -> "US"
