Sentence #1 (9 tokens):
Joe smells better than Adam since he showers regularly
[Text=Joe CharacterOffsetBegin=0 CharacterOffsetEnd=3 PartOfSpeech=NNP Lemma=Joe NamedEntityTag=PERSON]
[Text=smells CharacterOffsetBegin=4 CharacterOffsetEnd=10 PartOfSpeech=VBZ Lemma=smell NamedEntityTag=O]
[Text=better CharacterOffsetBegin=11 CharacterOffsetEnd=17 PartOfSpeech=JJR Lemma=better NamedEntityTag=O]
[Text=than CharacterOffsetBegin=18 CharacterOffsetEnd=22 PartOfSpeech=IN Lemma=than NamedEntityTag=O]
[Text=Adam CharacterOffsetBegin=23 CharacterOffsetEnd=27 PartOfSpeech=NNP Lemma=Adam NamedEntityTag=PERSON]
[Text=since CharacterOffsetBegin=28 CharacterOffsetEnd=33 PartOfSpeech=IN Lemma=since NamedEntityTag=O]
[Text=he CharacterOffsetBegin=34 CharacterOffsetEnd=36 PartOfSpeech=PRP Lemma=he NamedEntityTag=O]
[Text=showers CharacterOffsetBegin=37 CharacterOffsetEnd=44 PartOfSpeech=NNS Lemma=shower NamedEntityTag=O]
[Text=regularly CharacterOffsetBegin=45 CharacterOffsetEnd=54 PartOfSpeech=RB Lemma=regularly NamedEntityTag=O]
(ROOT
  (S
    (NP (NNP Joe))
    (VP (VBZ smells)
      (NP
        (ADJP (JJR better)
          (PP (IN than)
            (NP
              (NP (NNP Adam))
              (PP (IN since)
                (NP (PRP he))))))
        (NNS showers))
      (ADVP (RB regularly)))))

root(ROOT-0, smells-2)
nsubj(smells-2, Joe-1)
amod(showers-8, better-3)
case(Adam-5, than-4)
nmod:than(better-3, Adam-5)
case(he-7, since-6)
nmod:since(Adam-5, he-7)
dobj(smells-2, showers-8)
advmod(smells-2, regularly-9)

Coreference set:
	(1,7,[7,8]) -> (1,1,[1,2]), that is: "he" -> "Joe"
