Sentence #1 (23 tokens):
The Home Owners Association denied the request by the Pittsburg family for a new shed since they failed to pay the annual fee
[Text=The CharacterOffsetBegin=0 CharacterOffsetEnd=3 PartOfSpeech=DT Lemma=the NamedEntityTag=O]
[Text=Home CharacterOffsetBegin=4 CharacterOffsetEnd=8 PartOfSpeech=NNP Lemma=Home NamedEntityTag=ORGANIZATION]
[Text=Owners CharacterOffsetBegin=9 CharacterOffsetEnd=15 PartOfSpeech=NNP Lemma=Owners NamedEntityTag=ORGANIZATION]
[Text=Association CharacterOffsetBegin=16 CharacterOffsetEnd=27 PartOfSpeech=NNP Lemma=Association NamedEntityTag=ORGANIZATION]
[Text=denied CharacterOffsetBegin=28 CharacterOffsetEnd=34 PartOfSpeech=VBD Lemma=deny NamedEntityTag=O]
[Text=the CharacterOffsetBegin=35 CharacterOffsetEnd=38 PartOfSpeech=DT Lemma=the NamedEntityTag=O]
[Text=request CharacterOffsetBegin=39 CharacterOffsetEnd=46 PartOfSpeech=NN Lemma=request NamedEntityTag=O]
[Text=by CharacterOffsetBegin=47 CharacterOffsetEnd=49 PartOfSpeech=IN Lemma=by NamedEntityTag=O]
[Text=the CharacterOffsetBegin=50 CharacterOffsetEnd=53 PartOfSpeech=DT Lemma=the NamedEntityTag=O]
[Text=Pittsburg CharacterOffsetBegin=54 CharacterOffsetEnd=63 PartOfSpeech=NNP Lemma=Pittsburg NamedEntityTag=LOCATION]
[Text=family CharacterOffsetBegin=64 CharacterOffsetEnd=70 PartOfSpeech=NN Lemma=family NamedEntityTag=O]
[Text=for CharacterOffsetBegin=71 CharacterOffsetEnd=74 PartOfSpeech=IN Lemma=for NamedEntityTag=O]
[Text=a CharacterOffsetBegin=75 CharacterOffsetEnd=76 PartOfSpeech=DT Lemma=a NamedEntityTag=O]
[Text=new CharacterOffsetBegin=77 CharacterOffsetEnd=80 PartOfSpeech=JJ Lemma=new NamedEntityTag=O]
[Text=shed CharacterOffsetBegin=81 CharacterOffsetEnd=85 PartOfSpeech=NN Lemma=shed NamedEntityTag=O]
[Text=since CharacterOffsetBegin=86 CharacterOffsetEnd=91 PartOfSpeech=IN Lemma=since NamedEntityTag=O]
[Text=they CharacterOffsetBegin=92 CharacterOffsetEnd=96 PartOfSpeech=PRP Lemma=they NamedEntityTag=O]
[Text=failed CharacterOffsetBegin=97 CharacterOffsetEnd=103 PartOfSpeech=VBD Lemma=fail NamedEntityTag=O]
[Text=to CharacterOffsetBegin=104 CharacterOffsetEnd=106 PartOfSpeech=TO Lemma=to NamedEntityTag=O]
[Text=pay CharacterOffsetBegin=107 CharacterOffsetEnd=110 PartOfSpeech=VB Lemma=pay NamedEntityTag=O]
[Text=the CharacterOffsetBegin=111 CharacterOffsetEnd=114 PartOfSpeech=DT Lemma=the NamedEntityTag=O]
[Text=annual CharacterOffsetBegin=115 CharacterOffsetEnd=121 PartOfSpeech=JJ Lemma=annual NamedEntityTag=SET Timex=<TIMEX3 freq="P1X" periodicity="P1Y" quant="EVERY" tid="t1" type="SET" value="P1Y">annual</TIMEX3>]
[Text=fee CharacterOffsetBegin=122 CharacterOffsetEnd=125 PartOfSpeech=NN Lemma=fee NamedEntityTag=O]
(ROOT
  (S
    (NP (DT The) (NNP Home) (NNP Owners) (NNP Association))
    (VP (VBD denied)
      (NP (DT the) (NN request))
      (PP (IN by)
        (NP (DT the) (NNP Pittsburg) (NN family)))
      (PP (IN for)
        (NP (DT a) (JJ new) (NN shed)))
      (SBAR (IN since)
        (S
          (NP (PRP they))
          (VP (VBD failed)
            (S
              (VP (TO to)
                (VP (VB pay)
                  (NP (DT the) (JJ annual) (NN fee)))))))))))

root(ROOT-0, denied-5)
det(Association-4, The-1)
compound(Association-4, Home-2)
compound(Association-4, Owners-3)
nsubj(denied-5, Association-4)
det(request-7, the-6)
dobj(denied-5, request-7)
case(family-11, by-8)
det(family-11, the-9)
compound(family-11, Pittsburg-10)
nmod:by(denied-5, family-11)
case(shed-15, for-12)
det(shed-15, a-13)
amod(shed-15, new-14)
nmod:for(denied-5, shed-15)
mark(failed-18, since-16)
nsubj(failed-18, they-17)
nsubj:xsubj(pay-20, they-17)
advcl:since(denied-5, failed-18)
mark(pay-20, to-19)
xcomp(failed-18, pay-20)
det(fee-23, the-21)
amod(fee-23, annual-22)
dobj(pay-20, fee-23)

