Sentence #1 (26 tokens):
The Home Owners Association denied the request by the Pittsburg family for a new shed since they felt it would not be good for the community
[Text=The CharacterOffsetBegin=0 CharacterOffsetEnd=3 PartOfSpeech=DT Lemma=the NamedEntityTag=O]
[Text=Home CharacterOffsetBegin=4 CharacterOffsetEnd=8 PartOfSpeech=NNP Lemma=Home NamedEntityTag=ORGANIZATION]
[Text=Owners CharacterOffsetBegin=9 CharacterOffsetEnd=15 PartOfSpeech=NNP Lemma=Owners NamedEntityTag=ORGANIZATION]
[Text=Association CharacterOffsetBegin=16 CharacterOffsetEnd=27 PartOfSpeech=NNP Lemma=Association NamedEntityTag=ORGANIZATION]
[Text=denied CharacterOffsetBegin=28 CharacterOffsetEnd=34 PartOfSpeech=VBD Lemma=deny NamedEntityTag=O]
[Text=the CharacterOffsetBegin=35 CharacterOffsetEnd=38 PartOfSpeech=DT Lemma=the NamedEntityTag=O]
[Text=request CharacterOffsetBegin=39 CharacterOffsetEnd=46 PartOfSpeech=NN Lemma=request NamedEntityTag=O]
[Text=by CharacterOffsetBegin=47 CharacterOffsetEnd=49 PartOfSpeech=IN Lemma=by NamedEntityTag=O]
[Text=the CharacterOffsetBegin=50 CharacterOffsetEnd=53 PartOfSpeech=DT Lemma=the NamedEntityTag=O]
[Text=Pittsburg CharacterOffsetBegin=54 CharacterOffsetEnd=63 PartOfSpeech=NNP Lemma=Pittsburg NamedEntityTag=LOCATION]
[Text=family CharacterOffsetBegin=64 CharacterOffsetEnd=70 PartOfSpeech=NN Lemma=family NamedEntityTag=O]
[Text=for CharacterOffsetBegin=71 CharacterOffsetEnd=74 PartOfSpeech=IN Lemma=for NamedEntityTag=O]
[Text=a CharacterOffsetBegin=75 CharacterOffsetEnd=76 PartOfSpeech=DT Lemma=a NamedEntityTag=O]
[Text=new CharacterOffsetBegin=77 CharacterOffsetEnd=80 PartOfSpeech=JJ Lemma=new NamedEntityTag=O]
[Text=shed CharacterOffsetBegin=81 CharacterOffsetEnd=85 PartOfSpeech=NN Lemma=shed NamedEntityTag=O]
[Text=since CharacterOffsetBegin=86 CharacterOffsetEnd=91 PartOfSpeech=IN Lemma=since NamedEntityTag=O]
[Text=they CharacterOffsetBegin=92 CharacterOffsetEnd=96 PartOfSpeech=PRP Lemma=they NamedEntityTag=O]
[Text=felt CharacterOffsetBegin=97 CharacterOffsetEnd=101 PartOfSpeech=VBD Lemma=feel NamedEntityTag=O]
[Text=it CharacterOffsetBegin=102 CharacterOffsetEnd=104 PartOfSpeech=PRP Lemma=it NamedEntityTag=O]
[Text=would CharacterOffsetBegin=105 CharacterOffsetEnd=110 PartOfSpeech=MD Lemma=would NamedEntityTag=O]
[Text=not CharacterOffsetBegin=111 CharacterOffsetEnd=114 PartOfSpeech=RB Lemma=not NamedEntityTag=O]
[Text=be CharacterOffsetBegin=115 CharacterOffsetEnd=117 PartOfSpeech=VB Lemma=be NamedEntityTag=O]
[Text=good CharacterOffsetBegin=118 CharacterOffsetEnd=122 PartOfSpeech=JJ Lemma=good NamedEntityTag=O]
[Text=for CharacterOffsetBegin=123 CharacterOffsetEnd=126 PartOfSpeech=IN Lemma=for NamedEntityTag=O]
[Text=the CharacterOffsetBegin=127 CharacterOffsetEnd=130 PartOfSpeech=DT Lemma=the NamedEntityTag=O]
[Text=community CharacterOffsetBegin=131 CharacterOffsetEnd=140 PartOfSpeech=NN Lemma=community NamedEntityTag=O]
(ROOT
  (S
    (NP (DT The) (NNP Home) (NNP Owners) (NNP Association))
    (VP (VBD denied)
      (NP (DT the) (NN request))
      (PP (IN by)
        (NP (DT the) (NNP Pittsburg) (NN family)))
      (PP (IN for)
        (NP (DT a) (JJ new) (NN shed)))
      (SBAR (IN since)
        (S
          (NP (PRP they))
          (VP (VBD felt)
            (SBAR
              (S
                (NP (PRP it))
                (VP (MD would) (RB not)
                  (VP (VB be)
                    (ADJP (JJ good)
                      (PP (IN for)
                        (NP (DT the) (NN community))))))))))))))

root(ROOT-0, denied-5)
det(Association-4, The-1)
compound(Association-4, Home-2)
compound(Association-4, Owners-3)
nsubj(denied-5, Association-4)
det(request-7, the-6)
dobj(denied-5, request-7)
case(family-11, by-8)
det(family-11, the-9)
compound(family-11, Pittsburg-10)
nmod:by(denied-5, family-11)
case(shed-15, for-12)
det(shed-15, a-13)
amod(shed-15, new-14)
nmod:for(denied-5, shed-15)
mark(felt-18, since-16)
nsubj(felt-18, they-17)
advcl:since(denied-5, felt-18)
nsubj(good-23, it-19)
aux(good-23, would-20)
neg(good-23, not-21)
cop(good-23, be-22)
ccomp(felt-18, good-23)
case(community-26, for-24)
det(community-26, the-25)
nmod:for(good-23, community-26)

Coreference set:
	(1,19,[19,20]) -> (1,4,[1,5]), that is: "it" -> "The Home Owners Association"
