Sentence #1 (10 tokens):
Fleece feels better than cotton since they are much softer
[Text=Fleece CharacterOffsetBegin=0 CharacterOffsetEnd=6 PartOfSpeech=NNP Lemma=Fleece NamedEntityTag=O]
[Text=feels CharacterOffsetBegin=7 CharacterOffsetEnd=12 PartOfSpeech=VBZ Lemma=feel NamedEntityTag=O]
[Text=better CharacterOffsetBegin=13 CharacterOffsetEnd=19 PartOfSpeech=JJR Lemma=better NamedEntityTag=O]
[Text=than CharacterOffsetBegin=20 CharacterOffsetEnd=24 PartOfSpeech=IN Lemma=than NamedEntityTag=O]
[Text=cotton CharacterOffsetBegin=25 CharacterOffsetEnd=31 PartOfSpeech=NN Lemma=cotton NamedEntityTag=O]
[Text=since CharacterOffsetBegin=32 CharacterOffsetEnd=37 PartOfSpeech=IN Lemma=since NamedEntityTag=O]
[Text=they CharacterOffsetBegin=38 CharacterOffsetEnd=42 PartOfSpeech=PRP Lemma=they NamedEntityTag=O]
[Text=are CharacterOffsetBegin=43 CharacterOffsetEnd=46 PartOfSpeech=VBP Lemma=be NamedEntityTag=O]
[Text=much CharacterOffsetBegin=47 CharacterOffsetEnd=51 PartOfSpeech=JJ Lemma=much NamedEntityTag=O]
[Text=softer CharacterOffsetBegin=52 CharacterOffsetEnd=58 PartOfSpeech=JJR Lemma=softer NamedEntityTag=O]
(ROOT
  (S
    (NP (NNP Fleece))
    (VP (VBZ feels)
      (ADJP
        (ADVP (JJR better) (IN than))
        (NN cotton))
      (SBAR (IN since)
        (S
          (NP (PRP they))
          (VP (VBP are)
            (ADJP (JJ much))
            (ADVP (JJR softer))))))))

root(ROOT-0, feels-2)
nsubj(feels-2, Fleece-1)
advmod(cotton-5, better-3)
case(better-3, than-4)
xcomp(feels-2, cotton-5)
mark(much-9, since-6)
nsubj(much-9, they-7)
cop(much-9, are-8)
advcl:since(feels-2, much-9)
advmod(much-9, softer-10)

