Sentence #1 (11 tokens):
Fleece feels better than cotton since they are of worse quality
[Text=Fleece CharacterOffsetBegin=0 CharacterOffsetEnd=6 PartOfSpeech=NNP Lemma=Fleece NamedEntityTag=O]
[Text=feels CharacterOffsetBegin=7 CharacterOffsetEnd=12 PartOfSpeech=VBZ Lemma=feel NamedEntityTag=O]
[Text=better CharacterOffsetBegin=13 CharacterOffsetEnd=19 PartOfSpeech=JJR Lemma=better NamedEntityTag=O]
[Text=than CharacterOffsetBegin=20 CharacterOffsetEnd=24 PartOfSpeech=IN Lemma=than NamedEntityTag=O]
[Text=cotton CharacterOffsetBegin=25 CharacterOffsetEnd=31 PartOfSpeech=NN Lemma=cotton NamedEntityTag=O]
[Text=since CharacterOffsetBegin=32 CharacterOffsetEnd=37 PartOfSpeech=IN Lemma=since NamedEntityTag=O]
[Text=they CharacterOffsetBegin=38 CharacterOffsetEnd=42 PartOfSpeech=PRP Lemma=they NamedEntityTag=O]
[Text=are CharacterOffsetBegin=43 CharacterOffsetEnd=46 PartOfSpeech=VBP Lemma=be NamedEntityTag=O]
[Text=of CharacterOffsetBegin=47 CharacterOffsetEnd=49 PartOfSpeech=IN Lemma=of NamedEntityTag=O]
[Text=worse CharacterOffsetBegin=50 CharacterOffsetEnd=55 PartOfSpeech=JJR Lemma=worse NamedEntityTag=O]
[Text=quality CharacterOffsetBegin=56 CharacterOffsetEnd=63 PartOfSpeech=NN Lemma=quality NamedEntityTag=O]
(ROOT
  (S
    (NP (NNP Fleece))
    (VP (VBZ feels)
      (ADJP
        (ADVP (JJR better) (IN than))
        (NN cotton))
      (SBAR (IN since)
        (S
          (NP (PRP they))
          (VP (VBP are)
            (PP (IN of)
              (NP (JJR worse) (NN quality)))))))))

root(ROOT-0, feels-2)
nsubj(feels-2, Fleece-1)
advmod(cotton-5, better-3)
case(better-3, than-4)
xcomp(feels-2, cotton-5)
mark(quality-11, since-6)
nsubj(quality-11, they-7)
cop(quality-11, are-8)
case(quality-11, of-9)
amod(quality-11, worse-10)
advcl:of(feels-2, quality-11)

