Sentence #1 (16 tokens):
The Police feared allowing the protesters to organize, so they denied their ability to gather
[Text=The CharacterOffsetBegin=0 CharacterOffsetEnd=3 PartOfSpeech=DT Lemma=the NamedEntityTag=O]
[Text=Police CharacterOffsetBegin=4 CharacterOffsetEnd=10 PartOfSpeech=NNP Lemma=Police NamedEntityTag=O]
[Text=feared CharacterOffsetBegin=11 CharacterOffsetEnd=17 PartOfSpeech=VBD Lemma=fear NamedEntityTag=O]
[Text=allowing CharacterOffsetBegin=18 CharacterOffsetEnd=26 PartOfSpeech=VBG Lemma=allow NamedEntityTag=O]
[Text=the CharacterOffsetBegin=27 CharacterOffsetEnd=30 PartOfSpeech=DT Lemma=the NamedEntityTag=O]
[Text=protesters CharacterOffsetBegin=31 CharacterOffsetEnd=41 PartOfSpeech=NNS Lemma=protester NamedEntityTag=O]
[Text=to CharacterOffsetBegin=42 CharacterOffsetEnd=44 PartOfSpeech=TO Lemma=to NamedEntityTag=O]
[Text=organize CharacterOffsetBegin=45 CharacterOffsetEnd=53 PartOfSpeech=VB Lemma=organize NamedEntityTag=O]
[Text=, CharacterOffsetBegin=53 CharacterOffsetEnd=54 PartOfSpeech=, Lemma=, NamedEntityTag=O]
[Text=so CharacterOffsetBegin=55 CharacterOffsetEnd=57 PartOfSpeech=IN Lemma=so NamedEntityTag=O]
[Text=they CharacterOffsetBegin=58 CharacterOffsetEnd=62 PartOfSpeech=PRP Lemma=they NamedEntityTag=O]
[Text=denied CharacterOffsetBegin=63 CharacterOffsetEnd=69 PartOfSpeech=VBD Lemma=deny NamedEntityTag=O]
[Text=their CharacterOffsetBegin=70 CharacterOffsetEnd=75 PartOfSpeech=PRP$ Lemma=they NamedEntityTag=O]
[Text=ability CharacterOffsetBegin=76 CharacterOffsetEnd=83 PartOfSpeech=NN Lemma=ability NamedEntityTag=O]
[Text=to CharacterOffsetBegin=84 CharacterOffsetEnd=86 PartOfSpeech=TO Lemma=to NamedEntityTag=O]
[Text=gather CharacterOffsetBegin=87 CharacterOffsetEnd=93 PartOfSpeech=VB Lemma=gather NamedEntityTag=O]
(ROOT
  (S
    (NP (DT The) (NNP Police))
    (VP (VBD feared)
      (S
        (VP (VBG allowing)
          (S
            (NP (DT the) (NNS protesters))
            (VP (TO to)
              (VP (VB organize))))))
      (, ,)
      (SBAR (IN so)
        (S
          (NP (PRP they))
          (VP (VBD denied)
            (NP (PRP$ their) (NN ability)
              (S
                (VP (TO to)
                  (VP (VB gather)))))))))))

root(ROOT-0, feared-3)
det(Police-2, The-1)
nsubj(feared-3, Police-2)
xcomp(feared-3, allowing-4)
det(protesters-6, the-5)
dobj(allowing-4, protesters-6)
nsubj:xsubj(organize-8, protesters-6)
mark(organize-8, to-7)
xcomp(allowing-4, organize-8)
punct(feared-3, ,-9)
mark(denied-12, so-10)
nsubj(denied-12, they-11)
advcl:so(feared-3, denied-12)
nmod:poss(ability-14, their-13)
dobj(denied-12, ability-14)
mark(gather-16, to-15)
acl:to(ability-14, gather-16)

Coreference set:
	(1,11,[11,12]) -> (1,6,[5,7]), that is: "they" -> "the protesters"
	(1,13,[13,14]) -> (1,6,[5,7]), that is: "their" -> "the protesters"
