Sentence #1 (22 tokens):
The government revoked the ability for oil companies to drill in the United States since they are trying to protect the environment
[Text=The CharacterOffsetBegin=0 CharacterOffsetEnd=3 PartOfSpeech=DT Lemma=the NamedEntityTag=O]
[Text=government CharacterOffsetBegin=4 CharacterOffsetEnd=14 PartOfSpeech=NN Lemma=government NamedEntityTag=O]
[Text=revoked CharacterOffsetBegin=15 CharacterOffsetEnd=22 PartOfSpeech=VBD Lemma=revoke NamedEntityTag=O]
[Text=the CharacterOffsetBegin=23 CharacterOffsetEnd=26 PartOfSpeech=DT Lemma=the NamedEntityTag=O]
[Text=ability CharacterOffsetBegin=27 CharacterOffsetEnd=34 PartOfSpeech=NN Lemma=ability NamedEntityTag=O]
[Text=for CharacterOffsetBegin=35 CharacterOffsetEnd=38 PartOfSpeech=IN Lemma=for NamedEntityTag=O]
[Text=oil CharacterOffsetBegin=39 CharacterOffsetEnd=42 PartOfSpeech=NN Lemma=oil NamedEntityTag=O]
[Text=companies CharacterOffsetBegin=43 CharacterOffsetEnd=52 PartOfSpeech=NNS Lemma=company NamedEntityTag=O]
[Text=to CharacterOffsetBegin=53 CharacterOffsetEnd=55 PartOfSpeech=TO Lemma=to NamedEntityTag=O]
[Text=drill CharacterOffsetBegin=56 CharacterOffsetEnd=61 PartOfSpeech=VB Lemma=drill NamedEntityTag=O]
[Text=in CharacterOffsetBegin=62 CharacterOffsetEnd=64 PartOfSpeech=IN Lemma=in NamedEntityTag=O]
[Text=the CharacterOffsetBegin=65 CharacterOffsetEnd=68 PartOfSpeech=DT Lemma=the NamedEntityTag=O]
[Text=United CharacterOffsetBegin=69 CharacterOffsetEnd=75 PartOfSpeech=NNP Lemma=United NamedEntityTag=LOCATION]
[Text=States CharacterOffsetBegin=76 CharacterOffsetEnd=82 PartOfSpeech=NNPS Lemma=States NamedEntityTag=LOCATION]
[Text=since CharacterOffsetBegin=83 CharacterOffsetEnd=88 PartOfSpeech=IN Lemma=since NamedEntityTag=O]
[Text=they CharacterOffsetBegin=89 CharacterOffsetEnd=93 PartOfSpeech=PRP Lemma=they NamedEntityTag=O]
[Text=are CharacterOffsetBegin=94 CharacterOffsetEnd=97 PartOfSpeech=VBP Lemma=be NamedEntityTag=O]
[Text=trying CharacterOffsetBegin=98 CharacterOffsetEnd=104 PartOfSpeech=VBG Lemma=try NamedEntityTag=O]
[Text=to CharacterOffsetBegin=105 CharacterOffsetEnd=107 PartOfSpeech=TO Lemma=to NamedEntityTag=O]
[Text=protect CharacterOffsetBegin=108 CharacterOffsetEnd=115 PartOfSpeech=VB Lemma=protect NamedEntityTag=O]
[Text=the CharacterOffsetBegin=116 CharacterOffsetEnd=119 PartOfSpeech=DT Lemma=the NamedEntityTag=O]
[Text=environment CharacterOffsetBegin=120 CharacterOffsetEnd=131 PartOfSpeech=NN Lemma=environment NamedEntityTag=O]
(ROOT
  (S
    (NP (DT The) (NN government))
    (VP (VBD revoked)
      (NP (DT the) (NN ability))
      (PP (IN for)
        (NP (NN oil) (NNS companies)))
      (S
        (VP (TO to)
          (VP (VB drill)
            (PP (IN in)
              (NP (DT the) (NNP United) (NNPS States)))
            (SBAR (IN since)
              (S
                (NP (PRP they))
                (VP (VBP are)
                  (VP (VBG trying)
                    (S
                      (VP (TO to)
                        (VP (VB protect)
                          (NP (DT the) (NN environment)))))))))))))))

root(ROOT-0, revoked-3)
det(government-2, The-1)
nsubj(revoked-3, government-2)
det(ability-5, the-4)
dobj(revoked-3, ability-5)
case(companies-8, for-6)
compound(companies-8, oil-7)
nmod:for(revoked-3, companies-8)
mark(drill-10, to-9)
advcl:to(revoked-3, drill-10)
case(States-14, in-11)
det(States-14, the-12)
compound(States-14, United-13)
nmod:in(drill-10, States-14)
mark(trying-18, since-15)
nsubj(trying-18, they-16)
nsubj:xsubj(protect-20, they-16)
aux(trying-18, are-17)
advcl:since(drill-10, trying-18)
mark(protect-20, to-19)
xcomp(trying-18, protect-20)
det(environment-22, the-21)
dobj(protect-20, environment-22)

Coreference set:
	(1,16,[16,17]) -> (1,8,[7,9]), that is: "they" -> "oil companies"
