Sentence #1 (20 tokens):
The Military Police threw the army recruits in the brig since they were causing a distrubance in the neighboring town
[Text=The CharacterOffsetBegin=0 CharacterOffsetEnd=3 PartOfSpeech=DT Lemma=the NamedEntityTag=O]
[Text=Military CharacterOffsetBegin=4 CharacterOffsetEnd=12 PartOfSpeech=NNP Lemma=Military NamedEntityTag=ORGANIZATION]
[Text=Police CharacterOffsetBegin=13 CharacterOffsetEnd=19 PartOfSpeech=NNP Lemma=Police NamedEntityTag=ORGANIZATION]
[Text=threw CharacterOffsetBegin=20 CharacterOffsetEnd=25 PartOfSpeech=VBD Lemma=throw NamedEntityTag=O]
[Text=the CharacterOffsetBegin=26 CharacterOffsetEnd=29 PartOfSpeech=DT Lemma=the NamedEntityTag=O]
[Text=army CharacterOffsetBegin=30 CharacterOffsetEnd=34 PartOfSpeech=NN Lemma=army NamedEntityTag=O]
[Text=recruits CharacterOffsetBegin=35 CharacterOffsetEnd=43 PartOfSpeech=VBZ Lemma=recruit NamedEntityTag=O]
[Text=in CharacterOffsetBegin=44 CharacterOffsetEnd=46 PartOfSpeech=IN Lemma=in NamedEntityTag=O]
[Text=the CharacterOffsetBegin=47 CharacterOffsetEnd=50 PartOfSpeech=DT Lemma=the NamedEntityTag=O]
[Text=brig CharacterOffsetBegin=51 CharacterOffsetEnd=55 PartOfSpeech=NN Lemma=brig NamedEntityTag=O]
[Text=since CharacterOffsetBegin=56 CharacterOffsetEnd=61 PartOfSpeech=IN Lemma=since NamedEntityTag=O]
[Text=they CharacterOffsetBegin=62 CharacterOffsetEnd=66 PartOfSpeech=PRP Lemma=they NamedEntityTag=O]
[Text=were CharacterOffsetBegin=67 CharacterOffsetEnd=71 PartOfSpeech=VBD Lemma=be NamedEntityTag=O]
[Text=causing CharacterOffsetBegin=72 CharacterOffsetEnd=79 PartOfSpeech=VBG Lemma=cause NamedEntityTag=O]
[Text=a CharacterOffsetBegin=80 CharacterOffsetEnd=81 PartOfSpeech=DT Lemma=a NamedEntityTag=O]
[Text=distrubance CharacterOffsetBegin=82 CharacterOffsetEnd=93 PartOfSpeech=NN Lemma=distrubance NamedEntityTag=O]
[Text=in CharacterOffsetBegin=94 CharacterOffsetEnd=96 PartOfSpeech=IN Lemma=in NamedEntityTag=O]
[Text=the CharacterOffsetBegin=97 CharacterOffsetEnd=100 PartOfSpeech=DT Lemma=the NamedEntityTag=O]
[Text=neighboring CharacterOffsetBegin=101 CharacterOffsetEnd=112 PartOfSpeech=JJ Lemma=neighboring NamedEntityTag=O]
[Text=town CharacterOffsetBegin=113 CharacterOffsetEnd=117 PartOfSpeech=NN Lemma=town NamedEntityTag=O]
(ROOT
  (S
    (NP (DT The) (NNP Military) (NNP Police))
    (VP (VBD threw)
      (SBAR
        (S
          (NP (DT the) (NN army))
          (VP (VBZ recruits)
            (PP (IN in)
              (NP (DT the) (NN brig)))
            (SBAR (IN since)
              (S
                (NP (PRP they))
                (VP (VBD were)
                  (VP (VBG causing)
                    (NP
                      (NP (DT a) (NN distrubance))
                      (PP (IN in)
                        (NP (DT the) (JJ neighboring) (NN town))))))))))))))

root(ROOT-0, threw-4)
det(Police-3, The-1)
compound(Police-3, Military-2)
nsubj(threw-4, Police-3)
det(army-6, the-5)
nsubj(recruits-7, army-6)
ccomp(threw-4, recruits-7)
case(brig-10, in-8)
det(brig-10, the-9)
nmod:in(recruits-7, brig-10)
mark(causing-14, since-11)
nsubj(causing-14, they-12)
aux(causing-14, were-13)
advcl:since(recruits-7, causing-14)
det(distrubance-16, a-15)
dobj(causing-14, distrubance-16)
case(town-20, in-17)
det(town-20, the-18)
amod(town-20, neighboring-19)
nmod:in(distrubance-16, town-20)

