Sentence #1 (10 tokens):
Joe smells better than Adam since he hardly ever showers
[Text=Joe CharacterOffsetBegin=0 CharacterOffsetEnd=3 PartOfSpeech=NNP Lemma=Joe NamedEntityTag=PERSON]
[Text=smells CharacterOffsetBegin=4 CharacterOffsetEnd=10 PartOfSpeech=VBZ Lemma=smell NamedEntityTag=O]
[Text=better CharacterOffsetBegin=11 CharacterOffsetEnd=17 PartOfSpeech=JJR Lemma=better NamedEntityTag=O]
[Text=than CharacterOffsetBegin=18 CharacterOffsetEnd=22 PartOfSpeech=IN Lemma=than NamedEntityTag=O]
[Text=Adam CharacterOffsetBegin=23 CharacterOffsetEnd=27 PartOfSpeech=NNP Lemma=Adam NamedEntityTag=PERSON]
[Text=since CharacterOffsetBegin=28 CharacterOffsetEnd=33 PartOfSpeech=IN Lemma=since NamedEntityTag=O]
[Text=he CharacterOffsetBegin=34 CharacterOffsetEnd=36 PartOfSpeech=PRP Lemma=he NamedEntityTag=O]
[Text=hardly CharacterOffsetBegin=37 CharacterOffsetEnd=43 PartOfSpeech=RB Lemma=hardly NamedEntityTag=O]
[Text=ever CharacterOffsetBegin=44 CharacterOffsetEnd=48 PartOfSpeech=RB Lemma=ever NamedEntityTag=O]
[Text=showers CharacterOffsetBegin=49 CharacterOffsetEnd=56 PartOfSpeech=NNS Lemma=shower NamedEntityTag=O]
(ROOT
  (S
    (NP (NNP Joe))
    (VP (VBZ smells)
      (NP (JJR better))
      (PP (IN than)
        (NP
          (NP
            (NP (NNP Adam))
            (PP (IN since)
              (NP (PRP he))))
          (RB hardly) (RB ever)
          (NP (NNS showers)))))))

root(ROOT-0, smells-2)
nsubj(smells-2, Joe-1)
dobj(smells-2, better-3)
case(Adam-5, than-4)
nmod:than(smells-2, Adam-5)
case(he-7, since-6)
nmod:since(Adam-5, he-7)
advmod(Adam-5, hardly-8)
advmod(Adam-5, ever-9)
dep(Adam-5, showers-10)

Coreference set:
	(1,7,[7,8]) -> (1,1,[1,2]), that is: "he" -> "Joe"
