Sentence #1 (15 tokens):
Harvey Dent blames the Batman for losing his love because he did not save her
[Text=Harvey CharacterOffsetBegin=0 CharacterOffsetEnd=6 PartOfSpeech=NNP Lemma=Harvey NamedEntityTag=PERSON]
[Text=Dent CharacterOffsetBegin=7 CharacterOffsetEnd=11 PartOfSpeech=NNP Lemma=Dent NamedEntityTag=PERSON]
[Text=blames CharacterOffsetBegin=12 CharacterOffsetEnd=18 PartOfSpeech=VBZ Lemma=blame NamedEntityTag=O]
[Text=the CharacterOffsetBegin=19 CharacterOffsetEnd=22 PartOfSpeech=DT Lemma=the NamedEntityTag=O]
[Text=Batman CharacterOffsetBegin=23 CharacterOffsetEnd=29 PartOfSpeech=NNP Lemma=Batman NamedEntityTag=PERSON]
[Text=for CharacterOffsetBegin=30 CharacterOffsetEnd=33 PartOfSpeech=IN Lemma=for NamedEntityTag=O]
[Text=losing CharacterOffsetBegin=34 CharacterOffsetEnd=40 PartOfSpeech=VBG Lemma=lose NamedEntityTag=O]
[Text=his CharacterOffsetBegin=41 CharacterOffsetEnd=44 PartOfSpeech=PRP$ Lemma=he NamedEntityTag=O]
[Text=love CharacterOffsetBegin=45 CharacterOffsetEnd=49 PartOfSpeech=NN Lemma=love NamedEntityTag=O]
[Text=because CharacterOffsetBegin=50 CharacterOffsetEnd=57 PartOfSpeech=IN Lemma=because NamedEntityTag=O]
[Text=he CharacterOffsetBegin=58 CharacterOffsetEnd=60 PartOfSpeech=PRP Lemma=he NamedEntityTag=O]
[Text=did CharacterOffsetBegin=61 CharacterOffsetEnd=64 PartOfSpeech=VBD Lemma=do NamedEntityTag=O]
[Text=not CharacterOffsetBegin=65 CharacterOffsetEnd=68 PartOfSpeech=RB Lemma=not NamedEntityTag=O]
[Text=save CharacterOffsetBegin=69 CharacterOffsetEnd=73 PartOfSpeech=VB Lemma=save NamedEntityTag=O]
[Text=her CharacterOffsetBegin=74 CharacterOffsetEnd=77 PartOfSpeech=PRP$ Lemma=she NamedEntityTag=O]
(ROOT
  (S
    (NP (NNP Harvey) (NNP Dent))
    (VP (VBZ blames)
      (NP (DT the) (NNP Batman))
      (PP (IN for)
        (S
          (VP (VBG losing)
            (NP (PRP$ his) (NN love))
            (SBAR (IN because)
              (S
                (NP (PRP he))
                (VP (VBD did) (RB not)
                  (VP (VB save)
                    (NP (PRP$ her))))))))))))

root(ROOT-0, blames-3)
compound(Dent-2, Harvey-1)
nsubj(blames-3, Dent-2)
det(Batman-5, the-4)
dobj(blames-3, Batman-5)
mark(losing-7, for-6)
advcl:for(blames-3, losing-7)
nmod:poss(love-9, his-8)
dobj(losing-7, love-9)
mark(save-14, because-10)
nsubj(save-14, he-11)
aux(save-14, did-12)
neg(save-14, not-13)
advcl:because(losing-7, save-14)
dobj(save-14, her-15)

Coreference set:
	(1,8,[8,9]) -> (1,2,[1,3]), that is: "his" -> "Harvey Dent"
	(1,11,[11,12]) -> (1,2,[1,3]), that is: "he" -> "Harvey Dent"
