Sentence #1 (17 tokens):
Harvey Dent blames the Batman for losing his love because he was saved instead of his girlfriend
[Text=Harvey CharacterOffsetBegin=0 CharacterOffsetEnd=6 PartOfSpeech=NNP Lemma=Harvey NamedEntityTag=PERSON]
[Text=Dent CharacterOffsetBegin=7 CharacterOffsetEnd=11 PartOfSpeech=NNP Lemma=Dent NamedEntityTag=PERSON]
[Text=blames CharacterOffsetBegin=12 CharacterOffsetEnd=18 PartOfSpeech=VBZ Lemma=blame NamedEntityTag=O]
[Text=the CharacterOffsetBegin=19 CharacterOffsetEnd=22 PartOfSpeech=DT Lemma=the NamedEntityTag=O]
[Text=Batman CharacterOffsetBegin=23 CharacterOffsetEnd=29 PartOfSpeech=NNP Lemma=Batman NamedEntityTag=PERSON]
[Text=for CharacterOffsetBegin=30 CharacterOffsetEnd=33 PartOfSpeech=IN Lemma=for NamedEntityTag=O]
[Text=losing CharacterOffsetBegin=34 CharacterOffsetEnd=40 PartOfSpeech=VBG Lemma=lose NamedEntityTag=O]
[Text=his CharacterOffsetBegin=41 CharacterOffsetEnd=44 PartOfSpeech=PRP$ Lemma=he NamedEntityTag=O]
[Text=love CharacterOffsetBegin=45 CharacterOffsetEnd=49 PartOfSpeech=NN Lemma=love NamedEntityTag=O]
[Text=because CharacterOffsetBegin=50 CharacterOffsetEnd=57 PartOfSpeech=IN Lemma=because NamedEntityTag=O]
[Text=he CharacterOffsetBegin=58 CharacterOffsetEnd=60 PartOfSpeech=PRP Lemma=he NamedEntityTag=O]
[Text=was CharacterOffsetBegin=61 CharacterOffsetEnd=64 PartOfSpeech=VBD Lemma=be NamedEntityTag=O]
[Text=saved CharacterOffsetBegin=65 CharacterOffsetEnd=70 PartOfSpeech=VBN Lemma=save NamedEntityTag=O]
[Text=instead CharacterOffsetBegin=71 CharacterOffsetEnd=78 PartOfSpeech=RB Lemma=instead NamedEntityTag=O]
[Text=of CharacterOffsetBegin=79 CharacterOffsetEnd=81 PartOfSpeech=IN Lemma=of NamedEntityTag=O]
[Text=his CharacterOffsetBegin=82 CharacterOffsetEnd=85 PartOfSpeech=PRP$ Lemma=he NamedEntityTag=O]
[Text=girlfriend CharacterOffsetBegin=86 CharacterOffsetEnd=96 PartOfSpeech=NN Lemma=girlfriend NamedEntityTag=O]
(ROOT
  (S
    (NP (NNP Harvey) (NNP Dent))
    (VP (VBZ blames)
      (NP (DT the) (NNP Batman))
      (PP (IN for)
        (S
          (VP (VBG losing)
            (NP (PRP$ his) (NN love))
            (SBAR (IN because)
              (S
                (NP (PRP he))
                (VP (VBD was)
                  (VP (VBN saved)
                    (PP (RB instead) (IN of)
                      (NP (PRP$ his) (NN girlfriend)))))))))))))

root(ROOT-0, blames-3)
compound(Dent-2, Harvey-1)
nsubj(blames-3, Dent-2)
det(Batman-5, the-4)
dobj(blames-3, Batman-5)
mark(losing-7, for-6)
advcl:for(blames-3, losing-7)
nmod:poss(love-9, his-8)
dobj(losing-7, love-9)
mark(saved-13, because-10)
nsubjpass(saved-13, he-11)
auxpass(saved-13, was-12)
advcl:because(losing-7, saved-13)
case(girlfriend-17, instead-14)
mwe(instead-14, of-15)
nmod:poss(girlfriend-17, his-16)
nmod:instead_of(saved-13, girlfriend-17)

Coreference set:
	(1,8,[8,9]) -> (1,2,[1,3]), that is: "his" -> "Harvey Dent"
	(1,11,[11,12]) -> (1,2,[1,3]), that is: "he" -> "Harvey Dent"
	(1,16,[16,17]) -> (1,2,[1,3]), that is: "his" -> "Harvey Dent"
