Sentence #1 (21 tokens):
Intel performs better than AMD in the processing market, but they do not do as well in the graphics market
[Text=Intel CharacterOffsetBegin=0 CharacterOffsetEnd=5 PartOfSpeech=NNP Lemma=Intel NamedEntityTag=ORGANIZATION]
[Text=performs CharacterOffsetBegin=6 CharacterOffsetEnd=14 PartOfSpeech=VBZ Lemma=perform NamedEntityTag=O]
[Text=better CharacterOffsetBegin=15 CharacterOffsetEnd=21 PartOfSpeech=JJR Lemma=better NamedEntityTag=O]
[Text=than CharacterOffsetBegin=22 CharacterOffsetEnd=26 PartOfSpeech=IN Lemma=than NamedEntityTag=O]
[Text=AMD CharacterOffsetBegin=27 CharacterOffsetEnd=30 PartOfSpeech=NNP Lemma=AMD NamedEntityTag=ORGANIZATION]
[Text=in CharacterOffsetBegin=31 CharacterOffsetEnd=33 PartOfSpeech=IN Lemma=in NamedEntityTag=O]
[Text=the CharacterOffsetBegin=34 CharacterOffsetEnd=37 PartOfSpeech=DT Lemma=the NamedEntityTag=O]
[Text=processing CharacterOffsetBegin=38 CharacterOffsetEnd=48 PartOfSpeech=NN Lemma=processing NamedEntityTag=O]
[Text=market CharacterOffsetBegin=49 CharacterOffsetEnd=55 PartOfSpeech=NN Lemma=market NamedEntityTag=O]
[Text=, CharacterOffsetBegin=55 CharacterOffsetEnd=56 PartOfSpeech=, Lemma=, NamedEntityTag=O]
[Text=but CharacterOffsetBegin=57 CharacterOffsetEnd=60 PartOfSpeech=CC Lemma=but NamedEntityTag=O]
[Text=they CharacterOffsetBegin=61 CharacterOffsetEnd=65 PartOfSpeech=PRP Lemma=they NamedEntityTag=O]
[Text=do CharacterOffsetBegin=66 CharacterOffsetEnd=68 PartOfSpeech=VBP Lemma=do NamedEntityTag=O]
[Text=not CharacterOffsetBegin=69 CharacterOffsetEnd=72 PartOfSpeech=RB Lemma=not NamedEntityTag=O]
[Text=do CharacterOffsetBegin=73 CharacterOffsetEnd=75 PartOfSpeech=VB Lemma=do NamedEntityTag=O]
[Text=as CharacterOffsetBegin=76 CharacterOffsetEnd=78 PartOfSpeech=RB Lemma=as NamedEntityTag=O]
[Text=well CharacterOffsetBegin=79 CharacterOffsetEnd=83 PartOfSpeech=RB Lemma=well NamedEntityTag=O]
[Text=in CharacterOffsetBegin=84 CharacterOffsetEnd=86 PartOfSpeech=IN Lemma=in NamedEntityTag=O]
[Text=the CharacterOffsetBegin=87 CharacterOffsetEnd=90 PartOfSpeech=DT Lemma=the NamedEntityTag=O]
[Text=graphics CharacterOffsetBegin=91 CharacterOffsetEnd=99 PartOfSpeech=NNS Lemma=graphic NamedEntityTag=O]
[Text=market CharacterOffsetBegin=100 CharacterOffsetEnd=106 PartOfSpeech=NN Lemma=market NamedEntityTag=O]
(ROOT
  (FRAG
    (S
      (S
        (NP (NNP Intel))
        (VP (VBZ performs)
          (NP (JJR better))
          (PP (IN than)
            (NP
              (NP (NNP AMD))
              (PP (IN in)
                (NP (DT the) (NN processing) (NN market)))))))
      (, ,)
      (CC but)
      (S
        (NP (PRP they))
        (VP (VBP do) (RB not)
          (VP (VB do)
            (ADVP (RB as) (RB well))
            (PP (IN in)
              (NP (DT the) (NNS graphics) (NN market)))))))))

root(ROOT-0, performs-2)
nsubj(performs-2, Intel-1)
dobj(performs-2, better-3)
case(AMD-5, than-4)
nmod:than(performs-2, AMD-5)
case(market-9, in-6)
det(market-9, the-7)
compound(market-9, processing-8)
nmod:in(AMD-5, market-9)
punct(performs-2, ,-10)
cc(performs-2, but-11)
nsubj(do-15, they-12)
aux(do-15, do-13)
neg(do-15, not-14)
conj:but(performs-2, do-15)
advmod(do-15, as-16)
mwe(as-16, well-17)
case(market-21, in-18)
det(market-21, the-19)
compound(market-21, graphics-20)
nmod:in(do-15, market-21)

