Sentence #1 (20 tokens):
Intel Performs better than AMD in the processing market, but they are more successful in the graphics market instead
[Text=Intel CharacterOffsetBegin=0 CharacterOffsetEnd=5 PartOfSpeech=NNP Lemma=Intel NamedEntityTag=ORGANIZATION]
[Text=Performs CharacterOffsetBegin=6 CharacterOffsetEnd=14 PartOfSpeech=VBZ Lemma=perform NamedEntityTag=O]
[Text=better CharacterOffsetBegin=15 CharacterOffsetEnd=21 PartOfSpeech=JJR Lemma=better NamedEntityTag=O]
[Text=than CharacterOffsetBegin=22 CharacterOffsetEnd=26 PartOfSpeech=IN Lemma=than NamedEntityTag=O]
[Text=AMD CharacterOffsetBegin=27 CharacterOffsetEnd=30 PartOfSpeech=NNP Lemma=AMD NamedEntityTag=ORGANIZATION]
[Text=in CharacterOffsetBegin=31 CharacterOffsetEnd=33 PartOfSpeech=IN Lemma=in NamedEntityTag=O]
[Text=the CharacterOffsetBegin=34 CharacterOffsetEnd=37 PartOfSpeech=DT Lemma=the NamedEntityTag=O]
[Text=processing CharacterOffsetBegin=38 CharacterOffsetEnd=48 PartOfSpeech=NN Lemma=processing NamedEntityTag=O]
[Text=market CharacterOffsetBegin=49 CharacterOffsetEnd=55 PartOfSpeech=NN Lemma=market NamedEntityTag=O]
[Text=, CharacterOffsetBegin=55 CharacterOffsetEnd=56 PartOfSpeech=, Lemma=, NamedEntityTag=O]
[Text=but CharacterOffsetBegin=57 CharacterOffsetEnd=60 PartOfSpeech=CC Lemma=but NamedEntityTag=O]
[Text=they CharacterOffsetBegin=61 CharacterOffsetEnd=65 PartOfSpeech=PRP Lemma=they NamedEntityTag=O]
[Text=are CharacterOffsetBegin=66 CharacterOffsetEnd=69 PartOfSpeech=VBP Lemma=be NamedEntityTag=O]
[Text=more CharacterOffsetBegin=70 CharacterOffsetEnd=74 PartOfSpeech=RBR Lemma=more NamedEntityTag=O]
[Text=successful CharacterOffsetBegin=75 CharacterOffsetEnd=85 PartOfSpeech=JJ Lemma=successful NamedEntityTag=O]
[Text=in CharacterOffsetBegin=86 CharacterOffsetEnd=88 PartOfSpeech=IN Lemma=in NamedEntityTag=O]
[Text=the CharacterOffsetBegin=89 CharacterOffsetEnd=92 PartOfSpeech=DT Lemma=the NamedEntityTag=O]
[Text=graphics CharacterOffsetBegin=93 CharacterOffsetEnd=101 PartOfSpeech=NNS Lemma=graphic NamedEntityTag=O]
[Text=market CharacterOffsetBegin=102 CharacterOffsetEnd=108 PartOfSpeech=NN Lemma=market NamedEntityTag=O]
[Text=instead CharacterOffsetBegin=109 CharacterOffsetEnd=116 PartOfSpeech=RB Lemma=instead NamedEntityTag=O]
(ROOT
  (FRAG
    (S
      (S
        (NP (NNP Intel))
        (VP (VBZ Performs)
          (NP (JJR better))
          (PP (IN than)
            (NP
              (NP (NNP AMD))
              (PP (IN in)
                (NP (DT the) (NN processing) (NN market)))))))
      (, ,)
      (CC but)
      (S
        (NP (PRP they))
        (VP (VBP are)
          (ADJP (RBR more) (JJ successful)
            (PP (IN in)
              (NP (DT the) (NNS graphics) (NN market))))
          (ADVP (RB instead)))))))

root(ROOT-0, Performs-2)
nsubj(Performs-2, Intel-1)
dobj(Performs-2, better-3)
case(AMD-5, than-4)
nmod:than(Performs-2, AMD-5)
case(market-9, in-6)
det(market-9, the-7)
compound(market-9, processing-8)
nmod:in(AMD-5, market-9)
punct(Performs-2, ,-10)
cc(Performs-2, but-11)
nsubj(successful-15, they-12)
cop(successful-15, are-13)
advmod(successful-15, more-14)
conj:but(Performs-2, successful-15)
case(market-19, in-16)
det(market-19, the-17)
compound(market-19, graphics-18)
nmod:in(successful-15, market-19)
advmod(successful-15, instead-20)

