Sentence #1 (21 tokens):
The football players went on strike against the NFL organization, but they will play again when their demands are met
[Text=The CharacterOffsetBegin=0 CharacterOffsetEnd=3 PartOfSpeech=DT Lemma=the NamedEntityTag=O]
[Text=football CharacterOffsetBegin=4 CharacterOffsetEnd=12 PartOfSpeech=NN Lemma=football NamedEntityTag=O]
[Text=players CharacterOffsetBegin=13 CharacterOffsetEnd=20 PartOfSpeech=NNS Lemma=player NamedEntityTag=O]
[Text=went CharacterOffsetBegin=21 CharacterOffsetEnd=25 PartOfSpeech=VBD Lemma=go NamedEntityTag=O]
[Text=on CharacterOffsetBegin=26 CharacterOffsetEnd=28 PartOfSpeech=IN Lemma=on NamedEntityTag=O]
[Text=strike CharacterOffsetBegin=29 CharacterOffsetEnd=35 PartOfSpeech=NN Lemma=strike NamedEntityTag=O]
[Text=against CharacterOffsetBegin=36 CharacterOffsetEnd=43 PartOfSpeech=IN Lemma=against NamedEntityTag=O]
[Text=the CharacterOffsetBegin=44 CharacterOffsetEnd=47 PartOfSpeech=DT Lemma=the NamedEntityTag=O]
[Text=NFL CharacterOffsetBegin=48 CharacterOffsetEnd=51 PartOfSpeech=NNP Lemma=NFL NamedEntityTag=ORGANIZATION]
[Text=organization CharacterOffsetBegin=52 CharacterOffsetEnd=64 PartOfSpeech=NN Lemma=organization NamedEntityTag=O]
[Text=, CharacterOffsetBegin=64 CharacterOffsetEnd=65 PartOfSpeech=, Lemma=, NamedEntityTag=O]
[Text=but CharacterOffsetBegin=66 CharacterOffsetEnd=69 PartOfSpeech=CC Lemma=but NamedEntityTag=O]
[Text=they CharacterOffsetBegin=70 CharacterOffsetEnd=74 PartOfSpeech=PRP Lemma=they NamedEntityTag=O]
[Text=will CharacterOffsetBegin=75 CharacterOffsetEnd=79 PartOfSpeech=MD Lemma=will NamedEntityTag=O]
[Text=play CharacterOffsetBegin=80 CharacterOffsetEnd=84 PartOfSpeech=VB Lemma=play NamedEntityTag=O]
[Text=again CharacterOffsetBegin=85 CharacterOffsetEnd=90 PartOfSpeech=RB Lemma=again NamedEntityTag=O]
[Text=when CharacterOffsetBegin=91 CharacterOffsetEnd=95 PartOfSpeech=WRB Lemma=when NamedEntityTag=O]
[Text=their CharacterOffsetBegin=96 CharacterOffsetEnd=101 PartOfSpeech=PRP$ Lemma=they NamedEntityTag=O]
[Text=demands CharacterOffsetBegin=102 CharacterOffsetEnd=109 PartOfSpeech=NNS Lemma=demand NamedEntityTag=O]
[Text=are CharacterOffsetBegin=110 CharacterOffsetEnd=113 PartOfSpeech=VBP Lemma=be NamedEntityTag=O]
[Text=met CharacterOffsetBegin=114 CharacterOffsetEnd=117 PartOfSpeech=VBN Lemma=meet NamedEntityTag=O]
(ROOT
  (FRAG
    (S
      (S
        (NP (DT The) (NN football) (NNS players))
        (VP (VBD went)
          (PP (IN on)
            (NP (NN strike)))
          (PP (IN against)
            (NP (DT the) (NNP NFL) (NN organization)))))
      (, ,)
      (CC but)
      (S
        (NP (PRP they))
        (VP (MD will)
          (VP (VB play)
            (ADVP (RB again))
            (SBAR
              (WHADVP (WRB when))
              (S
                (NP (PRP$ their) (NNS demands))
                (VP (VBP are)
                  (VP (VBN met)))))))))))

root(ROOT-0, went-4)
det(players-3, The-1)
compound(players-3, football-2)
nsubj(went-4, players-3)
case(strike-6, on-5)
nmod:on(went-4, strike-6)
case(organization-10, against-7)
det(organization-10, the-8)
compound(organization-10, NFL-9)
nmod:against(went-4, organization-10)
punct(went-4, ,-11)
cc(went-4, but-12)
nsubj(play-15, they-13)
aux(play-15, will-14)
conj:but(went-4, play-15)
advmod(play-15, again-16)
advmod(met-21, when-17)
nmod:poss(demands-19, their-18)
nsubjpass(met-21, demands-19)
auxpass(met-21, are-20)
advcl(play-15, met-21)

Coreference set:
	(1,13,[13,14]) -> (1,3,[1,4]), that is: "they" -> "The football players"
	(1,18,[18,19]) -> (1,3,[1,4]), that is: "their" -> "The football players"
