Sentence #1 (21 tokens):
The football players went on strike against the NFL organization, but they will consider their demands to send the strike
[Text=The CharacterOffsetBegin=0 CharacterOffsetEnd=3 PartOfSpeech=DT Lemma=the NamedEntityTag=O]
[Text=football CharacterOffsetBegin=4 CharacterOffsetEnd=12 PartOfSpeech=NN Lemma=football NamedEntityTag=O]
[Text=players CharacterOffsetBegin=13 CharacterOffsetEnd=20 PartOfSpeech=NNS Lemma=player NamedEntityTag=O]
[Text=went CharacterOffsetBegin=21 CharacterOffsetEnd=25 PartOfSpeech=VBD Lemma=go NamedEntityTag=O]
[Text=on CharacterOffsetBegin=26 CharacterOffsetEnd=28 PartOfSpeech=IN Lemma=on NamedEntityTag=O]
[Text=strike CharacterOffsetBegin=29 CharacterOffsetEnd=35 PartOfSpeech=NN Lemma=strike NamedEntityTag=O]
[Text=against CharacterOffsetBegin=36 CharacterOffsetEnd=43 PartOfSpeech=IN Lemma=against NamedEntityTag=O]
[Text=the CharacterOffsetBegin=44 CharacterOffsetEnd=47 PartOfSpeech=DT Lemma=the NamedEntityTag=O]
[Text=NFL CharacterOffsetBegin=48 CharacterOffsetEnd=51 PartOfSpeech=NNP Lemma=NFL NamedEntityTag=ORGANIZATION]
[Text=organization CharacterOffsetBegin=52 CharacterOffsetEnd=64 PartOfSpeech=NN Lemma=organization NamedEntityTag=O]
[Text=, CharacterOffsetBegin=64 CharacterOffsetEnd=65 PartOfSpeech=, Lemma=, NamedEntityTag=O]
[Text=but CharacterOffsetBegin=66 CharacterOffsetEnd=69 PartOfSpeech=CC Lemma=but NamedEntityTag=O]
[Text=they CharacterOffsetBegin=70 CharacterOffsetEnd=74 PartOfSpeech=PRP Lemma=they NamedEntityTag=O]
[Text=will CharacterOffsetBegin=75 CharacterOffsetEnd=79 PartOfSpeech=MD Lemma=will NamedEntityTag=O]
[Text=consider CharacterOffsetBegin=80 CharacterOffsetEnd=88 PartOfSpeech=VB Lemma=consider NamedEntityTag=O]
[Text=their CharacterOffsetBegin=89 CharacterOffsetEnd=94 PartOfSpeech=PRP$ Lemma=they NamedEntityTag=O]
[Text=demands CharacterOffsetBegin=95 CharacterOffsetEnd=102 PartOfSpeech=NNS Lemma=demand NamedEntityTag=O]
[Text=to CharacterOffsetBegin=103 CharacterOffsetEnd=105 PartOfSpeech=TO Lemma=to NamedEntityTag=O]
[Text=send CharacterOffsetBegin=106 CharacterOffsetEnd=110 PartOfSpeech=VB Lemma=send NamedEntityTag=O]
[Text=the CharacterOffsetBegin=111 CharacterOffsetEnd=114 PartOfSpeech=DT Lemma=the NamedEntityTag=O]
[Text=strike CharacterOffsetBegin=115 CharacterOffsetEnd=121 PartOfSpeech=NN Lemma=strike NamedEntityTag=O]
(ROOT
  (FRAG
    (S
      (S
        (NP (DT The) (NN football) (NNS players))
        (VP (VBD went)
          (PP (IN on)
            (NP (NN strike)))
          (PP (IN against)
            (NP (DT the) (NNP NFL) (NN organization)))))
      (, ,)
      (CC but)
      (S
        (NP (PRP they))
        (VP (MD will)
          (VP (VB consider)
            (NP (PRP$ their) (NNS demands))
            (S
              (VP (TO to)
                (VP (VB send)
                  (NP (DT the) (NN strike)))))))))))

root(ROOT-0, went-4)
det(players-3, The-1)
compound(players-3, football-2)
nsubj(went-4, players-3)
case(strike-6, on-5)
nmod:on(went-4, strike-6)
case(organization-10, against-7)
det(organization-10, the-8)
compound(organization-10, NFL-9)
nmod:against(went-4, organization-10)
punct(went-4, ,-11)
cc(went-4, but-12)
nsubj(consider-15, they-13)
aux(consider-15, will-14)
conj:but(went-4, consider-15)
nmod:poss(demands-17, their-16)
dobj(consider-15, demands-17)
mark(send-19, to-18)
advcl:to(consider-15, send-19)
det(strike-21, the-20)
dobj(send-19, strike-21)

Coreference set:
	(1,13,[13,14]) -> (1,3,[1,4]), that is: "they" -> "The football players"
	(1,16,[16,17]) -> (1,3,[1,4]), that is: "their" -> "The football players"
