Sentence #1 (23 tokens):
Disney World offers a much wider array of rides than Six Flags since they have a much larger budget due to their merchandising
[Text=Disney CharacterOffsetBegin=0 CharacterOffsetEnd=6 PartOfSpeech=NNP Lemma=Disney NamedEntityTag=ORGANIZATION]
[Text=World CharacterOffsetBegin=7 CharacterOffsetEnd=12 PartOfSpeech=NNP Lemma=World NamedEntityTag=ORGANIZATION]
[Text=offers CharacterOffsetBegin=13 CharacterOffsetEnd=19 PartOfSpeech=VBZ Lemma=offer NamedEntityTag=O]
[Text=a CharacterOffsetBegin=20 CharacterOffsetEnd=21 PartOfSpeech=DT Lemma=a NamedEntityTag=O]
[Text=much CharacterOffsetBegin=22 CharacterOffsetEnd=26 PartOfSpeech=JJ Lemma=much NamedEntityTag=O]
[Text=wider CharacterOffsetBegin=27 CharacterOffsetEnd=32 PartOfSpeech=JJR Lemma=wider NamedEntityTag=O]
[Text=array CharacterOffsetBegin=33 CharacterOffsetEnd=38 PartOfSpeech=NN Lemma=array NamedEntityTag=O]
[Text=of CharacterOffsetBegin=39 CharacterOffsetEnd=41 PartOfSpeech=IN Lemma=of NamedEntityTag=O]
[Text=rides CharacterOffsetBegin=42 CharacterOffsetEnd=47 PartOfSpeech=NNS Lemma=ride NamedEntityTag=O]
[Text=than CharacterOffsetBegin=48 CharacterOffsetEnd=52 PartOfSpeech=IN Lemma=than NamedEntityTag=O]
[Text=Six CharacterOffsetBegin=53 CharacterOffsetEnd=56 PartOfSpeech=CD Lemma=six NamedEntityTag=NUMBER NormalizedNamedEntityTag=6.0]
[Text=Flags CharacterOffsetBegin=57 CharacterOffsetEnd=62 PartOfSpeech=NNS Lemma=flag NamedEntityTag=O]
[Text=since CharacterOffsetBegin=63 CharacterOffsetEnd=68 PartOfSpeech=IN Lemma=since NamedEntityTag=O]
[Text=they CharacterOffsetBegin=69 CharacterOffsetEnd=73 PartOfSpeech=PRP Lemma=they NamedEntityTag=O]
[Text=have CharacterOffsetBegin=74 CharacterOffsetEnd=78 PartOfSpeech=VBP Lemma=have NamedEntityTag=O]
[Text=a CharacterOffsetBegin=79 CharacterOffsetEnd=80 PartOfSpeech=DT Lemma=a NamedEntityTag=O]
[Text=much CharacterOffsetBegin=81 CharacterOffsetEnd=85 PartOfSpeech=RB Lemma=much NamedEntityTag=O]
[Text=larger CharacterOffsetBegin=86 CharacterOffsetEnd=92 PartOfSpeech=JJR Lemma=larger NamedEntityTag=O]
[Text=budget CharacterOffsetBegin=93 CharacterOffsetEnd=99 PartOfSpeech=NN Lemma=budget NamedEntityTag=O]
[Text=due CharacterOffsetBegin=100 CharacterOffsetEnd=103 PartOfSpeech=JJ Lemma=due NamedEntityTag=O]
[Text=to CharacterOffsetBegin=104 CharacterOffsetEnd=106 PartOfSpeech=TO Lemma=to NamedEntityTag=O]
[Text=their CharacterOffsetBegin=107 CharacterOffsetEnd=112 PartOfSpeech=PRP$ Lemma=they NamedEntityTag=O]
[Text=merchandising CharacterOffsetBegin=113 CharacterOffsetEnd=126 PartOfSpeech=NN Lemma=merchandising NamedEntityTag=O]
(ROOT
  (S
    (NP (NNP Disney) (NNP World))
    (VP (VBZ offers)
      (NP
        (NP (DT a) (JJ much) (JJR wider) (NN array))
        (PP (IN of)
          (NP
            (NP (NNS rides))
            (PP (IN than)
              (NP (CD Six) (NNS Flags))))))
      (SBAR (IN since)
        (S
          (NP (PRP they))
          (VP (VBP have)
            (NP
              (NP (DT a)
                (ADJP (RB much) (JJR larger))
                (NN budget))
              (ADJP (JJ due)
                (PP (TO to)
                  (NP (PRP$ their) (NN merchandising)))))))))))

root(ROOT-0, offers-3)
compound(World-2, Disney-1)
nsubj(offers-3, World-2)
det(array-7, a-4)
amod(array-7, much-5)
amod(array-7, wider-6)
dobj(offers-3, array-7)
case(rides-9, of-8)
nmod:of(array-7, rides-9)
case(Flags-12, than-10)
nummod(Flags-12, Six-11)
nmod:than(rides-9, Flags-12)
mark(have-15, since-13)
nsubj(have-15, they-14)
advcl:since(offers-3, have-15)
det(budget-19, a-16)
advmod(larger-18, much-17)
amod(budget-19, larger-18)
dobj(have-15, budget-19)
amod(budget-19, due-20)
case(merchandising-23, to-21)
nmod:poss(merchandising-23, their-22)
nmod:to(due-20, merchandising-23)

Coreference set:
	(1,22,[22,23]) -> (1,14,[14,15]), that is: "their" -> "they"
