Sentence #1 (27 tokens):
Disney World offers a much wider array of rides than Six Flags since they are more limited on budget due to not having other sources of revenue
[Text=Disney CharacterOffsetBegin=0 CharacterOffsetEnd=6 PartOfSpeech=NNP Lemma=Disney NamedEntityTag=ORGANIZATION]
[Text=World CharacterOffsetBegin=7 CharacterOffsetEnd=12 PartOfSpeech=NNP Lemma=World NamedEntityTag=ORGANIZATION]
[Text=offers CharacterOffsetBegin=13 CharacterOffsetEnd=19 PartOfSpeech=VBZ Lemma=offer NamedEntityTag=O]
[Text=a CharacterOffsetBegin=20 CharacterOffsetEnd=21 PartOfSpeech=DT Lemma=a NamedEntityTag=O]
[Text=much CharacterOffsetBegin=22 CharacterOffsetEnd=26 PartOfSpeech=JJ Lemma=much NamedEntityTag=O]
[Text=wider CharacterOffsetBegin=27 CharacterOffsetEnd=32 PartOfSpeech=JJR Lemma=wider NamedEntityTag=O]
[Text=array CharacterOffsetBegin=33 CharacterOffsetEnd=38 PartOfSpeech=NN Lemma=array NamedEntityTag=O]
[Text=of CharacterOffsetBegin=39 CharacterOffsetEnd=41 PartOfSpeech=IN Lemma=of NamedEntityTag=O]
[Text=rides CharacterOffsetBegin=42 CharacterOffsetEnd=47 PartOfSpeech=NNS Lemma=ride NamedEntityTag=O]
[Text=than CharacterOffsetBegin=48 CharacterOffsetEnd=52 PartOfSpeech=IN Lemma=than NamedEntityTag=O]
[Text=Six CharacterOffsetBegin=53 CharacterOffsetEnd=56 PartOfSpeech=CD Lemma=six NamedEntityTag=NUMBER NormalizedNamedEntityTag=6.0]
[Text=Flags CharacterOffsetBegin=57 CharacterOffsetEnd=62 PartOfSpeech=NNS Lemma=flag NamedEntityTag=O]
[Text=since CharacterOffsetBegin=63 CharacterOffsetEnd=68 PartOfSpeech=IN Lemma=since NamedEntityTag=O]
[Text=they CharacterOffsetBegin=69 CharacterOffsetEnd=73 PartOfSpeech=PRP Lemma=they NamedEntityTag=O]
[Text=are CharacterOffsetBegin=74 CharacterOffsetEnd=77 PartOfSpeech=VBP Lemma=be NamedEntityTag=O]
[Text=more CharacterOffsetBegin=78 CharacterOffsetEnd=82 PartOfSpeech=RBR Lemma=more NamedEntityTag=O]
[Text=limited CharacterOffsetBegin=83 CharacterOffsetEnd=90 PartOfSpeech=VBN Lemma=limit NamedEntityTag=O]
[Text=on CharacterOffsetBegin=91 CharacterOffsetEnd=93 PartOfSpeech=IN Lemma=on NamedEntityTag=O]
[Text=budget CharacterOffsetBegin=94 CharacterOffsetEnd=100 PartOfSpeech=NN Lemma=budget NamedEntityTag=O]
[Text=due CharacterOffsetBegin=101 CharacterOffsetEnd=104 PartOfSpeech=JJ Lemma=due NamedEntityTag=O]
[Text=to CharacterOffsetBegin=105 CharacterOffsetEnd=107 PartOfSpeech=TO Lemma=to NamedEntityTag=O]
[Text=not CharacterOffsetBegin=108 CharacterOffsetEnd=111 PartOfSpeech=RB Lemma=not NamedEntityTag=O]
[Text=having CharacterOffsetBegin=112 CharacterOffsetEnd=118 PartOfSpeech=VBG Lemma=have NamedEntityTag=O]
[Text=other CharacterOffsetBegin=119 CharacterOffsetEnd=124 PartOfSpeech=JJ Lemma=other NamedEntityTag=O]
[Text=sources CharacterOffsetBegin=125 CharacterOffsetEnd=132 PartOfSpeech=NNS Lemma=source NamedEntityTag=O]
[Text=of CharacterOffsetBegin=133 CharacterOffsetEnd=135 PartOfSpeech=IN Lemma=of NamedEntityTag=O]
[Text=revenue CharacterOffsetBegin=136 CharacterOffsetEnd=143 PartOfSpeech=NN Lemma=revenue NamedEntityTag=O]
(ROOT
  (S
    (NP (NNP Disney) (NNP World))
    (VP (VBZ offers)
      (NP
        (NP (DT a) (JJ much) (JJR wider) (NN array))
        (PP (IN of)
          (NP
            (NP (NNS rides))
            (PP (IN than)
              (NP (CD Six) (NNS Flags))))))
      (SBAR (IN since)
        (S
          (NP (PRP they))
          (VP (VBP are)
            (ADJP (RBR more) (VBN limited)
              (PP (IN on)
                (NP
                  (NP (NN budget))
                  (ADJP (JJ due)
                    (PP (TO to)
                      (S
                        (VP (RB not) (VBG having)
                          (NP (JJ other) (NNS sources))))))
                  (PP (IN of)
                    (NP (NN revenue))))))))))))

root(ROOT-0, offers-3)
compound(World-2, Disney-1)
nsubj(offers-3, World-2)
det(array-7, a-4)
amod(array-7, much-5)
amod(array-7, wider-6)
dobj(offers-3, array-7)
case(rides-9, of-8)
nmod:of(array-7, rides-9)
case(Flags-12, than-10)
nummod(Flags-12, Six-11)
nmod:than(rides-9, Flags-12)
mark(limited-17, since-13)
nsubjpass(limited-17, they-14)
auxpass(limited-17, are-15)
advmod(limited-17, more-16)
advcl:since(offers-3, limited-17)
case(budget-19, on-18)
nmod:on(limited-17, budget-19)
amod(budget-19, due-20)
mark(having-23, to-21)
neg(having-23, not-22)
advcl:to(due-20, having-23)
amod(sources-25, other-24)
dobj(having-23, sources-25)
case(revenue-27, of-26)
nmod:of(budget-19, revenue-27)

