Sentence #1 (14 tokens):
South Korea does not like North Korea because they are constantly threatening their peace
[Text=South CharacterOffsetBegin=0 CharacterOffsetEnd=5 PartOfSpeech=NNP Lemma=South NamedEntityTag=LOCATION]
[Text=Korea CharacterOffsetBegin=6 CharacterOffsetEnd=11 PartOfSpeech=NNP Lemma=Korea NamedEntityTag=LOCATION]
[Text=does CharacterOffsetBegin=12 CharacterOffsetEnd=16 PartOfSpeech=VBZ Lemma=do NamedEntityTag=O]
[Text=not CharacterOffsetBegin=17 CharacterOffsetEnd=20 PartOfSpeech=RB Lemma=not NamedEntityTag=O]
[Text=like CharacterOffsetBegin=21 CharacterOffsetEnd=25 PartOfSpeech=VB Lemma=like NamedEntityTag=O]
[Text=North CharacterOffsetBegin=26 CharacterOffsetEnd=31 PartOfSpeech=NNP Lemma=North NamedEntityTag=LOCATION]
[Text=Korea CharacterOffsetBegin=32 CharacterOffsetEnd=37 PartOfSpeech=NNP Lemma=Korea NamedEntityTag=LOCATION]
[Text=because CharacterOffsetBegin=38 CharacterOffsetEnd=45 PartOfSpeech=IN Lemma=because NamedEntityTag=O]
[Text=they CharacterOffsetBegin=46 CharacterOffsetEnd=50 PartOfSpeech=PRP Lemma=they NamedEntityTag=O]
[Text=are CharacterOffsetBegin=51 CharacterOffsetEnd=54 PartOfSpeech=VBP Lemma=be NamedEntityTag=O]
[Text=constantly CharacterOffsetBegin=55 CharacterOffsetEnd=65 PartOfSpeech=RB Lemma=constantly NamedEntityTag=O]
[Text=threatening CharacterOffsetBegin=66 CharacterOffsetEnd=77 PartOfSpeech=VBG Lemma=threaten NamedEntityTag=O]
[Text=their CharacterOffsetBegin=78 CharacterOffsetEnd=83 PartOfSpeech=PRP$ Lemma=they NamedEntityTag=O]
[Text=peace CharacterOffsetBegin=84 CharacterOffsetEnd=89 PartOfSpeech=NN Lemma=peace NamedEntityTag=O]
(ROOT
  (S
    (NP (NNP South) (NNP Korea))
    (VP (VBZ does) (RB not)
      (VP (VB like)
        (NP (NNP North) (NNP Korea))
        (SBAR (IN because)
          (S
            (NP (PRP they))
            (VP (VBP are)
              (ADVP (RB constantly))
              (VP (VBG threatening)
                (NP (PRP$ their) (NN peace))))))))))

root(ROOT-0, like-5)
compound(Korea-2, South-1)
nsubj(like-5, Korea-2)
aux(like-5, does-3)
neg(like-5, not-4)
compound(Korea-7, North-6)
dobj(like-5, Korea-7)
mark(threatening-12, because-8)
nsubj(threatening-12, they-9)
aux(threatening-12, are-10)
advmod(threatening-12, constantly-11)
advcl:because(like-5, threatening-12)
nmod:poss(peace-14, their-13)
dobj(threatening-12, peace-14)

Coreference set:
	(1,13,[13,14]) -> (1,9,[9,10]), that is: "their" -> "they"
