Sentence #1 (16 tokens):
South Korea does not like North Korea because they are always forced to defend their peace
[Text=South CharacterOffsetBegin=0 CharacterOffsetEnd=5 PartOfSpeech=NNP Lemma=South NamedEntityTag=LOCATION]
[Text=Korea CharacterOffsetBegin=6 CharacterOffsetEnd=11 PartOfSpeech=NNP Lemma=Korea NamedEntityTag=LOCATION]
[Text=does CharacterOffsetBegin=12 CharacterOffsetEnd=16 PartOfSpeech=VBZ Lemma=do NamedEntityTag=O]
[Text=not CharacterOffsetBegin=17 CharacterOffsetEnd=20 PartOfSpeech=RB Lemma=not NamedEntityTag=O]
[Text=like CharacterOffsetBegin=21 CharacterOffsetEnd=25 PartOfSpeech=VB Lemma=like NamedEntityTag=O]
[Text=North CharacterOffsetBegin=26 CharacterOffsetEnd=31 PartOfSpeech=NNP Lemma=North NamedEntityTag=LOCATION]
[Text=Korea CharacterOffsetBegin=32 CharacterOffsetEnd=37 PartOfSpeech=NNP Lemma=Korea NamedEntityTag=LOCATION]
[Text=because CharacterOffsetBegin=38 CharacterOffsetEnd=45 PartOfSpeech=IN Lemma=because NamedEntityTag=O]
[Text=they CharacterOffsetBegin=46 CharacterOffsetEnd=50 PartOfSpeech=PRP Lemma=they NamedEntityTag=O]
[Text=are CharacterOffsetBegin=51 CharacterOffsetEnd=54 PartOfSpeech=VBP Lemma=be NamedEntityTag=O]
[Text=always CharacterOffsetBegin=55 CharacterOffsetEnd=61 PartOfSpeech=RB Lemma=always NamedEntityTag=O]
[Text=forced CharacterOffsetBegin=62 CharacterOffsetEnd=68 PartOfSpeech=VBN Lemma=force NamedEntityTag=O]
[Text=to CharacterOffsetBegin=69 CharacterOffsetEnd=71 PartOfSpeech=TO Lemma=to NamedEntityTag=O]
[Text=defend CharacterOffsetBegin=72 CharacterOffsetEnd=78 PartOfSpeech=VB Lemma=defend NamedEntityTag=O]
[Text=their CharacterOffsetBegin=79 CharacterOffsetEnd=84 PartOfSpeech=PRP$ Lemma=they NamedEntityTag=O]
[Text=peace CharacterOffsetBegin=85 CharacterOffsetEnd=90 PartOfSpeech=NN Lemma=peace NamedEntityTag=O]
(ROOT
  (S
    (NP (NNP South) (NNP Korea))
    (VP (VBZ does) (RB not)
      (VP (VB like)
        (NP (NNP North) (NNP Korea))
        (SBAR (IN because)
          (S
            (NP (PRP they))
            (VP (VBP are)
              (ADVP (RB always))
              (VP (VBN forced)
                (S
                  (VP (TO to)
                    (VP (VB defend)
                      (NP (PRP$ their) (NN peace)))))))))))))

root(ROOT-0, like-5)
compound(Korea-2, South-1)
nsubj(like-5, Korea-2)
aux(like-5, does-3)
neg(like-5, not-4)
compound(Korea-7, North-6)
dobj(like-5, Korea-7)
mark(forced-12, because-8)
nsubjpass(forced-12, they-9)
nsubj:xsubj(defend-14, they-9)
auxpass(forced-12, are-10)
advmod(forced-12, always-11)
advcl:because(like-5, forced-12)
mark(defend-14, to-13)
xcomp(forced-12, defend-14)
nmod:poss(peace-16, their-15)
dobj(defend-14, peace-16)

Coreference set:
	(1,15,[15,16]) -> (1,9,[9,10]), that is: "their" -> "they"
