Sentence #1 (13 tokens):
The pen is mightier than the sword because it can only stab things
[Text=The CharacterOffsetBegin=0 CharacterOffsetEnd=3 PartOfSpeech=DT Lemma=the NamedEntityTag=O]
[Text=pen CharacterOffsetBegin=4 CharacterOffsetEnd=7 PartOfSpeech=NN Lemma=pen NamedEntityTag=O]
[Text=is CharacterOffsetBegin=8 CharacterOffsetEnd=10 PartOfSpeech=VBZ Lemma=be NamedEntityTag=O]
[Text=mightier CharacterOffsetBegin=11 CharacterOffsetEnd=19 PartOfSpeech=JJR Lemma=mightier NamedEntityTag=O]
[Text=than CharacterOffsetBegin=20 CharacterOffsetEnd=24 PartOfSpeech=IN Lemma=than NamedEntityTag=O]
[Text=the CharacterOffsetBegin=25 CharacterOffsetEnd=28 PartOfSpeech=DT Lemma=the NamedEntityTag=O]
[Text=sword CharacterOffsetBegin=29 CharacterOffsetEnd=34 PartOfSpeech=NN Lemma=sword NamedEntityTag=O]
[Text=because CharacterOffsetBegin=35 CharacterOffsetEnd=42 PartOfSpeech=IN Lemma=because NamedEntityTag=O]
[Text=it CharacterOffsetBegin=43 CharacterOffsetEnd=45 PartOfSpeech=PRP Lemma=it NamedEntityTag=O]
[Text=can CharacterOffsetBegin=46 CharacterOffsetEnd=49 PartOfSpeech=MD Lemma=can NamedEntityTag=O]
[Text=only CharacterOffsetBegin=50 CharacterOffsetEnd=54 PartOfSpeech=RB Lemma=only NamedEntityTag=O]
[Text=stab CharacterOffsetBegin=55 CharacterOffsetEnd=59 PartOfSpeech=NN Lemma=stab NamedEntityTag=O]
[Text=things CharacterOffsetBegin=60 CharacterOffsetEnd=66 PartOfSpeech=NNS Lemma=thing NamedEntityTag=O]
(ROOT
  (S
    (NP (DT The) (NN pen))
    (VP (VBZ is)
      (ADJP
        (ADJP (JJR mightier))
        (PP (IN than)
          (NP (DT the) (NN sword))))
      (SBAR (IN because)
        (S
          (NP (PRP it))
          (VP (MD can)
            (VP
              (FRAG
                (NP (RB only) (NN stab) (NNS things))))))))))

root(ROOT-0, mightier-4)
det(pen-2, The-1)
nsubj(mightier-4, pen-2)
cop(mightier-4, is-3)
case(sword-7, than-5)
det(sword-7, the-6)
nmod:than(mightier-4, sword-7)
mark(things-13, because-8)
nsubj(things-13, it-9)
aux(things-13, can-10)
advmod(things-13, only-11)
compound(things-13, stab-12)
advcl:because(mightier-4, things-13)

Coreference set:
	(1,9,[9,10]) -> (1,2,[1,3]), that is: "it" -> "The pen"
