Sentence #1 (17 tokens):
The prosecutor viciously attacked the defendants since they are trying to convict their client of a crime
[Text=The CharacterOffsetBegin=0 CharacterOffsetEnd=3 PartOfSpeech=DT Lemma=the NamedEntityTag=O]
[Text=prosecutor CharacterOffsetBegin=4 CharacterOffsetEnd=14 PartOfSpeech=NN Lemma=prosecutor NamedEntityTag=O]
[Text=viciously CharacterOffsetBegin=15 CharacterOffsetEnd=24 PartOfSpeech=RB Lemma=viciously NamedEntityTag=O]
[Text=attacked CharacterOffsetBegin=25 CharacterOffsetEnd=33 PartOfSpeech=VBD Lemma=attack NamedEntityTag=O]
[Text=the CharacterOffsetBegin=34 CharacterOffsetEnd=37 PartOfSpeech=DT Lemma=the NamedEntityTag=O]
[Text=defendants CharacterOffsetBegin=38 CharacterOffsetEnd=48 PartOfSpeech=NNS Lemma=defendant NamedEntityTag=O]
[Text=since CharacterOffsetBegin=49 CharacterOffsetEnd=54 PartOfSpeech=IN Lemma=since NamedEntityTag=O]
[Text=they CharacterOffsetBegin=55 CharacterOffsetEnd=59 PartOfSpeech=PRP Lemma=they NamedEntityTag=O]
[Text=are CharacterOffsetBegin=60 CharacterOffsetEnd=63 PartOfSpeech=VBP Lemma=be NamedEntityTag=O]
[Text=trying CharacterOffsetBegin=64 CharacterOffsetEnd=70 PartOfSpeech=VBG Lemma=try NamedEntityTag=O]
[Text=to CharacterOffsetBegin=71 CharacterOffsetEnd=73 PartOfSpeech=TO Lemma=to NamedEntityTag=O]
[Text=convict CharacterOffsetBegin=74 CharacterOffsetEnd=81 PartOfSpeech=VB Lemma=convict NamedEntityTag=O]
[Text=their CharacterOffsetBegin=82 CharacterOffsetEnd=87 PartOfSpeech=PRP$ Lemma=they NamedEntityTag=O]
[Text=client CharacterOffsetBegin=88 CharacterOffsetEnd=94 PartOfSpeech=NN Lemma=client NamedEntityTag=O]
[Text=of CharacterOffsetBegin=95 CharacterOffsetEnd=97 PartOfSpeech=IN Lemma=of NamedEntityTag=O]
[Text=a CharacterOffsetBegin=98 CharacterOffsetEnd=99 PartOfSpeech=DT Lemma=a NamedEntityTag=O]
[Text=crime CharacterOffsetBegin=100 CharacterOffsetEnd=105 PartOfSpeech=NN Lemma=crime NamedEntityTag=O]
(ROOT
  (SINV
    (ADVP
      (NP (DT The) (NN prosecutor))
      (RB viciously))
    (VP (VBD attacked)
      (NP (DT the) (NNS defendants)))
    (SBAR (IN since)
      (S
        (NP (PRP they))
        (VP (VBP are)
          (VP (VBG trying)
            (S
              (VP (TO to)
                (VP (VB convict)
                  (NP
                    (NP (PRP$ their) (NN client))
                    (PP (IN of)
                      (NP (DT a) (NN crime)))))))))))))

root(ROOT-0, attacked-4)
det(prosecutor-2, The-1)
nmod:npmod(viciously-3, prosecutor-2)
advmod(attacked-4, viciously-3)
det(defendants-6, the-5)
dobj(attacked-4, defendants-6)
mark(trying-10, since-7)
nsubj(trying-10, they-8)
nsubj:xsubj(convict-12, they-8)
aux(trying-10, are-9)
dep(attacked-4, trying-10)
mark(convict-12, to-11)
xcomp(trying-10, convict-12)
nmod:poss(client-14, their-13)
dobj(convict-12, client-14)
case(crime-17, of-15)
det(crime-17, a-16)
nmod:of(client-14, crime-17)

Coreference set:
	(1,8,[8,9]) -> (1,6,[5,7]), that is: "they" -> "the defendants"
	(1,13,[13,14]) -> (1,6,[5,7]), that is: "their" -> "the defendants"
