Sentence #1 (16 tokens):
Bill Gates is similar to Steve Jobs, but he is the previous CEO of Apple
[Text=Bill CharacterOffsetBegin=0 CharacterOffsetEnd=4 PartOfSpeech=NNP Lemma=Bill NamedEntityTag=PERSON]
[Text=Gates CharacterOffsetBegin=5 CharacterOffsetEnd=10 PartOfSpeech=NNP Lemma=Gates NamedEntityTag=PERSON]
[Text=is CharacterOffsetBegin=11 CharacterOffsetEnd=13 PartOfSpeech=VBZ Lemma=be NamedEntityTag=O]
[Text=similar CharacterOffsetBegin=14 CharacterOffsetEnd=21 PartOfSpeech=JJ Lemma=similar NamedEntityTag=O]
[Text=to CharacterOffsetBegin=22 CharacterOffsetEnd=24 PartOfSpeech=TO Lemma=to NamedEntityTag=O]
[Text=Steve CharacterOffsetBegin=25 CharacterOffsetEnd=30 PartOfSpeech=NNP Lemma=Steve NamedEntityTag=PERSON]
[Text=Jobs CharacterOffsetBegin=31 CharacterOffsetEnd=35 PartOfSpeech=NNP Lemma=Jobs NamedEntityTag=PERSON]
[Text=, CharacterOffsetBegin=35 CharacterOffsetEnd=36 PartOfSpeech=, Lemma=, NamedEntityTag=O]
[Text=but CharacterOffsetBegin=37 CharacterOffsetEnd=40 PartOfSpeech=CC Lemma=but NamedEntityTag=O]
[Text=he CharacterOffsetBegin=41 CharacterOffsetEnd=43 PartOfSpeech=PRP Lemma=he NamedEntityTag=O]
[Text=is CharacterOffsetBegin=44 CharacterOffsetEnd=46 PartOfSpeech=VBZ Lemma=be NamedEntityTag=O]
[Text=the CharacterOffsetBegin=47 CharacterOffsetEnd=50 PartOfSpeech=DT Lemma=the NamedEntityTag=O]
[Text=previous CharacterOffsetBegin=51 CharacterOffsetEnd=59 PartOfSpeech=JJ Lemma=previous NamedEntityTag=O]
[Text=CEO CharacterOffsetBegin=60 CharacterOffsetEnd=63 PartOfSpeech=NN Lemma=ceo NamedEntityTag=O]
[Text=of CharacterOffsetBegin=64 CharacterOffsetEnd=66 PartOfSpeech=IN Lemma=of NamedEntityTag=O]
[Text=Apple CharacterOffsetBegin=67 CharacterOffsetEnd=72 PartOfSpeech=NNP Lemma=Apple NamedEntityTag=O]
(ROOT
  (FRAG
    (S
      (S
        (NP (NNP Bill) (NNP Gates))
        (VP (VBZ is)
          (ADJP (JJ similar)
            (PP (TO to)
              (NP (NNP Steve) (NNP Jobs))))))
      (, ,)
      (CC but)
      (S
        (NP (PRP he))
        (VP (VBZ is)
          (NP
            (NP (DT the) (JJ previous) (NN CEO))
            (PP (IN of)
              (NP (NNP Apple)))))))))

root(ROOT-0, similar-4)
compound(Gates-2, Bill-1)
nsubj(similar-4, Gates-2)
cop(similar-4, is-3)
case(Jobs-7, to-5)
compound(Jobs-7, Steve-6)
nmod:to(similar-4, Jobs-7)
punct(similar-4, ,-8)
cc(similar-4, but-9)
nsubj(CEO-14, he-10)
cop(CEO-14, is-11)
det(CEO-14, the-12)
amod(CEO-14, previous-13)
conj:but(similar-4, CEO-14)
case(Apple-16, of-15)
nmod:of(CEO-14, Apple-16)

Coreference set:
	(1,10,[10,11]) -> (1,2,[1,3]), that is: "he" -> "Bill Gates"
	(1,14,[12,17]) -> (1,2,[1,3]), that is: "the previous CEO of Apple" -> "Bill Gates"
