Sentence #1 (17 tokens):
Internet Explorer believes they have less security holes than Firefox, but they conducted the tests themselves
[Text=Internet CharacterOffsetBegin=0 CharacterOffsetEnd=8 PartOfSpeech=NNP Lemma=Internet NamedEntityTag=O]
[Text=Explorer CharacterOffsetBegin=9 CharacterOffsetEnd=17 PartOfSpeech=NNP Lemma=Explorer NamedEntityTag=O]
[Text=believes CharacterOffsetBegin=18 CharacterOffsetEnd=26 PartOfSpeech=VBZ Lemma=believe NamedEntityTag=O]
[Text=they CharacterOffsetBegin=27 CharacterOffsetEnd=31 PartOfSpeech=PRP Lemma=they NamedEntityTag=O]
[Text=have CharacterOffsetBegin=32 CharacterOffsetEnd=36 PartOfSpeech=VBP Lemma=have NamedEntityTag=O]
[Text=less CharacterOffsetBegin=37 CharacterOffsetEnd=41 PartOfSpeech=RBR Lemma=less NamedEntityTag=O]
[Text=security CharacterOffsetBegin=42 CharacterOffsetEnd=50 PartOfSpeech=NN Lemma=security NamedEntityTag=O]
[Text=holes CharacterOffsetBegin=51 CharacterOffsetEnd=56 PartOfSpeech=NNS Lemma=hole NamedEntityTag=O]
[Text=than CharacterOffsetBegin=57 CharacterOffsetEnd=61 PartOfSpeech=IN Lemma=than NamedEntityTag=O]
[Text=Firefox CharacterOffsetBegin=62 CharacterOffsetEnd=69 PartOfSpeech=NNP Lemma=Firefox NamedEntityTag=ORGANIZATION]
[Text=, CharacterOffsetBegin=69 CharacterOffsetEnd=70 PartOfSpeech=, Lemma=, NamedEntityTag=O]
[Text=but CharacterOffsetBegin=71 CharacterOffsetEnd=74 PartOfSpeech=CC Lemma=but NamedEntityTag=O]
[Text=they CharacterOffsetBegin=75 CharacterOffsetEnd=79 PartOfSpeech=PRP Lemma=they NamedEntityTag=O]
[Text=conducted CharacterOffsetBegin=80 CharacterOffsetEnd=89 PartOfSpeech=VBD Lemma=conduct NamedEntityTag=O]
[Text=the CharacterOffsetBegin=90 CharacterOffsetEnd=93 PartOfSpeech=DT Lemma=the NamedEntityTag=O]
[Text=tests CharacterOffsetBegin=94 CharacterOffsetEnd=99 PartOfSpeech=NNS Lemma=test NamedEntityTag=O]
[Text=themselves CharacterOffsetBegin=100 CharacterOffsetEnd=110 PartOfSpeech=PRP Lemma=themselves NamedEntityTag=O]
(ROOT
  (S
    (NP (NNP Internet) (NNP Explorer))
    (VP (VBZ believes)
      (SBAR
        (S
          (S
            (NP (PRP they))
            (VP (VBP have)
              (NP
                (ADVP (RBR less))
                (NN security) (NNS holes))
              (PP (IN than)
                (NP (NNP Firefox)))))
          (, ,)
          (CC but)
          (S
            (NP (PRP they))
            (VP (VBD conducted)
              (S
                (NP (DT the) (NNS tests))
                (NP (PRP themselves))))))))))

root(ROOT-0, believes-3)
compound(Explorer-2, Internet-1)
nsubj(believes-3, Explorer-2)
nsubj(have-5, they-4)
dep(believes-3, have-5)
advmod(holes-8, less-6)
compound(holes-8, security-7)
dobj(have-5, holes-8)
case(Firefox-10, than-9)
nmod:than(have-5, Firefox-10)
punct(have-5, ,-11)
cc(have-5, but-12)
nsubj(conducted-14, they-13)
dep(believes-3, conducted-14)
conj:but(have-5, conducted-14)
det(tests-16, the-15)
nsubj(themselves-17, tests-16)
xcomp(conducted-14, themselves-17)

Coreference set:
	(1,13,[13,14]) -> (1,4,[4,5]), that is: "they" -> "they"
	(1,17,[17,18]) -> (1,4,[4,5]), that is: "themselves" -> "they"
