Sentence #1 (20 tokens):
Internet Explorer believes they have less security holes than Firefox, but they do not trust Microsoft's test results
[Text=Internet CharacterOffsetBegin=0 CharacterOffsetEnd=8 PartOfSpeech=NNP Lemma=Internet NamedEntityTag=O]
[Text=Explorer CharacterOffsetBegin=9 CharacterOffsetEnd=17 PartOfSpeech=NNP Lemma=Explorer NamedEntityTag=O]
[Text=believes CharacterOffsetBegin=18 CharacterOffsetEnd=26 PartOfSpeech=VBZ Lemma=believe NamedEntityTag=O]
[Text=they CharacterOffsetBegin=27 CharacterOffsetEnd=31 PartOfSpeech=PRP Lemma=they NamedEntityTag=O]
[Text=have CharacterOffsetBegin=32 CharacterOffsetEnd=36 PartOfSpeech=VBP Lemma=have NamedEntityTag=O]
[Text=less CharacterOffsetBegin=37 CharacterOffsetEnd=41 PartOfSpeech=RBR Lemma=less NamedEntityTag=O]
[Text=security CharacterOffsetBegin=42 CharacterOffsetEnd=50 PartOfSpeech=NN Lemma=security NamedEntityTag=O]
[Text=holes CharacterOffsetBegin=51 CharacterOffsetEnd=56 PartOfSpeech=NNS Lemma=hole NamedEntityTag=O]
[Text=than CharacterOffsetBegin=57 CharacterOffsetEnd=61 PartOfSpeech=IN Lemma=than NamedEntityTag=O]
[Text=Firefox CharacterOffsetBegin=62 CharacterOffsetEnd=69 PartOfSpeech=NNP Lemma=Firefox NamedEntityTag=ORGANIZATION]
[Text=, CharacterOffsetBegin=69 CharacterOffsetEnd=70 PartOfSpeech=, Lemma=, NamedEntityTag=O]
[Text=but CharacterOffsetBegin=71 CharacterOffsetEnd=74 PartOfSpeech=CC Lemma=but NamedEntityTag=O]
[Text=they CharacterOffsetBegin=75 CharacterOffsetEnd=79 PartOfSpeech=PRP Lemma=they NamedEntityTag=O]
[Text=do CharacterOffsetBegin=80 CharacterOffsetEnd=82 PartOfSpeech=VBP Lemma=do NamedEntityTag=O]
[Text=not CharacterOffsetBegin=83 CharacterOffsetEnd=86 PartOfSpeech=RB Lemma=not NamedEntityTag=O]
[Text=trust CharacterOffsetBegin=87 CharacterOffsetEnd=92 PartOfSpeech=NN Lemma=trust NamedEntityTag=O]
[Text=Microsoft CharacterOffsetBegin=93 CharacterOffsetEnd=102 PartOfSpeech=NNP Lemma=Microsoft NamedEntityTag=ORGANIZATION]
[Text='s CharacterOffsetBegin=102 CharacterOffsetEnd=104 PartOfSpeech=POS Lemma='s NamedEntityTag=O]
[Text=test CharacterOffsetBegin=105 CharacterOffsetEnd=109 PartOfSpeech=NN Lemma=test NamedEntityTag=O]
[Text=results CharacterOffsetBegin=110 CharacterOffsetEnd=117 PartOfSpeech=NNS Lemma=result NamedEntityTag=O]
(ROOT
  (S
    (NP (NNP Internet) (NNP Explorer))
    (VP (VBZ believes)
      (SBAR
        (S
          (S
            (NP (PRP they))
            (VP (VBP have)
              (NP
                (ADVP (RBR less))
                (NN security) (NNS holes))
              (PP (IN than)
                (NP (NNP Firefox)))))
          (, ,)
          (CC but)
          (S
            (NP (PRP they))
            (VP (VBP do)
              (NP (RB not) (NN trust))
              (NP
                (NP (NNP Microsoft) (POS 's))
                (NN test) (NNS results)))))))))

root(ROOT-0, believes-3)
compound(Explorer-2, Internet-1)
nsubj(believes-3, Explorer-2)
nsubj(have-5, they-4)
dep(believes-3, have-5)
advmod(holes-8, less-6)
compound(holes-8, security-7)
dobj(have-5, holes-8)
case(Firefox-10, than-9)
nmod:than(have-5, Firefox-10)
punct(have-5, ,-11)
cc(have-5, but-12)
nsubj(do-14, they-13)
dep(believes-3, do-14)
conj:but(have-5, do-14)
neg(trust-16, not-15)
iobj(do-14, trust-16)
nmod:poss(results-20, Microsoft-17)
case(Microsoft-17, 's-18)
compound(results-20, test-19)
dobj(do-14, results-20)

Coreference set:
	(1,13,[13,14]) -> (1,4,[4,5]), that is: "they" -> "they"
