Sentence #1 (12 tokens):
President Clinton pardoned Roger Clinton because he wanted to free his half-brother
[Text=President CharacterOffsetBegin=0 CharacterOffsetEnd=9 PartOfSpeech=NNP Lemma=President NamedEntityTag=O]
[Text=Clinton CharacterOffsetBegin=10 CharacterOffsetEnd=17 PartOfSpeech=NNP Lemma=Clinton NamedEntityTag=PERSON]
[Text=pardoned CharacterOffsetBegin=18 CharacterOffsetEnd=26 PartOfSpeech=VBD Lemma=pardon NamedEntityTag=O]
[Text=Roger CharacterOffsetBegin=27 CharacterOffsetEnd=32 PartOfSpeech=NNP Lemma=Roger NamedEntityTag=PERSON]
[Text=Clinton CharacterOffsetBegin=33 CharacterOffsetEnd=40 PartOfSpeech=NNP Lemma=Clinton NamedEntityTag=PERSON]
[Text=because CharacterOffsetBegin=41 CharacterOffsetEnd=48 PartOfSpeech=IN Lemma=because NamedEntityTag=O]
[Text=he CharacterOffsetBegin=49 CharacterOffsetEnd=51 PartOfSpeech=PRP Lemma=he NamedEntityTag=O]
[Text=wanted CharacterOffsetBegin=52 CharacterOffsetEnd=58 PartOfSpeech=VBD Lemma=want NamedEntityTag=O]
[Text=to CharacterOffsetBegin=59 CharacterOffsetEnd=61 PartOfSpeech=TO Lemma=to NamedEntityTag=O]
[Text=free CharacterOffsetBegin=62 CharacterOffsetEnd=66 PartOfSpeech=VB Lemma=free NamedEntityTag=O]
[Text=his CharacterOffsetBegin=67 CharacterOffsetEnd=70 PartOfSpeech=PRP$ Lemma=he NamedEntityTag=O]
[Text=half-brother CharacterOffsetBegin=71 CharacterOffsetEnd=83 PartOfSpeech=NN Lemma=half-brother NamedEntityTag=O]
(ROOT
  (S
    (NP (NNP President) (NNP Clinton))
    (VP (VBD pardoned)
      (NP (NNP Roger) (NNP Clinton))
      (SBAR (IN because)
        (S
          (NP (PRP he))
          (VP (VBD wanted)
            (S
              (VP (TO to)
                (VP (VB free)
                  (NP (PRP$ his) (NN half-brother)))))))))))

root(ROOT-0, pardoned-3)
compound(Clinton-2, President-1)
nsubj(pardoned-3, Clinton-2)
compound(Clinton-5, Roger-4)
dobj(pardoned-3, Clinton-5)
mark(wanted-8, because-6)
nsubj(wanted-8, he-7)
nsubj:xsubj(free-10, he-7)
advcl:because(pardoned-3, wanted-8)
mark(free-10, to-9)
xcomp(wanted-8, free-10)
nmod:poss(half-brother-12, his-11)
dobj(free-10, half-brother-12)

Coreference set:
	(1,7,[7,8]) -> (1,2,[1,3]), that is: "he" -> "President Clinton"
	(1,11,[11,12]) -> (1,2,[1,3]), that is: "his" -> "President Clinton"
