Sentence #1 (12 tokens):
President Clinton pardoned Roger Clinton because he was the president's half-brother
[Text=President CharacterOffsetBegin=0 CharacterOffsetEnd=9 PartOfSpeech=NNP Lemma=President NamedEntityTag=O]
[Text=Clinton CharacterOffsetBegin=10 CharacterOffsetEnd=17 PartOfSpeech=NNP Lemma=Clinton NamedEntityTag=PERSON]
[Text=pardoned CharacterOffsetBegin=18 CharacterOffsetEnd=26 PartOfSpeech=VBD Lemma=pardon NamedEntityTag=O]
[Text=Roger CharacterOffsetBegin=27 CharacterOffsetEnd=32 PartOfSpeech=NNP Lemma=Roger NamedEntityTag=PERSON]
[Text=Clinton CharacterOffsetBegin=33 CharacterOffsetEnd=40 PartOfSpeech=NNP Lemma=Clinton NamedEntityTag=PERSON]
[Text=because CharacterOffsetBegin=41 CharacterOffsetEnd=48 PartOfSpeech=IN Lemma=because NamedEntityTag=O]
[Text=he CharacterOffsetBegin=49 CharacterOffsetEnd=51 PartOfSpeech=PRP Lemma=he NamedEntityTag=O]
[Text=was CharacterOffsetBegin=52 CharacterOffsetEnd=55 PartOfSpeech=VBD Lemma=be NamedEntityTag=O]
[Text=the CharacterOffsetBegin=56 CharacterOffsetEnd=59 PartOfSpeech=DT Lemma=the NamedEntityTag=O]
[Text=president CharacterOffsetBegin=60 CharacterOffsetEnd=69 PartOfSpeech=NN Lemma=president NamedEntityTag=O]
[Text='s CharacterOffsetBegin=69 CharacterOffsetEnd=71 PartOfSpeech=POS Lemma='s NamedEntityTag=O]
[Text=half-brother CharacterOffsetBegin=72 CharacterOffsetEnd=84 PartOfSpeech=NN Lemma=half-brother NamedEntityTag=O]
(ROOT
  (S
    (NP (NNP President) (NNP Clinton))
    (VP (VBD pardoned)
      (NP (NNP Roger) (NNP Clinton))
      (SBAR (IN because)
        (S
          (NP (PRP he))
          (VP (VBD was)
            (NP
              (NP (DT the) (NN president) (POS 's))
              (NN half-brother))))))))

root(ROOT-0, pardoned-3)
compound(Clinton-2, President-1)
nsubj(pardoned-3, Clinton-2)
compound(Clinton-5, Roger-4)
dobj(pardoned-3, Clinton-5)
mark(half-brother-12, because-6)
nsubj(half-brother-12, he-7)
cop(half-brother-12, was-8)
det(president-10, the-9)
nmod:poss(half-brother-12, president-10)
case(president-10, 's-11)
advcl:because(pardoned-3, half-brother-12)

Coreference set:
	(1,7,[7,8]) -> (1,2,[1,3]), that is: "he" -> "President Clinton"
	(1,12,[9,13]) -> (1,2,[1,3]), that is: "the president 's half-brother" -> "President Clinton"
