Sentence #1 (14 tokens):
Sony recently locked 90000 users from their accounts because they had been been compromised
[Text=Sony CharacterOffsetBegin=0 CharacterOffsetEnd=4 PartOfSpeech=NNP Lemma=Sony NamedEntityTag=ORGANIZATION]
[Text=recently CharacterOffsetBegin=5 CharacterOffsetEnd=13 PartOfSpeech=RB Lemma=recently NamedEntityTag=DATE NormalizedNamedEntityTag=PAST_REF Timex=<TIMEX3 tid="t1" type="DATE" value="PAST_REF">recently</TIMEX3>]
[Text=locked CharacterOffsetBegin=14 CharacterOffsetEnd=20 PartOfSpeech=VBD Lemma=lock NamedEntityTag=O]
[Text=90000 CharacterOffsetBegin=21 CharacterOffsetEnd=26 PartOfSpeech=CD Lemma=90000 NamedEntityTag=NUMBER NormalizedNamedEntityTag=90000.0]
[Text=users CharacterOffsetBegin=27 CharacterOffsetEnd=32 PartOfSpeech=NNS Lemma=user NamedEntityTag=O]
[Text=from CharacterOffsetBegin=33 CharacterOffsetEnd=37 PartOfSpeech=IN Lemma=from NamedEntityTag=O]
[Text=their CharacterOffsetBegin=38 CharacterOffsetEnd=43 PartOfSpeech=PRP$ Lemma=they NamedEntityTag=O]
[Text=accounts CharacterOffsetBegin=44 CharacterOffsetEnd=52 PartOfSpeech=NNS Lemma=account NamedEntityTag=O]
[Text=because CharacterOffsetBegin=53 CharacterOffsetEnd=60 PartOfSpeech=IN Lemma=because NamedEntityTag=O]
[Text=they CharacterOffsetBegin=61 CharacterOffsetEnd=65 PartOfSpeech=PRP Lemma=they NamedEntityTag=O]
[Text=had CharacterOffsetBegin=66 CharacterOffsetEnd=69 PartOfSpeech=VBD Lemma=have NamedEntityTag=O]
[Text=been CharacterOffsetBegin=70 CharacterOffsetEnd=74 PartOfSpeech=VBN Lemma=be NamedEntityTag=O]
[Text=been CharacterOffsetBegin=75 CharacterOffsetEnd=79 PartOfSpeech=VBN Lemma=be NamedEntityTag=O]
[Text=compromised CharacterOffsetBegin=80 CharacterOffsetEnd=91 PartOfSpeech=VBN Lemma=compromise NamedEntityTag=O]
(ROOT
  (S
    (NP (NNP Sony))
    (VP
      (ADVP (RB recently))
      (VBD locked)
      (NP (CD 90000) (NNS users))
      (PP (IN from)
        (NP (PRP$ their) (NNS accounts)))
      (SBAR (IN because)
        (S
          (NP (PRP they))
          (VP (VBD had)
            (VP (VBN been)
              (VP (VBN been)
                (VP (VBN compromised))))))))))

root(ROOT-0, locked-3)
nsubj(locked-3, Sony-1)
advmod(locked-3, recently-2)
nummod(users-5, 90000-4)
dobj(locked-3, users-5)
case(accounts-8, from-6)
nmod:poss(accounts-8, their-7)
nmod:from(locked-3, accounts-8)
mark(compromised-14, because-9)
nsubjpass(compromised-14, they-10)
aux(compromised-14, had-11)
auxpass(compromised-14, been-12)
auxpass(compromised-14, been-13)
advcl:because(locked-3, compromised-14)

Coreference set:
	(1,7,[7,8]) -> (1,5,[4,6]), that is: "their" -> "90000 users"
	(1,10,[10,11]) -> (1,5,[4,6]), that is: "they" -> "90000 users"
