Sentence #1 (10 tokens):
Harley hides from Dyna because she is afraid of her
[Text=Harley CharacterOffsetBegin=0 CharacterOffsetEnd=6 PartOfSpeech=NNP Lemma=Harley NamedEntityTag=PERSON]
[Text=hides CharacterOffsetBegin=7 CharacterOffsetEnd=12 PartOfSpeech=VBZ Lemma=hide NamedEntityTag=O]
[Text=from CharacterOffsetBegin=13 CharacterOffsetEnd=17 PartOfSpeech=IN Lemma=from NamedEntityTag=O]
[Text=Dyna CharacterOffsetBegin=18 CharacterOffsetEnd=22 PartOfSpeech=NNP Lemma=Dyna NamedEntityTag=PERSON]
[Text=because CharacterOffsetBegin=23 CharacterOffsetEnd=30 PartOfSpeech=IN Lemma=because NamedEntityTag=O]
[Text=she CharacterOffsetBegin=31 CharacterOffsetEnd=34 PartOfSpeech=PRP Lemma=she NamedEntityTag=O]
[Text=is CharacterOffsetBegin=35 CharacterOffsetEnd=37 PartOfSpeech=VBZ Lemma=be NamedEntityTag=O]
[Text=afraid CharacterOffsetBegin=38 CharacterOffsetEnd=44 PartOfSpeech=JJ Lemma=afraid NamedEntityTag=O]
[Text=of CharacterOffsetBegin=45 CharacterOffsetEnd=47 PartOfSpeech=IN Lemma=of NamedEntityTag=O]
[Text=her CharacterOffsetBegin=48 CharacterOffsetEnd=51 PartOfSpeech=PRP$ Lemma=she NamedEntityTag=O]
(ROOT
  (S
    (NP (NNP Harley))
    (VP (VBZ hides)
      (PP (IN from)
        (NP (NNP Dyna)))
      (SBAR (IN because)
        (S
          (NP (PRP she))
          (VP (VBZ is)
            (ADJP (JJ afraid)
              (PP (IN of)
                (NP (PRP$ her))))))))))

root(ROOT-0, hides-2)
nsubj(hides-2, Harley-1)
case(Dyna-4, from-3)
nmod:from(hides-2, Dyna-4)
mark(afraid-8, because-5)
nsubj(afraid-8, she-6)
cop(afraid-8, is-7)
advcl:because(hides-2, afraid-8)
case(her-10, of-9)
nmod:of(afraid-8, her-10)

Coreference set:
	(1,6,[6,7]) -> (1,1,[1,2]), that is: "she" -> "Harley"
Coreference set:
	(1,10,[10,11]) -> (1,4,[4,5]), that is: "her" -> "Dyna"
