Sentence #1 (15 tokens):
Toyota has the luxury brand Lexus, although they typically sell for the average consumer
[Text=Toyota CharacterOffsetBegin=0 CharacterOffsetEnd=6 PartOfSpeech=NNP Lemma=Toyota NamedEntityTag=ORGANIZATION]
[Text=has CharacterOffsetBegin=7 CharacterOffsetEnd=10 PartOfSpeech=VBZ Lemma=have NamedEntityTag=O]
[Text=the CharacterOffsetBegin=11 CharacterOffsetEnd=14 PartOfSpeech=DT Lemma=the NamedEntityTag=O]
[Text=luxury CharacterOffsetBegin=15 CharacterOffsetEnd=21 PartOfSpeech=NN Lemma=luxury NamedEntityTag=O]
[Text=brand CharacterOffsetBegin=22 CharacterOffsetEnd=27 PartOfSpeech=NN Lemma=brand NamedEntityTag=O]
[Text=Lexus CharacterOffsetBegin=28 CharacterOffsetEnd=33 PartOfSpeech=NNP Lemma=Lexus NamedEntityTag=MISC]
[Text=, CharacterOffsetBegin=33 CharacterOffsetEnd=34 PartOfSpeech=, Lemma=, NamedEntityTag=O]
[Text=although CharacterOffsetBegin=35 CharacterOffsetEnd=43 PartOfSpeech=IN Lemma=although NamedEntityTag=O]
[Text=they CharacterOffsetBegin=44 CharacterOffsetEnd=48 PartOfSpeech=PRP Lemma=they NamedEntityTag=O]
[Text=typically CharacterOffsetBegin=49 CharacterOffsetEnd=58 PartOfSpeech=RB Lemma=typically NamedEntityTag=O]
[Text=sell CharacterOffsetBegin=59 CharacterOffsetEnd=63 PartOfSpeech=VBP Lemma=sell NamedEntityTag=O]
[Text=for CharacterOffsetBegin=64 CharacterOffsetEnd=67 PartOfSpeech=IN Lemma=for NamedEntityTag=O]
[Text=the CharacterOffsetBegin=68 CharacterOffsetEnd=71 PartOfSpeech=DT Lemma=the NamedEntityTag=O]
[Text=average CharacterOffsetBegin=72 CharacterOffsetEnd=79 PartOfSpeech=JJ Lemma=average NamedEntityTag=O]
[Text=consumer CharacterOffsetBegin=80 CharacterOffsetEnd=88 PartOfSpeech=NN Lemma=consumer NamedEntityTag=O]
(ROOT
  (S
    (NP (NNP Toyota))
    (VP (VBZ has)
      (S
        (NP (DT the) (NN luxury) (NN brand))
        (NP (NNP Lexus)))
      (, ,)
      (SBAR (IN although)
        (S
          (NP (PRP they))
          (ADVP (RB typically))
          (VP (VBP sell)
            (PP (IN for)
              (NP (DT the) (JJ average) (NN consumer)))))))))

root(ROOT-0, has-2)
nsubj(has-2, Toyota-1)
det(brand-5, the-3)
compound(brand-5, luxury-4)
nsubj(Lexus-6, brand-5)
xcomp(has-2, Lexus-6)
punct(has-2, ,-7)
mark(sell-11, although-8)
nsubj(sell-11, they-9)
advmod(sell-11, typically-10)
advcl:although(has-2, sell-11)
case(consumer-15, for-12)
det(consumer-15, the-13)
amod(consumer-15, average-14)
nmod:for(sell-11, consumer-15)

