Sentence #1 (9 tokens):
The cats attacked the humans because they were feral
[Text=The CharacterOffsetBegin=0 CharacterOffsetEnd=3 PartOfSpeech=DT Lemma=the NamedEntityTag=O]
[Text=cats CharacterOffsetBegin=4 CharacterOffsetEnd=8 PartOfSpeech=NNS Lemma=cat NamedEntityTag=O]
[Text=attacked CharacterOffsetBegin=9 CharacterOffsetEnd=17 PartOfSpeech=VBN Lemma=attack NamedEntityTag=O]
[Text=the CharacterOffsetBegin=18 CharacterOffsetEnd=21 PartOfSpeech=DT Lemma=the NamedEntityTag=O]
[Text=humans CharacterOffsetBegin=22 CharacterOffsetEnd=28 PartOfSpeech=NNS Lemma=human NamedEntityTag=O]
[Text=because CharacterOffsetBegin=29 CharacterOffsetEnd=36 PartOfSpeech=IN Lemma=because NamedEntityTag=O]
[Text=they CharacterOffsetBegin=37 CharacterOffsetEnd=41 PartOfSpeech=PRP Lemma=they NamedEntityTag=O]
[Text=were CharacterOffsetBegin=42 CharacterOffsetEnd=46 PartOfSpeech=VBD Lemma=be NamedEntityTag=O]
[Text=feral CharacterOffsetBegin=47 CharacterOffsetEnd=52 PartOfSpeech=JJ Lemma=feral NamedEntityTag=O]
(ROOT
  (S
    (NP (DT The) (NNS cats))
    (VP (VBN attacked)
      (S
        (NP (DT the) (NNS humans)))
      (SBAR (IN because)
        (S
          (NP (PRP they))
          (VP (VBD were)
            (ADJP (JJ feral))))))))

root(ROOT-0, attacked-3)
det(cats-2, The-1)
nsubj(attacked-3, cats-2)
det(humans-5, the-4)
xcomp(attacked-3, humans-5)
mark(feral-9, because-6)
nsubj(feral-9, they-7)
cop(feral-9, were-8)
advcl:because(attacked-3, feral-9)

Coreference set:
	(1,7,[7,8]) -> (1,2,[1,3]), that is: "they" -> "The cats"
