Sentence #1 (14 tokens):
Batman constantly tries to arrest the Joker, but he is also a vigilante
[Text=Batman CharacterOffsetBegin=0 CharacterOffsetEnd=6 PartOfSpeech=NNP Lemma=Batman NamedEntityTag=PERSON]
[Text=constantly CharacterOffsetBegin=7 CharacterOffsetEnd=17 PartOfSpeech=RB Lemma=constantly NamedEntityTag=O]
[Text=tries CharacterOffsetBegin=18 CharacterOffsetEnd=23 PartOfSpeech=VBZ Lemma=try NamedEntityTag=O]
[Text=to CharacterOffsetBegin=24 CharacterOffsetEnd=26 PartOfSpeech=TO Lemma=to NamedEntityTag=O]
[Text=arrest CharacterOffsetBegin=27 CharacterOffsetEnd=33 PartOfSpeech=VB Lemma=arrest NamedEntityTag=O]
[Text=the CharacterOffsetBegin=34 CharacterOffsetEnd=37 PartOfSpeech=DT Lemma=the NamedEntityTag=O]
[Text=Joker CharacterOffsetBegin=38 CharacterOffsetEnd=43 PartOfSpeech=NNP Lemma=Joker NamedEntityTag=O]
[Text=, CharacterOffsetBegin=43 CharacterOffsetEnd=44 PartOfSpeech=, Lemma=, NamedEntityTag=O]
[Text=but CharacterOffsetBegin=45 CharacterOffsetEnd=48 PartOfSpeech=CC Lemma=but NamedEntityTag=O]
[Text=he CharacterOffsetBegin=49 CharacterOffsetEnd=51 PartOfSpeech=PRP Lemma=he NamedEntityTag=O]
[Text=is CharacterOffsetBegin=52 CharacterOffsetEnd=54 PartOfSpeech=VBZ Lemma=be NamedEntityTag=O]
[Text=also CharacterOffsetBegin=55 CharacterOffsetEnd=59 PartOfSpeech=RB Lemma=also NamedEntityTag=O]
[Text=a CharacterOffsetBegin=60 CharacterOffsetEnd=61 PartOfSpeech=DT Lemma=a NamedEntityTag=O]
[Text=vigilante CharacterOffsetBegin=62 CharacterOffsetEnd=71 PartOfSpeech=NN Lemma=vigilante NamedEntityTag=O]
(ROOT
  (FRAG
    (S
      (S
        (NP (NNP Batman))
        (ADVP (RB constantly))
        (VP (VBZ tries)
          (S
            (VP (TO to)
              (VP (VB arrest)
                (NP (DT the) (NNP Joker)))))))
      (, ,)
      (CC but)
      (S
        (NP (PRP he))
        (VP (VBZ is)
          (ADVP (RB also))
          (NP (DT a) (NN vigilante)))))))

root(ROOT-0, tries-3)
nsubj(tries-3, Batman-1)
nsubj:xsubj(arrest-5, Batman-1)
advmod(tries-3, constantly-2)
mark(arrest-5, to-4)
xcomp(tries-3, arrest-5)
det(Joker-7, the-6)
dobj(arrest-5, Joker-7)
punct(tries-3, ,-8)
cc(tries-3, but-9)
nsubj(vigilante-14, he-10)
cop(vigilante-14, is-11)
advmod(vigilante-14, also-12)
det(vigilante-14, a-13)
conj:but(tries-3, vigilante-14)

Coreference set:
	(1,10,[10,11]) -> (1,1,[1,2]), that is: "he" -> "Batman"
	(1,14,[13,15]) -> (1,1,[1,2]), that is: "a vigilante" -> "Batman"
