Sentence #1 (15 tokens):
Batman constantly tried to arrest the Joker, but he always manages to get out
[Text=Batman CharacterOffsetBegin=0 CharacterOffsetEnd=6 PartOfSpeech=NNP Lemma=Batman NamedEntityTag=PERSON]
[Text=constantly CharacterOffsetBegin=7 CharacterOffsetEnd=17 PartOfSpeech=RB Lemma=constantly NamedEntityTag=O]
[Text=tried CharacterOffsetBegin=18 CharacterOffsetEnd=23 PartOfSpeech=VBD Lemma=try NamedEntityTag=O]
[Text=to CharacterOffsetBegin=24 CharacterOffsetEnd=26 PartOfSpeech=TO Lemma=to NamedEntityTag=O]
[Text=arrest CharacterOffsetBegin=27 CharacterOffsetEnd=33 PartOfSpeech=VB Lemma=arrest NamedEntityTag=O]
[Text=the CharacterOffsetBegin=34 CharacterOffsetEnd=37 PartOfSpeech=DT Lemma=the NamedEntityTag=O]
[Text=Joker CharacterOffsetBegin=38 CharacterOffsetEnd=43 PartOfSpeech=NNP Lemma=Joker NamedEntityTag=O]
[Text=, CharacterOffsetBegin=43 CharacterOffsetEnd=44 PartOfSpeech=, Lemma=, NamedEntityTag=O]
[Text=but CharacterOffsetBegin=45 CharacterOffsetEnd=48 PartOfSpeech=CC Lemma=but NamedEntityTag=O]
[Text=he CharacterOffsetBegin=49 CharacterOffsetEnd=51 PartOfSpeech=PRP Lemma=he NamedEntityTag=O]
[Text=always CharacterOffsetBegin=52 CharacterOffsetEnd=58 PartOfSpeech=RB Lemma=always NamedEntityTag=O]
[Text=manages CharacterOffsetBegin=59 CharacterOffsetEnd=66 PartOfSpeech=VBZ Lemma=manage NamedEntityTag=O]
[Text=to CharacterOffsetBegin=67 CharacterOffsetEnd=69 PartOfSpeech=TO Lemma=to NamedEntityTag=O]
[Text=get CharacterOffsetBegin=70 CharacterOffsetEnd=73 PartOfSpeech=VB Lemma=get NamedEntityTag=O]
[Text=out CharacterOffsetBegin=74 CharacterOffsetEnd=77 PartOfSpeech=RP Lemma=out NamedEntityTag=O]
(ROOT
  (FRAG
    (S
      (S
        (NP (NNP Batman))
        (ADVP (RB constantly))
        (VP (VBD tried)
          (S
            (VP (TO to)
              (VP (VB arrest)
                (NP (DT the) (NNP Joker)))))))
      (, ,)
      (CC but)
      (S
        (NP (PRP he))
        (ADVP (RB always))
        (VP (VBZ manages)
          (S
            (VP (TO to)
              (VP (VB get)
                (PRT (RP out))))))))))

root(ROOT-0, tried-3)
nsubj(tried-3, Batman-1)
nsubj:xsubj(arrest-5, Batman-1)
advmod(tried-3, constantly-2)
mark(arrest-5, to-4)
xcomp(tried-3, arrest-5)
det(Joker-7, the-6)
dobj(arrest-5, Joker-7)
punct(tried-3, ,-8)
cc(tried-3, but-9)
nsubj(manages-12, he-10)
nsubj:xsubj(get-14, he-10)
advmod(manages-12, always-11)
conj:but(tried-3, manages-12)
mark(get-14, to-13)
xcomp(manages-12, get-14)
compound:prt(get-14, out-15)

Coreference set:
	(1,10,[10,11]) -> (1,1,[1,2]), that is: "he" -> "Batman"
