Sentence #1 (20 tokens):
Netflix recently split their DVD service to site Qwikster, but they quickly removed the move due to public backlash
[Text=Netflix CharacterOffsetBegin=0 CharacterOffsetEnd=7 PartOfSpeech=NNP Lemma=Netflix NamedEntityTag=ORGANIZATION]
[Text=recently CharacterOffsetBegin=8 CharacterOffsetEnd=16 PartOfSpeech=RB Lemma=recently NamedEntityTag=DATE NormalizedNamedEntityTag=PAST_REF Timex=<TIMEX3 tid="t1" type="DATE" value="PAST_REF">recently</TIMEX3>]
[Text=split CharacterOffsetBegin=17 CharacterOffsetEnd=22 PartOfSpeech=VBD Lemma=split NamedEntityTag=O]
[Text=their CharacterOffsetBegin=23 CharacterOffsetEnd=28 PartOfSpeech=PRP$ Lemma=they NamedEntityTag=O]
[Text=DVD CharacterOffsetBegin=29 CharacterOffsetEnd=32 PartOfSpeech=NN Lemma=dvd NamedEntityTag=O]
[Text=service CharacterOffsetBegin=33 CharacterOffsetEnd=40 PartOfSpeech=NN Lemma=service NamedEntityTag=O]
[Text=to CharacterOffsetBegin=41 CharacterOffsetEnd=43 PartOfSpeech=TO Lemma=to NamedEntityTag=O]
[Text=site CharacterOffsetBegin=44 CharacterOffsetEnd=48 PartOfSpeech=NN Lemma=site NamedEntityTag=O]
[Text=Qwikster CharacterOffsetBegin=49 CharacterOffsetEnd=57 PartOfSpeech=NNP Lemma=Qwikster NamedEntityTag=O]
[Text=, CharacterOffsetBegin=57 CharacterOffsetEnd=58 PartOfSpeech=, Lemma=, NamedEntityTag=O]
[Text=but CharacterOffsetBegin=59 CharacterOffsetEnd=62 PartOfSpeech=CC Lemma=but NamedEntityTag=O]
[Text=they CharacterOffsetBegin=63 CharacterOffsetEnd=67 PartOfSpeech=PRP Lemma=they NamedEntityTag=O]
[Text=quickly CharacterOffsetBegin=68 CharacterOffsetEnd=75 PartOfSpeech=RB Lemma=quickly NamedEntityTag=O]
[Text=removed CharacterOffsetBegin=76 CharacterOffsetEnd=83 PartOfSpeech=VBD Lemma=remove NamedEntityTag=O]
[Text=the CharacterOffsetBegin=84 CharacterOffsetEnd=87 PartOfSpeech=DT Lemma=the NamedEntityTag=O]
[Text=move CharacterOffsetBegin=88 CharacterOffsetEnd=92 PartOfSpeech=NN Lemma=move NamedEntityTag=O]
[Text=due CharacterOffsetBegin=93 CharacterOffsetEnd=96 PartOfSpeech=JJ Lemma=due NamedEntityTag=O]
[Text=to CharacterOffsetBegin=97 CharacterOffsetEnd=99 PartOfSpeech=TO Lemma=to NamedEntityTag=O]
[Text=public CharacterOffsetBegin=100 CharacterOffsetEnd=106 PartOfSpeech=JJ Lemma=public NamedEntityTag=O]
[Text=backlash CharacterOffsetBegin=107 CharacterOffsetEnd=115 PartOfSpeech=NN Lemma=backlash NamedEntityTag=O]
(ROOT
  (FRAG
    (S
      (S
        (NP (NNP Netflix))
        (ADVP (RB recently))
        (VP (VBD split)
          (NP (PRP$ their) (NN DVD) (NN service))
          (PP (TO to)
            (NP (NN site) (NNP Qwikster)))))
      (, ,)
      (CC but)
      (S
        (NP (PRP they))
        (ADVP (RB quickly))
        (VP (VBD removed)
          (S
            (NP (DT the) (NN move))
            (ADJP (JJ due)
              (PP (TO to)
                (NP (JJ public) (NN backlash))))))))))

root(ROOT-0, split-3)
nsubj(split-3, Netflix-1)
advmod(split-3, recently-2)
nmod:poss(service-6, their-4)
compound(service-6, DVD-5)
dobj(split-3, service-6)
case(Qwikster-9, to-7)
compound(Qwikster-9, site-8)
nmod:to(split-3, Qwikster-9)
punct(split-3, ,-10)
cc(split-3, but-11)
nsubj(removed-14, they-12)
advmod(removed-14, quickly-13)
conj:but(split-3, removed-14)
det(move-16, the-15)
nsubj(due-17, move-16)
xcomp(removed-14, due-17)
case(backlash-20, to-18)
amod(backlash-20, public-19)
nmod:to(due-17, backlash-20)

Coreference set:
	(1,12,[12,13]) -> (1,4,[4,5]), that is: "they" -> "their"
