Sentence #1 (20 tokens):
Netflix recently split their DVD service to site Qwikster, but they had a short lived life for the site
[Text=Netflix CharacterOffsetBegin=0 CharacterOffsetEnd=7 PartOfSpeech=NNP Lemma=Netflix NamedEntityTag=ORGANIZATION]
[Text=recently CharacterOffsetBegin=8 CharacterOffsetEnd=16 PartOfSpeech=RB Lemma=recently NamedEntityTag=DATE NormalizedNamedEntityTag=PAST_REF Timex=<TIMEX3 tid="t1" type="DATE" value="PAST_REF">recently</TIMEX3>]
[Text=split CharacterOffsetBegin=17 CharacterOffsetEnd=22 PartOfSpeech=VBD Lemma=split NamedEntityTag=O]
[Text=their CharacterOffsetBegin=23 CharacterOffsetEnd=28 PartOfSpeech=PRP$ Lemma=they NamedEntityTag=O]
[Text=DVD CharacterOffsetBegin=29 CharacterOffsetEnd=32 PartOfSpeech=NN Lemma=dvd NamedEntityTag=O]
[Text=service CharacterOffsetBegin=33 CharacterOffsetEnd=40 PartOfSpeech=NN Lemma=service NamedEntityTag=O]
[Text=to CharacterOffsetBegin=41 CharacterOffsetEnd=43 PartOfSpeech=TO Lemma=to NamedEntityTag=O]
[Text=site CharacterOffsetBegin=44 CharacterOffsetEnd=48 PartOfSpeech=NN Lemma=site NamedEntityTag=O]
[Text=Qwikster CharacterOffsetBegin=49 CharacterOffsetEnd=57 PartOfSpeech=NNP Lemma=Qwikster NamedEntityTag=O]
[Text=, CharacterOffsetBegin=57 CharacterOffsetEnd=58 PartOfSpeech=, Lemma=, NamedEntityTag=O]
[Text=but CharacterOffsetBegin=59 CharacterOffsetEnd=62 PartOfSpeech=CC Lemma=but NamedEntityTag=O]
[Text=they CharacterOffsetBegin=63 CharacterOffsetEnd=67 PartOfSpeech=PRP Lemma=they NamedEntityTag=O]
[Text=had CharacterOffsetBegin=68 CharacterOffsetEnd=71 PartOfSpeech=VBD Lemma=have NamedEntityTag=O]
[Text=a CharacterOffsetBegin=72 CharacterOffsetEnd=73 PartOfSpeech=DT Lemma=a NamedEntityTag=O]
[Text=short CharacterOffsetBegin=74 CharacterOffsetEnd=79 PartOfSpeech=JJ Lemma=short NamedEntityTag=O]
[Text=lived CharacterOffsetBegin=80 CharacterOffsetEnd=85 PartOfSpeech=VBD Lemma=live NamedEntityTag=O]
[Text=life CharacterOffsetBegin=86 CharacterOffsetEnd=90 PartOfSpeech=NN Lemma=life NamedEntityTag=O]
[Text=for CharacterOffsetBegin=91 CharacterOffsetEnd=94 PartOfSpeech=IN Lemma=for NamedEntityTag=O]
[Text=the CharacterOffsetBegin=95 CharacterOffsetEnd=98 PartOfSpeech=DT Lemma=the NamedEntityTag=O]
[Text=site CharacterOffsetBegin=99 CharacterOffsetEnd=103 PartOfSpeech=NN Lemma=site NamedEntityTag=O]
(ROOT
  (FRAG
    (S
      (S
        (NP (NNP Netflix))
        (ADVP (RB recently))
        (VP (VBD split)
          (NP (PRP$ their) (NN DVD) (NN service))
          (PP (TO to)
            (NP (NN site) (NNP Qwikster)))))
      (, ,)
      (CC but)
      (S
        (NP (PRP they))
        (VP (VBD had)
          (NP
            (NP (DT a) (JJ short))
            (SBAR
              (S
                (VP (VBD lived)
                  (NP (NN life))
                  (PP (IN for)
                    (NP (DT the) (NN site))))))))))))

root(ROOT-0, split-3)
nsubj(split-3, Netflix-1)
advmod(split-3, recently-2)
nmod:poss(service-6, their-4)
compound(service-6, DVD-5)
dobj(split-3, service-6)
case(Qwikster-9, to-7)
compound(Qwikster-9, site-8)
nmod:to(split-3, Qwikster-9)
punct(split-3, ,-10)
cc(split-3, but-11)
nsubj(had-13, they-12)
conj:but(split-3, had-13)
det(short-15, a-14)
dobj(had-13, short-15)
acl:relcl(short-15, lived-16)
dobj(lived-16, life-17)
case(site-20, for-18)
det(site-20, the-19)
nmod:for(lived-16, site-20)

Coreference set:
	(1,12,[12,13]) -> (1,4,[4,5]), that is: "they" -> "their"
