Sentence #1 (14 tokens):
Gamers are generally perceived as nerds compared to athletes since they are stereotypically anti-social
[Text=Gamers CharacterOffsetBegin=0 CharacterOffsetEnd=6 PartOfSpeech=NNS Lemma=gamer NamedEntityTag=O]
[Text=are CharacterOffsetBegin=7 CharacterOffsetEnd=10 PartOfSpeech=VBP Lemma=be NamedEntityTag=O]
[Text=generally CharacterOffsetBegin=11 CharacterOffsetEnd=20 PartOfSpeech=RB Lemma=generally NamedEntityTag=O]
[Text=perceived CharacterOffsetBegin=21 CharacterOffsetEnd=30 PartOfSpeech=VBN Lemma=perceive NamedEntityTag=O]
[Text=as CharacterOffsetBegin=31 CharacterOffsetEnd=33 PartOfSpeech=IN Lemma=as NamedEntityTag=O]
[Text=nerds CharacterOffsetBegin=34 CharacterOffsetEnd=39 PartOfSpeech=NNS Lemma=nerd NamedEntityTag=O]
[Text=compared CharacterOffsetBegin=40 CharacterOffsetEnd=48 PartOfSpeech=VBN Lemma=compare NamedEntityTag=O]
[Text=to CharacterOffsetBegin=49 CharacterOffsetEnd=51 PartOfSpeech=TO Lemma=to NamedEntityTag=O]
[Text=athletes CharacterOffsetBegin=52 CharacterOffsetEnd=60 PartOfSpeech=NNS Lemma=athlete NamedEntityTag=O]
[Text=since CharacterOffsetBegin=61 CharacterOffsetEnd=66 PartOfSpeech=IN Lemma=since NamedEntityTag=O]
[Text=they CharacterOffsetBegin=67 CharacterOffsetEnd=71 PartOfSpeech=PRP Lemma=they NamedEntityTag=O]
[Text=are CharacterOffsetBegin=72 CharacterOffsetEnd=75 PartOfSpeech=VBP Lemma=be NamedEntityTag=O]
[Text=stereotypically CharacterOffsetBegin=76 CharacterOffsetEnd=91 PartOfSpeech=RB Lemma=stereotypically NamedEntityTag=O]
[Text=anti-social CharacterOffsetBegin=92 CharacterOffsetEnd=103 PartOfSpeech=JJ Lemma=anti-social NamedEntityTag=O]
(ROOT
  (S
    (NP (NNS Gamers))
    (VP (VBP are)
      (ADJP
        (NP (RB generally) (VBN perceived))
        (PP (IN as)
          (NP
            (NP (NNS nerds))
            (PP (VBN compared)
              (PP (TO to)
                (NP (NNS athletes))))))
        (SBAR (IN since)
          (S
            (NP (PRP they))
            (VP (VBP are)
              (ADJP (RB stereotypically) (JJ anti-social)))))))))

root(ROOT-0, generally-3)
nsubj(generally-3, Gamers-1)
cop(generally-3, are-2)
amod(generally-3, perceived-4)
case(nerds-6, as-5)
nmod:as(generally-3, nerds-6)
case(athletes-9, compared-7)
mwe(compared-7, to-8)
acl:compared_to(nerds-6, athletes-9)
mark(anti-social-14, since-10)
nsubj(anti-social-14, they-11)
cop(anti-social-14, are-12)
advmod(anti-social-14, stereotypically-13)
ccomp(generally-3, anti-social-14)

Coreference set:
	(1,11,[11,12]) -> (1,1,[1,2]), that is: "they" -> "Gamers"
