Sentence #1 (18 tokens):
Gamers are generally perceived as nerds compared to athletes since they are stereotypically social and in good shape
[Text=Gamers CharacterOffsetBegin=0 CharacterOffsetEnd=6 PartOfSpeech=NNS Lemma=gamer NamedEntityTag=O]
[Text=are CharacterOffsetBegin=7 CharacterOffsetEnd=10 PartOfSpeech=VBP Lemma=be NamedEntityTag=O]
[Text=generally CharacterOffsetBegin=11 CharacterOffsetEnd=20 PartOfSpeech=RB Lemma=generally NamedEntityTag=O]
[Text=perceived CharacterOffsetBegin=21 CharacterOffsetEnd=30 PartOfSpeech=VBN Lemma=perceive NamedEntityTag=O]
[Text=as CharacterOffsetBegin=31 CharacterOffsetEnd=33 PartOfSpeech=IN Lemma=as NamedEntityTag=O]
[Text=nerds CharacterOffsetBegin=34 CharacterOffsetEnd=39 PartOfSpeech=NNS Lemma=nerd NamedEntityTag=O]
[Text=compared CharacterOffsetBegin=40 CharacterOffsetEnd=48 PartOfSpeech=VBN Lemma=compare NamedEntityTag=O]
[Text=to CharacterOffsetBegin=49 CharacterOffsetEnd=51 PartOfSpeech=TO Lemma=to NamedEntityTag=O]
[Text=athletes CharacterOffsetBegin=52 CharacterOffsetEnd=60 PartOfSpeech=NNS Lemma=athlete NamedEntityTag=O]
[Text=since CharacterOffsetBegin=61 CharacterOffsetEnd=66 PartOfSpeech=IN Lemma=since NamedEntityTag=O]
[Text=they CharacterOffsetBegin=67 CharacterOffsetEnd=71 PartOfSpeech=PRP Lemma=they NamedEntityTag=O]
[Text=are CharacterOffsetBegin=72 CharacterOffsetEnd=75 PartOfSpeech=VBP Lemma=be NamedEntityTag=O]
[Text=stereotypically CharacterOffsetBegin=76 CharacterOffsetEnd=91 PartOfSpeech=RB Lemma=stereotypically NamedEntityTag=O]
[Text=social CharacterOffsetBegin=92 CharacterOffsetEnd=98 PartOfSpeech=JJ Lemma=social NamedEntityTag=O]
[Text=and CharacterOffsetBegin=99 CharacterOffsetEnd=102 PartOfSpeech=CC Lemma=and NamedEntityTag=O]
[Text=in CharacterOffsetBegin=103 CharacterOffsetEnd=105 PartOfSpeech=IN Lemma=in NamedEntityTag=O]
[Text=good CharacterOffsetBegin=106 CharacterOffsetEnd=110 PartOfSpeech=JJ Lemma=good NamedEntityTag=O]
[Text=shape CharacterOffsetBegin=111 CharacterOffsetEnd=116 PartOfSpeech=NN Lemma=shape NamedEntityTag=O]
(ROOT
  (S
    (NP (NNS Gamers))
    (VP (VBP are)
      (ADVP (RB generally))
      (VP (VBN perceived)
        (PP
          (PP (IN as)
            (NP
              (NP (NNS nerds))
              (PP (VBN compared)
                (PP (TO to)
                  (NP
                    (NP (NNS athletes))
                    (SBAR (IN since)
                      (S
                        (NP (PRP they))
                        (VP (VBP are)
                          (ADJP (RB stereotypically) (JJ social))))))))))
          (CC and)
          (PP (IN in)
            (NP (JJ good) (NN shape))))))))

root(ROOT-0, perceived-4)
nsubjpass(perceived-4, Gamers-1)
nsubjpass(perceived-4', Gamers-1)
auxpass(perceived-4, are-2)
advmod(perceived-4, generally-3)
conj:and(perceived-4, perceived-4')
case(nerds-6, as-5)
nmod:as(perceived-4, nerds-6)
case(athletes-9, compared-7)
mwe(compared-7, to-8)
acl:compared_to(nerds-6, athletes-9)
mark(social-14, since-10)
nsubj(social-14, they-11)
cop(social-14, are-12)
advmod(social-14, stereotypically-13)
acl:since(athletes-9, social-14)
cc(perceived-4, and-15)
case(shape-18, in-16)
amod(shape-18, good-17)
nmod:in(perceived-4', shape-18)

Coreference set:
	(1,11,[11,12]) -> (1,1,[1,2]), that is: "they" -> "Gamers"
