Sentence #1 (18 tokens):
Ray William Johnson surpassed NigaHiga in Youtube subscribers, but he wants to increase the gap even more
[Text=Ray CharacterOffsetBegin=0 CharacterOffsetEnd=3 PartOfSpeech=NNP Lemma=Ray NamedEntityTag=PERSON]
[Text=William CharacterOffsetBegin=4 CharacterOffsetEnd=11 PartOfSpeech=NNP Lemma=William NamedEntityTag=PERSON]
[Text=Johnson CharacterOffsetBegin=12 CharacterOffsetEnd=19 PartOfSpeech=NNP Lemma=Johnson NamedEntityTag=PERSON]
[Text=surpassed CharacterOffsetBegin=20 CharacterOffsetEnd=29 PartOfSpeech=VBD Lemma=surpass NamedEntityTag=O]
[Text=NigaHiga CharacterOffsetBegin=30 CharacterOffsetEnd=38 PartOfSpeech=NNP Lemma=NigaHiga NamedEntityTag=O]
[Text=in CharacterOffsetBegin=39 CharacterOffsetEnd=41 PartOfSpeech=IN Lemma=in NamedEntityTag=O]
[Text=Youtube CharacterOffsetBegin=42 CharacterOffsetEnd=49 PartOfSpeech=NNP Lemma=Youtube NamedEntityTag=LOCATION]
[Text=subscribers CharacterOffsetBegin=50 CharacterOffsetEnd=61 PartOfSpeech=NNS Lemma=subscriber NamedEntityTag=O]
[Text=, CharacterOffsetBegin=61 CharacterOffsetEnd=62 PartOfSpeech=, Lemma=, NamedEntityTag=O]
[Text=but CharacterOffsetBegin=63 CharacterOffsetEnd=66 PartOfSpeech=CC Lemma=but NamedEntityTag=O]
[Text=he CharacterOffsetBegin=67 CharacterOffsetEnd=69 PartOfSpeech=PRP Lemma=he NamedEntityTag=O]
[Text=wants CharacterOffsetBegin=70 CharacterOffsetEnd=75 PartOfSpeech=VBZ Lemma=want NamedEntityTag=O]
[Text=to CharacterOffsetBegin=76 CharacterOffsetEnd=78 PartOfSpeech=TO Lemma=to NamedEntityTag=O]
[Text=increase CharacterOffsetBegin=79 CharacterOffsetEnd=87 PartOfSpeech=VB Lemma=increase NamedEntityTag=O]
[Text=the CharacterOffsetBegin=88 CharacterOffsetEnd=91 PartOfSpeech=DT Lemma=the NamedEntityTag=O]
[Text=gap CharacterOffsetBegin=92 CharacterOffsetEnd=95 PartOfSpeech=NN Lemma=gap NamedEntityTag=O]
[Text=even CharacterOffsetBegin=96 CharacterOffsetEnd=100 PartOfSpeech=RB Lemma=even NamedEntityTag=O]
[Text=more CharacterOffsetBegin=101 CharacterOffsetEnd=105 PartOfSpeech=RBR Lemma=more NamedEntityTag=O]
(ROOT
  (FRAG
    (S
      (S
        (NP (NNP Ray) (NNP William) (NNP Johnson))
        (VP (VBD surpassed)
          (NP
            (NP (NNP NigaHiga))
            (PP (IN in)
              (NP (NNP Youtube) (NNS subscribers))))))
      (, ,)
      (CC but)
      (S
        (NP (PRP he))
        (VP (VBZ wants)
          (S
            (VP (TO to)
              (VP (VB increase)
                (S
                  (NP (DT the) (NN gap))
                  (ADJP (RB even) (RBR more)))))))))))

root(ROOT-0, surpassed-4)
compound(Johnson-3, Ray-1)
compound(Johnson-3, William-2)
nsubj(surpassed-4, Johnson-3)
dobj(surpassed-4, NigaHiga-5)
case(subscribers-8, in-6)
compound(subscribers-8, Youtube-7)
nmod:in(NigaHiga-5, subscribers-8)
punct(surpassed-4, ,-9)
cc(surpassed-4, but-10)
nsubj(wants-12, he-11)
nsubj:xsubj(increase-14, he-11)
conj:but(surpassed-4, wants-12)
mark(increase-14, to-13)
xcomp(wants-12, increase-14)
det(gap-16, the-15)
nsubj(more-18, gap-16)
advmod(more-18, even-17)
xcomp(increase-14, more-18)

Coreference set:
	(1,11,[11,12]) -> (1,3,[1,4]), that is: "he" -> "Ray William Johnson"
