Sentence #1 (10 tokens):
The cats attacked the humans because they smelled like fish
[Text=The CharacterOffsetBegin=0 CharacterOffsetEnd=3 PartOfSpeech=DT Lemma=the NamedEntityTag=O]
[Text=cats CharacterOffsetBegin=4 CharacterOffsetEnd=8 PartOfSpeech=NNS Lemma=cat NamedEntityTag=O]
[Text=attacked CharacterOffsetBegin=9 CharacterOffsetEnd=17 PartOfSpeech=VBN Lemma=attack NamedEntityTag=O]
[Text=the CharacterOffsetBegin=18 CharacterOffsetEnd=21 PartOfSpeech=DT Lemma=the NamedEntityTag=O]
[Text=humans CharacterOffsetBegin=22 CharacterOffsetEnd=28 PartOfSpeech=NNS Lemma=human NamedEntityTag=O]
[Text=because CharacterOffsetBegin=29 CharacterOffsetEnd=36 PartOfSpeech=IN Lemma=because NamedEntityTag=O]
[Text=they CharacterOffsetBegin=37 CharacterOffsetEnd=41 PartOfSpeech=PRP Lemma=they NamedEntityTag=O]
[Text=smelled CharacterOffsetBegin=42 CharacterOffsetEnd=49 PartOfSpeech=VBD Lemma=smell NamedEntityTag=O]
[Text=like CharacterOffsetBegin=50 CharacterOffsetEnd=54 PartOfSpeech=IN Lemma=like NamedEntityTag=O]
[Text=fish CharacterOffsetBegin=55 CharacterOffsetEnd=59 PartOfSpeech=NN Lemma=fish NamedEntityTag=O]
(ROOT
  (S
    (NP (DT The) (NNS cats))
    (VP (VBN attacked)
      (S
        (NP (DT the) (NNS humans)))
      (SBAR (IN because)
        (S
          (NP (PRP they))
          (VP (VBD smelled)
            (PP (IN like)
              (NP (NN fish)))))))))

root(ROOT-0, attacked-3)
det(cats-2, The-1)
nsubj(attacked-3, cats-2)
det(humans-5, the-4)
xcomp(attacked-3, humans-5)
mark(smelled-8, because-6)
nsubj(smelled-8, they-7)
advcl:because(attacked-3, smelled-8)
case(fish-10, like-9)
nmod:like(smelled-8, fish-10)

Coreference set:
	(1,7,[7,8]) -> (1,2,[1,3]), that is: "they" -> "The cats"
