Sentence #1 (18 tokens):
The management provided bonuses to the employees since they wanted to keep their workers happy at the company
[Text=The CharacterOffsetBegin=0 CharacterOffsetEnd=3 PartOfSpeech=DT Lemma=the NamedEntityTag=O]
[Text=management CharacterOffsetBegin=4 CharacterOffsetEnd=14 PartOfSpeech=NN Lemma=management NamedEntityTag=O]
[Text=provided CharacterOffsetBegin=15 CharacterOffsetEnd=23 PartOfSpeech=VBD Lemma=provide NamedEntityTag=O]
[Text=bonuses CharacterOffsetBegin=24 CharacterOffsetEnd=31 PartOfSpeech=NNS Lemma=bonus NamedEntityTag=O]
[Text=to CharacterOffsetBegin=32 CharacterOffsetEnd=34 PartOfSpeech=TO Lemma=to NamedEntityTag=O]
[Text=the CharacterOffsetBegin=35 CharacterOffsetEnd=38 PartOfSpeech=DT Lemma=the NamedEntityTag=O]
[Text=employees CharacterOffsetBegin=39 CharacterOffsetEnd=48 PartOfSpeech=NNS Lemma=employee NamedEntityTag=O]
[Text=since CharacterOffsetBegin=49 CharacterOffsetEnd=54 PartOfSpeech=IN Lemma=since NamedEntityTag=O]
[Text=they CharacterOffsetBegin=55 CharacterOffsetEnd=59 PartOfSpeech=PRP Lemma=they NamedEntityTag=O]
[Text=wanted CharacterOffsetBegin=60 CharacterOffsetEnd=66 PartOfSpeech=VBD Lemma=want NamedEntityTag=O]
[Text=to CharacterOffsetBegin=67 CharacterOffsetEnd=69 PartOfSpeech=TO Lemma=to NamedEntityTag=O]
[Text=keep CharacterOffsetBegin=70 CharacterOffsetEnd=74 PartOfSpeech=VB Lemma=keep NamedEntityTag=O]
[Text=their CharacterOffsetBegin=75 CharacterOffsetEnd=80 PartOfSpeech=PRP$ Lemma=they NamedEntityTag=O]
[Text=workers CharacterOffsetBegin=81 CharacterOffsetEnd=88 PartOfSpeech=NNS Lemma=worker NamedEntityTag=O]
[Text=happy CharacterOffsetBegin=89 CharacterOffsetEnd=94 PartOfSpeech=JJ Lemma=happy NamedEntityTag=O]
[Text=at CharacterOffsetBegin=95 CharacterOffsetEnd=97 PartOfSpeech=IN Lemma=at NamedEntityTag=O]
[Text=the CharacterOffsetBegin=98 CharacterOffsetEnd=101 PartOfSpeech=DT Lemma=the NamedEntityTag=O]
[Text=company CharacterOffsetBegin=102 CharacterOffsetEnd=109 PartOfSpeech=NN Lemma=company NamedEntityTag=O]
(ROOT
  (S
    (NP (DT The) (NN management))
    (VP (VBD provided)
      (NP (NNS bonuses))
      (PP (TO to)
        (NP (DT the) (NNS employees)))
      (SBAR (IN since)
        (S
          (NP (PRP they))
          (VP (VBD wanted)
            (S
              (VP (TO to)
                (VP (VB keep)
                  (S
                    (NP (PRP$ their) (NNS workers))
                    (ADJP (JJ happy)
                      (PP (IN at)
                        (NP (DT the) (NN company))))))))))))))

root(ROOT-0, provided-3)
det(management-2, The-1)
nsubj(provided-3, management-2)
dobj(provided-3, bonuses-4)
case(employees-7, to-5)
det(employees-7, the-6)
nmod:to(provided-3, employees-7)
mark(wanted-10, since-8)
nsubj(wanted-10, they-9)
nsubj:xsubj(keep-12, they-9)
advcl:since(provided-3, wanted-10)
mark(keep-12, to-11)
xcomp(wanted-10, keep-12)
nmod:poss(workers-14, their-13)
nsubj(happy-15, workers-14)
xcomp(keep-12, happy-15)
case(company-18, at-16)
det(company-18, the-17)
nmod:at(happy-15, company-18)

Coreference set:
	(1,9,[9,10]) -> (1,7,[6,8]), that is: "they" -> "the employees"
	(1,13,[13,14]) -> (1,7,[6,8]), that is: "their" -> "the employees"
