Sentence #1 (14 tokens):
The disease center quarantined the people since they were afraid of the outbreak spreading
[Text=The CharacterOffsetBegin=0 CharacterOffsetEnd=3 PartOfSpeech=DT Lemma=the NamedEntityTag=O]
[Text=disease CharacterOffsetBegin=4 CharacterOffsetEnd=11 PartOfSpeech=NN Lemma=disease NamedEntityTag=O]
[Text=center CharacterOffsetBegin=12 CharacterOffsetEnd=18 PartOfSpeech=NN Lemma=center NamedEntityTag=O]
[Text=quarantined CharacterOffsetBegin=19 CharacterOffsetEnd=30 PartOfSpeech=VBD Lemma=quarantine NamedEntityTag=O]
[Text=the CharacterOffsetBegin=31 CharacterOffsetEnd=34 PartOfSpeech=DT Lemma=the NamedEntityTag=O]
[Text=people CharacterOffsetBegin=35 CharacterOffsetEnd=41 PartOfSpeech=NNS Lemma=people NamedEntityTag=O]
[Text=since CharacterOffsetBegin=42 CharacterOffsetEnd=47 PartOfSpeech=IN Lemma=since NamedEntityTag=O]
[Text=they CharacterOffsetBegin=48 CharacterOffsetEnd=52 PartOfSpeech=PRP Lemma=they NamedEntityTag=O]
[Text=were CharacterOffsetBegin=53 CharacterOffsetEnd=57 PartOfSpeech=VBD Lemma=be NamedEntityTag=O]
[Text=afraid CharacterOffsetBegin=58 CharacterOffsetEnd=64 PartOfSpeech=JJ Lemma=afraid NamedEntityTag=O]
[Text=of CharacterOffsetBegin=65 CharacterOffsetEnd=67 PartOfSpeech=IN Lemma=of NamedEntityTag=O]
[Text=the CharacterOffsetBegin=68 CharacterOffsetEnd=71 PartOfSpeech=DT Lemma=the NamedEntityTag=O]
[Text=outbreak CharacterOffsetBegin=72 CharacterOffsetEnd=80 PartOfSpeech=NN Lemma=outbreak NamedEntityTag=O]
[Text=spreading CharacterOffsetBegin=81 CharacterOffsetEnd=90 PartOfSpeech=NN Lemma=spreading NamedEntityTag=O]
(ROOT
  (S
    (NP (DT The) (NN disease) (NN center))
    (VP (VBD quarantined)
      (NP (DT the) (NNS people))
      (SBAR (IN since)
        (S
          (NP (PRP they))
          (VP (VBD were)
            (ADJP (JJ afraid)
              (PP (IN of)
                (NP (DT the) (NN outbreak) (NN spreading))))))))))

root(ROOT-0, quarantined-4)
det(center-3, The-1)
compound(center-3, disease-2)
nsubj(quarantined-4, center-3)
det(people-6, the-5)
dobj(quarantined-4, people-6)
mark(afraid-10, since-7)
nsubj(afraid-10, they-8)
cop(afraid-10, were-9)
advcl:since(quarantined-4, afraid-10)
case(spreading-14, of-11)
det(spreading-14, the-12)
compound(spreading-14, outbreak-13)
nmod:of(afraid-10, spreading-14)

Coreference set:
	(1,8,[8,9]) -> (1,6,[5,7]), that is: "they" -> "the people"
