Sentence #1 (15 tokens):
The FDA revoked the medical licenses of corrupt doctors since they enforce strict medical guidelines
[Text=The CharacterOffsetBegin=0 CharacterOffsetEnd=3 PartOfSpeech=DT Lemma=the NamedEntityTag=O]
[Text=FDA CharacterOffsetBegin=4 CharacterOffsetEnd=7 PartOfSpeech=NNP Lemma=FDA NamedEntityTag=ORGANIZATION]
[Text=revoked CharacterOffsetBegin=8 CharacterOffsetEnd=15 PartOfSpeech=VBD Lemma=revoke NamedEntityTag=O]
[Text=the CharacterOffsetBegin=16 CharacterOffsetEnd=19 PartOfSpeech=DT Lemma=the NamedEntityTag=O]
[Text=medical CharacterOffsetBegin=20 CharacterOffsetEnd=27 PartOfSpeech=JJ Lemma=medical NamedEntityTag=O]
[Text=licenses CharacterOffsetBegin=28 CharacterOffsetEnd=36 PartOfSpeech=NNS Lemma=licens NamedEntityTag=O]
[Text=of CharacterOffsetBegin=37 CharacterOffsetEnd=39 PartOfSpeech=IN Lemma=of NamedEntityTag=O]
[Text=corrupt CharacterOffsetBegin=40 CharacterOffsetEnd=47 PartOfSpeech=JJ Lemma=corrupt NamedEntityTag=O]
[Text=doctors CharacterOffsetBegin=48 CharacterOffsetEnd=55 PartOfSpeech=NNS Lemma=doctor NamedEntityTag=O]
[Text=since CharacterOffsetBegin=56 CharacterOffsetEnd=61 PartOfSpeech=IN Lemma=since NamedEntityTag=O]
[Text=they CharacterOffsetBegin=62 CharacterOffsetEnd=66 PartOfSpeech=PRP Lemma=they NamedEntityTag=O]
[Text=enforce CharacterOffsetBegin=67 CharacterOffsetEnd=74 PartOfSpeech=VBP Lemma=enforce NamedEntityTag=O]
[Text=strict CharacterOffsetBegin=75 CharacterOffsetEnd=81 PartOfSpeech=JJ Lemma=strict NamedEntityTag=O]
[Text=medical CharacterOffsetBegin=82 CharacterOffsetEnd=89 PartOfSpeech=JJ Lemma=medical NamedEntityTag=O]
[Text=guidelines CharacterOffsetBegin=90 CharacterOffsetEnd=100 PartOfSpeech=NNS Lemma=guideline NamedEntityTag=O]
(ROOT
  (S
    (NP (DT The) (NNP FDA))
    (VP (VBD revoked)
      (NP
        (NP (DT the) (JJ medical) (NNS licenses))
        (PP (IN of)
          (NP (JJ corrupt) (NNS doctors))))
      (SBAR (IN since)
        (S
          (NP (PRP they))
          (VP (VBP enforce)
            (NP (JJ strict) (JJ medical) (NNS guidelines))))))))

root(ROOT-0, revoked-3)
det(FDA-2, The-1)
nsubj(revoked-3, FDA-2)
det(licenses-6, the-4)
amod(licenses-6, medical-5)
dobj(revoked-3, licenses-6)
case(doctors-9, of-7)
amod(doctors-9, corrupt-8)
nmod:of(licenses-6, doctors-9)
mark(enforce-12, since-10)
nsubj(enforce-12, they-11)
advcl:since(revoked-3, enforce-12)
amod(guidelines-15, strict-13)
amod(guidelines-15, medical-14)
dobj(enforce-12, guidelines-15)

Coreference set:
	(1,11,[11,12]) -> (1,9,[8,10]), that is: "they" -> "corrupt doctors"
