Sentence #1 (16 tokens):
The FDA revoked the medical licenses of corrupt doctors because they have been improperly issuing drugs
[Text=The CharacterOffsetBegin=0 CharacterOffsetEnd=3 PartOfSpeech=DT Lemma=the NamedEntityTag=O]
[Text=FDA CharacterOffsetBegin=4 CharacterOffsetEnd=7 PartOfSpeech=NNP Lemma=FDA NamedEntityTag=ORGANIZATION]
[Text=revoked CharacterOffsetBegin=8 CharacterOffsetEnd=15 PartOfSpeech=VBD Lemma=revoke NamedEntityTag=O]
[Text=the CharacterOffsetBegin=16 CharacterOffsetEnd=19 PartOfSpeech=DT Lemma=the NamedEntityTag=O]
[Text=medical CharacterOffsetBegin=20 CharacterOffsetEnd=27 PartOfSpeech=JJ Lemma=medical NamedEntityTag=O]
[Text=licenses CharacterOffsetBegin=28 CharacterOffsetEnd=36 PartOfSpeech=NNS Lemma=licens NamedEntityTag=O]
[Text=of CharacterOffsetBegin=37 CharacterOffsetEnd=39 PartOfSpeech=IN Lemma=of NamedEntityTag=O]
[Text=corrupt CharacterOffsetBegin=40 CharacterOffsetEnd=47 PartOfSpeech=JJ Lemma=corrupt NamedEntityTag=O]
[Text=doctors CharacterOffsetBegin=48 CharacterOffsetEnd=55 PartOfSpeech=NNS Lemma=doctor NamedEntityTag=O]
[Text=because CharacterOffsetBegin=56 CharacterOffsetEnd=63 PartOfSpeech=IN Lemma=because NamedEntityTag=O]
[Text=they CharacterOffsetBegin=64 CharacterOffsetEnd=68 PartOfSpeech=PRP Lemma=they NamedEntityTag=O]
[Text=have CharacterOffsetBegin=69 CharacterOffsetEnd=73 PartOfSpeech=VBP Lemma=have NamedEntityTag=O]
[Text=been CharacterOffsetBegin=74 CharacterOffsetEnd=78 PartOfSpeech=VBN Lemma=be NamedEntityTag=O]
[Text=improperly CharacterOffsetBegin=79 CharacterOffsetEnd=89 PartOfSpeech=RB Lemma=improperly NamedEntityTag=O]
[Text=issuing CharacterOffsetBegin=90 CharacterOffsetEnd=97 PartOfSpeech=VBG Lemma=issue NamedEntityTag=O]
[Text=drugs CharacterOffsetBegin=98 CharacterOffsetEnd=103 PartOfSpeech=NNS Lemma=drug NamedEntityTag=O]
(ROOT
  (S
    (NP (DT The) (NNP FDA))
    (VP (VBD revoked)
      (NP
        (NP (DT the) (JJ medical) (NNS licenses))
        (PP (IN of)
          (NP (JJ corrupt) (NNS doctors))))
      (SBAR (IN because)
        (S
          (NP (PRP they))
          (VP (VBP have)
            (VP (VBN been)
              (VP
                (ADVP (RB improperly))
                (VBG issuing)
                (NP (NNS drugs))))))))))

root(ROOT-0, revoked-3)
det(FDA-2, The-1)
nsubj(revoked-3, FDA-2)
det(licenses-6, the-4)
amod(licenses-6, medical-5)
dobj(revoked-3, licenses-6)
case(doctors-9, of-7)
amod(doctors-9, corrupt-8)
nmod:of(licenses-6, doctors-9)
mark(issuing-15, because-10)
nsubj(issuing-15, they-11)
aux(issuing-15, have-12)
aux(issuing-15, been-13)
advmod(issuing-15, improperly-14)
advcl:because(revoked-3, issuing-15)
dobj(issuing-15, drugs-16)

Coreference set:
	(1,11,[11,12]) -> (1,9,[8,10]), that is: "they" -> "corrupt doctors"
