Sentence #1 (13 tokens):
Bill punched Bob in the face because he was being rude to Mary
[Text=Bill CharacterOffsetBegin=0 CharacterOffsetEnd=4 PartOfSpeech=NNP Lemma=Bill NamedEntityTag=PERSON]
[Text=punched CharacterOffsetBegin=5 CharacterOffsetEnd=12 PartOfSpeech=VBD Lemma=punch NamedEntityTag=O]
[Text=Bob CharacterOffsetBegin=13 CharacterOffsetEnd=16 PartOfSpeech=NNP Lemma=Bob NamedEntityTag=PERSON]
[Text=in CharacterOffsetBegin=17 CharacterOffsetEnd=19 PartOfSpeech=IN Lemma=in NamedEntityTag=O]
[Text=the CharacterOffsetBegin=20 CharacterOffsetEnd=23 PartOfSpeech=DT Lemma=the NamedEntityTag=O]
[Text=face CharacterOffsetBegin=24 CharacterOffsetEnd=28 PartOfSpeech=NN Lemma=face NamedEntityTag=O]
[Text=because CharacterOffsetBegin=29 CharacterOffsetEnd=36 PartOfSpeech=IN Lemma=because NamedEntityTag=O]
[Text=he CharacterOffsetBegin=37 CharacterOffsetEnd=39 PartOfSpeech=PRP Lemma=he NamedEntityTag=O]
[Text=was CharacterOffsetBegin=40 CharacterOffsetEnd=43 PartOfSpeech=VBD Lemma=be NamedEntityTag=O]
[Text=being CharacterOffsetBegin=44 CharacterOffsetEnd=49 PartOfSpeech=VBG Lemma=be NamedEntityTag=O]
[Text=rude CharacterOffsetBegin=50 CharacterOffsetEnd=54 PartOfSpeech=JJ Lemma=rude NamedEntityTag=O]
[Text=to CharacterOffsetBegin=55 CharacterOffsetEnd=57 PartOfSpeech=TO Lemma=to NamedEntityTag=O]
[Text=Mary CharacterOffsetBegin=58 CharacterOffsetEnd=62 PartOfSpeech=NNP Lemma=Mary NamedEntityTag=PERSON]
(ROOT
  (S
    (NP (NNP Bill))
    (VP (VBD punched)
      (NP
        (NP (NNP Bob))
        (PP (IN in)
          (NP (DT the) (NN face))))
      (SBAR (IN because)
        (S
          (NP (PRP he))
          (VP (VBD was)
            (VP (VBG being)
              (ADJP (JJ rude)
                (PP (TO to)
                  (NP (NNP Mary)))))))))))

root(ROOT-0, punched-2)
nsubj(punched-2, Bill-1)
dobj(punched-2, Bob-3)
case(face-6, in-4)
det(face-6, the-5)
nmod:in(Bob-3, face-6)
mark(rude-11, because-7)
nsubj(rude-11, he-8)
aux(rude-11, was-9)
cop(rude-11, being-10)
advcl:because(punched-2, rude-11)
case(Mary-13, to-12)
nmod:to(rude-11, Mary-13)

Coreference set:
	(1,8,[8,9]) -> (1,3,[3,7]), that is: "he" -> "Bob in the face"
