Sentence #1 (12 tokens):
Bob can beat Larry at arm wrestling because he has more muscles
[Text=Bob CharacterOffsetBegin=0 CharacterOffsetEnd=3 PartOfSpeech=NNP Lemma=Bob NamedEntityTag=PERSON]
[Text=can CharacterOffsetBegin=4 CharacterOffsetEnd=7 PartOfSpeech=MD Lemma=can NamedEntityTag=O]
[Text=beat CharacterOffsetBegin=8 CharacterOffsetEnd=12 PartOfSpeech=VB Lemma=beat NamedEntityTag=O]
[Text=Larry CharacterOffsetBegin=13 CharacterOffsetEnd=18 PartOfSpeech=NNP Lemma=Larry NamedEntityTag=PERSON]
[Text=at CharacterOffsetBegin=19 CharacterOffsetEnd=21 PartOfSpeech=IN Lemma=at NamedEntityTag=O]
[Text=arm CharacterOffsetBegin=22 CharacterOffsetEnd=25 PartOfSpeech=NN Lemma=arm NamedEntityTag=O]
[Text=wrestling CharacterOffsetBegin=26 CharacterOffsetEnd=35 PartOfSpeech=NN Lemma=wrestling NamedEntityTag=O]
[Text=because CharacterOffsetBegin=36 CharacterOffsetEnd=43 PartOfSpeech=IN Lemma=because NamedEntityTag=O]
[Text=he CharacterOffsetBegin=44 CharacterOffsetEnd=46 PartOfSpeech=PRP Lemma=he NamedEntityTag=O]
[Text=has CharacterOffsetBegin=47 CharacterOffsetEnd=50 PartOfSpeech=VBZ Lemma=have NamedEntityTag=O]
[Text=more CharacterOffsetBegin=51 CharacterOffsetEnd=55 PartOfSpeech=JJR Lemma=more NamedEntityTag=O]
[Text=muscles CharacterOffsetBegin=56 CharacterOffsetEnd=63 PartOfSpeech=NNS Lemma=muscle NamedEntityTag=O]
(ROOT
  (S
    (NP (NNP Bob))
    (VP (MD can)
      (VP (VB beat)
        (NP (NNP Larry))
        (PP (IN at)
          (NP (NN arm) (NN wrestling)))
        (SBAR (IN because)
          (S
            (NP (PRP he))
            (VP (VBZ has)
              (NP (JJR more) (NNS muscles)))))))))

root(ROOT-0, beat-3)
nsubj(beat-3, Bob-1)
aux(beat-3, can-2)
dobj(beat-3, Larry-4)
case(wrestling-7, at-5)
compound(wrestling-7, arm-6)
nmod:at(beat-3, wrestling-7)
mark(has-10, because-8)
nsubj(has-10, he-9)
advcl:because(beat-3, has-10)
amod(muscles-12, more-11)
dobj(has-10, muscles-12)

Coreference set:
	(1,9,[9,10]) -> (1,1,[1,2]), that is: "he" -> "Bob"
