Sentence #1 (14 tokens):
Andrea threw a promotion party in honor of Lindsay since she recently got promoted
[Text=Andrea CharacterOffsetBegin=0 CharacterOffsetEnd=6 PartOfSpeech=NNP Lemma=Andrea NamedEntityTag=PERSON]
[Text=threw CharacterOffsetBegin=7 CharacterOffsetEnd=12 PartOfSpeech=VBD Lemma=throw NamedEntityTag=O]
[Text=a CharacterOffsetBegin=13 CharacterOffsetEnd=14 PartOfSpeech=DT Lemma=a NamedEntityTag=O]
[Text=promotion CharacterOffsetBegin=15 CharacterOffsetEnd=24 PartOfSpeech=NN Lemma=promotion NamedEntityTag=O]
[Text=party CharacterOffsetBegin=25 CharacterOffsetEnd=30 PartOfSpeech=NN Lemma=party NamedEntityTag=O]
[Text=in CharacterOffsetBegin=31 CharacterOffsetEnd=33 PartOfSpeech=IN Lemma=in NamedEntityTag=O]
[Text=honor CharacterOffsetBegin=34 CharacterOffsetEnd=39 PartOfSpeech=NN Lemma=honor NamedEntityTag=O]
[Text=of CharacterOffsetBegin=40 CharacterOffsetEnd=42 PartOfSpeech=IN Lemma=of NamedEntityTag=O]
[Text=Lindsay CharacterOffsetBegin=43 CharacterOffsetEnd=50 PartOfSpeech=NNP Lemma=Lindsay NamedEntityTag=PERSON]
[Text=since CharacterOffsetBegin=51 CharacterOffsetEnd=56 PartOfSpeech=IN Lemma=since NamedEntityTag=O]
[Text=she CharacterOffsetBegin=57 CharacterOffsetEnd=60 PartOfSpeech=PRP Lemma=she NamedEntityTag=O]
[Text=recently CharacterOffsetBegin=61 CharacterOffsetEnd=69 PartOfSpeech=RB Lemma=recently NamedEntityTag=DATE NormalizedNamedEntityTag=PAST_REF Timex=<TIMEX3 tid="t1" type="DATE" value="PAST_REF">recently</TIMEX3>]
[Text=got CharacterOffsetBegin=70 CharacterOffsetEnd=73 PartOfSpeech=VBD Lemma=get NamedEntityTag=O]
[Text=promoted CharacterOffsetBegin=74 CharacterOffsetEnd=82 PartOfSpeech=VBN Lemma=promote NamedEntityTag=O]
(ROOT
  (S
    (NP (NNP Andrea))
    (VP (VBD threw)
      (NP (DT a) (NN promotion) (NN party))
      (PP (IN in)
        (NP
          (NP (NN honor))
          (PP (IN of)
            (NP (NNP Lindsay)))))
      (SBAR (IN since)
        (S
          (NP (PRP she))
          (ADVP (RB recently))
          (VP (VBD got)
            (VP (VBN promoted))))))))

root(ROOT-0, threw-2)
nsubj(threw-2, Andrea-1)
det(party-5, a-3)
compound(party-5, promotion-4)
dobj(threw-2, party-5)
case(honor-7, in-6)
nmod:in(threw-2, honor-7)
case(Lindsay-9, of-8)
nmod:of(honor-7, Lindsay-9)
mark(promoted-14, since-10)
nsubjpass(promoted-14, she-11)
advmod(promoted-14, recently-12)
auxpass(promoted-14, got-13)
advcl:since(threw-2, promoted-14)

Coreference set:
	(1,11,[11,12]) -> (1,1,[1,2]), that is: "she" -> "Andrea"
