Sentence #1 (14 tokens):
Michael Phelps was fined by Judge Louis because he was caught with illegal drugs
[Text=Michael CharacterOffsetBegin=0 CharacterOffsetEnd=7 PartOfSpeech=NNP Lemma=Michael NamedEntityTag=PERSON]
[Text=Phelps CharacterOffsetBegin=8 CharacterOffsetEnd=14 PartOfSpeech=NNP Lemma=Phelps NamedEntityTag=PERSON]
[Text=was CharacterOffsetBegin=15 CharacterOffsetEnd=18 PartOfSpeech=VBD Lemma=be NamedEntityTag=O]
[Text=fined CharacterOffsetBegin=19 CharacterOffsetEnd=24 PartOfSpeech=VBN Lemma=fine NamedEntityTag=O]
[Text=by CharacterOffsetBegin=25 CharacterOffsetEnd=27 PartOfSpeech=IN Lemma=by NamedEntityTag=O]
[Text=Judge CharacterOffsetBegin=28 CharacterOffsetEnd=33 PartOfSpeech=NNP Lemma=Judge NamedEntityTag=O]
[Text=Louis CharacterOffsetBegin=34 CharacterOffsetEnd=39 PartOfSpeech=NNP Lemma=Louis NamedEntityTag=PERSON]
[Text=because CharacterOffsetBegin=40 CharacterOffsetEnd=47 PartOfSpeech=IN Lemma=because NamedEntityTag=O]
[Text=he CharacterOffsetBegin=48 CharacterOffsetEnd=50 PartOfSpeech=PRP Lemma=he NamedEntityTag=O]
[Text=was CharacterOffsetBegin=51 CharacterOffsetEnd=54 PartOfSpeech=VBD Lemma=be NamedEntityTag=O]
[Text=caught CharacterOffsetBegin=55 CharacterOffsetEnd=61 PartOfSpeech=VBN Lemma=catch NamedEntityTag=O]
[Text=with CharacterOffsetBegin=62 CharacterOffsetEnd=66 PartOfSpeech=IN Lemma=with NamedEntityTag=O]
[Text=illegal CharacterOffsetBegin=67 CharacterOffsetEnd=74 PartOfSpeech=JJ Lemma=illegal NamedEntityTag=O]
[Text=drugs CharacterOffsetBegin=75 CharacterOffsetEnd=80 PartOfSpeech=NNS Lemma=drug NamedEntityTag=O]
(ROOT
  (S
    (NP (NNP Michael) (NNP Phelps))
    (VP (VBD was)
      (VP (VBN fined)
        (PP (IN by)
          (NP (NNP Judge) (NNP Louis)))
        (SBAR (IN because)
          (S
            (NP (PRP he))
            (VP (VBD was)
              (VP (VBN caught)
                (PP (IN with)
                  (NP (JJ illegal) (NNS drugs)))))))))))

root(ROOT-0, fined-4)
compound(Phelps-2, Michael-1)
nsubjpass(fined-4, Phelps-2)
auxpass(fined-4, was-3)
case(Louis-7, by-5)
compound(Louis-7, Judge-6)
nmod:agent(fined-4, Louis-7)
mark(caught-11, because-8)
nsubjpass(caught-11, he-9)
auxpass(caught-11, was-10)
advcl:because(fined-4, caught-11)
case(drugs-14, with-12)
amod(drugs-14, illegal-13)
nmod:with(caught-11, drugs-14)

Coreference set:
	(1,9,[9,10]) -> (1,2,[1,3]), that is: "he" -> "Michael Phelps"
