Sentence #1 (14 tokens):
Michael Phelps was fined by Judge Louis because he has to uphold federal law
[Text=Michael CharacterOffsetBegin=0 CharacterOffsetEnd=7 PartOfSpeech=NNP Lemma=Michael NamedEntityTag=PERSON]
[Text=Phelps CharacterOffsetBegin=8 CharacterOffsetEnd=14 PartOfSpeech=NNP Lemma=Phelps NamedEntityTag=PERSON]
[Text=was CharacterOffsetBegin=15 CharacterOffsetEnd=18 PartOfSpeech=VBD Lemma=be NamedEntityTag=O]
[Text=fined CharacterOffsetBegin=19 CharacterOffsetEnd=24 PartOfSpeech=VBN Lemma=fine NamedEntityTag=O]
[Text=by CharacterOffsetBegin=25 CharacterOffsetEnd=27 PartOfSpeech=IN Lemma=by NamedEntityTag=O]
[Text=Judge CharacterOffsetBegin=28 CharacterOffsetEnd=33 PartOfSpeech=NNP Lemma=Judge NamedEntityTag=O]
[Text=Louis CharacterOffsetBegin=34 CharacterOffsetEnd=39 PartOfSpeech=NNP Lemma=Louis NamedEntityTag=PERSON]
[Text=because CharacterOffsetBegin=40 CharacterOffsetEnd=47 PartOfSpeech=IN Lemma=because NamedEntityTag=O]
[Text=he CharacterOffsetBegin=48 CharacterOffsetEnd=50 PartOfSpeech=PRP Lemma=he NamedEntityTag=O]
[Text=has CharacterOffsetBegin=51 CharacterOffsetEnd=54 PartOfSpeech=VBZ Lemma=have NamedEntityTag=O]
[Text=to CharacterOffsetBegin=55 CharacterOffsetEnd=57 PartOfSpeech=TO Lemma=to NamedEntityTag=O]
[Text=uphold CharacterOffsetBegin=58 CharacterOffsetEnd=64 PartOfSpeech=VB Lemma=uphold NamedEntityTag=O]
[Text=federal CharacterOffsetBegin=65 CharacterOffsetEnd=72 PartOfSpeech=JJ Lemma=federal NamedEntityTag=O]
[Text=law CharacterOffsetBegin=73 CharacterOffsetEnd=76 PartOfSpeech=NN Lemma=law NamedEntityTag=O]
(ROOT
  (S
    (NP (NNP Michael) (NNP Phelps))
    (VP (VBD was)
      (VP (VBN fined)
        (PP (IN by)
          (NP (NNP Judge) (NNP Louis)))
        (SBAR (IN because)
          (S
            (NP (PRP he))
            (VP (VBZ has)
              (S
                (VP (TO to)
                  (VP (VB uphold)
                    (NP (JJ federal) (NN law))))))))))))

root(ROOT-0, fined-4)
compound(Phelps-2, Michael-1)
nsubjpass(fined-4, Phelps-2)
auxpass(fined-4, was-3)
case(Louis-7, by-5)
compound(Louis-7, Judge-6)
nmod:agent(fined-4, Louis-7)
mark(has-10, because-8)
nsubj(has-10, he-9)
nsubj:xsubj(uphold-12, he-9)
advcl:because(fined-4, has-10)
mark(uphold-12, to-11)
xcomp(has-10, uphold-12)
amod(law-14, federal-13)
dobj(uphold-12, law-14)

Coreference set:
	(1,9,[9,10]) -> (1,2,[1,3]), that is: "he" -> "Michael Phelps"
