Sentence #1 (17 tokens):
The hotel staff tended to the royal family since they needed to keep them satisfied as occupants
[Text=The CharacterOffsetBegin=0 CharacterOffsetEnd=3 PartOfSpeech=DT Lemma=the NamedEntityTag=O]
[Text=hotel CharacterOffsetBegin=4 CharacterOffsetEnd=9 PartOfSpeech=NN Lemma=hotel NamedEntityTag=O]
[Text=staff CharacterOffsetBegin=10 CharacterOffsetEnd=15 PartOfSpeech=NN Lemma=staff NamedEntityTag=O]
[Text=tended CharacterOffsetBegin=16 CharacterOffsetEnd=22 PartOfSpeech=VBD Lemma=tend NamedEntityTag=O]
[Text=to CharacterOffsetBegin=23 CharacterOffsetEnd=25 PartOfSpeech=TO Lemma=to NamedEntityTag=O]
[Text=the CharacterOffsetBegin=26 CharacterOffsetEnd=29 PartOfSpeech=DT Lemma=the NamedEntityTag=O]
[Text=royal CharacterOffsetBegin=30 CharacterOffsetEnd=35 PartOfSpeech=NN Lemma=royal NamedEntityTag=O]
[Text=family CharacterOffsetBegin=36 CharacterOffsetEnd=42 PartOfSpeech=NN Lemma=family NamedEntityTag=O]
[Text=since CharacterOffsetBegin=43 CharacterOffsetEnd=48 PartOfSpeech=IN Lemma=since NamedEntityTag=O]
[Text=they CharacterOffsetBegin=49 CharacterOffsetEnd=53 PartOfSpeech=PRP Lemma=they NamedEntityTag=O]
[Text=needed CharacterOffsetBegin=54 CharacterOffsetEnd=60 PartOfSpeech=VBD Lemma=need NamedEntityTag=O]
[Text=to CharacterOffsetBegin=61 CharacterOffsetEnd=63 PartOfSpeech=TO Lemma=to NamedEntityTag=O]
[Text=keep CharacterOffsetBegin=64 CharacterOffsetEnd=68 PartOfSpeech=VB Lemma=keep NamedEntityTag=O]
[Text=them CharacterOffsetBegin=69 CharacterOffsetEnd=73 PartOfSpeech=PRP Lemma=they NamedEntityTag=O]
[Text=satisfied CharacterOffsetBegin=74 CharacterOffsetEnd=83 PartOfSpeech=JJ Lemma=satisfied NamedEntityTag=O]
[Text=as CharacterOffsetBegin=84 CharacterOffsetEnd=86 PartOfSpeech=IN Lemma=as NamedEntityTag=O]
[Text=occupants CharacterOffsetBegin=87 CharacterOffsetEnd=96 PartOfSpeech=NNS Lemma=occupant NamedEntityTag=O]
(ROOT
  (S
    (NP (DT The) (NN hotel) (NN staff))
    (VP (VBD tended)
      (PP (TO to)
        (NP (DT the) (NN royal) (NN family)))
      (SBAR (IN since)
        (S
          (NP (PRP they))
          (VP (VBD needed)
            (S
              (VP (TO to)
                (VP (VB keep)
                  (S
                    (NP (PRP them))
                    (ADJP (JJ satisfied)
                      (PP (IN as)
                        (NP (NNS occupants))))))))))))))

root(ROOT-0, tended-4)
det(staff-3, The-1)
compound(staff-3, hotel-2)
nsubj(tended-4, staff-3)
case(family-8, to-5)
det(family-8, the-6)
compound(family-8, royal-7)
nmod:to(tended-4, family-8)
mark(needed-11, since-9)
nsubj(needed-11, they-10)
nsubj:xsubj(keep-13, they-10)
advcl:since(tended-4, needed-11)
mark(keep-13, to-12)
xcomp(needed-11, keep-13)
nsubj(satisfied-15, them-14)
xcomp(keep-13, satisfied-15)
case(occupants-17, as-16)
nmod:as(satisfied-15, occupants-17)

Coreference set:
	(1,14,[14,15]) -> (1,10,[10,11]), that is: "them" -> "they"
