Sentence #1 (17 tokens):
The hotel staff tended to the royal family, however, they felt the service was unsatisfactory
[Text=The CharacterOffsetBegin=0 CharacterOffsetEnd=3 PartOfSpeech=DT Lemma=the NamedEntityTag=O]
[Text=hotel CharacterOffsetBegin=4 CharacterOffsetEnd=9 PartOfSpeech=NN Lemma=hotel NamedEntityTag=O]
[Text=staff CharacterOffsetBegin=10 CharacterOffsetEnd=15 PartOfSpeech=NN Lemma=staff NamedEntityTag=O]
[Text=tended CharacterOffsetBegin=16 CharacterOffsetEnd=22 PartOfSpeech=VBD Lemma=tend NamedEntityTag=O]
[Text=to CharacterOffsetBegin=23 CharacterOffsetEnd=25 PartOfSpeech=TO Lemma=to NamedEntityTag=O]
[Text=the CharacterOffsetBegin=26 CharacterOffsetEnd=29 PartOfSpeech=DT Lemma=the NamedEntityTag=O]
[Text=royal CharacterOffsetBegin=30 CharacterOffsetEnd=35 PartOfSpeech=NN Lemma=royal NamedEntityTag=O]
[Text=family CharacterOffsetBegin=36 CharacterOffsetEnd=42 PartOfSpeech=NN Lemma=family NamedEntityTag=O]
[Text=, CharacterOffsetBegin=42 CharacterOffsetEnd=43 PartOfSpeech=, Lemma=, NamedEntityTag=O]
[Text=however CharacterOffsetBegin=44 CharacterOffsetEnd=51 PartOfSpeech=RB Lemma=however NamedEntityTag=O]
[Text=, CharacterOffsetBegin=51 CharacterOffsetEnd=52 PartOfSpeech=, Lemma=, NamedEntityTag=O]
[Text=they CharacterOffsetBegin=53 CharacterOffsetEnd=57 PartOfSpeech=PRP Lemma=they NamedEntityTag=O]
[Text=felt CharacterOffsetBegin=58 CharacterOffsetEnd=62 PartOfSpeech=VBD Lemma=feel NamedEntityTag=O]
[Text=the CharacterOffsetBegin=63 CharacterOffsetEnd=66 PartOfSpeech=DT Lemma=the NamedEntityTag=O]
[Text=service CharacterOffsetBegin=67 CharacterOffsetEnd=74 PartOfSpeech=NN Lemma=service NamedEntityTag=O]
[Text=was CharacterOffsetBegin=75 CharacterOffsetEnd=78 PartOfSpeech=VBD Lemma=be NamedEntityTag=O]
[Text=unsatisfactory CharacterOffsetBegin=79 CharacterOffsetEnd=93 PartOfSpeech=JJ Lemma=unsatisfactory NamedEntityTag=O]
(ROOT
  (S
    (NP (DT The) (NN hotel) (NN staff))
    (VP (VBD tended)
      (PP (TO to)
        (NP (DT the) (NN royal) (NN family)))
      (, ,)
      (ADVP (RB however))
      (, ,)
      (SBAR
        (S
          (NP (PRP they))
          (VP (VBD felt)
            (SBAR
              (S
                (NP (DT the) (NN service))
                (VP (VBD was)
                  (ADJP (JJ unsatisfactory)))))))))))

root(ROOT-0, tended-4)
det(staff-3, The-1)
compound(staff-3, hotel-2)
nsubj(tended-4, staff-3)
case(family-8, to-5)
det(family-8, the-6)
compound(family-8, royal-7)
nmod:to(tended-4, family-8)
punct(tended-4, ,-9)
advmod(tended-4, however-10)
punct(tended-4, ,-11)
nsubj(felt-13, they-12)
ccomp(tended-4, felt-13)
det(service-15, the-14)
nsubj(unsatisfactory-17, service-15)
cop(unsatisfactory-17, was-16)
ccomp(felt-13, unsatisfactory-17)

