Sentence #1 (15 tokens):
Donald Trump fired his servant, Luigi, but he can find another job elsewhere
[Text=Donald CharacterOffsetBegin=0 CharacterOffsetEnd=6 PartOfSpeech=NNP Lemma=Donald NamedEntityTag=PERSON]
[Text=Trump CharacterOffsetBegin=7 CharacterOffsetEnd=12 PartOfSpeech=NNP Lemma=Trump NamedEntityTag=PERSON]
[Text=fired CharacterOffsetBegin=13 CharacterOffsetEnd=18 PartOfSpeech=VBD Lemma=fire NamedEntityTag=O]
[Text=his CharacterOffsetBegin=19 CharacterOffsetEnd=22 PartOfSpeech=PRP$ Lemma=he NamedEntityTag=O]
[Text=servant CharacterOffsetBegin=23 CharacterOffsetEnd=30 PartOfSpeech=NN Lemma=servant NamedEntityTag=O]
[Text=, CharacterOffsetBegin=30 CharacterOffsetEnd=31 PartOfSpeech=, Lemma=, NamedEntityTag=O]
[Text=Luigi CharacterOffsetBegin=32 CharacterOffsetEnd=37 PartOfSpeech=NNP Lemma=Luigi NamedEntityTag=PERSON]
[Text=, CharacterOffsetBegin=37 CharacterOffsetEnd=38 PartOfSpeech=, Lemma=, NamedEntityTag=O]
[Text=but CharacterOffsetBegin=39 CharacterOffsetEnd=42 PartOfSpeech=CC Lemma=but NamedEntityTag=O]
[Text=he CharacterOffsetBegin=43 CharacterOffsetEnd=45 PartOfSpeech=PRP Lemma=he NamedEntityTag=O]
[Text=can CharacterOffsetBegin=46 CharacterOffsetEnd=49 PartOfSpeech=MD Lemma=can NamedEntityTag=O]
[Text=find CharacterOffsetBegin=50 CharacterOffsetEnd=54 PartOfSpeech=VB Lemma=find NamedEntityTag=O]
[Text=another CharacterOffsetBegin=55 CharacterOffsetEnd=62 PartOfSpeech=DT Lemma=another NamedEntityTag=O]
[Text=job CharacterOffsetBegin=63 CharacterOffsetEnd=66 PartOfSpeech=NN Lemma=job NamedEntityTag=O]
[Text=elsewhere CharacterOffsetBegin=67 CharacterOffsetEnd=76 PartOfSpeech=RB Lemma=elsewhere NamedEntityTag=O]
(ROOT
  (FRAG
    (S
      (S
        (NP (NNP Donald) (NNP Trump))
        (VP (VBD fired)
          (NP
            (NP (PRP$ his) (NN servant))
            (, ,)
            (NP (NNP Luigi)))))
      (, ,)
      (CC but)
      (S
        (NP (PRP he))
        (VP (MD can)
          (VP (VB find)
            (NP (DT another) (NN job))
            (ADVP (RB elsewhere))))))))

root(ROOT-0, fired-3)
compound(Trump-2, Donald-1)
nsubj(fired-3, Trump-2)
nmod:poss(servant-5, his-4)
dobj(fired-3, servant-5)
punct(servant-5, ,-6)
appos(servant-5, Luigi-7)
punct(fired-3, ,-8)
cc(fired-3, but-9)
nsubj(find-12, he-10)
aux(find-12, can-11)
conj:but(fired-3, find-12)
det(job-14, another-13)
dobj(find-12, job-14)
advmod(find-12, elsewhere-15)

Coreference set:
	(1,4,[4,5]) -> (1,2,[1,3]), that is: "his" -> "Donald Trump"
	(1,10,[10,11]) -> (1,2,[1,3]), that is: "he" -> "Donald Trump"
Coreference set:
	(1,5,[4,6]) -> (1,7,[7,8]), that is: "his servant" -> "Luigi"
