Sentence #1 (22 tokens):
The teaching staff wanted to treat the students to a special lunch but they did not have enough money in the budget
[Text=The CharacterOffsetBegin=0 CharacterOffsetEnd=3 PartOfSpeech=DT Lemma=the NamedEntityTag=O]
[Text=teaching CharacterOffsetBegin=4 CharacterOffsetEnd=12 PartOfSpeech=NN Lemma=teaching NamedEntityTag=O]
[Text=staff CharacterOffsetBegin=13 CharacterOffsetEnd=18 PartOfSpeech=NN Lemma=staff NamedEntityTag=O]
[Text=wanted CharacterOffsetBegin=19 CharacterOffsetEnd=25 PartOfSpeech=VBD Lemma=want NamedEntityTag=O]
[Text=to CharacterOffsetBegin=26 CharacterOffsetEnd=28 PartOfSpeech=TO Lemma=to NamedEntityTag=O]
[Text=treat CharacterOffsetBegin=29 CharacterOffsetEnd=34 PartOfSpeech=VB Lemma=treat NamedEntityTag=O]
[Text=the CharacterOffsetBegin=35 CharacterOffsetEnd=38 PartOfSpeech=DT Lemma=the NamedEntityTag=O]
[Text=students CharacterOffsetBegin=39 CharacterOffsetEnd=47 PartOfSpeech=NNS Lemma=student NamedEntityTag=O]
[Text=to CharacterOffsetBegin=48 CharacterOffsetEnd=50 PartOfSpeech=TO Lemma=to NamedEntityTag=O]
[Text=a CharacterOffsetBegin=51 CharacterOffsetEnd=52 PartOfSpeech=DT Lemma=a NamedEntityTag=O]
[Text=special CharacterOffsetBegin=53 CharacterOffsetEnd=60 PartOfSpeech=JJ Lemma=special NamedEntityTag=O]
[Text=lunch CharacterOffsetBegin=61 CharacterOffsetEnd=66 PartOfSpeech=NN Lemma=lunch NamedEntityTag=O]
[Text=but CharacterOffsetBegin=67 CharacterOffsetEnd=70 PartOfSpeech=CC Lemma=but NamedEntityTag=O]
[Text=they CharacterOffsetBegin=71 CharacterOffsetEnd=75 PartOfSpeech=PRP Lemma=they NamedEntityTag=O]
[Text=did CharacterOffsetBegin=76 CharacterOffsetEnd=79 PartOfSpeech=VBD Lemma=do NamedEntityTag=O]
[Text=not CharacterOffsetBegin=80 CharacterOffsetEnd=83 PartOfSpeech=RB Lemma=not NamedEntityTag=O]
[Text=have CharacterOffsetBegin=84 CharacterOffsetEnd=88 PartOfSpeech=VB Lemma=have NamedEntityTag=O]
[Text=enough CharacterOffsetBegin=89 CharacterOffsetEnd=95 PartOfSpeech=JJ Lemma=enough NamedEntityTag=O]
[Text=money CharacterOffsetBegin=96 CharacterOffsetEnd=101 PartOfSpeech=NN Lemma=money NamedEntityTag=O]
[Text=in CharacterOffsetBegin=102 CharacterOffsetEnd=104 PartOfSpeech=IN Lemma=in NamedEntityTag=O]
[Text=the CharacterOffsetBegin=105 CharacterOffsetEnd=108 PartOfSpeech=DT Lemma=the NamedEntityTag=O]
[Text=budget CharacterOffsetBegin=109 CharacterOffsetEnd=115 PartOfSpeech=NN Lemma=budget NamedEntityTag=O]
(ROOT
  (S
    (NP (DT The) (NN teaching) (NN staff))
    (VP (VBD wanted)
      (S
        (VP (TO to)
          (VP (VB treat)
            (NP (DT the) (NNS students))
            (PP (TO to)
              (NP (DT a) (JJ special) (NN lunch)))
            (SBAR (CC but)
              (S
                (NP (PRP they))
                (VP (VBD did) (RB not)
                  (VP (VB have)
                    (NP
                      (NP (JJ enough) (NN money))
                      (PP (IN in)
                        (NP (DT the) (NN budget))))))))))))))

root(ROOT-0, wanted-4)
det(staff-3, The-1)
compound(staff-3, teaching-2)
nsubj(wanted-4, staff-3)
nsubj:xsubj(treat-6, staff-3)
mark(treat-6, to-5)
xcomp(wanted-4, treat-6)
det(students-8, the-7)
dobj(treat-6, students-8)
case(lunch-12, to-9)
det(lunch-12, a-10)
amod(lunch-12, special-11)
nmod:to(treat-6, lunch-12)
cc(have-17, but-13)
nsubj(have-17, they-14)
aux(have-17, did-15)
neg(have-17, not-16)
dep(treat-6, have-17)
amod(money-19, enough-18)
dobj(have-17, money-19)
case(budget-22, in-20)
det(budget-22, the-21)
nmod:in(money-19, budget-22)

Coreference set:
	(1,14,[14,15]) -> (1,8,[7,9]), that is: "they" -> "the students"
