Sentence #1 (23 tokens):
Some actors choose to perform their own stunts instead of using stunt doubles since they like to keep it as authentic as possible
[Text=Some CharacterOffsetBegin=0 CharacterOffsetEnd=4 PartOfSpeech=DT Lemma=some NamedEntityTag=O]
[Text=actors CharacterOffsetBegin=5 CharacterOffsetEnd=11 PartOfSpeech=NNS Lemma=actor NamedEntityTag=O]
[Text=choose CharacterOffsetBegin=12 CharacterOffsetEnd=18 PartOfSpeech=VB Lemma=choose NamedEntityTag=O]
[Text=to CharacterOffsetBegin=19 CharacterOffsetEnd=21 PartOfSpeech=TO Lemma=to NamedEntityTag=O]
[Text=perform CharacterOffsetBegin=22 CharacterOffsetEnd=29 PartOfSpeech=VB Lemma=perform NamedEntityTag=O]
[Text=their CharacterOffsetBegin=30 CharacterOffsetEnd=35 PartOfSpeech=PRP$ Lemma=they NamedEntityTag=O]
[Text=own CharacterOffsetBegin=36 CharacterOffsetEnd=39 PartOfSpeech=JJ Lemma=own NamedEntityTag=O]
[Text=stunts CharacterOffsetBegin=40 CharacterOffsetEnd=46 PartOfSpeech=NNS Lemma=stunt NamedEntityTag=O]
[Text=instead CharacterOffsetBegin=47 CharacterOffsetEnd=54 PartOfSpeech=RB Lemma=instead NamedEntityTag=O]
[Text=of CharacterOffsetBegin=55 CharacterOffsetEnd=57 PartOfSpeech=IN Lemma=of NamedEntityTag=O]
[Text=using CharacterOffsetBegin=58 CharacterOffsetEnd=63 PartOfSpeech=VBG Lemma=use NamedEntityTag=O]
[Text=stunt CharacterOffsetBegin=64 CharacterOffsetEnd=69 PartOfSpeech=NN Lemma=stunt NamedEntityTag=O]
[Text=doubles CharacterOffsetBegin=70 CharacterOffsetEnd=77 PartOfSpeech=VBZ Lemma=double NamedEntityTag=O]
[Text=since CharacterOffsetBegin=78 CharacterOffsetEnd=83 PartOfSpeech=IN Lemma=since NamedEntityTag=O]
[Text=they CharacterOffsetBegin=84 CharacterOffsetEnd=88 PartOfSpeech=PRP Lemma=they NamedEntityTag=O]
[Text=like CharacterOffsetBegin=89 CharacterOffsetEnd=93 PartOfSpeech=VBP Lemma=like NamedEntityTag=O]
[Text=to CharacterOffsetBegin=94 CharacterOffsetEnd=96 PartOfSpeech=TO Lemma=to NamedEntityTag=O]
[Text=keep CharacterOffsetBegin=97 CharacterOffsetEnd=101 PartOfSpeech=VB Lemma=keep NamedEntityTag=O]
[Text=it CharacterOffsetBegin=102 CharacterOffsetEnd=104 PartOfSpeech=PRP Lemma=it NamedEntityTag=O]
[Text=as CharacterOffsetBegin=105 CharacterOffsetEnd=107 PartOfSpeech=IN Lemma=as NamedEntityTag=O]
[Text=authentic CharacterOffsetBegin=108 CharacterOffsetEnd=117 PartOfSpeech=JJ Lemma=authentic NamedEntityTag=O]
[Text=as CharacterOffsetBegin=118 CharacterOffsetEnd=120 PartOfSpeech=IN Lemma=as NamedEntityTag=O]
[Text=possible CharacterOffsetBegin=121 CharacterOffsetEnd=129 PartOfSpeech=JJ Lemma=possible NamedEntityTag=O]
(ROOT
  (FRAG
    (NP (DT Some) (NNS actors))
    (VP (VB choose)
      (S
        (VP (TO to)
          (VP (VB perform)
            (NP (PRP$ their) (JJ own) (NNS stunts))
            (PP (RB instead) (IN of)
              (S
                (VP (VBG using)
                  (SBAR
                    (S
                      (NP (NN stunt))
                      (VP (VBZ doubles)
                        (SBAR (IN since)
                          (S
                            (NP (PRP they))
                            (VP (VBP like)
                              (S
                                (VP (TO to)
                                  (VP (VB keep)
                                    (NP (PRP it))
                                    (PP (IN as)
                                      (NP (JJ authentic)))
                                    (PP (IN as)
                                      (ADJP (JJ possible)))))))))))))))))))))

root(ROOT-0, actors-2)
det(actors-2, Some-1)
dep(actors-2, choose-3)
mark(perform-5, to-4)
xcomp(choose-3, perform-5)
nmod:poss(stunts-8, their-6)
amod(stunts-8, own-7)
dobj(perform-5, stunts-8)
mark(using-11, instead-9)
mwe(instead-9, of-10)
advcl:instead_of(perform-5, using-11)
nsubj(doubles-13, stunt-12)
ccomp(using-11, doubles-13)
mark(like-16, since-14)
nsubj(like-16, they-15)
nsubj:xsubj(keep-18, they-15)
advcl:since(doubles-13, like-16)
mark(keep-18, to-17)
xcomp(like-16, keep-18)
dobj(keep-18, it-19)
case(authentic-21, as-20)
nmod:as(keep-18, authentic-21)
case(possible-23, as-22)
advcl:as(keep-18, possible-23)

Coreference set:
	(1,15,[15,16]) -> (1,6,[6,7]), that is: "they" -> "their"
