Sentence #1 (21 tokens):
Some actors choose to perform their own stunts instead of using stunt doubles although they are professionals who specialize in stunts
[Text=Some CharacterOffsetBegin=0 CharacterOffsetEnd=4 PartOfSpeech=DT Lemma=some NamedEntityTag=O]
[Text=actors CharacterOffsetBegin=5 CharacterOffsetEnd=11 PartOfSpeech=NNS Lemma=actor NamedEntityTag=O]
[Text=choose CharacterOffsetBegin=12 CharacterOffsetEnd=18 PartOfSpeech=VB Lemma=choose NamedEntityTag=O]
[Text=to CharacterOffsetBegin=19 CharacterOffsetEnd=21 PartOfSpeech=TO Lemma=to NamedEntityTag=O]
[Text=perform CharacterOffsetBegin=22 CharacterOffsetEnd=29 PartOfSpeech=VB Lemma=perform NamedEntityTag=O]
[Text=their CharacterOffsetBegin=30 CharacterOffsetEnd=35 PartOfSpeech=PRP$ Lemma=they NamedEntityTag=O]
[Text=own CharacterOffsetBegin=36 CharacterOffsetEnd=39 PartOfSpeech=JJ Lemma=own NamedEntityTag=O]
[Text=stunts CharacterOffsetBegin=40 CharacterOffsetEnd=46 PartOfSpeech=NNS Lemma=stunt NamedEntityTag=O]
[Text=instead CharacterOffsetBegin=47 CharacterOffsetEnd=54 PartOfSpeech=RB Lemma=instead NamedEntityTag=O]
[Text=of CharacterOffsetBegin=55 CharacterOffsetEnd=57 PartOfSpeech=IN Lemma=of NamedEntityTag=O]
[Text=using CharacterOffsetBegin=58 CharacterOffsetEnd=63 PartOfSpeech=VBG Lemma=use NamedEntityTag=O]
[Text=stunt CharacterOffsetBegin=64 CharacterOffsetEnd=69 PartOfSpeech=NN Lemma=stunt NamedEntityTag=O]
[Text=doubles CharacterOffsetBegin=70 CharacterOffsetEnd=77 PartOfSpeech=VBZ Lemma=double NamedEntityTag=O]
[Text=although CharacterOffsetBegin=78 CharacterOffsetEnd=86 PartOfSpeech=IN Lemma=although NamedEntityTag=O]
[Text=they CharacterOffsetBegin=87 CharacterOffsetEnd=91 PartOfSpeech=PRP Lemma=they NamedEntityTag=O]
[Text=are CharacterOffsetBegin=92 CharacterOffsetEnd=95 PartOfSpeech=VBP Lemma=be NamedEntityTag=O]
[Text=professionals CharacterOffsetBegin=96 CharacterOffsetEnd=109 PartOfSpeech=NNS Lemma=professional NamedEntityTag=O]
[Text=who CharacterOffsetBegin=110 CharacterOffsetEnd=113 PartOfSpeech=WP Lemma=who NamedEntityTag=O]
[Text=specialize CharacterOffsetBegin=114 CharacterOffsetEnd=124 PartOfSpeech=VBP Lemma=specialize NamedEntityTag=O]
[Text=in CharacterOffsetBegin=125 CharacterOffsetEnd=127 PartOfSpeech=IN Lemma=in NamedEntityTag=O]
[Text=stunts CharacterOffsetBegin=128 CharacterOffsetEnd=134 PartOfSpeech=NNS Lemma=stunt NamedEntityTag=O]
(ROOT
  (FRAG
    (NP (DT Some) (NNS actors))
    (VP (VB choose)
      (S
        (VP (TO to)
          (VP (VB perform)
            (NP (PRP$ their) (JJ own) (NNS stunts))
            (PP (RB instead) (IN of)
              (S
                (VP (VBG using)
                  (SBAR
                    (S
                      (NP (NN stunt))
                      (VP (VBZ doubles)
                        (SBAR (IN although)
                          (S
                            (NP (PRP they))
                            (VP (VBP are)
                              (NP
                                (NP (NNS professionals))
                                (SBAR
                                  (WHNP (WP who))
                                  (S
                                    (VP (VBP specialize)
                                      (PP (IN in)
                                        (NP (NNS stunts))))))))))))))))))))))

root(ROOT-0, actors-2)
det(actors-2, Some-1)
dep(actors-2, choose-3)
mark(perform-5, to-4)
xcomp(choose-3, perform-5)
nmod:poss(stunts-8, their-6)
amod(stunts-8, own-7)
dobj(perform-5, stunts-8)
mark(using-11, instead-9)
mwe(instead-9, of-10)
advcl:instead_of(perform-5, using-11)
nsubj(doubles-13, stunt-12)
ccomp(using-11, doubles-13)
mark(professionals-17, although-14)
nsubj(professionals-17, they-15)
cop(professionals-17, are-16)
advcl:although(doubles-13, professionals-17)
nsubj(specialize-19, professionals-17)
ref(professionals-17, who-18)
acl:relcl(professionals-17, specialize-19)
case(stunts-21, in-20)
nmod:in(specialize-19, stunts-21)

Coreference set:
	(1,15,[15,16]) -> (1,2,[1,3]), that is: "they" -> "Some actors"
	(1,17,[17,22]) -> (1,2,[1,3]), that is: "professionals who specialize in stunts" -> "Some actors"
Coreference set:
	(1,21,[21,22]) -> (1,8,[6,9]), that is: "stunts" -> "their own stunts"
