Sentence #1 (20 tokens):
Tatoo artists specialize in creating works of arts on their customers, because they are paid professionals in their field
[Text=Tatoo CharacterOffsetBegin=0 CharacterOffsetEnd=5 PartOfSpeech=NN Lemma=tatoo NamedEntityTag=O]
[Text=artists CharacterOffsetBegin=6 CharacterOffsetEnd=13 PartOfSpeech=NNS Lemma=artist NamedEntityTag=O]
[Text=specialize CharacterOffsetBegin=14 CharacterOffsetEnd=24 PartOfSpeech=VBP Lemma=specialize NamedEntityTag=O]
[Text=in CharacterOffsetBegin=25 CharacterOffsetEnd=27 PartOfSpeech=IN Lemma=in NamedEntityTag=O]
[Text=creating CharacterOffsetBegin=28 CharacterOffsetEnd=36 PartOfSpeech=VBG Lemma=create NamedEntityTag=O]
[Text=works CharacterOffsetBegin=37 CharacterOffsetEnd=42 PartOfSpeech=NNS Lemma=work NamedEntityTag=O]
[Text=of CharacterOffsetBegin=43 CharacterOffsetEnd=45 PartOfSpeech=IN Lemma=of NamedEntityTag=O]
[Text=arts CharacterOffsetBegin=46 CharacterOffsetEnd=50 PartOfSpeech=NNS Lemma=art NamedEntityTag=O]
[Text=on CharacterOffsetBegin=51 CharacterOffsetEnd=53 PartOfSpeech=IN Lemma=on NamedEntityTag=O]
[Text=their CharacterOffsetBegin=54 CharacterOffsetEnd=59 PartOfSpeech=PRP$ Lemma=they NamedEntityTag=O]
[Text=customers CharacterOffsetBegin=60 CharacterOffsetEnd=69 PartOfSpeech=NNS Lemma=customer NamedEntityTag=O]
[Text=, CharacterOffsetBegin=69 CharacterOffsetEnd=70 PartOfSpeech=, Lemma=, NamedEntityTag=O]
[Text=because CharacterOffsetBegin=71 CharacterOffsetEnd=78 PartOfSpeech=IN Lemma=because NamedEntityTag=O]
[Text=they CharacterOffsetBegin=79 CharacterOffsetEnd=83 PartOfSpeech=PRP Lemma=they NamedEntityTag=O]
[Text=are CharacterOffsetBegin=84 CharacterOffsetEnd=87 PartOfSpeech=VBP Lemma=be NamedEntityTag=O]
[Text=paid CharacterOffsetBegin=88 CharacterOffsetEnd=92 PartOfSpeech=VBN Lemma=pay NamedEntityTag=O]
[Text=professionals CharacterOffsetBegin=93 CharacterOffsetEnd=106 PartOfSpeech=NNS Lemma=professional NamedEntityTag=O]
[Text=in CharacterOffsetBegin=107 CharacterOffsetEnd=109 PartOfSpeech=IN Lemma=in NamedEntityTag=O]
[Text=their CharacterOffsetBegin=110 CharacterOffsetEnd=115 PartOfSpeech=PRP$ Lemma=they NamedEntityTag=O]
[Text=field CharacterOffsetBegin=116 CharacterOffsetEnd=121 PartOfSpeech=NN Lemma=field NamedEntityTag=O]
(ROOT
  (S
    (NP (NN Tatoo) (NNS artists))
    (VP (VBP specialize)
      (PP (IN in)
        (S
          (VP (VBG creating)
            (NP
              (NP (NNS works))
              (PP (IN of)
                (NP
                  (NP (NNS arts))
                  (PP (IN on)
                    (NP (PRP$ their) (NNS customers)))))))))
      (, ,)
      (SBAR (IN because)
        (S
          (NP (PRP they))
          (VP (VBP are)
            (VP (VBN paid)
              (NP
                (NP (NNS professionals))
                (PP (IN in)
                  (NP (PRP$ their) (NN field)))))))))))

root(ROOT-0, specialize-3)
compound(artists-2, Tatoo-1)
nsubj(specialize-3, artists-2)
mark(creating-5, in-4)
advcl:in(specialize-3, creating-5)
dobj(creating-5, works-6)
case(arts-8, of-7)
nmod:of(works-6, arts-8)
case(customers-11, on-9)
nmod:poss(customers-11, their-10)
nmod:on(arts-8, customers-11)
punct(specialize-3, ,-12)
mark(paid-16, because-13)
nsubjpass(paid-16, they-14)
auxpass(paid-16, are-15)
advcl:because(specialize-3, paid-16)
dobj(paid-16, professionals-17)
case(field-20, in-18)
nmod:poss(field-20, their-19)
nmod:in(professionals-17, field-20)

Coreference set:
	(1,10,[10,11]) -> (1,2,[1,3]), that is: "their" -> "Tatoo artists"
	(1,14,[14,15]) -> (1,2,[1,3]), that is: "they" -> "Tatoo artists"
	(1,19,[19,20]) -> (1,2,[1,3]), that is: "their" -> "Tatoo artists"
