Sentence #1 (24 tokens):
Tatoo artists specialize in creating works of arts on their customers, hence they are willing to pay well for these pieces of work
[Text=Tatoo CharacterOffsetBegin=0 CharacterOffsetEnd=5 PartOfSpeech=NN Lemma=tatoo NamedEntityTag=O]
[Text=artists CharacterOffsetBegin=6 CharacterOffsetEnd=13 PartOfSpeech=NNS Lemma=artist NamedEntityTag=O]
[Text=specialize CharacterOffsetBegin=14 CharacterOffsetEnd=24 PartOfSpeech=VBP Lemma=specialize NamedEntityTag=O]
[Text=in CharacterOffsetBegin=25 CharacterOffsetEnd=27 PartOfSpeech=IN Lemma=in NamedEntityTag=O]
[Text=creating CharacterOffsetBegin=28 CharacterOffsetEnd=36 PartOfSpeech=VBG Lemma=create NamedEntityTag=O]
[Text=works CharacterOffsetBegin=37 CharacterOffsetEnd=42 PartOfSpeech=NNS Lemma=work NamedEntityTag=O]
[Text=of CharacterOffsetBegin=43 CharacterOffsetEnd=45 PartOfSpeech=IN Lemma=of NamedEntityTag=O]
[Text=arts CharacterOffsetBegin=46 CharacterOffsetEnd=50 PartOfSpeech=NNS Lemma=art NamedEntityTag=O]
[Text=on CharacterOffsetBegin=51 CharacterOffsetEnd=53 PartOfSpeech=IN Lemma=on NamedEntityTag=O]
[Text=their CharacterOffsetBegin=54 CharacterOffsetEnd=59 PartOfSpeech=PRP$ Lemma=they NamedEntityTag=O]
[Text=customers CharacterOffsetBegin=60 CharacterOffsetEnd=69 PartOfSpeech=NNS Lemma=customer NamedEntityTag=O]
[Text=, CharacterOffsetBegin=69 CharacterOffsetEnd=70 PartOfSpeech=, Lemma=, NamedEntityTag=O]
[Text=hence CharacterOffsetBegin=71 CharacterOffsetEnd=76 PartOfSpeech=RB Lemma=hence NamedEntityTag=O]
[Text=they CharacterOffsetBegin=77 CharacterOffsetEnd=81 PartOfSpeech=PRP Lemma=they NamedEntityTag=O]
[Text=are CharacterOffsetBegin=82 CharacterOffsetEnd=85 PartOfSpeech=VBP Lemma=be NamedEntityTag=O]
[Text=willing CharacterOffsetBegin=86 CharacterOffsetEnd=93 PartOfSpeech=JJ Lemma=willing NamedEntityTag=O]
[Text=to CharacterOffsetBegin=94 CharacterOffsetEnd=96 PartOfSpeech=TO Lemma=to NamedEntityTag=O]
[Text=pay CharacterOffsetBegin=97 CharacterOffsetEnd=100 PartOfSpeech=VB Lemma=pay NamedEntityTag=O]
[Text=well CharacterOffsetBegin=101 CharacterOffsetEnd=105 PartOfSpeech=RB Lemma=well NamedEntityTag=O]
[Text=for CharacterOffsetBegin=106 CharacterOffsetEnd=109 PartOfSpeech=IN Lemma=for NamedEntityTag=O]
[Text=these CharacterOffsetBegin=110 CharacterOffsetEnd=115 PartOfSpeech=DT Lemma=these NamedEntityTag=O]
[Text=pieces CharacterOffsetBegin=116 CharacterOffsetEnd=122 PartOfSpeech=NNS Lemma=piece NamedEntityTag=O]
[Text=of CharacterOffsetBegin=123 CharacterOffsetEnd=125 PartOfSpeech=IN Lemma=of NamedEntityTag=O]
[Text=work CharacterOffsetBegin=126 CharacterOffsetEnd=130 PartOfSpeech=NN Lemma=work NamedEntityTag=O]
(ROOT
  (S
    (NP (NN Tatoo) (NNS artists))
    (VP (VBP specialize)
      (SBAR
        (S
          (PP (IN in)
            (S
              (VP (VBG creating)
                (NP
                  (NP (NNS works))
                  (PP (IN of)
                    (NP (NNS arts))))
                (PP (IN on)
                  (NP (PRP$ their) (NNS customers)))
                (, ,)
                (ADVP (RB hence)))))
          (NP (PRP they))
          (VP (VBP are)
            (ADJP (JJ willing)
              (S
                (VP (TO to)
                  (VP (VB pay)
                    (ADVP (RB well))
                    (PP (IN for)
                      (NP
                        (NP (DT these) (NNS pieces))
                        (PP (IN of)
                          (NP (NN work)))))))))))))))

root(ROOT-0, specialize-3)
compound(artists-2, Tatoo-1)
nsubj(specialize-3, artists-2)
mark(creating-5, in-4)
advcl:in(willing-16, creating-5)
dobj(creating-5, works-6)
case(arts-8, of-7)
nmod:of(works-6, arts-8)
case(customers-11, on-9)
nmod:poss(customers-11, their-10)
nmod:on(creating-5, customers-11)
punct(creating-5, ,-12)
advmod(creating-5, hence-13)
nsubj(willing-16, they-14)
nsubj:xsubj(pay-18, they-14)
cop(willing-16, are-15)
ccomp(specialize-3, willing-16)
mark(pay-18, to-17)
xcomp(willing-16, pay-18)
advmod(pay-18, well-19)
case(pieces-22, for-20)
det(pieces-22, these-21)
nmod:for(pay-18, pieces-22)
case(work-24, of-23)
nmod:of(pieces-22, work-24)

Coreference set:
	(1,10,[10,11]) -> (1,2,[1,3]), that is: "their" -> "Tatoo artists"
Coreference set:
	(1,14,[14,15]) -> (1,11,[10,12]), that is: "they" -> "their customers"
