Sentence #1 (23 tokens):
The drug cartel enlists the help of the local population to work their fields since they need cheap labor to maximize their profits
[Text=The CharacterOffsetBegin=0 CharacterOffsetEnd=3 PartOfSpeech=DT Lemma=the NamedEntityTag=O]
[Text=drug CharacterOffsetBegin=4 CharacterOffsetEnd=8 PartOfSpeech=NN Lemma=drug NamedEntityTag=O]
[Text=cartel CharacterOffsetBegin=9 CharacterOffsetEnd=15 PartOfSpeech=NN Lemma=cartel NamedEntityTag=O]
[Text=enlists CharacterOffsetBegin=16 CharacterOffsetEnd=23 PartOfSpeech=VBZ Lemma=enlist NamedEntityTag=O]
[Text=the CharacterOffsetBegin=24 CharacterOffsetEnd=27 PartOfSpeech=DT Lemma=the NamedEntityTag=O]
[Text=help CharacterOffsetBegin=28 CharacterOffsetEnd=32 PartOfSpeech=NN Lemma=help NamedEntityTag=O]
[Text=of CharacterOffsetBegin=33 CharacterOffsetEnd=35 PartOfSpeech=IN Lemma=of NamedEntityTag=O]
[Text=the CharacterOffsetBegin=36 CharacterOffsetEnd=39 PartOfSpeech=DT Lemma=the NamedEntityTag=O]
[Text=local CharacterOffsetBegin=40 CharacterOffsetEnd=45 PartOfSpeech=JJ Lemma=local NamedEntityTag=O]
[Text=population CharacterOffsetBegin=46 CharacterOffsetEnd=56 PartOfSpeech=NN Lemma=population NamedEntityTag=O]
[Text=to CharacterOffsetBegin=57 CharacterOffsetEnd=59 PartOfSpeech=TO Lemma=to NamedEntityTag=O]
[Text=work CharacterOffsetBegin=60 CharacterOffsetEnd=64 PartOfSpeech=VB Lemma=work NamedEntityTag=O]
[Text=their CharacterOffsetBegin=65 CharacterOffsetEnd=70 PartOfSpeech=PRP$ Lemma=they NamedEntityTag=O]
[Text=fields CharacterOffsetBegin=71 CharacterOffsetEnd=77 PartOfSpeech=NNS Lemma=field NamedEntityTag=O]
[Text=since CharacterOffsetBegin=78 CharacterOffsetEnd=83 PartOfSpeech=IN Lemma=since NamedEntityTag=O]
[Text=they CharacterOffsetBegin=84 CharacterOffsetEnd=88 PartOfSpeech=PRP Lemma=they NamedEntityTag=O]
[Text=need CharacterOffsetBegin=89 CharacterOffsetEnd=93 PartOfSpeech=VBP Lemma=need NamedEntityTag=O]
[Text=cheap CharacterOffsetBegin=94 CharacterOffsetEnd=99 PartOfSpeech=JJ Lemma=cheap NamedEntityTag=O]
[Text=labor CharacterOffsetBegin=100 CharacterOffsetEnd=105 PartOfSpeech=NN Lemma=labor NamedEntityTag=O]
[Text=to CharacterOffsetBegin=106 CharacterOffsetEnd=108 PartOfSpeech=TO Lemma=to NamedEntityTag=O]
[Text=maximize CharacterOffsetBegin=109 CharacterOffsetEnd=117 PartOfSpeech=VB Lemma=maximize NamedEntityTag=O]
[Text=their CharacterOffsetBegin=118 CharacterOffsetEnd=123 PartOfSpeech=PRP$ Lemma=they NamedEntityTag=O]
[Text=profits CharacterOffsetBegin=124 CharacterOffsetEnd=131 PartOfSpeech=NNS Lemma=profit NamedEntityTag=O]
(ROOT
  (S
    (NP (DT The) (NN drug) (NN cartel))
    (VP (VBZ enlists)
      (S
        (NP
          (NP (DT the) (NN help))
          (PP (IN of)
            (NP (DT the) (JJ local) (NN population))))
        (VP (TO to)
          (VP (VB work)
            (NP (PRP$ their) (NNS fields))
            (SBAR (IN since)
              (S
                (NP (PRP they))
                (VP (VBP need)
                  (NP (JJ cheap) (NN labor))
                  (S
                    (VP (TO to)
                      (VP (VB maximize)
                        (NP (PRP$ their) (NNS profits))))))))))))))

root(ROOT-0, enlists-4)
det(cartel-3, The-1)
compound(cartel-3, drug-2)
nsubj(enlists-4, cartel-3)
det(help-6, the-5)
dobj(enlists-4, help-6)
nsubj:xsubj(work-12, help-6)
case(population-10, of-7)
det(population-10, the-8)
amod(population-10, local-9)
nmod:of(help-6, population-10)
mark(work-12, to-11)
xcomp(enlists-4, work-12)
nmod:poss(fields-14, their-13)
dobj(work-12, fields-14)
mark(need-17, since-15)
nsubj(need-17, they-16)
advcl:since(work-12, need-17)
amod(labor-19, cheap-18)
dobj(need-17, labor-19)
mark(maximize-21, to-20)
advcl:to(need-17, maximize-21)
nmod:poss(profits-23, their-22)
dobj(maximize-21, profits-23)

Coreference set:
	(1,16,[16,17]) -> (1,13,[13,14]), that is: "they" -> "their"
	(1,22,[22,23]) -> (1,13,[13,14]), that is: "their" -> "their"
