Sentence #1 (23 tokens):
The Samurais respected honor while pirates have a disregard for honor, because they hold true to the policy of fighting with honor
[Text=The CharacterOffsetBegin=0 CharacterOffsetEnd=3 PartOfSpeech=DT Lemma=the NamedEntityTag=O]
[Text=Samurais CharacterOffsetBegin=4 CharacterOffsetEnd=12 PartOfSpeech=NNP Lemma=Samurais NamedEntityTag=MISC]
[Text=respected CharacterOffsetBegin=13 CharacterOffsetEnd=22 PartOfSpeech=VBD Lemma=respect NamedEntityTag=O]
[Text=honor CharacterOffsetBegin=23 CharacterOffsetEnd=28 PartOfSpeech=NN Lemma=honor NamedEntityTag=O]
[Text=while CharacterOffsetBegin=29 CharacterOffsetEnd=34 PartOfSpeech=IN Lemma=while NamedEntityTag=O]
[Text=pirates CharacterOffsetBegin=35 CharacterOffsetEnd=42 PartOfSpeech=NNS Lemma=pirate NamedEntityTag=O]
[Text=have CharacterOffsetBegin=43 CharacterOffsetEnd=47 PartOfSpeech=VBP Lemma=have NamedEntityTag=O]
[Text=a CharacterOffsetBegin=48 CharacterOffsetEnd=49 PartOfSpeech=DT Lemma=a NamedEntityTag=O]
[Text=disregard CharacterOffsetBegin=50 CharacterOffsetEnd=59 PartOfSpeech=NN Lemma=disregard NamedEntityTag=O]
[Text=for CharacterOffsetBegin=60 CharacterOffsetEnd=63 PartOfSpeech=IN Lemma=for NamedEntityTag=O]
[Text=honor CharacterOffsetBegin=64 CharacterOffsetEnd=69 PartOfSpeech=NN Lemma=honor NamedEntityTag=O]
[Text=, CharacterOffsetBegin=69 CharacterOffsetEnd=70 PartOfSpeech=, Lemma=, NamedEntityTag=O]
[Text=because CharacterOffsetBegin=71 CharacterOffsetEnd=78 PartOfSpeech=IN Lemma=because NamedEntityTag=O]
[Text=they CharacterOffsetBegin=79 CharacterOffsetEnd=83 PartOfSpeech=PRP Lemma=they NamedEntityTag=O]
[Text=hold CharacterOffsetBegin=84 CharacterOffsetEnd=88 PartOfSpeech=VBP Lemma=hold NamedEntityTag=O]
[Text=true CharacterOffsetBegin=89 CharacterOffsetEnd=93 PartOfSpeech=JJ Lemma=true NamedEntityTag=O]
[Text=to CharacterOffsetBegin=94 CharacterOffsetEnd=96 PartOfSpeech=TO Lemma=to NamedEntityTag=O]
[Text=the CharacterOffsetBegin=97 CharacterOffsetEnd=100 PartOfSpeech=DT Lemma=the NamedEntityTag=O]
[Text=policy CharacterOffsetBegin=101 CharacterOffsetEnd=107 PartOfSpeech=NN Lemma=policy NamedEntityTag=O]
[Text=of CharacterOffsetBegin=108 CharacterOffsetEnd=110 PartOfSpeech=IN Lemma=of NamedEntityTag=O]
[Text=fighting CharacterOffsetBegin=111 CharacterOffsetEnd=119 PartOfSpeech=VBG Lemma=fight NamedEntityTag=O]
[Text=with CharacterOffsetBegin=120 CharacterOffsetEnd=124 PartOfSpeech=IN Lemma=with NamedEntityTag=O]
[Text=honor CharacterOffsetBegin=125 CharacterOffsetEnd=130 PartOfSpeech=NN Lemma=honor NamedEntityTag=O]
(ROOT
  (S
    (NP (DT The) (NNP Samurais))
    (VP (VBD respected)
      (NP (NN honor))
      (SBAR (IN while)
        (S
          (NP (NNS pirates))
          (VP (VBP have)
            (NP
              (NP (DT a) (NN disregard))
              (PP (IN for)
                (NP (NN honor))))
            (, ,)
            (SBAR (IN because)
              (S
                (NP (PRP they))
                (VP (VBP hold)
                  (ADJP (JJ true)
                    (PP (TO to)
                      (NP
                        (NP (DT the) (NN policy))
                        (PP (IN of)
                          (S
                            (VP (VBG fighting)
                              (PP (IN with)
                                (NP (NN honor))))))))))))))))))

root(ROOT-0, respected-3)
det(Samurais-2, The-1)
nsubj(respected-3, Samurais-2)
dobj(respected-3, honor-4)
mark(have-7, while-5)
nsubj(have-7, pirates-6)
advcl:while(respected-3, have-7)
det(disregard-9, a-8)
dobj(have-7, disregard-9)
case(honor-11, for-10)
nmod:for(disregard-9, honor-11)
punct(have-7, ,-12)
mark(hold-15, because-13)
nsubj(hold-15, they-14)
advcl:because(have-7, hold-15)
xcomp(hold-15, true-16)
case(policy-19, to-17)
det(policy-19, the-18)
nmod:to(true-16, policy-19)
mark(fighting-21, of-20)
acl:of(policy-19, fighting-21)
case(honor-23, with-22)
nmod:with(fighting-21, honor-23)

Coreference set:
	(1,14,[14,15]) -> (1,6,[6,7]), that is: "they" -> "pirates"
