Sentence #1 (21 tokens):
The Samurais respected honor while pirates have a disregard for honor, since they are only interested in increasing their wealth
[Text=The CharacterOffsetBegin=0 CharacterOffsetEnd=3 PartOfSpeech=DT Lemma=the NamedEntityTag=O]
[Text=Samurais CharacterOffsetBegin=4 CharacterOffsetEnd=12 PartOfSpeech=NNP Lemma=Samurais NamedEntityTag=MISC]
[Text=respected CharacterOffsetBegin=13 CharacterOffsetEnd=22 PartOfSpeech=VBD Lemma=respect NamedEntityTag=O]
[Text=honor CharacterOffsetBegin=23 CharacterOffsetEnd=28 PartOfSpeech=NN Lemma=honor NamedEntityTag=O]
[Text=while CharacterOffsetBegin=29 CharacterOffsetEnd=34 PartOfSpeech=IN Lemma=while NamedEntityTag=O]
[Text=pirates CharacterOffsetBegin=35 CharacterOffsetEnd=42 PartOfSpeech=NNS Lemma=pirate NamedEntityTag=O]
[Text=have CharacterOffsetBegin=43 CharacterOffsetEnd=47 PartOfSpeech=VBP Lemma=have NamedEntityTag=O]
[Text=a CharacterOffsetBegin=48 CharacterOffsetEnd=49 PartOfSpeech=DT Lemma=a NamedEntityTag=O]
[Text=disregard CharacterOffsetBegin=50 CharacterOffsetEnd=59 PartOfSpeech=NN Lemma=disregard NamedEntityTag=O]
[Text=for CharacterOffsetBegin=60 CharacterOffsetEnd=63 PartOfSpeech=IN Lemma=for NamedEntityTag=O]
[Text=honor CharacterOffsetBegin=64 CharacterOffsetEnd=69 PartOfSpeech=NN Lemma=honor NamedEntityTag=O]
[Text=, CharacterOffsetBegin=69 CharacterOffsetEnd=70 PartOfSpeech=, Lemma=, NamedEntityTag=O]
[Text=since CharacterOffsetBegin=71 CharacterOffsetEnd=76 PartOfSpeech=IN Lemma=since NamedEntityTag=O]
[Text=they CharacterOffsetBegin=77 CharacterOffsetEnd=81 PartOfSpeech=PRP Lemma=they NamedEntityTag=O]
[Text=are CharacterOffsetBegin=82 CharacterOffsetEnd=85 PartOfSpeech=VBP Lemma=be NamedEntityTag=O]
[Text=only CharacterOffsetBegin=86 CharacterOffsetEnd=90 PartOfSpeech=RB Lemma=only NamedEntityTag=O]
[Text=interested CharacterOffsetBegin=91 CharacterOffsetEnd=101 PartOfSpeech=JJ Lemma=interested NamedEntityTag=O]
[Text=in CharacterOffsetBegin=102 CharacterOffsetEnd=104 PartOfSpeech=IN Lemma=in NamedEntityTag=O]
[Text=increasing CharacterOffsetBegin=105 CharacterOffsetEnd=115 PartOfSpeech=VBG Lemma=increase NamedEntityTag=O]
[Text=their CharacterOffsetBegin=116 CharacterOffsetEnd=121 PartOfSpeech=PRP$ Lemma=they NamedEntityTag=O]
[Text=wealth CharacterOffsetBegin=122 CharacterOffsetEnd=128 PartOfSpeech=NN Lemma=wealth NamedEntityTag=O]
(ROOT
  (S
    (NP (DT The) (NNP Samurais))
    (VP (VBD respected)
      (NP (NN honor))
      (SBAR (IN while)
        (S
          (NP (NNS pirates))
          (VP (VBP have)
            (NP
              (NP (DT a) (NN disregard))
              (PP (IN for)
                (NP (NN honor))))
            (, ,)
            (SBAR (IN since)
              (S
                (NP (PRP they))
                (VP (VBP are)
                  (ADJP (RB only) (JJ interested)
                    (PP (IN in)
                      (S
                        (VP (VBG increasing)
                          (NP (PRP$ their) (NN wealth)))))))))))))))

root(ROOT-0, respected-3)
det(Samurais-2, The-1)
nsubj(respected-3, Samurais-2)
dobj(respected-3, honor-4)
mark(have-7, while-5)
nsubj(have-7, pirates-6)
advcl:while(respected-3, have-7)
det(disregard-9, a-8)
dobj(have-7, disregard-9)
case(honor-11, for-10)
nmod:for(disregard-9, honor-11)
punct(have-7, ,-12)
mark(interested-17, since-13)
nsubj(interested-17, they-14)
cop(interested-17, are-15)
advmod(interested-17, only-16)
advcl:since(have-7, interested-17)
mark(increasing-19, in-18)
advcl:in(interested-17, increasing-19)
nmod:poss(wealth-21, their-20)
dobj(increasing-19, wealth-21)

Coreference set:
	(1,14,[14,15]) -> (1,6,[6,7]), that is: "they" -> "pirates"
	(1,20,[20,21]) -> (1,6,[6,7]), that is: "their" -> "pirates"
