Sentence #1 (26 tokens):
JP Morgan Bank developed a mobile banking application which gives an edge over competitor Bank of America since they appeal well consumers who want accessible banking
[Text=JP CharacterOffsetBegin=0 CharacterOffsetEnd=2 PartOfSpeech=NNP Lemma=JP NamedEntityTag=ORGANIZATION]
[Text=Morgan CharacterOffsetBegin=3 CharacterOffsetEnd=9 PartOfSpeech=NNP Lemma=Morgan NamedEntityTag=ORGANIZATION]
[Text=Bank CharacterOffsetBegin=10 CharacterOffsetEnd=14 PartOfSpeech=NNP Lemma=Bank NamedEntityTag=ORGANIZATION]
[Text=developed CharacterOffsetBegin=15 CharacterOffsetEnd=24 PartOfSpeech=VBD Lemma=develop NamedEntityTag=O]
[Text=a CharacterOffsetBegin=25 CharacterOffsetEnd=26 PartOfSpeech=DT Lemma=a NamedEntityTag=O]
[Text=mobile CharacterOffsetBegin=27 CharacterOffsetEnd=33 PartOfSpeech=JJ Lemma=mobile NamedEntityTag=O]
[Text=banking CharacterOffsetBegin=34 CharacterOffsetEnd=41 PartOfSpeech=NN Lemma=banking NamedEntityTag=O]
[Text=application CharacterOffsetBegin=42 CharacterOffsetEnd=53 PartOfSpeech=NN Lemma=application NamedEntityTag=O]
[Text=which CharacterOffsetBegin=54 CharacterOffsetEnd=59 PartOfSpeech=WDT Lemma=which NamedEntityTag=O]
[Text=gives CharacterOffsetBegin=60 CharacterOffsetEnd=65 PartOfSpeech=VBZ Lemma=give NamedEntityTag=O]
[Text=an CharacterOffsetBegin=66 CharacterOffsetEnd=68 PartOfSpeech=DT Lemma=a NamedEntityTag=O]
[Text=edge CharacterOffsetBegin=69 CharacterOffsetEnd=73 PartOfSpeech=NN Lemma=edge NamedEntityTag=O]
[Text=over CharacterOffsetBegin=74 CharacterOffsetEnd=78 PartOfSpeech=IN Lemma=over NamedEntityTag=O]
[Text=competitor CharacterOffsetBegin=79 CharacterOffsetEnd=89 PartOfSpeech=NN Lemma=competitor NamedEntityTag=O]
[Text=Bank CharacterOffsetBegin=90 CharacterOffsetEnd=94 PartOfSpeech=NNP Lemma=Bank NamedEntityTag=ORGANIZATION]
[Text=of CharacterOffsetBegin=95 CharacterOffsetEnd=97 PartOfSpeech=IN Lemma=of NamedEntityTag=ORGANIZATION]
[Text=America CharacterOffsetBegin=98 CharacterOffsetEnd=105 PartOfSpeech=NNP Lemma=America NamedEntityTag=ORGANIZATION]
[Text=since CharacterOffsetBegin=106 CharacterOffsetEnd=111 PartOfSpeech=IN Lemma=since NamedEntityTag=O]
[Text=they CharacterOffsetBegin=112 CharacterOffsetEnd=116 PartOfSpeech=PRP Lemma=they NamedEntityTag=O]
[Text=appeal CharacterOffsetBegin=117 CharacterOffsetEnd=123 PartOfSpeech=VBP Lemma=appeal NamedEntityTag=O]
[Text=well CharacterOffsetBegin=124 CharacterOffsetEnd=128 PartOfSpeech=RB Lemma=well NamedEntityTag=O]
[Text=consumers CharacterOffsetBegin=129 CharacterOffsetEnd=138 PartOfSpeech=NNS Lemma=consumer NamedEntityTag=O]
[Text=who CharacterOffsetBegin=139 CharacterOffsetEnd=142 PartOfSpeech=WP Lemma=who NamedEntityTag=O]
[Text=want CharacterOffsetBegin=143 CharacterOffsetEnd=147 PartOfSpeech=VBP Lemma=want NamedEntityTag=O]
[Text=accessible CharacterOffsetBegin=148 CharacterOffsetEnd=158 PartOfSpeech=JJ Lemma=accessible NamedEntityTag=O]
[Text=banking CharacterOffsetBegin=159 CharacterOffsetEnd=166 PartOfSpeech=NN Lemma=banking NamedEntityTag=O]
(ROOT
  (S
    (NP (NNP JP) (NNP Morgan) (NNP Bank))
    (VP (VBD developed)
      (NP
        (NP (DT a) (JJ mobile) (NN banking) (NN application))
        (SBAR
          (WHNP (WDT which))
          (S
            (VP (VBZ gives)
              (NP
                (NP (DT an) (NN edge))
                (PP (IN over)
                  (NP (NN competitor))))
              (NP
                (NP (NNP Bank))
                (PP (IN of)
                  (NP (NNP America)))
                (SBAR (IN since)
                  (S
                    (NP (PRP they))
                    (VP (VBP appeal)
                      (ADVP (RB well))
                      (NP
                        (NP (NNS consumers))
                        (SBAR
                          (WHNP (WP who))
                          (S
                            (VP (VBP want)
                              (NP
                                (ADJP (JJ accessible))
                                (NN banking)))))))))))))))))

root(ROOT-0, developed-4)
compound(Bank-3, JP-1)
compound(Bank-3, Morgan-2)
nsubj(developed-4, Bank-3)
det(application-8, a-5)
amod(application-8, mobile-6)
compound(application-8, banking-7)
dobj(developed-4, application-8)
nsubj(gives-10, application-8)
ref(application-8, which-9)
acl:relcl(application-8, gives-10)
det(edge-12, an-11)
iobj(gives-10, edge-12)
case(competitor-14, over-13)
nmod:over(edge-12, competitor-14)
dobj(gives-10, Bank-15)
case(America-17, of-16)
nmod:of(Bank-15, America-17)
mark(appeal-20, since-18)
nsubj(appeal-20, they-19)
acl:since(Bank-15, appeal-20)
advmod(appeal-20, well-21)
dobj(appeal-20, consumers-22)
nsubj(want-24, consumers-22)
ref(consumers-22, who-23)
acl:relcl(consumers-22, want-24)
amod(banking-26, accessible-25)
dobj(want-24, banking-26)

