Sentence #1 (30 tokens):
JP Morgan Bank developed a mobile banking application which gives an edge over competitor Bank of America, but they will probably develop their own mobile application soon as well
[Text=JP CharacterOffsetBegin=0 CharacterOffsetEnd=2 PartOfSpeech=NNP Lemma=JP NamedEntityTag=ORGANIZATION]
[Text=Morgan CharacterOffsetBegin=3 CharacterOffsetEnd=9 PartOfSpeech=NNP Lemma=Morgan NamedEntityTag=ORGANIZATION]
[Text=Bank CharacterOffsetBegin=10 CharacterOffsetEnd=14 PartOfSpeech=NNP Lemma=Bank NamedEntityTag=ORGANIZATION]
[Text=developed CharacterOffsetBegin=15 CharacterOffsetEnd=24 PartOfSpeech=VBD Lemma=develop NamedEntityTag=O]
[Text=a CharacterOffsetBegin=25 CharacterOffsetEnd=26 PartOfSpeech=DT Lemma=a NamedEntityTag=O]
[Text=mobile CharacterOffsetBegin=27 CharacterOffsetEnd=33 PartOfSpeech=JJ Lemma=mobile NamedEntityTag=O]
[Text=banking CharacterOffsetBegin=34 CharacterOffsetEnd=41 PartOfSpeech=NN Lemma=banking NamedEntityTag=O]
[Text=application CharacterOffsetBegin=42 CharacterOffsetEnd=53 PartOfSpeech=NN Lemma=application NamedEntityTag=O]
[Text=which CharacterOffsetBegin=54 CharacterOffsetEnd=59 PartOfSpeech=WDT Lemma=which NamedEntityTag=O]
[Text=gives CharacterOffsetBegin=60 CharacterOffsetEnd=65 PartOfSpeech=VBZ Lemma=give NamedEntityTag=O]
[Text=an CharacterOffsetBegin=66 CharacterOffsetEnd=68 PartOfSpeech=DT Lemma=a NamedEntityTag=O]
[Text=edge CharacterOffsetBegin=69 CharacterOffsetEnd=73 PartOfSpeech=NN Lemma=edge NamedEntityTag=O]
[Text=over CharacterOffsetBegin=74 CharacterOffsetEnd=78 PartOfSpeech=IN Lemma=over NamedEntityTag=O]
[Text=competitor CharacterOffsetBegin=79 CharacterOffsetEnd=89 PartOfSpeech=NN Lemma=competitor NamedEntityTag=O]
[Text=Bank CharacterOffsetBegin=90 CharacterOffsetEnd=94 PartOfSpeech=NNP Lemma=Bank NamedEntityTag=ORGANIZATION]
[Text=of CharacterOffsetBegin=95 CharacterOffsetEnd=97 PartOfSpeech=IN Lemma=of NamedEntityTag=ORGANIZATION]
[Text=America CharacterOffsetBegin=98 CharacterOffsetEnd=105 PartOfSpeech=NNP Lemma=America NamedEntityTag=ORGANIZATION]
[Text=, CharacterOffsetBegin=105 CharacterOffsetEnd=106 PartOfSpeech=, Lemma=, NamedEntityTag=O]
[Text=but CharacterOffsetBegin=107 CharacterOffsetEnd=110 PartOfSpeech=CC Lemma=but NamedEntityTag=O]
[Text=they CharacterOffsetBegin=111 CharacterOffsetEnd=115 PartOfSpeech=PRP Lemma=they NamedEntityTag=O]
[Text=will CharacterOffsetBegin=116 CharacterOffsetEnd=120 PartOfSpeech=MD Lemma=will NamedEntityTag=O]
[Text=probably CharacterOffsetBegin=121 CharacterOffsetEnd=129 PartOfSpeech=RB Lemma=probably NamedEntityTag=O]
[Text=develop CharacterOffsetBegin=130 CharacterOffsetEnd=137 PartOfSpeech=VB Lemma=develop NamedEntityTag=O]
[Text=their CharacterOffsetBegin=138 CharacterOffsetEnd=143 PartOfSpeech=PRP$ Lemma=they NamedEntityTag=O]
[Text=own CharacterOffsetBegin=144 CharacterOffsetEnd=147 PartOfSpeech=JJ Lemma=own NamedEntityTag=O]
[Text=mobile CharacterOffsetBegin=148 CharacterOffsetEnd=154 PartOfSpeech=JJ Lemma=mobile NamedEntityTag=O]
[Text=application CharacterOffsetBegin=155 CharacterOffsetEnd=166 PartOfSpeech=NN Lemma=application NamedEntityTag=O]
[Text=soon CharacterOffsetBegin=167 CharacterOffsetEnd=171 PartOfSpeech=RB Lemma=soon NamedEntityTag=O]
[Text=as CharacterOffsetBegin=172 CharacterOffsetEnd=174 PartOfSpeech=RB Lemma=as NamedEntityTag=O]
[Text=well CharacterOffsetBegin=175 CharacterOffsetEnd=179 PartOfSpeech=RB Lemma=well NamedEntityTag=O]
(ROOT
  (S
    (NP (NNP JP) (NNP Morgan) (NNP Bank))
    (VP (VBD developed)
      (NP
        (NP (DT a) (JJ mobile) (NN banking) (NN application))
        (SBAR
          (WHNP (WDT which))
          (S
            (VP (VBZ gives)
              (NP (DT an) (NN edge))
              (PP (IN over)
                (NP
                  (NP (NN competitor) (NNP Bank))
                  (PP (IN of)
                    (NP (NNP America)))))
              (, ,)
              (SBAR (CC but)
                (S
                  (NP (PRP they))
                  (VP (MD will)
                    (ADVP (RB probably))
                    (VP (VB develop)
                      (NP (PRP$ their) (JJ own) (JJ mobile) (NN application))
                      (ADVP (RB soon) (RB as) (RB well)))))))))))))

root(ROOT-0, developed-4)
compound(Bank-3, JP-1)
compound(Bank-3, Morgan-2)
nsubj(developed-4, Bank-3)
det(application-8, a-5)
amod(application-8, mobile-6)
compound(application-8, banking-7)
dobj(developed-4, application-8)
nsubj(gives-10, application-8)
ref(application-8, which-9)
acl:relcl(application-8, gives-10)
det(edge-12, an-11)
dobj(gives-10, edge-12)
case(Bank-15, over-13)
compound(Bank-15, competitor-14)
nmod:over(gives-10, Bank-15)
case(America-17, of-16)
nmod:of(Bank-15, America-17)
punct(gives-10, ,-18)
cc(develop-23, but-19)
nsubj(develop-23, they-20)
aux(develop-23, will-21)
advmod(develop-23, probably-22)
dep(gives-10, develop-23)
nmod:poss(application-27, their-24)
amod(application-27, own-25)
amod(application-27, mobile-26)
dobj(develop-23, application-27)
advmod(well-30, soon-28)
advmod(well-30, as-29)
advmod(develop-23, well-30)

Coreference set:
	(1,24,[24,25]) -> (1,20,[20,21]), that is: "their" -> "they"
