Sentence #1 (29 tokens):
Speed boats need to pass strict tests for use while row boats have no guidelines, since they are more prone to mechanical failures due to their moving parts
[Text=Speed CharacterOffsetBegin=0 CharacterOffsetEnd=5 PartOfSpeech=NN Lemma=speed NamedEntityTag=O]
[Text=boats CharacterOffsetBegin=6 CharacterOffsetEnd=11 PartOfSpeech=NNS Lemma=boat NamedEntityTag=O]
[Text=need CharacterOffsetBegin=12 CharacterOffsetEnd=16 PartOfSpeech=VBP Lemma=need NamedEntityTag=O]
[Text=to CharacterOffsetBegin=17 CharacterOffsetEnd=19 PartOfSpeech=TO Lemma=to NamedEntityTag=O]
[Text=pass CharacterOffsetBegin=20 CharacterOffsetEnd=24 PartOfSpeech=VB Lemma=pass NamedEntityTag=O]
[Text=strict CharacterOffsetBegin=25 CharacterOffsetEnd=31 PartOfSpeech=JJ Lemma=strict NamedEntityTag=O]
[Text=tests CharacterOffsetBegin=32 CharacterOffsetEnd=37 PartOfSpeech=NNS Lemma=test NamedEntityTag=O]
[Text=for CharacterOffsetBegin=38 CharacterOffsetEnd=41 PartOfSpeech=IN Lemma=for NamedEntityTag=O]
[Text=use CharacterOffsetBegin=42 CharacterOffsetEnd=45 PartOfSpeech=NN Lemma=use NamedEntityTag=O]
[Text=while CharacterOffsetBegin=46 CharacterOffsetEnd=51 PartOfSpeech=IN Lemma=while NamedEntityTag=O]
[Text=row CharacterOffsetBegin=52 CharacterOffsetEnd=55 PartOfSpeech=NN Lemma=row NamedEntityTag=O]
[Text=boats CharacterOffsetBegin=56 CharacterOffsetEnd=61 PartOfSpeech=NNS Lemma=boat NamedEntityTag=O]
[Text=have CharacterOffsetBegin=62 CharacterOffsetEnd=66 PartOfSpeech=VBP Lemma=have NamedEntityTag=O]
[Text=no CharacterOffsetBegin=67 CharacterOffsetEnd=69 PartOfSpeech=DT Lemma=no NamedEntityTag=O]
[Text=guidelines CharacterOffsetBegin=70 CharacterOffsetEnd=80 PartOfSpeech=NNS Lemma=guideline NamedEntityTag=O]
[Text=, CharacterOffsetBegin=80 CharacterOffsetEnd=81 PartOfSpeech=, Lemma=, NamedEntityTag=O]
[Text=since CharacterOffsetBegin=82 CharacterOffsetEnd=87 PartOfSpeech=IN Lemma=since NamedEntityTag=O]
[Text=they CharacterOffsetBegin=88 CharacterOffsetEnd=92 PartOfSpeech=PRP Lemma=they NamedEntityTag=O]
[Text=are CharacterOffsetBegin=93 CharacterOffsetEnd=96 PartOfSpeech=VBP Lemma=be NamedEntityTag=O]
[Text=more CharacterOffsetBegin=97 CharacterOffsetEnd=101 PartOfSpeech=RBR Lemma=more NamedEntityTag=O]
[Text=prone CharacterOffsetBegin=102 CharacterOffsetEnd=107 PartOfSpeech=JJ Lemma=prone NamedEntityTag=O]
[Text=to CharacterOffsetBegin=108 CharacterOffsetEnd=110 PartOfSpeech=TO Lemma=to NamedEntityTag=O]
[Text=mechanical CharacterOffsetBegin=111 CharacterOffsetEnd=121 PartOfSpeech=JJ Lemma=mechanical NamedEntityTag=O]
[Text=failures CharacterOffsetBegin=122 CharacterOffsetEnd=130 PartOfSpeech=NNS Lemma=failure NamedEntityTag=O]
[Text=due CharacterOffsetBegin=131 CharacterOffsetEnd=134 PartOfSpeech=JJ Lemma=due NamedEntityTag=O]
[Text=to CharacterOffsetBegin=135 CharacterOffsetEnd=137 PartOfSpeech=TO Lemma=to NamedEntityTag=O]
[Text=their CharacterOffsetBegin=138 CharacterOffsetEnd=143 PartOfSpeech=PRP$ Lemma=they NamedEntityTag=O]
[Text=moving CharacterOffsetBegin=144 CharacterOffsetEnd=150 PartOfSpeech=VBG Lemma=move NamedEntityTag=O]
[Text=parts CharacterOffsetBegin=151 CharacterOffsetEnd=156 PartOfSpeech=NNS Lemma=part NamedEntityTag=O]
(ROOT
  (S
    (NP (NN Speed) (NNS boats))
    (VP (VBP need)
      (S
        (VP (TO to)
          (VP (VB pass)
            (NP (JJ strict) (NNS tests))
            (PP (IN for)
              (NP (NN use)))
            (SBAR (IN while)
              (S
                (NP (NN row) (NNS boats))
                (VP (VBP have)
                  (NP (DT no) (NNS guidelines))
                  (, ,)
                  (SBAR (IN since)
                    (S
                      (NP (PRP they))
                      (VP (VBP are)
                        (ADJP (RBR more) (JJ prone)
                          (PP (TO to)
                            (NP
                              (NP (JJ mechanical) (NNS failures))
                              (ADJP (JJ due)
                                (PP (TO to)
                                  (NP (PRP$ their) (VBG moving) (NNS parts)))))))))))))))))))

root(ROOT-0, need-3)
compound(boats-2, Speed-1)
nsubj(need-3, boats-2)
nsubj:xsubj(pass-5, boats-2)
mark(pass-5, to-4)
xcomp(need-3, pass-5)
amod(tests-7, strict-6)
dobj(pass-5, tests-7)
case(use-9, for-8)
nmod:for(pass-5, use-9)
mark(have-13, while-10)
compound(boats-12, row-11)
nsubj(have-13, boats-12)
advcl:while(pass-5, have-13)
neg(guidelines-15, no-14)
dobj(have-13, guidelines-15)
punct(have-13, ,-16)
mark(prone-21, since-17)
nsubj(prone-21, they-18)
cop(prone-21, are-19)
advmod(prone-21, more-20)
advcl:since(have-13, prone-21)
case(failures-24, to-22)
amod(failures-24, mechanical-23)
nmod:to(prone-21, failures-24)
amod(failures-24, due-25)
case(parts-29, to-26)
nmod:poss(parts-29, their-27)
amod(parts-29, moving-28)
nmod:to(due-25, parts-29)

Coreference set:
	(1,27,[27,28]) -> (1,18,[18,19]), that is: "their" -> "they"
