Sentence #1 (25 tokens):
Speed boats need to pass strict tests for use while row boats have no guidelines because they are powered by paddles instead of mechanical engines
[Text=Speed CharacterOffsetBegin=0 CharacterOffsetEnd=5 PartOfSpeech=NN Lemma=speed NamedEntityTag=O]
[Text=boats CharacterOffsetBegin=6 CharacterOffsetEnd=11 PartOfSpeech=NNS Lemma=boat NamedEntityTag=O]
[Text=need CharacterOffsetBegin=12 CharacterOffsetEnd=16 PartOfSpeech=VBP Lemma=need NamedEntityTag=O]
[Text=to CharacterOffsetBegin=17 CharacterOffsetEnd=19 PartOfSpeech=TO Lemma=to NamedEntityTag=O]
[Text=pass CharacterOffsetBegin=20 CharacterOffsetEnd=24 PartOfSpeech=VB Lemma=pass NamedEntityTag=O]
[Text=strict CharacterOffsetBegin=25 CharacterOffsetEnd=31 PartOfSpeech=JJ Lemma=strict NamedEntityTag=O]
[Text=tests CharacterOffsetBegin=32 CharacterOffsetEnd=37 PartOfSpeech=NNS Lemma=test NamedEntityTag=O]
[Text=for CharacterOffsetBegin=38 CharacterOffsetEnd=41 PartOfSpeech=IN Lemma=for NamedEntityTag=O]
[Text=use CharacterOffsetBegin=42 CharacterOffsetEnd=45 PartOfSpeech=NN Lemma=use NamedEntityTag=O]
[Text=while CharacterOffsetBegin=46 CharacterOffsetEnd=51 PartOfSpeech=IN Lemma=while NamedEntityTag=O]
[Text=row CharacterOffsetBegin=52 CharacterOffsetEnd=55 PartOfSpeech=NN Lemma=row NamedEntityTag=O]
[Text=boats CharacterOffsetBegin=56 CharacterOffsetEnd=61 PartOfSpeech=NNS Lemma=boat NamedEntityTag=O]
[Text=have CharacterOffsetBegin=62 CharacterOffsetEnd=66 PartOfSpeech=VBP Lemma=have NamedEntityTag=O]
[Text=no CharacterOffsetBegin=67 CharacterOffsetEnd=69 PartOfSpeech=DT Lemma=no NamedEntityTag=O]
[Text=guidelines CharacterOffsetBegin=70 CharacterOffsetEnd=80 PartOfSpeech=NNS Lemma=guideline NamedEntityTag=O]
[Text=because CharacterOffsetBegin=81 CharacterOffsetEnd=88 PartOfSpeech=IN Lemma=because NamedEntityTag=O]
[Text=they CharacterOffsetBegin=89 CharacterOffsetEnd=93 PartOfSpeech=PRP Lemma=they NamedEntityTag=O]
[Text=are CharacterOffsetBegin=94 CharacterOffsetEnd=97 PartOfSpeech=VBP Lemma=be NamedEntityTag=O]
[Text=powered CharacterOffsetBegin=98 CharacterOffsetEnd=105 PartOfSpeech=VBN Lemma=power NamedEntityTag=O]
[Text=by CharacterOffsetBegin=106 CharacterOffsetEnd=108 PartOfSpeech=IN Lemma=by NamedEntityTag=O]
[Text=paddles CharacterOffsetBegin=109 CharacterOffsetEnd=116 PartOfSpeech=NNS Lemma=paddle NamedEntityTag=O]
[Text=instead CharacterOffsetBegin=117 CharacterOffsetEnd=124 PartOfSpeech=RB Lemma=instead NamedEntityTag=O]
[Text=of CharacterOffsetBegin=125 CharacterOffsetEnd=127 PartOfSpeech=IN Lemma=of NamedEntityTag=O]
[Text=mechanical CharacterOffsetBegin=128 CharacterOffsetEnd=138 PartOfSpeech=JJ Lemma=mechanical NamedEntityTag=O]
[Text=engines CharacterOffsetBegin=139 CharacterOffsetEnd=146 PartOfSpeech=NNS Lemma=engine NamedEntityTag=O]
(ROOT
  (S
    (NP (NN Speed) (NNS boats))
    (VP (VBP need)
      (S
        (VP (TO to)
          (VP (VB pass)
            (NP (JJ strict) (NNS tests))
            (PP (IN for)
              (NP (NN use)))
            (SBAR (IN while)
              (S
                (NP (NN row) (NNS boats))
                (VP (VBP have)
                  (NP
                    (NP (DT no) (NNS guidelines))
                    (SBAR (IN because)
                      (S
                        (NP (PRP they))
                        (VP (VBP are)
                          (VP (VBN powered)
                            (PP (IN by)
                              (NP
                                (NP (NNS paddles))
                                (PP (RB instead) (IN of)
                                  (NP (JJ mechanical) (NNS engines)))))))))))))))))))

root(ROOT-0, need-3)
compound(boats-2, Speed-1)
nsubj(need-3, boats-2)
nsubj:xsubj(pass-5, boats-2)
mark(pass-5, to-4)
xcomp(need-3, pass-5)
amod(tests-7, strict-6)
dobj(pass-5, tests-7)
case(use-9, for-8)
nmod:for(pass-5, use-9)
mark(have-13, while-10)
compound(boats-12, row-11)
nsubj(have-13, boats-12)
advcl:while(pass-5, have-13)
neg(guidelines-15, no-14)
dobj(have-13, guidelines-15)
mark(powered-19, because-16)
nsubjpass(powered-19, they-17)
auxpass(powered-19, are-18)
dep(guidelines-15, powered-19)
case(paddles-21, by-20)
nmod:agent(powered-19, paddles-21)
case(engines-25, instead-22)
mwe(instead-22, of-23)
amod(engines-25, mechanical-24)
nmod:instead_of(paddles-21, engines-25)

