Sentence #1 (17 tokens):
Jane Bingum presented strong evidence against Claire, so she would be able to win her case
[Text=Jane CharacterOffsetBegin=0 CharacterOffsetEnd=4 PartOfSpeech=NNP Lemma=Jane NamedEntityTag=PERSON]
[Text=Bingum CharacterOffsetBegin=5 CharacterOffsetEnd=11 PartOfSpeech=NNP Lemma=Bingum NamedEntityTag=PERSON]
[Text=presented CharacterOffsetBegin=12 CharacterOffsetEnd=21 PartOfSpeech=VBD Lemma=present NamedEntityTag=O]
[Text=strong CharacterOffsetBegin=22 CharacterOffsetEnd=28 PartOfSpeech=JJ Lemma=strong NamedEntityTag=O]
[Text=evidence CharacterOffsetBegin=29 CharacterOffsetEnd=37 PartOfSpeech=NN Lemma=evidence NamedEntityTag=O]
[Text=against CharacterOffsetBegin=38 CharacterOffsetEnd=45 PartOfSpeech=IN Lemma=against NamedEntityTag=O]
[Text=Claire CharacterOffsetBegin=46 CharacterOffsetEnd=52 PartOfSpeech=NNP Lemma=Claire NamedEntityTag=PERSON]
[Text=, CharacterOffsetBegin=52 CharacterOffsetEnd=53 PartOfSpeech=, Lemma=, NamedEntityTag=O]
[Text=so CharacterOffsetBegin=54 CharacterOffsetEnd=56 PartOfSpeech=IN Lemma=so NamedEntityTag=O]
[Text=she CharacterOffsetBegin=57 CharacterOffsetEnd=60 PartOfSpeech=PRP Lemma=she NamedEntityTag=O]
[Text=would CharacterOffsetBegin=61 CharacterOffsetEnd=66 PartOfSpeech=MD Lemma=would NamedEntityTag=O]
[Text=be CharacterOffsetBegin=67 CharacterOffsetEnd=69 PartOfSpeech=VB Lemma=be NamedEntityTag=O]
[Text=able CharacterOffsetBegin=70 CharacterOffsetEnd=74 PartOfSpeech=JJ Lemma=able NamedEntityTag=O]
[Text=to CharacterOffsetBegin=75 CharacterOffsetEnd=77 PartOfSpeech=TO Lemma=to NamedEntityTag=O]
[Text=win CharacterOffsetBegin=78 CharacterOffsetEnd=81 PartOfSpeech=VB Lemma=win NamedEntityTag=O]
[Text=her CharacterOffsetBegin=82 CharacterOffsetEnd=85 PartOfSpeech=PRP$ Lemma=she NamedEntityTag=O]
[Text=case CharacterOffsetBegin=86 CharacterOffsetEnd=90 PartOfSpeech=NN Lemma=case NamedEntityTag=O]
(ROOT
  (S
    (NP (NNP Jane) (NNP Bingum))
    (VP (VBD presented)
      (NP (JJ strong) (NN evidence))
      (PP (IN against)
        (NP (NNP Claire)))
      (, ,)
      (SBAR (IN so)
        (S
          (NP (PRP she))
          (VP (MD would)
            (VP (VB be)
              (ADJP (JJ able)
                (S
                  (VP (TO to)
                    (VP (VB win)
                      (NP (PRP$ her) (NN case)))))))))))))

root(ROOT-0, presented-3)
compound(Bingum-2, Jane-1)
nsubj(presented-3, Bingum-2)
amod(evidence-5, strong-4)
dobj(presented-3, evidence-5)
case(Claire-7, against-6)
nmod:against(presented-3, Claire-7)
punct(presented-3, ,-8)
mark(able-13, so-9)
nsubj(able-13, she-10)
nsubj:xsubj(win-15, she-10)
aux(able-13, would-11)
cop(able-13, be-12)
advcl:so(presented-3, able-13)
mark(win-15, to-14)
xcomp(able-13, win-15)
nmod:poss(case-17, her-16)
dobj(win-15, case-17)

Coreference set:
	(1,10,[10,11]) -> (1,2,[1,3]), that is: "she" -> "Jane Bingum"
	(1,16,[16,17]) -> (1,2,[1,3]), that is: "her" -> "Jane Bingum"
