Sentence #1 (18 tokens):
Jane Bingum presented strong evidence against Claire, but she may present a strong defense on her part
[Text=Jane CharacterOffsetBegin=0 CharacterOffsetEnd=4 PartOfSpeech=NNP Lemma=Jane NamedEntityTag=PERSON]
[Text=Bingum CharacterOffsetBegin=5 CharacterOffsetEnd=11 PartOfSpeech=NNP Lemma=Bingum NamedEntityTag=PERSON]
[Text=presented CharacterOffsetBegin=12 CharacterOffsetEnd=21 PartOfSpeech=VBD Lemma=present NamedEntityTag=O]
[Text=strong CharacterOffsetBegin=22 CharacterOffsetEnd=28 PartOfSpeech=JJ Lemma=strong NamedEntityTag=O]
[Text=evidence CharacterOffsetBegin=29 CharacterOffsetEnd=37 PartOfSpeech=NN Lemma=evidence NamedEntityTag=O]
[Text=against CharacterOffsetBegin=38 CharacterOffsetEnd=45 PartOfSpeech=IN Lemma=against NamedEntityTag=O]
[Text=Claire CharacterOffsetBegin=46 CharacterOffsetEnd=52 PartOfSpeech=NNP Lemma=Claire NamedEntityTag=PERSON]
[Text=, CharacterOffsetBegin=52 CharacterOffsetEnd=53 PartOfSpeech=, Lemma=, NamedEntityTag=O]
[Text=but CharacterOffsetBegin=54 CharacterOffsetEnd=57 PartOfSpeech=CC Lemma=but NamedEntityTag=O]
[Text=she CharacterOffsetBegin=58 CharacterOffsetEnd=61 PartOfSpeech=PRP Lemma=she NamedEntityTag=O]
[Text=may CharacterOffsetBegin=62 CharacterOffsetEnd=65 PartOfSpeech=MD Lemma=may NamedEntityTag=O]
[Text=present CharacterOffsetBegin=66 CharacterOffsetEnd=73 PartOfSpeech=VB Lemma=present NamedEntityTag=DATE NormalizedNamedEntityTag=PRESENT_REF Timex=<TIMEX3 tid="t1" type="DATE" value="PRESENT_REF">present</TIMEX3>]
[Text=a CharacterOffsetBegin=74 CharacterOffsetEnd=75 PartOfSpeech=DT Lemma=a NamedEntityTag=O]
[Text=strong CharacterOffsetBegin=76 CharacterOffsetEnd=82 PartOfSpeech=JJ Lemma=strong NamedEntityTag=O]
[Text=defense CharacterOffsetBegin=83 CharacterOffsetEnd=90 PartOfSpeech=NN Lemma=defense NamedEntityTag=O]
[Text=on CharacterOffsetBegin=91 CharacterOffsetEnd=93 PartOfSpeech=IN Lemma=on NamedEntityTag=O]
[Text=her CharacterOffsetBegin=94 CharacterOffsetEnd=97 PartOfSpeech=PRP$ Lemma=she NamedEntityTag=O]
[Text=part CharacterOffsetBegin=98 CharacterOffsetEnd=102 PartOfSpeech=NN Lemma=part NamedEntityTag=O]
(ROOT
  (FRAG
    (S
      (S
        (NP (NNP Jane) (NNP Bingum))
        (VP (VBD presented)
          (NP (JJ strong) (NN evidence))
          (PP (IN against)
            (NP (NNP Claire)))))
      (, ,)
      (CC but)
      (S
        (NP (PRP she))
        (VP (MD may)
          (VP (VB present)
            (NP (DT a) (JJ strong) (NN defense))
            (PP (IN on)
              (NP (PRP$ her) (NN part)))))))))

root(ROOT-0, presented-3)
compound(Bingum-2, Jane-1)
nsubj(presented-3, Bingum-2)
amod(evidence-5, strong-4)
dobj(presented-3, evidence-5)
case(Claire-7, against-6)
nmod:against(presented-3, Claire-7)
punct(presented-3, ,-8)
cc(presented-3, but-9)
nsubj(present-12, she-10)
aux(present-12, may-11)
conj:but(presented-3, present-12)
det(defense-15, a-13)
amod(defense-15, strong-14)
dobj(present-12, defense-15)
case(part-18, on-16)
nmod:poss(part-18, her-17)
nmod:on(present-12, part-18)

Coreference set:
	(1,10,[10,11]) -> (1,2,[1,3]), that is: "she" -> "Jane Bingum"
	(1,17,[17,18]) -> (1,2,[1,3]), that is: "her" -> "Jane Bingum"
