Sentence #1 (8 tokens):
Donald kicked King but he never felt bad
[Text=Donald CharacterOffsetBegin=0 CharacterOffsetEnd=6 PartOfSpeech=NNP Lemma=Donald NamedEntityTag=PERSON]
[Text=kicked CharacterOffsetBegin=7 CharacterOffsetEnd=13 PartOfSpeech=VBD Lemma=kick NamedEntityTag=O]
[Text=King CharacterOffsetBegin=14 CharacterOffsetEnd=18 PartOfSpeech=NNP Lemma=King NamedEntityTag=O]
[Text=but CharacterOffsetBegin=19 CharacterOffsetEnd=22 PartOfSpeech=CC Lemma=but NamedEntityTag=O]
[Text=he CharacterOffsetBegin=23 CharacterOffsetEnd=25 PartOfSpeech=PRP Lemma=he NamedEntityTag=O]
[Text=never CharacterOffsetBegin=26 CharacterOffsetEnd=31 PartOfSpeech=RB Lemma=never NamedEntityTag=O]
[Text=felt CharacterOffsetBegin=32 CharacterOffsetEnd=36 PartOfSpeech=VBD Lemma=feel NamedEntityTag=O]
[Text=bad CharacterOffsetBegin=37 CharacterOffsetEnd=40 PartOfSpeech=JJ Lemma=bad NamedEntityTag=O]
(ROOT
  (S
    (NP (NNP Donald))
    (VP (VBD kicked)
      (NP (NNP King))
      (SBAR (CC but)
        (S
          (NP (PRP he))
          (ADVP (RB never))
          (VP (VBD felt)
            (ADJP (JJ bad))))))))

root(ROOT-0, kicked-2)
nsubj(kicked-2, Donald-1)
dobj(kicked-2, King-3)
cc(felt-7, but-4)
nsubj(felt-7, he-5)
neg(felt-7, never-6)
dep(kicked-2, felt-7)
xcomp(felt-7, bad-8)

Coreference set:
	(1,5,[5,6]) -> (1,1,[1,2]), that is: "he" -> "Donald"
