Sentence #1 (30 tokens):
Michael decided to freeze himself in cryo-stasis even though his father was against it, because he hopes to be unfrozen in the future when there is a cure available
[Text=Michael CharacterOffsetBegin=0 CharacterOffsetEnd=7 PartOfSpeech=NNP Lemma=Michael NamedEntityTag=PERSON]
[Text=decided CharacterOffsetBegin=8 CharacterOffsetEnd=15 PartOfSpeech=VBD Lemma=decide NamedEntityTag=O]
[Text=to CharacterOffsetBegin=16 CharacterOffsetEnd=18 PartOfSpeech=TO Lemma=to NamedEntityTag=O]
[Text=freeze CharacterOffsetBegin=19 CharacterOffsetEnd=25 PartOfSpeech=VB Lemma=freeze NamedEntityTag=O]
[Text=himself CharacterOffsetBegin=26 CharacterOffsetEnd=33 PartOfSpeech=PRP Lemma=himself NamedEntityTag=O]
[Text=in CharacterOffsetBegin=34 CharacterOffsetEnd=36 PartOfSpeech=IN Lemma=in NamedEntityTag=O]
[Text=cryo-stasis CharacterOffsetBegin=37 CharacterOffsetEnd=48 PartOfSpeech=NN Lemma=cryo-stasis NamedEntityTag=O]
[Text=even CharacterOffsetBegin=49 CharacterOffsetEnd=53 PartOfSpeech=RB Lemma=even NamedEntityTag=O]
[Text=though CharacterOffsetBegin=54 CharacterOffsetEnd=60 PartOfSpeech=IN Lemma=though NamedEntityTag=O]
[Text=his CharacterOffsetBegin=61 CharacterOffsetEnd=64 PartOfSpeech=PRP$ Lemma=he NamedEntityTag=O]
[Text=father CharacterOffsetBegin=65 CharacterOffsetEnd=71 PartOfSpeech=NN Lemma=father NamedEntityTag=O]
[Text=was CharacterOffsetBegin=72 CharacterOffsetEnd=75 PartOfSpeech=VBD Lemma=be NamedEntityTag=O]
[Text=against CharacterOffsetBegin=76 CharacterOffsetEnd=83 PartOfSpeech=IN Lemma=against NamedEntityTag=O]
[Text=it CharacterOffsetBegin=84 CharacterOffsetEnd=86 PartOfSpeech=PRP Lemma=it NamedEntityTag=O]
[Text=, CharacterOffsetBegin=86 CharacterOffsetEnd=87 PartOfSpeech=, Lemma=, NamedEntityTag=O]
[Text=because CharacterOffsetBegin=88 CharacterOffsetEnd=95 PartOfSpeech=IN Lemma=because NamedEntityTag=O]
[Text=he CharacterOffsetBegin=96 CharacterOffsetEnd=98 PartOfSpeech=PRP Lemma=he NamedEntityTag=O]
[Text=hopes CharacterOffsetBegin=99 CharacterOffsetEnd=104 PartOfSpeech=VBZ Lemma=hope NamedEntityTag=O]
[Text=to CharacterOffsetBegin=105 CharacterOffsetEnd=107 PartOfSpeech=TO Lemma=to NamedEntityTag=O]
[Text=be CharacterOffsetBegin=108 CharacterOffsetEnd=110 PartOfSpeech=VB Lemma=be NamedEntityTag=O]
[Text=unfrozen CharacterOffsetBegin=111 CharacterOffsetEnd=119 PartOfSpeech=JJ Lemma=unfrozen NamedEntityTag=O]
[Text=in CharacterOffsetBegin=120 CharacterOffsetEnd=122 PartOfSpeech=IN Lemma=in NamedEntityTag=O]
[Text=the CharacterOffsetBegin=123 CharacterOffsetEnd=126 PartOfSpeech=DT Lemma=the NamedEntityTag=DATE NormalizedNamedEntityTag=FUTURE_REF Timex=<TIMEX3 tid="t1" type="DATE" value="FUTURE_REF">the future</TIMEX3>]
[Text=future CharacterOffsetBegin=127 CharacterOffsetEnd=133 PartOfSpeech=NN Lemma=future NamedEntityTag=DATE NormalizedNamedEntityTag=FUTURE_REF Timex=<TIMEX3 tid="t1" type="DATE" value="FUTURE_REF">the future</TIMEX3>]
[Text=when CharacterOffsetBegin=134 CharacterOffsetEnd=138 PartOfSpeech=WRB Lemma=when NamedEntityTag=O]
[Text=there CharacterOffsetBegin=139 CharacterOffsetEnd=144 PartOfSpeech=EX Lemma=there NamedEntityTag=O]
[Text=is CharacterOffsetBegin=145 CharacterOffsetEnd=147 PartOfSpeech=VBZ Lemma=be NamedEntityTag=O]
[Text=a CharacterOffsetBegin=148 CharacterOffsetEnd=149 PartOfSpeech=DT Lemma=a NamedEntityTag=O]
[Text=cure CharacterOffsetBegin=150 CharacterOffsetEnd=154 PartOfSpeech=NN Lemma=cure NamedEntityTag=O]
[Text=available CharacterOffsetBegin=155 CharacterOffsetEnd=164 PartOfSpeech=JJ Lemma=available NamedEntityTag=O]
(ROOT
  (S
    (NP (NNP Michael))
    (VP (VBD decided)
      (S
        (VP (TO to)
          (VP (VB freeze)
            (NP (PRP himself))
            (PP (IN in)
              (NP (NN cryo-stasis)))
            (SBAR (RB even) (IN though)
              (S
                (NP (PRP$ his) (NN father))
                (VP (VBD was)
                  (PP (IN against)
                    (NP (PRP it)))))))))
      (, ,)
      (SBAR (IN because)
        (S
          (NP (PRP he))
          (VP (VBZ hopes)
            (S
              (VP (TO to)
                (VP (VB be)
                  (ADJP (JJ unfrozen)
                    (PP (IN in)
                      (NP (DT the) (NN future))))
                  (SBAR
                    (WHADVP (WRB when))
                    (S
                      (NP (EX there))
                      (VP (VBZ is)
                        (ADJP
                          (NP (DT a) (NN cure))
                          (JJ available))))))))))))))

root(ROOT-0, decided-2)
nsubj(decided-2, Michael-1)
nsubj:xsubj(freeze-4, Michael-1)
mark(freeze-4, to-3)
xcomp(decided-2, freeze-4)
dobj(freeze-4, himself-5)
case(cryo-stasis-7, in-6)
nmod:in(freeze-4, cryo-stasis-7)
advmod(it-14, even-8)
mark(it-14, though-9)
nmod:poss(father-11, his-10)
nsubj(it-14, father-11)
cop(it-14, was-12)
case(it-14, against-13)
advcl:against(freeze-4, it-14)
punct(decided-2, ,-15)
mark(hopes-18, because-16)
nsubj(hopes-18, he-17)
nsubj:xsubj(unfrozen-21, he-17)
advcl:because(decided-2, hopes-18)
mark(unfrozen-21, to-19)
cop(unfrozen-21, be-20)
xcomp(hopes-18, unfrozen-21)
case(future-24, in-22)
det(future-24, the-23)
nmod:in(unfrozen-21, future-24)
advmod(is-27, when-25)
expl(is-27, there-26)
advcl(unfrozen-21, is-27)
det(cure-29, a-28)
nmod:npmod(available-30, cure-29)
xcomp(is-27, available-30)

Coreference set:
	(1,5,[5,6]) -> (1,1,[1,2]), that is: "himself" -> "Michael"
	(1,10,[10,11]) -> (1,1,[1,2]), that is: "his" -> "Michael"
	(1,17,[17,18]) -> (1,1,[1,2]), that is: "he" -> "Michael"
