Sentence #1 (29 tokens):
Trick Or Treaters are celebrating the holiday earlier during the day at Church since they are encouraged to do it during the day and among friends for safety reasons
[Text=Trick CharacterOffsetBegin=0 CharacterOffsetEnd=5 PartOfSpeech=NN Lemma=trick NamedEntityTag=O]
[Text=Or CharacterOffsetBegin=6 CharacterOffsetEnd=8 PartOfSpeech=CC Lemma=or NamedEntityTag=O]
[Text=Treaters CharacterOffsetBegin=9 CharacterOffsetEnd=17 PartOfSpeech=NNS Lemma=treater NamedEntityTag=O]
[Text=are CharacterOffsetBegin=18 CharacterOffsetEnd=21 PartOfSpeech=VBP Lemma=be NamedEntityTag=O]
[Text=celebrating CharacterOffsetBegin=22 CharacterOffsetEnd=33 PartOfSpeech=VBG Lemma=celebrate NamedEntityTag=O]
[Text=the CharacterOffsetBegin=34 CharacterOffsetEnd=37 PartOfSpeech=DT Lemma=the NamedEntityTag=O]
[Text=holiday CharacterOffsetBegin=38 CharacterOffsetEnd=45 PartOfSpeech=NN Lemma=holiday NamedEntityTag=O]
[Text=earlier CharacterOffsetBegin=46 CharacterOffsetEnd=53 PartOfSpeech=RBR Lemma=earlier NamedEntityTag=O]
[Text=during CharacterOffsetBegin=54 CharacterOffsetEnd=60 PartOfSpeech=IN Lemma=during NamedEntityTag=O]
[Text=the CharacterOffsetBegin=61 CharacterOffsetEnd=64 PartOfSpeech=DT Lemma=the NamedEntityTag=DATE NormalizedNamedEntityTag=THIS P1D Timex=<TIMEX3 alt_value="THIS P1D" anchorTimeID="t0" temporalFunction="true" tid="t1" type="DATE" valueFromFunction="tf0">the day</TIMEX3>]
[Text=day CharacterOffsetBegin=65 CharacterOffsetEnd=68 PartOfSpeech=NN Lemma=day NamedEntityTag=DATE NormalizedNamedEntityTag=THIS P1D Timex=<TIMEX3 alt_value="THIS P1D" anchorTimeID="t0" temporalFunction="true" tid="t1" type="DATE" valueFromFunction="tf0">the day</TIMEX3>]
[Text=at CharacterOffsetBegin=69 CharacterOffsetEnd=71 PartOfSpeech=IN Lemma=at NamedEntityTag=O]
[Text=Church CharacterOffsetBegin=72 CharacterOffsetEnd=78 PartOfSpeech=NNP Lemma=Church NamedEntityTag=O]
[Text=since CharacterOffsetBegin=79 CharacterOffsetEnd=84 PartOfSpeech=IN Lemma=since NamedEntityTag=O]
[Text=they CharacterOffsetBegin=85 CharacterOffsetEnd=89 PartOfSpeech=PRP Lemma=they NamedEntityTag=O]
[Text=are CharacterOffsetBegin=90 CharacterOffsetEnd=93 PartOfSpeech=VBP Lemma=be NamedEntityTag=O]
[Text=encouraged CharacterOffsetBegin=94 CharacterOffsetEnd=104 PartOfSpeech=VBN Lemma=encourage NamedEntityTag=O]
[Text=to CharacterOffsetBegin=105 CharacterOffsetEnd=107 PartOfSpeech=TO Lemma=to NamedEntityTag=O]
[Text=do CharacterOffsetBegin=108 CharacterOffsetEnd=110 PartOfSpeech=VB Lemma=do NamedEntityTag=O]
[Text=it CharacterOffsetBegin=111 CharacterOffsetEnd=113 PartOfSpeech=PRP Lemma=it NamedEntityTag=O]
[Text=during CharacterOffsetBegin=114 CharacterOffsetEnd=120 PartOfSpeech=IN Lemma=during NamedEntityTag=O]
[Text=the CharacterOffsetBegin=121 CharacterOffsetEnd=124 PartOfSpeech=DT Lemma=the NamedEntityTag=DATE NormalizedNamedEntityTag=THIS P1D Timex=<TIMEX3 alt_value="THIS P1D" anchorTimeID="t0" temporalFunction="true" tid="t1" type="DATE" valueFromFunction="tf0">the day</TIMEX3>]
[Text=day CharacterOffsetBegin=125 CharacterOffsetEnd=128 PartOfSpeech=NN Lemma=day NamedEntityTag=DATE NormalizedNamedEntityTag=THIS P1D Timex=<TIMEX3 alt_value="THIS P1D" anchorTimeID="t0" temporalFunction="true" tid="t1" type="DATE" valueFromFunction="tf0">the day</TIMEX3>]
[Text=and CharacterOffsetBegin=129 CharacterOffsetEnd=132 PartOfSpeech=CC Lemma=and NamedEntityTag=O]
[Text=among CharacterOffsetBegin=133 CharacterOffsetEnd=138 PartOfSpeech=IN Lemma=among NamedEntityTag=O]
[Text=friends CharacterOffsetBegin=139 CharacterOffsetEnd=146 PartOfSpeech=NNS Lemma=friend NamedEntityTag=O]
[Text=for CharacterOffsetBegin=147 CharacterOffsetEnd=150 PartOfSpeech=IN Lemma=for NamedEntityTag=O]
[Text=safety CharacterOffsetBegin=151 CharacterOffsetEnd=157 PartOfSpeech=NN Lemma=safety NamedEntityTag=O]
[Text=reasons CharacterOffsetBegin=158 CharacterOffsetEnd=165 PartOfSpeech=NNS Lemma=reason NamedEntityTag=O]
(ROOT
  (S
    (NP
      (NP (NN Trick))
      (CC Or)
      (NP (NNS Treaters)))
    (VP (VBP are)
      (VP (VBG celebrating)
        (PP
          (ADVP
            (NP (DT the) (NN holiday))
            (RBR earlier))
          (IN during)
          (NP
            (NP (DT the) (NN day))
            (PP (IN at)
              (NP (NNP Church)))))
        (SBAR (IN since)
          (S
            (NP (PRP they))
            (VP (VBP are)
              (VP (VBN encouraged)
                (S
                  (VP (TO to)
                    (VP (VB do)
                      (NP (PRP it))
                      (PP
                        (PP (IN during)
                          (NP (DT the) (NN day)))
                        (CC and)
                        (PP (IN among)
                          (NP
                            (NP (NNS friends))
                            (PP (IN for)
                              (NP (NN safety) (NNS reasons)))))))))))))))))

root(ROOT-0, celebrating-5)
nsubj(celebrating-5, Trick-1)
cc(Trick-1, Or-2)
conj:or(Trick-1, Treaters-3)
nsubj(celebrating-5, Treaters-3)
aux(celebrating-5, are-4)
det(holiday-7, the-6)
nmod:npmod(earlier-8, holiday-7)
advmod(day-11, earlier-8)
case(day-11, during-9)
det(day-11, the-10)
nmod:during(celebrating-5, day-11)
case(Church-13, at-12)
nmod:at(day-11, Church-13)
mark(encouraged-17, since-14)
nsubjpass(encouraged-17, they-15)
nsubj:xsubj(do-19, they-15)
nsubj:xsubj(do-19', they-15)
auxpass(encouraged-17, are-16)
advcl:since(celebrating-5, encouraged-17)
mark(do-19, to-18)
xcomp(encouraged-17, do-19)
xcomp(encouraged-17, do-19')
conj:and(do-19, do-19')
dobj(do-19, it-20)
case(day-23, during-21)
det(day-23, the-22)
nmod:during(do-19, day-23)
cc(do-19, and-24)
case(friends-26, among-25)
nmod:among(do-19', friends-26)
case(reasons-29, for-27)
compound(reasons-29, safety-28)
nmod:for(friends-26, reasons-29)

Coreference set:
	(1,15,[15,16]) -> (1,3,[3,4]), that is: "they" -> "Treaters"
Coreference set:
	(1,20,[20,21]) -> (1,7,[6,8]), that is: "it" -> "the holiday"
Coreference set:
	(1,23,[22,24]) -> (1,11,[10,14]), that is: "the day" -> "the day at Church"
