Sentence #1 (26 tokens):
Trick Or Treaters are celebrating the holiday earlier during the day at Church, but they cannot convince everybody to do it during the day
[Text=Trick CharacterOffsetBegin=0 CharacterOffsetEnd=5 PartOfSpeech=NN Lemma=trick NamedEntityTag=O]
[Text=Or CharacterOffsetBegin=6 CharacterOffsetEnd=8 PartOfSpeech=CC Lemma=or NamedEntityTag=O]
[Text=Treaters CharacterOffsetBegin=9 CharacterOffsetEnd=17 PartOfSpeech=NNS Lemma=treater NamedEntityTag=O]
[Text=are CharacterOffsetBegin=18 CharacterOffsetEnd=21 PartOfSpeech=VBP Lemma=be NamedEntityTag=O]
[Text=celebrating CharacterOffsetBegin=22 CharacterOffsetEnd=33 PartOfSpeech=VBG Lemma=celebrate NamedEntityTag=O]
[Text=the CharacterOffsetBegin=34 CharacterOffsetEnd=37 PartOfSpeech=DT Lemma=the NamedEntityTag=O]
[Text=holiday CharacterOffsetBegin=38 CharacterOffsetEnd=45 PartOfSpeech=NN Lemma=holiday NamedEntityTag=O]
[Text=earlier CharacterOffsetBegin=46 CharacterOffsetEnd=53 PartOfSpeech=RBR Lemma=earlier NamedEntityTag=O]
[Text=during CharacterOffsetBegin=54 CharacterOffsetEnd=60 PartOfSpeech=IN Lemma=during NamedEntityTag=O]
[Text=the CharacterOffsetBegin=61 CharacterOffsetEnd=64 PartOfSpeech=DT Lemma=the NamedEntityTag=DATE NormalizedNamedEntityTag=THIS P1D Timex=<TIMEX3 alt_value="THIS P1D" anchorTimeID="t0" temporalFunction="true" tid="t1" type="DATE" valueFromFunction="tf0">the day</TIMEX3>]
[Text=day CharacterOffsetBegin=65 CharacterOffsetEnd=68 PartOfSpeech=NN Lemma=day NamedEntityTag=DATE NormalizedNamedEntityTag=THIS P1D Timex=<TIMEX3 alt_value="THIS P1D" anchorTimeID="t0" temporalFunction="true" tid="t1" type="DATE" valueFromFunction="tf0">the day</TIMEX3>]
[Text=at CharacterOffsetBegin=69 CharacterOffsetEnd=71 PartOfSpeech=IN Lemma=at NamedEntityTag=O]
[Text=Church CharacterOffsetBegin=72 CharacterOffsetEnd=78 PartOfSpeech=NNP Lemma=Church NamedEntityTag=O]
[Text=, CharacterOffsetBegin=78 CharacterOffsetEnd=79 PartOfSpeech=, Lemma=, NamedEntityTag=O]
[Text=but CharacterOffsetBegin=80 CharacterOffsetEnd=83 PartOfSpeech=CC Lemma=but NamedEntityTag=O]
[Text=they CharacterOffsetBegin=84 CharacterOffsetEnd=88 PartOfSpeech=PRP Lemma=they NamedEntityTag=O]
[Text=can CharacterOffsetBegin=89 CharacterOffsetEnd=92 PartOfSpeech=MD Lemma=can NamedEntityTag=O]
[Text=not CharacterOffsetBegin=92 CharacterOffsetEnd=95 PartOfSpeech=RB Lemma=not NamedEntityTag=O]
[Text=convince CharacterOffsetBegin=96 CharacterOffsetEnd=104 PartOfSpeech=VB Lemma=convince NamedEntityTag=O]
[Text=everybody CharacterOffsetBegin=105 CharacterOffsetEnd=114 PartOfSpeech=NN Lemma=everybody NamedEntityTag=O]
[Text=to CharacterOffsetBegin=115 CharacterOffsetEnd=117 PartOfSpeech=TO Lemma=to NamedEntityTag=O]
[Text=do CharacterOffsetBegin=118 CharacterOffsetEnd=120 PartOfSpeech=VB Lemma=do NamedEntityTag=O]
[Text=it CharacterOffsetBegin=121 CharacterOffsetEnd=123 PartOfSpeech=PRP Lemma=it NamedEntityTag=O]
[Text=during CharacterOffsetBegin=124 CharacterOffsetEnd=130 PartOfSpeech=IN Lemma=during NamedEntityTag=O]
[Text=the CharacterOffsetBegin=131 CharacterOffsetEnd=134 PartOfSpeech=DT Lemma=the NamedEntityTag=DATE NormalizedNamedEntityTag=THIS P1D Timex=<TIMEX3 alt_value="THIS P1D" anchorTimeID="t0" temporalFunction="true" tid="t1" type="DATE" valueFromFunction="tf0">the day</TIMEX3>]
[Text=day CharacterOffsetBegin=135 CharacterOffsetEnd=138 PartOfSpeech=NN Lemma=day NamedEntityTag=DATE NormalizedNamedEntityTag=THIS P1D Timex=<TIMEX3 alt_value="THIS P1D" anchorTimeID="t0" temporalFunction="true" tid="t1" type="DATE" valueFromFunction="tf0">the day</TIMEX3>]
(ROOT
  (FRAG
    (NP
      (NP (NN Trick))
      (SBAR
        (S
          (S (CC Or)
            (NP (NNS Treaters))
            (VP (VBP are)
              (VP (VBG celebrating)
                (PP
                  (ADVP
                    (NP (DT the) (NN holiday))
                    (RBR earlier))
                  (IN during)
                  (NP
                    (NP (DT the) (NN day))
                    (PP (IN at)
                      (NP (NNP Church))))))))
          (, ,)
          (CC but)
          (S
            (NP (PRP they))
            (VP (MD can) (RB not)
              (VP (VB convince)
                (NP (NN everybody))
                (S
                  (VP (TO to)
                    (VP (VB do)
                      (NP (PRP it))
                      (PP (IN during)
                        (NP (DT the) (NN day))))))))))))))

root(ROOT-0, Trick-1)
cc(celebrating-5, Or-2)
nsubj(celebrating-5, Treaters-3)
aux(celebrating-5, are-4)
acl:relcl(Trick-1, celebrating-5)
det(holiday-7, the-6)
nmod:npmod(earlier-8, holiday-7)
advmod(day-11, earlier-8)
case(day-11, during-9)
det(day-11, the-10)
nmod:during(celebrating-5, day-11)
case(Church-13, at-12)
nmod:at(day-11, Church-13)
punct(celebrating-5, ,-14)
cc(celebrating-5, but-15)
nsubj(convince-19, they-16)
aux(convince-19, can-17)
neg(convince-19, not-18)
acl:relcl(Trick-1, convince-19)
conj:but(celebrating-5, convince-19)
dobj(convince-19, everybody-20)
mark(do-22, to-21)
advcl:to(convince-19, do-22)
dobj(do-22, it-23)
case(day-26, during-24)
det(day-26, the-25)
nmod:during(do-22, day-26)

Coreference set:
	(1,16,[16,17]) -> (1,3,[3,4]), that is: "they" -> "Treaters"
Coreference set:
	(1,23,[23,24]) -> (1,7,[6,8]), that is: "it" -> "the holiday"
Coreference set:
	(1,26,[25,27]) -> (1,11,[10,14]), that is: "the day" -> "the day at Church"
