Sentence #1 (29 tokens):
Research studies recently revealed that Netflix consumes over 37 percent of the world's internet bandwidth since they need that much due to high demand of their streaming services
[Text=Research CharacterOffsetBegin=0 CharacterOffsetEnd=8 PartOfSpeech=NN Lemma=research NamedEntityTag=O]
[Text=studies CharacterOffsetBegin=9 CharacterOffsetEnd=16 PartOfSpeech=NNS Lemma=study NamedEntityTag=O]
[Text=recently CharacterOffsetBegin=17 CharacterOffsetEnd=25 PartOfSpeech=RB Lemma=recently NamedEntityTag=DATE NormalizedNamedEntityTag=PAST_REF Timex=<TIMEX3 tid="t1" type="DATE" value="PAST_REF">recently</TIMEX3>]
[Text=revealed CharacterOffsetBegin=26 CharacterOffsetEnd=34 PartOfSpeech=VBD Lemma=reveal NamedEntityTag=O]
[Text=that CharacterOffsetBegin=35 CharacterOffsetEnd=39 PartOfSpeech=IN Lemma=that NamedEntityTag=O]
[Text=Netflix CharacterOffsetBegin=40 CharacterOffsetEnd=47 PartOfSpeech=NNP Lemma=Netflix NamedEntityTag=ORGANIZATION]
[Text=consumes CharacterOffsetBegin=48 CharacterOffsetEnd=56 PartOfSpeech=VBZ Lemma=consume NamedEntityTag=O]
[Text=over CharacterOffsetBegin=57 CharacterOffsetEnd=61 PartOfSpeech=IN Lemma=over NamedEntityTag=O]
[Text=37 CharacterOffsetBegin=62 CharacterOffsetEnd=64 PartOfSpeech=CD Lemma=37 NamedEntityTag=PERCENT NormalizedNamedEntityTag=>%37.0]
[Text=percent CharacterOffsetBegin=65 CharacterOffsetEnd=72 PartOfSpeech=NN Lemma=percent NamedEntityTag=PERCENT NormalizedNamedEntityTag=>%37.0]
[Text=of CharacterOffsetBegin=73 CharacterOffsetEnd=75 PartOfSpeech=IN Lemma=of NamedEntityTag=O]
[Text=the CharacterOffsetBegin=76 CharacterOffsetEnd=79 PartOfSpeech=DT Lemma=the NamedEntityTag=O]
[Text=world CharacterOffsetBegin=80 CharacterOffsetEnd=85 PartOfSpeech=NN Lemma=world NamedEntityTag=O]
[Text='s CharacterOffsetBegin=85 CharacterOffsetEnd=87 PartOfSpeech=POS Lemma='s NamedEntityTag=O]
[Text=internet CharacterOffsetBegin=88 CharacterOffsetEnd=96 PartOfSpeech=NN Lemma=internet NamedEntityTag=O]
[Text=bandwidth CharacterOffsetBegin=97 CharacterOffsetEnd=106 PartOfSpeech=NN Lemma=bandwidth NamedEntityTag=O]
[Text=since CharacterOffsetBegin=107 CharacterOffsetEnd=112 PartOfSpeech=IN Lemma=since NamedEntityTag=O]
[Text=they CharacterOffsetBegin=113 CharacterOffsetEnd=117 PartOfSpeech=PRP Lemma=they NamedEntityTag=O]
[Text=need CharacterOffsetBegin=118 CharacterOffsetEnd=122 PartOfSpeech=VBP Lemma=need NamedEntityTag=O]
[Text=that CharacterOffsetBegin=123 CharacterOffsetEnd=127 PartOfSpeech=RB Lemma=that NamedEntityTag=O]
[Text=much CharacterOffsetBegin=128 CharacterOffsetEnd=132 PartOfSpeech=RB Lemma=much NamedEntityTag=O]
[Text=due CharacterOffsetBegin=133 CharacterOffsetEnd=136 PartOfSpeech=JJ Lemma=due NamedEntityTag=O]
[Text=to CharacterOffsetBegin=137 CharacterOffsetEnd=139 PartOfSpeech=TO Lemma=to NamedEntityTag=O]
[Text=high CharacterOffsetBegin=140 CharacterOffsetEnd=144 PartOfSpeech=JJ Lemma=high NamedEntityTag=O]
[Text=demand CharacterOffsetBegin=145 CharacterOffsetEnd=151 PartOfSpeech=NN Lemma=demand NamedEntityTag=O]
[Text=of CharacterOffsetBegin=152 CharacterOffsetEnd=154 PartOfSpeech=IN Lemma=of NamedEntityTag=O]
[Text=their CharacterOffsetBegin=155 CharacterOffsetEnd=160 PartOfSpeech=PRP$ Lemma=they NamedEntityTag=O]
[Text=streaming CharacterOffsetBegin=161 CharacterOffsetEnd=170 PartOfSpeech=NN Lemma=streaming NamedEntityTag=O]
[Text=services CharacterOffsetBegin=171 CharacterOffsetEnd=179 PartOfSpeech=NNS Lemma=service NamedEntityTag=O]
(ROOT
  (S
    (NP (NN Research) (NNS studies))
    (VP
      (ADVP (RB recently))
      (VBD revealed)
      (SBAR (IN that)
        (S
          (NP (NNP Netflix))
          (VP (VBZ consumes)
            (PP (IN over)
              (NP
                (NP (CD 37) (NN percent))
                (PP (IN of)
                  (NP
                    (NP (DT the) (NN world) (POS 's))
                    (NN internet) (NN bandwidth)))))
            (SBAR (IN since)
              (S
                (NP (PRP they))
                (VP (VBP need)
                  (ADJP
                    (ADJP (RB that) (RB much) (JJ due))
                    (PP (TO to)
                      (NP
                        (NP (JJ high) (NN demand))
                        (PP (IN of)
                          (NP (PRP$ their) (NN streaming) (NNS services)))))))))))))))

root(ROOT-0, revealed-4)
compound(studies-2, Research-1)
nsubj(revealed-4, studies-2)
advmod(revealed-4, recently-3)
mark(consumes-7, that-5)
nsubj(consumes-7, Netflix-6)
ccomp(revealed-4, consumes-7)
case(percent-10, over-8)
nummod(percent-10, 37-9)
nmod:over(consumes-7, percent-10)
case(bandwidth-16, of-11)
det(world-13, the-12)
nmod:poss(bandwidth-16, world-13)
case(world-13, 's-14)
compound(bandwidth-16, internet-15)
nmod:of(percent-10, bandwidth-16)
mark(need-19, since-17)
nsubj(need-19, they-18)
advcl:since(consumes-7, need-19)
advmod(due-22, that-20)
advmod(due-22, much-21)
xcomp(need-19, due-22)
case(demand-25, to-23)
amod(demand-25, high-24)
nmod:to(due-22, demand-25)
case(services-29, of-26)
nmod:poss(services-29, their-27)
compound(services-29, streaming-28)
nmod:of(demand-25, services-29)

Coreference set:
	(1,27,[27,28]) -> (1,18,[18,19]), that is: "their" -> "they"
