Sentence #1 (21 tokens):
Captain Picard tends to confide in Commander Riker since he wants to ensure he develops into a fine captain one day
[Text=Captain CharacterOffsetBegin=0 CharacterOffsetEnd=7 PartOfSpeech=NNP Lemma=Captain NamedEntityTag=O]
[Text=Picard CharacterOffsetBegin=8 CharacterOffsetEnd=14 PartOfSpeech=NNP Lemma=Picard NamedEntityTag=PERSON]
[Text=tends CharacterOffsetBegin=15 CharacterOffsetEnd=20 PartOfSpeech=VBZ Lemma=tend NamedEntityTag=O]
[Text=to CharacterOffsetBegin=21 CharacterOffsetEnd=23 PartOfSpeech=TO Lemma=to NamedEntityTag=O]
[Text=confide CharacterOffsetBegin=24 CharacterOffsetEnd=31 PartOfSpeech=VB Lemma=confide NamedEntityTag=O]
[Text=in CharacterOffsetBegin=32 CharacterOffsetEnd=34 PartOfSpeech=IN Lemma=in NamedEntityTag=O]
[Text=Commander CharacterOffsetBegin=35 CharacterOffsetEnd=44 PartOfSpeech=NNP Lemma=Commander NamedEntityTag=O]
[Text=Riker CharacterOffsetBegin=45 CharacterOffsetEnd=50 PartOfSpeech=NNP Lemma=Riker NamedEntityTag=PERSON]
[Text=since CharacterOffsetBegin=51 CharacterOffsetEnd=56 PartOfSpeech=IN Lemma=since NamedEntityTag=O]
[Text=he CharacterOffsetBegin=57 CharacterOffsetEnd=59 PartOfSpeech=PRP Lemma=he NamedEntityTag=O]
[Text=wants CharacterOffsetBegin=60 CharacterOffsetEnd=65 PartOfSpeech=VBZ Lemma=want NamedEntityTag=O]
[Text=to CharacterOffsetBegin=66 CharacterOffsetEnd=68 PartOfSpeech=TO Lemma=to NamedEntityTag=O]
[Text=ensure CharacterOffsetBegin=69 CharacterOffsetEnd=75 PartOfSpeech=VB Lemma=ensure NamedEntityTag=O]
[Text=he CharacterOffsetBegin=76 CharacterOffsetEnd=78 PartOfSpeech=PRP Lemma=he NamedEntityTag=O]
[Text=develops CharacterOffsetBegin=79 CharacterOffsetEnd=87 PartOfSpeech=VBZ Lemma=develop NamedEntityTag=O]
[Text=into CharacterOffsetBegin=88 CharacterOffsetEnd=92 PartOfSpeech=IN Lemma=into NamedEntityTag=O]
[Text=a CharacterOffsetBegin=93 CharacterOffsetEnd=94 PartOfSpeech=DT Lemma=a NamedEntityTag=O]
[Text=fine CharacterOffsetBegin=95 CharacterOffsetEnd=99 PartOfSpeech=JJ Lemma=fine NamedEntityTag=O]
[Text=captain CharacterOffsetBegin=100 CharacterOffsetEnd=107 PartOfSpeech=NN Lemma=captain NamedEntityTag=O]
[Text=one CharacterOffsetBegin=108 CharacterOffsetEnd=111 PartOfSpeech=CD Lemma=one NamedEntityTag=DURATION NormalizedNamedEntityTag=P1D Timex=<TIMEX3 tid="t1" type="DURATION" value="P1D">one day</TIMEX3>]
[Text=day CharacterOffsetBegin=112 CharacterOffsetEnd=115 PartOfSpeech=NN Lemma=day NamedEntityTag=DURATION NormalizedNamedEntityTag=P1D Timex=<TIMEX3 tid="t1" type="DURATION" value="P1D">one day</TIMEX3>]
(ROOT
  (SINV
    (S
      (NP (NNP Captain) (NNP Picard))
      (VP (VBZ tends)
        (S
          (VP (TO to)
            (VP (VB confide)
              (PP (IN in)
                (NP (NNP Commander) (NNP Riker)))
              (SBAR (IN since)
                (S
                  (NP (PRP he))
                  (VP (VBZ wants)
                    (S
                      (VP (TO to)
                        (VP (VB ensure)
                          (NP (PRP he)))))))))))))
    (VP (VBZ develops)
      (PP (IN into)
        (NP (DT a) (JJ fine) (NN captain))))
    (NP (CD one) (NN day))))

root(ROOT-0, develops-15)
compound(Picard-2, Captain-1)
nsubj(tends-3, Picard-2)
nsubj:xsubj(confide-5, Picard-2)
dep(develops-15, tends-3)
mark(confide-5, to-4)
xcomp(tends-3, confide-5)
case(Riker-8, in-6)
compound(Riker-8, Commander-7)
nmod:in(confide-5, Riker-8)
mark(wants-11, since-9)
nsubj(wants-11, he-10)
nsubj:xsubj(ensure-13, he-10)
advcl:since(confide-5, wants-11)
mark(ensure-13, to-12)
xcomp(wants-11, ensure-13)
dobj(ensure-13, he-14)
case(captain-19, into-16)
det(captain-19, a-17)
amod(captain-19, fine-18)
nmod:into(develops-15, captain-19)
nummod(day-21, one-20)
nsubj(develops-15, day-21)

Coreference set:
	(1,10,[10,11]) -> (1,8,[7,9]), that is: "he" -> "Commander Riker"
	(1,14,[14,15]) -> (1,8,[7,9]), that is: "he" -> "Commander Riker"
