Sentence #1 (20 tokens):
Captain Picard tends to confide in Commander Riker because he needs to soak up as much experience as he can
[Text=Captain CharacterOffsetBegin=0 CharacterOffsetEnd=7 PartOfSpeech=NNP Lemma=Captain NamedEntityTag=O]
[Text=Picard CharacterOffsetBegin=8 CharacterOffsetEnd=14 PartOfSpeech=NNP Lemma=Picard NamedEntityTag=PERSON]
[Text=tends CharacterOffsetBegin=15 CharacterOffsetEnd=20 PartOfSpeech=VBZ Lemma=tend NamedEntityTag=O]
[Text=to CharacterOffsetBegin=21 CharacterOffsetEnd=23 PartOfSpeech=TO Lemma=to NamedEntityTag=O]
[Text=confide CharacterOffsetBegin=24 CharacterOffsetEnd=31 PartOfSpeech=VB Lemma=confide NamedEntityTag=O]
[Text=in CharacterOffsetBegin=32 CharacterOffsetEnd=34 PartOfSpeech=IN Lemma=in NamedEntityTag=O]
[Text=Commander CharacterOffsetBegin=35 CharacterOffsetEnd=44 PartOfSpeech=NNP Lemma=Commander NamedEntityTag=O]
[Text=Riker CharacterOffsetBegin=45 CharacterOffsetEnd=50 PartOfSpeech=NNP Lemma=Riker NamedEntityTag=PERSON]
[Text=because CharacterOffsetBegin=51 CharacterOffsetEnd=58 PartOfSpeech=IN Lemma=because NamedEntityTag=O]
[Text=he CharacterOffsetBegin=59 CharacterOffsetEnd=61 PartOfSpeech=PRP Lemma=he NamedEntityTag=O]
[Text=needs CharacterOffsetBegin=62 CharacterOffsetEnd=67 PartOfSpeech=VBZ Lemma=need NamedEntityTag=O]
[Text=to CharacterOffsetBegin=68 CharacterOffsetEnd=70 PartOfSpeech=TO Lemma=to NamedEntityTag=O]
[Text=soak CharacterOffsetBegin=71 CharacterOffsetEnd=75 PartOfSpeech=VB Lemma=soak NamedEntityTag=O]
[Text=up CharacterOffsetBegin=76 CharacterOffsetEnd=78 PartOfSpeech=RP Lemma=up NamedEntityTag=O]
[Text=as CharacterOffsetBegin=79 CharacterOffsetEnd=81 PartOfSpeech=RB Lemma=as NamedEntityTag=O]
[Text=much CharacterOffsetBegin=82 CharacterOffsetEnd=86 PartOfSpeech=JJ Lemma=much NamedEntityTag=O]
[Text=experience CharacterOffsetBegin=87 CharacterOffsetEnd=97 PartOfSpeech=NN Lemma=experience NamedEntityTag=O]
[Text=as CharacterOffsetBegin=98 CharacterOffsetEnd=100 PartOfSpeech=IN Lemma=as NamedEntityTag=O]
[Text=he CharacterOffsetBegin=101 CharacterOffsetEnd=103 PartOfSpeech=PRP Lemma=he NamedEntityTag=O]
[Text=can CharacterOffsetBegin=104 CharacterOffsetEnd=107 PartOfSpeech=MD Lemma=can NamedEntityTag=O]
(ROOT
  (S
    (NP (NNP Captain) (NNP Picard))
    (VP (VBZ tends)
      (S
        (VP (TO to)
          (VP (VB confide)
            (PP (IN in)
              (NP (NNP Commander) (NNP Riker)))
            (SBAR (IN because)
              (S
                (NP (PRP he))
                (VP (VBZ needs)
                  (S
                    (VP (TO to)
                      (VP (VB soak)
                        (PRT (RP up))
                        (NP (RB as) (JJ much) (NN experience))
                        (SBAR (IN as)
                          (S
                            (NP (PRP he))
                            (VP (MD can))))))))))))))))

root(ROOT-0, tends-3)
compound(Picard-2, Captain-1)
nsubj(tends-3, Picard-2)
nsubj:xsubj(confide-5, Picard-2)
mark(confide-5, to-4)
xcomp(tends-3, confide-5)
case(Riker-8, in-6)
compound(Riker-8, Commander-7)
nmod:in(confide-5, Riker-8)
mark(needs-11, because-9)
nsubj(needs-11, he-10)
nsubj:xsubj(soak-13, he-10)
advcl:because(confide-5, needs-11)
mark(soak-13, to-12)
xcomp(needs-11, soak-13)
compound:prt(soak-13, up-14)
advmod(experience-17, as-15)
amod(experience-17, much-16)
dobj(soak-13, experience-17)
mark(can-20, as-18)
nsubj(can-20, he-19)
advcl:as(soak-13, can-20)

Coreference set:
	(1,10,[10,11]) -> (1,8,[7,9]), that is: "he" -> "Commander Riker"
	(1,19,[19,20]) -> (1,8,[7,9]), that is: "he" -> "Commander Riker"
