Sentence #1 (30 tokens):
Data is an android who can learn new materials much faster than Acting Ensign Wesley since he has the ability to learn vasts amount of information quickly into his database
[Text=Data CharacterOffsetBegin=0 CharacterOffsetEnd=4 PartOfSpeech=NNS Lemma=datum NamedEntityTag=O]
[Text=is CharacterOffsetBegin=5 CharacterOffsetEnd=7 PartOfSpeech=VBZ Lemma=be NamedEntityTag=O]
[Text=an CharacterOffsetBegin=8 CharacterOffsetEnd=10 PartOfSpeech=DT Lemma=a NamedEntityTag=O]
[Text=android CharacterOffsetBegin=11 CharacterOffsetEnd=18 PartOfSpeech=NN Lemma=android NamedEntityTag=O]
[Text=who CharacterOffsetBegin=19 CharacterOffsetEnd=22 PartOfSpeech=WP Lemma=who NamedEntityTag=O]
[Text=can CharacterOffsetBegin=23 CharacterOffsetEnd=26 PartOfSpeech=MD Lemma=can NamedEntityTag=O]
[Text=learn CharacterOffsetBegin=27 CharacterOffsetEnd=32 PartOfSpeech=VB Lemma=learn NamedEntityTag=O]
[Text=new CharacterOffsetBegin=33 CharacterOffsetEnd=36 PartOfSpeech=JJ Lemma=new NamedEntityTag=O]
[Text=materials CharacterOffsetBegin=37 CharacterOffsetEnd=46 PartOfSpeech=NNS Lemma=material NamedEntityTag=O]
[Text=much CharacterOffsetBegin=47 CharacterOffsetEnd=51 PartOfSpeech=JJ Lemma=much NamedEntityTag=O]
[Text=faster CharacterOffsetBegin=52 CharacterOffsetEnd=58 PartOfSpeech=JJR Lemma=faster NamedEntityTag=O]
[Text=than CharacterOffsetBegin=59 CharacterOffsetEnd=63 PartOfSpeech=IN Lemma=than NamedEntityTag=O]
[Text=Acting CharacterOffsetBegin=64 CharacterOffsetEnd=70 PartOfSpeech=NNP Lemma=Acting NamedEntityTag=O]
[Text=Ensign CharacterOffsetBegin=71 CharacterOffsetEnd=77 PartOfSpeech=NNP Lemma=Ensign NamedEntityTag=PERSON]
[Text=Wesley CharacterOffsetBegin=78 CharacterOffsetEnd=84 PartOfSpeech=NNP Lemma=Wesley NamedEntityTag=PERSON]
[Text=since CharacterOffsetBegin=85 CharacterOffsetEnd=90 PartOfSpeech=IN Lemma=since NamedEntityTag=O]
[Text=he CharacterOffsetBegin=91 CharacterOffsetEnd=93 PartOfSpeech=PRP Lemma=he NamedEntityTag=O]
[Text=has CharacterOffsetBegin=94 CharacterOffsetEnd=97 PartOfSpeech=VBZ Lemma=have NamedEntityTag=O]
[Text=the CharacterOffsetBegin=98 CharacterOffsetEnd=101 PartOfSpeech=DT Lemma=the NamedEntityTag=O]
[Text=ability CharacterOffsetBegin=102 CharacterOffsetEnd=109 PartOfSpeech=NN Lemma=ability NamedEntityTag=O]
[Text=to CharacterOffsetBegin=110 CharacterOffsetEnd=112 PartOfSpeech=TO Lemma=to NamedEntityTag=O]
[Text=learn CharacterOffsetBegin=113 CharacterOffsetEnd=118 PartOfSpeech=VB Lemma=learn NamedEntityTag=O]
[Text=vasts CharacterOffsetBegin=119 CharacterOffsetEnd=124 PartOfSpeech=NNS Lemma=vast NamedEntityTag=O]
[Text=amount CharacterOffsetBegin=125 CharacterOffsetEnd=131 PartOfSpeech=NN Lemma=amount NamedEntityTag=O]
[Text=of CharacterOffsetBegin=132 CharacterOffsetEnd=134 PartOfSpeech=IN Lemma=of NamedEntityTag=O]
[Text=information CharacterOffsetBegin=135 CharacterOffsetEnd=146 PartOfSpeech=NN Lemma=information NamedEntityTag=O]
[Text=quickly CharacterOffsetBegin=147 CharacterOffsetEnd=154 PartOfSpeech=RB Lemma=quickly NamedEntityTag=O]
[Text=into CharacterOffsetBegin=155 CharacterOffsetEnd=159 PartOfSpeech=IN Lemma=into NamedEntityTag=O]
[Text=his CharacterOffsetBegin=160 CharacterOffsetEnd=163 PartOfSpeech=PRP$ Lemma=he NamedEntityTag=O]
[Text=database CharacterOffsetBegin=164 CharacterOffsetEnd=172 PartOfSpeech=NN Lemma=database NamedEntityTag=O]
(ROOT
  (S
    (NP (NNS Data))
    (VP (VBZ is)
      (NP
        (NP (DT an) (NN android))
        (SBAR
          (WHNP (WP who))
          (S
            (VP (MD can)
              (VP (VB learn)
                (NP
                  (NP (JJ new) (NNS materials))
                  (ADJP (JJ much) (JJR faster)))
                (PP (IN than)
                  (NP (NNP Acting) (NNP Ensign) (NNP Wesley)))
                (SBAR (IN since)
                  (S
                    (NP (PRP he))
                    (VP (VBZ has)
                      (NP (DT the) (NN ability)
                        (S
                          (VP (TO to)
                            (VP (VB learn)
                              (NP
                                (NP (NNS vasts) (NN amount))
                                (PP (IN of)
                                  (NP (NN information))))
                              (PP
                                (ADVP (RB quickly))
                                (IN into)
                                (NP (PRP$ his) (NN database))))))))))))))))))

root(ROOT-0, android-4)
nsubj(android-4, Data-1)
cop(android-4, is-2)
det(android-4, an-3)
nsubj(learn-7, android-4)
ref(android-4, who-5)
aux(learn-7, can-6)
acl:relcl(android-4, learn-7)
amod(materials-9, new-8)
dobj(learn-7, materials-9)
amod(materials-9, much-10)
dep(much-10, faster-11)
case(Wesley-15, than-12)
compound(Wesley-15, Acting-13)
compound(Wesley-15, Ensign-14)
nmod:than(learn-7, Wesley-15)
mark(has-18, since-16)
nsubj(has-18, he-17)
advcl:since(learn-7, has-18)
det(ability-20, the-19)
dobj(has-18, ability-20)
mark(learn-22, to-21)
acl:to(ability-20, learn-22)
compound(amount-24, vasts-23)
dobj(learn-22, amount-24)
case(information-26, of-25)
nmod:of(amount-24, information-26)
advmod(database-30, quickly-27)
case(database-30, into-28)
nmod:poss(database-30, his-29)
nmod:into(learn-22, database-30)

Coreference set:
	(1,17,[17,18]) -> (1,15,[13,16]), that is: "he" -> "Acting Ensign Wesley"
	(1,29,[29,30]) -> (1,15,[13,16]), that is: "his" -> "Acting Ensign Wesley"
