Sentence #1 (28 tokens):
Data is an android who can learn new materials much faster than Acting Ensign Wesley, because he does not have an electronic brain to learn as quickly
[Text=Data CharacterOffsetBegin=0 CharacterOffsetEnd=4 PartOfSpeech=NNS Lemma=datum NamedEntityTag=O]
[Text=is CharacterOffsetBegin=5 CharacterOffsetEnd=7 PartOfSpeech=VBZ Lemma=be NamedEntityTag=O]
[Text=an CharacterOffsetBegin=8 CharacterOffsetEnd=10 PartOfSpeech=DT Lemma=a NamedEntityTag=O]
[Text=android CharacterOffsetBegin=11 CharacterOffsetEnd=18 PartOfSpeech=NN Lemma=android NamedEntityTag=O]
[Text=who CharacterOffsetBegin=19 CharacterOffsetEnd=22 PartOfSpeech=WP Lemma=who NamedEntityTag=O]
[Text=can CharacterOffsetBegin=23 CharacterOffsetEnd=26 PartOfSpeech=MD Lemma=can NamedEntityTag=O]
[Text=learn CharacterOffsetBegin=27 CharacterOffsetEnd=32 PartOfSpeech=VB Lemma=learn NamedEntityTag=O]
[Text=new CharacterOffsetBegin=33 CharacterOffsetEnd=36 PartOfSpeech=JJ Lemma=new NamedEntityTag=O]
[Text=materials CharacterOffsetBegin=37 CharacterOffsetEnd=46 PartOfSpeech=NNS Lemma=material NamedEntityTag=O]
[Text=much CharacterOffsetBegin=47 CharacterOffsetEnd=51 PartOfSpeech=JJ Lemma=much NamedEntityTag=O]
[Text=faster CharacterOffsetBegin=52 CharacterOffsetEnd=58 PartOfSpeech=JJR Lemma=faster NamedEntityTag=O]
[Text=than CharacterOffsetBegin=59 CharacterOffsetEnd=63 PartOfSpeech=IN Lemma=than NamedEntityTag=O]
[Text=Acting CharacterOffsetBegin=64 CharacterOffsetEnd=70 PartOfSpeech=NNP Lemma=Acting NamedEntityTag=O]
[Text=Ensign CharacterOffsetBegin=71 CharacterOffsetEnd=77 PartOfSpeech=NNP Lemma=Ensign NamedEntityTag=PERSON]
[Text=Wesley CharacterOffsetBegin=78 CharacterOffsetEnd=84 PartOfSpeech=NNP Lemma=Wesley NamedEntityTag=PERSON]
[Text=, CharacterOffsetBegin=84 CharacterOffsetEnd=85 PartOfSpeech=, Lemma=, NamedEntityTag=O]
[Text=because CharacterOffsetBegin=86 CharacterOffsetEnd=93 PartOfSpeech=IN Lemma=because NamedEntityTag=O]
[Text=he CharacterOffsetBegin=94 CharacterOffsetEnd=96 PartOfSpeech=PRP Lemma=he NamedEntityTag=O]
[Text=does CharacterOffsetBegin=97 CharacterOffsetEnd=101 PartOfSpeech=VBZ Lemma=do NamedEntityTag=O]
[Text=not CharacterOffsetBegin=102 CharacterOffsetEnd=105 PartOfSpeech=RB Lemma=not NamedEntityTag=O]
[Text=have CharacterOffsetBegin=106 CharacterOffsetEnd=110 PartOfSpeech=VB Lemma=have NamedEntityTag=O]
[Text=an CharacterOffsetBegin=111 CharacterOffsetEnd=113 PartOfSpeech=DT Lemma=a NamedEntityTag=O]
[Text=electronic CharacterOffsetBegin=114 CharacterOffsetEnd=124 PartOfSpeech=JJ Lemma=electronic NamedEntityTag=O]
[Text=brain CharacterOffsetBegin=125 CharacterOffsetEnd=130 PartOfSpeech=NN Lemma=brain NamedEntityTag=O]
[Text=to CharacterOffsetBegin=131 CharacterOffsetEnd=133 PartOfSpeech=TO Lemma=to NamedEntityTag=O]
[Text=learn CharacterOffsetBegin=134 CharacterOffsetEnd=139 PartOfSpeech=VB Lemma=learn NamedEntityTag=O]
[Text=as CharacterOffsetBegin=140 CharacterOffsetEnd=142 PartOfSpeech=RB Lemma=as NamedEntityTag=O]
[Text=quickly CharacterOffsetBegin=143 CharacterOffsetEnd=150 PartOfSpeech=RB Lemma=quickly NamedEntityTag=O]
(ROOT
  (S
    (NP (NNS Data))
    (VP (VBZ is)
      (NP
        (NP (DT an) (NN android))
        (SBAR
          (WHNP (WP who))
          (S
            (VP (MD can)
              (VP (VB learn)
                (NP
                  (NP (JJ new) (NNS materials))
                  (ADJP (JJ much) (JJR faster)))
                (PP (IN than)
                  (NP (NNP Acting) (NNP Ensign) (NNP Wesley)))
                (, ,)
                (SBAR (IN because)
                  (S
                    (NP (PRP he))
                    (VP (VBZ does) (RB not)
                      (VP (VB have)
                        (NP (DT an) (JJ electronic) (NN brain)
                          (S
                            (VP (TO to)
                              (VP (VB learn)
                                (ADVP (RB as) (RB quickly))))))))))))))))))

root(ROOT-0, android-4)
nsubj(android-4, Data-1)
cop(android-4, is-2)
det(android-4, an-3)
nsubj(learn-7, android-4)
ref(android-4, who-5)
aux(learn-7, can-6)
acl:relcl(android-4, learn-7)
amod(materials-9, new-8)
dobj(learn-7, materials-9)
amod(materials-9, much-10)
dep(much-10, faster-11)
case(Wesley-15, than-12)
compound(Wesley-15, Acting-13)
compound(Wesley-15, Ensign-14)
nmod:than(learn-7, Wesley-15)
punct(learn-7, ,-16)
mark(have-21, because-17)
nsubj(have-21, he-18)
aux(have-21, does-19)
neg(have-21, not-20)
advcl:because(learn-7, have-21)
det(brain-24, an-22)
amod(brain-24, electronic-23)
dobj(have-21, brain-24)
mark(learn-26, to-25)
acl:to(brain-24, learn-26)
advmod(quickly-28, as-27)
advmod(learn-26, quickly-28)

Coreference set:
	(1,18,[18,19]) -> (1,15,[14,16]), that is: "he" -> "Ensign Wesley"
