Sentence #1 (12 tokens):
Steve went to the meeting with John because he was asked to
[Text=Steve CharacterOffsetBegin=0 CharacterOffsetEnd=5 PartOfSpeech=NNP Lemma=Steve NamedEntityTag=PERSON]
[Text=went CharacterOffsetBegin=6 CharacterOffsetEnd=10 PartOfSpeech=VBD Lemma=go NamedEntityTag=O]
[Text=to CharacterOffsetBegin=11 CharacterOffsetEnd=13 PartOfSpeech=TO Lemma=to NamedEntityTag=O]
[Text=the CharacterOffsetBegin=14 CharacterOffsetEnd=17 PartOfSpeech=DT Lemma=the NamedEntityTag=O]
[Text=meeting CharacterOffsetBegin=18 CharacterOffsetEnd=25 PartOfSpeech=NN Lemma=meeting NamedEntityTag=O]
[Text=with CharacterOffsetBegin=26 CharacterOffsetEnd=30 PartOfSpeech=IN Lemma=with NamedEntityTag=O]
[Text=John CharacterOffsetBegin=31 CharacterOffsetEnd=35 PartOfSpeech=NNP Lemma=John NamedEntityTag=PERSON]
[Text=because CharacterOffsetBegin=36 CharacterOffsetEnd=43 PartOfSpeech=IN Lemma=because NamedEntityTag=O]
[Text=he CharacterOffsetBegin=44 CharacterOffsetEnd=46 PartOfSpeech=PRP Lemma=he NamedEntityTag=O]
[Text=was CharacterOffsetBegin=47 CharacterOffsetEnd=50 PartOfSpeech=VBD Lemma=be NamedEntityTag=O]
[Text=asked CharacterOffsetBegin=51 CharacterOffsetEnd=56 PartOfSpeech=VBN Lemma=ask NamedEntityTag=O]
[Text=to CharacterOffsetBegin=57 CharacterOffsetEnd=59 PartOfSpeech=TO Lemma=to NamedEntityTag=O]
(ROOT
  (S
    (NP (NNP Steve))
    (VP (VBD went)
      (PP (TO to)
        (NP
          (NP (DT the) (NN meeting))
          (PP (IN with)
            (NP (NNP John)))))
      (SBAR (IN because)
        (S
          (NP (PRP he))
          (VP (VBD was)
            (VP (VBN asked)
              (S
                (VP (TO to))))))))))

root(ROOT-0, went-2)
nsubj(went-2, Steve-1)
case(meeting-5, to-3)
det(meeting-5, the-4)
nmod:to(went-2, meeting-5)
case(John-7, with-6)
nmod:with(meeting-5, John-7)
mark(asked-11, because-8)
nsubjpass(asked-11, he-9)
nsubj:xsubj(to-12, he-9)
auxpass(asked-11, was-10)
advcl:because(went-2, asked-11)
xcomp(asked-11, to-12)

Coreference set:
	(1,9,[9,10]) -> (1,1,[1,2]), that is: "he" -> "Steve"
