Sentence #1 (18 tokens):
Pei Wei sells sesame chicken as a signature dish since they have much demand for this particular dish
[Text=Pei CharacterOffsetBegin=0 CharacterOffsetEnd=3 PartOfSpeech=NNP Lemma=Pei NamedEntityTag=PERSON]
[Text=Wei CharacterOffsetBegin=4 CharacterOffsetEnd=7 PartOfSpeech=NNP Lemma=Wei NamedEntityTag=PERSON]
[Text=sells CharacterOffsetBegin=8 CharacterOffsetEnd=13 PartOfSpeech=VBZ Lemma=sell NamedEntityTag=O]
[Text=sesame CharacterOffsetBegin=14 CharacterOffsetEnd=20 PartOfSpeech=JJ Lemma=sesame NamedEntityTag=O]
[Text=chicken CharacterOffsetBegin=21 CharacterOffsetEnd=28 PartOfSpeech=NN Lemma=chicken NamedEntityTag=O]
[Text=as CharacterOffsetBegin=29 CharacterOffsetEnd=31 PartOfSpeech=IN Lemma=as NamedEntityTag=O]
[Text=a CharacterOffsetBegin=32 CharacterOffsetEnd=33 PartOfSpeech=DT Lemma=a NamedEntityTag=O]
[Text=signature CharacterOffsetBegin=34 CharacterOffsetEnd=43 PartOfSpeech=NN Lemma=signature NamedEntityTag=O]
[Text=dish CharacterOffsetBegin=44 CharacterOffsetEnd=48 PartOfSpeech=NN Lemma=dish NamedEntityTag=O]
[Text=since CharacterOffsetBegin=49 CharacterOffsetEnd=54 PartOfSpeech=IN Lemma=since NamedEntityTag=O]
[Text=they CharacterOffsetBegin=55 CharacterOffsetEnd=59 PartOfSpeech=PRP Lemma=they NamedEntityTag=O]
[Text=have CharacterOffsetBegin=60 CharacterOffsetEnd=64 PartOfSpeech=VBP Lemma=have NamedEntityTag=O]
[Text=much CharacterOffsetBegin=65 CharacterOffsetEnd=69 PartOfSpeech=JJ Lemma=much NamedEntityTag=O]
[Text=demand CharacterOffsetBegin=70 CharacterOffsetEnd=76 PartOfSpeech=NN Lemma=demand NamedEntityTag=O]
[Text=for CharacterOffsetBegin=77 CharacterOffsetEnd=80 PartOfSpeech=IN Lemma=for NamedEntityTag=O]
[Text=this CharacterOffsetBegin=81 CharacterOffsetEnd=85 PartOfSpeech=DT Lemma=this NamedEntityTag=O]
[Text=particular CharacterOffsetBegin=86 CharacterOffsetEnd=96 PartOfSpeech=JJ Lemma=particular NamedEntityTag=O]
[Text=dish CharacterOffsetBegin=97 CharacterOffsetEnd=101 PartOfSpeech=NN Lemma=dish NamedEntityTag=O]
(ROOT
  (S
    (NP (NNP Pei) (NNP Wei))
    (VP (VBZ sells)
      (NP (JJ sesame) (NN chicken))
      (PP (IN as)
        (NP (DT a) (NN signature) (NN dish)))
      (SBAR (IN since)
        (S
          (NP (PRP they))
          (VP (VBP have)
            (NP
              (NP (JJ much) (NN demand))
              (PP (IN for)
                (NP (DT this) (JJ particular) (NN dish))))))))))

root(ROOT-0, sells-3)
compound(Wei-2, Pei-1)
nsubj(sells-3, Wei-2)
amod(chicken-5, sesame-4)
dobj(sells-3, chicken-5)
case(dish-9, as-6)
det(dish-9, a-7)
compound(dish-9, signature-8)
nmod:as(sells-3, dish-9)
mark(have-12, since-10)
nsubj(have-12, they-11)
advcl:since(sells-3, have-12)
amod(demand-14, much-13)
dobj(have-12, demand-14)
case(dish-18, for-15)
det(dish-18, this-16)
amod(dish-18, particular-17)
nmod:for(demand-14, dish-18)

