Sentence #1 (24 tokens):
The priests quoted the words of the Bible for all the suspected witches they found, since they feared the words of the Bible
[Text=The CharacterOffsetBegin=0 CharacterOffsetEnd=3 PartOfSpeech=DT Lemma=the NamedEntityTag=O]
[Text=priests CharacterOffsetBegin=4 CharacterOffsetEnd=11 PartOfSpeech=NNS Lemma=priest NamedEntityTag=O]
[Text=quoted CharacterOffsetBegin=12 CharacterOffsetEnd=18 PartOfSpeech=VBD Lemma=quote NamedEntityTag=O]
[Text=the CharacterOffsetBegin=19 CharacterOffsetEnd=22 PartOfSpeech=DT Lemma=the NamedEntityTag=O]
[Text=words CharacterOffsetBegin=23 CharacterOffsetEnd=28 PartOfSpeech=NNS Lemma=word NamedEntityTag=O]
[Text=of CharacterOffsetBegin=29 CharacterOffsetEnd=31 PartOfSpeech=IN Lemma=of NamedEntityTag=O]
[Text=the CharacterOffsetBegin=32 CharacterOffsetEnd=35 PartOfSpeech=DT Lemma=the NamedEntityTag=O]
[Text=Bible CharacterOffsetBegin=36 CharacterOffsetEnd=41 PartOfSpeech=NNP Lemma=Bible NamedEntityTag=O]
[Text=for CharacterOffsetBegin=42 CharacterOffsetEnd=45 PartOfSpeech=IN Lemma=for NamedEntityTag=O]
[Text=all CharacterOffsetBegin=46 CharacterOffsetEnd=49 PartOfSpeech=PDT Lemma=all NamedEntityTag=O]
[Text=the CharacterOffsetBegin=50 CharacterOffsetEnd=53 PartOfSpeech=DT Lemma=the NamedEntityTag=O]
[Text=suspected CharacterOffsetBegin=54 CharacterOffsetEnd=63 PartOfSpeech=VBN Lemma=suspect NamedEntityTag=O]
[Text=witches CharacterOffsetBegin=64 CharacterOffsetEnd=71 PartOfSpeech=NNS Lemma=witch NamedEntityTag=O]
[Text=they CharacterOffsetBegin=72 CharacterOffsetEnd=76 PartOfSpeech=PRP Lemma=they NamedEntityTag=O]
[Text=found CharacterOffsetBegin=77 CharacterOffsetEnd=82 PartOfSpeech=VBD Lemma=find NamedEntityTag=O]
[Text=, CharacterOffsetBegin=82 CharacterOffsetEnd=83 PartOfSpeech=, Lemma=, NamedEntityTag=O]
[Text=since CharacterOffsetBegin=84 CharacterOffsetEnd=89 PartOfSpeech=IN Lemma=since NamedEntityTag=O]
[Text=they CharacterOffsetBegin=90 CharacterOffsetEnd=94 PartOfSpeech=PRP Lemma=they NamedEntityTag=O]
[Text=feared CharacterOffsetBegin=95 CharacterOffsetEnd=101 PartOfSpeech=VBD Lemma=fear NamedEntityTag=O]
[Text=the CharacterOffsetBegin=102 CharacterOffsetEnd=105 PartOfSpeech=DT Lemma=the NamedEntityTag=O]
[Text=words CharacterOffsetBegin=106 CharacterOffsetEnd=111 PartOfSpeech=NNS Lemma=word NamedEntityTag=O]
[Text=of CharacterOffsetBegin=112 CharacterOffsetEnd=114 PartOfSpeech=IN Lemma=of NamedEntityTag=O]
[Text=the CharacterOffsetBegin=115 CharacterOffsetEnd=118 PartOfSpeech=DT Lemma=the NamedEntityTag=O]
[Text=Bible CharacterOffsetBegin=119 CharacterOffsetEnd=124 PartOfSpeech=NNP Lemma=Bible NamedEntityTag=O]
(ROOT
  (S
    (NP (DT The) (NNS priests))
    (VP (VBD quoted)
      (NP
        (NP (DT the) (NNS words))
        (PP (IN of)
          (NP (DT the) (NNP Bible))))
      (PP (IN for)
        (NP
          (NP (PDT all) (DT the) (VBN suspected) (NNS witches))
          (SBAR
            (S
              (NP (PRP they))
              (VP (VBD found) (, ,)
                (SBAR (IN since)
                  (S
                    (NP (PRP they))
                    (VP (VBD feared)
                      (NP
                        (NP (DT the) (NNS words))
                        (PP (IN of)
                          (NP (DT the) (NNP Bible)))))))))))))))

root(ROOT-0, quoted-3)
det(priests-2, The-1)
nsubj(quoted-3, priests-2)
det(words-5, the-4)
dobj(quoted-3, words-5)
case(Bible-8, of-6)
det(Bible-8, the-7)
nmod:of(words-5, Bible-8)
case(witches-13, for-9)
det:predet(witches-13, all-10)
det(witches-13, the-11)
amod(witches-13, suspected-12)
nmod:for(quoted-3, witches-13)
nsubj(found-15, they-14)
acl:relcl(witches-13, found-15)
punct(found-15, ,-16)
mark(feared-19, since-17)
nsubj(feared-19, they-18)
advcl:since(found-15, feared-19)
det(words-21, the-20)
dobj(feared-19, words-21)
case(Bible-24, of-22)
det(Bible-24, the-23)
nmod:of(words-21, Bible-24)

Coreference set:
	(1,14,[14,15]) -> (1,2,[1,3]), that is: "they" -> "The priests"
	(1,18,[18,19]) -> (1,2,[1,3]), that is: "they" -> "The priests"
Coreference set:
	(1,21,[20,25]) -> (1,5,[4,9]), that is: "the words of the Bible" -> "the words of the Bible"
Coreference set:
	(1,24,[23,25]) -> (1,8,[7,9]), that is: "the Bible" -> "the Bible"
