Sentence #1 (22 tokens):
The victims of the Black Plague blamed the witches for causing the curse because they did not understand diseases at the time
[Text=The CharacterOffsetBegin=0 CharacterOffsetEnd=3 PartOfSpeech=DT Lemma=the NamedEntityTag=O]
[Text=victims CharacterOffsetBegin=4 CharacterOffsetEnd=11 PartOfSpeech=NNS Lemma=victim NamedEntityTag=O]
[Text=of CharacterOffsetBegin=12 CharacterOffsetEnd=14 PartOfSpeech=IN Lemma=of NamedEntityTag=O]
[Text=the CharacterOffsetBegin=15 CharacterOffsetEnd=18 PartOfSpeech=DT Lemma=the NamedEntityTag=O]
[Text=Black CharacterOffsetBegin=19 CharacterOffsetEnd=24 PartOfSpeech=JJ Lemma=black NamedEntityTag=O]
[Text=Plague CharacterOffsetBegin=25 CharacterOffsetEnd=31 PartOfSpeech=NN Lemma=plague NamedEntityTag=O]
[Text=blamed CharacterOffsetBegin=32 CharacterOffsetEnd=38 PartOfSpeech=VBD Lemma=blame NamedEntityTag=O]
[Text=the CharacterOffsetBegin=39 CharacterOffsetEnd=42 PartOfSpeech=DT Lemma=the NamedEntityTag=O]
[Text=witches CharacterOffsetBegin=43 CharacterOffsetEnd=50 PartOfSpeech=NNS Lemma=witch NamedEntityTag=O]
[Text=for CharacterOffsetBegin=51 CharacterOffsetEnd=54 PartOfSpeech=IN Lemma=for NamedEntityTag=O]
[Text=causing CharacterOffsetBegin=55 CharacterOffsetEnd=62 PartOfSpeech=VBG Lemma=cause NamedEntityTag=O]
[Text=the CharacterOffsetBegin=63 CharacterOffsetEnd=66 PartOfSpeech=DT Lemma=the NamedEntityTag=O]
[Text=curse CharacterOffsetBegin=67 CharacterOffsetEnd=72 PartOfSpeech=NN Lemma=curse NamedEntityTag=O]
[Text=because CharacterOffsetBegin=73 CharacterOffsetEnd=80 PartOfSpeech=IN Lemma=because NamedEntityTag=O]
[Text=they CharacterOffsetBegin=81 CharacterOffsetEnd=85 PartOfSpeech=PRP Lemma=they NamedEntityTag=O]
[Text=did CharacterOffsetBegin=86 CharacterOffsetEnd=89 PartOfSpeech=VBD Lemma=do NamedEntityTag=O]
[Text=not CharacterOffsetBegin=90 CharacterOffsetEnd=93 PartOfSpeech=RB Lemma=not NamedEntityTag=O]
[Text=understand CharacterOffsetBegin=94 CharacterOffsetEnd=104 PartOfSpeech=VB Lemma=understand NamedEntityTag=O]
[Text=diseases CharacterOffsetBegin=105 CharacterOffsetEnd=113 PartOfSpeech=NNS Lemma=disease NamedEntityTag=O]
[Text=at CharacterOffsetBegin=114 CharacterOffsetEnd=116 PartOfSpeech=IN Lemma=at NamedEntityTag=O]
[Text=the CharacterOffsetBegin=117 CharacterOffsetEnd=120 PartOfSpeech=DT Lemma=the NamedEntityTag=O]
[Text=time CharacterOffsetBegin=121 CharacterOffsetEnd=125 PartOfSpeech=NN Lemma=time NamedEntityTag=DATE NormalizedNamedEntityTag=PAST_REF Timex=<TIMEX3 tid="t1" type="DATE" value="PAST_REF">time</TIMEX3>]
(ROOT
  (S
    (NP
      (NP (DT The) (NNS victims))
      (PP (IN of)
        (NP (DT the) (JJ Black) (NN Plague))))
    (VP (VBD blamed)
      (NP (DT the) (NNS witches))
      (PP (IN for)
        (S
          (VP (VBG causing)
            (NP (DT the) (NN curse))
            (SBAR (IN because)
              (S
                (NP (PRP they))
                (VP (VBD did) (RB not)
                  (VP (VB understand)
                    (NP (NNS diseases))
                    (PP (IN at)
                      (NP (DT the) (NN time)))))))))))))

root(ROOT-0, blamed-7)
det(victims-2, The-1)
nsubj(blamed-7, victims-2)
case(Plague-6, of-3)
det(Plague-6, the-4)
amod(Plague-6, Black-5)
nmod:of(victims-2, Plague-6)
det(witches-9, the-8)
dobj(blamed-7, witches-9)
mark(causing-11, for-10)
advcl:for(blamed-7, causing-11)
det(curse-13, the-12)
dobj(causing-11, curse-13)
mark(understand-18, because-14)
nsubj(understand-18, they-15)
aux(understand-18, did-16)
neg(understand-18, not-17)
advcl:because(causing-11, understand-18)
dobj(understand-18, diseases-19)
case(time-22, at-20)
det(time-22, the-21)
nmod:at(understand-18, time-22)

Coreference set:
	(1,15,[15,16]) -> (1,2,[1,7]), that is: "they" -> "The victims of the Black Plague"
