Sentence #1 (19 tokens):
The victims of the Black Plague blamed the witches for causing the curse, but they were falsely accused
[Text=The CharacterOffsetBegin=0 CharacterOffsetEnd=3 PartOfSpeech=DT Lemma=the NamedEntityTag=O]
[Text=victims CharacterOffsetBegin=4 CharacterOffsetEnd=11 PartOfSpeech=NNS Lemma=victim NamedEntityTag=O]
[Text=of CharacterOffsetBegin=12 CharacterOffsetEnd=14 PartOfSpeech=IN Lemma=of NamedEntityTag=O]
[Text=the CharacterOffsetBegin=15 CharacterOffsetEnd=18 PartOfSpeech=DT Lemma=the NamedEntityTag=O]
[Text=Black CharacterOffsetBegin=19 CharacterOffsetEnd=24 PartOfSpeech=JJ Lemma=black NamedEntityTag=O]
[Text=Plague CharacterOffsetBegin=25 CharacterOffsetEnd=31 PartOfSpeech=NN Lemma=plague NamedEntityTag=O]
[Text=blamed CharacterOffsetBegin=32 CharacterOffsetEnd=38 PartOfSpeech=VBD Lemma=blame NamedEntityTag=O]
[Text=the CharacterOffsetBegin=39 CharacterOffsetEnd=42 PartOfSpeech=DT Lemma=the NamedEntityTag=O]
[Text=witches CharacterOffsetBegin=43 CharacterOffsetEnd=50 PartOfSpeech=NNS Lemma=witch NamedEntityTag=O]
[Text=for CharacterOffsetBegin=51 CharacterOffsetEnd=54 PartOfSpeech=IN Lemma=for NamedEntityTag=O]
[Text=causing CharacterOffsetBegin=55 CharacterOffsetEnd=62 PartOfSpeech=VBG Lemma=cause NamedEntityTag=O]
[Text=the CharacterOffsetBegin=63 CharacterOffsetEnd=66 PartOfSpeech=DT Lemma=the NamedEntityTag=O]
[Text=curse CharacterOffsetBegin=67 CharacterOffsetEnd=72 PartOfSpeech=NN Lemma=curse NamedEntityTag=O]
[Text=, CharacterOffsetBegin=72 CharacterOffsetEnd=73 PartOfSpeech=, Lemma=, NamedEntityTag=O]
[Text=but CharacterOffsetBegin=74 CharacterOffsetEnd=77 PartOfSpeech=CC Lemma=but NamedEntityTag=O]
[Text=they CharacterOffsetBegin=78 CharacterOffsetEnd=82 PartOfSpeech=PRP Lemma=they NamedEntityTag=O]
[Text=were CharacterOffsetBegin=83 CharacterOffsetEnd=87 PartOfSpeech=VBD Lemma=be NamedEntityTag=O]
[Text=falsely CharacterOffsetBegin=88 CharacterOffsetEnd=95 PartOfSpeech=RB Lemma=falsely NamedEntityTag=O]
[Text=accused CharacterOffsetBegin=96 CharacterOffsetEnd=103 PartOfSpeech=VBN Lemma=accuse NamedEntityTag=O]
(ROOT
  (FRAG
    (S
      (S
        (NP
          (NP (DT The) (NNS victims))
          (PP (IN of)
            (NP (DT the) (JJ Black) (NN Plague))))
        (VP (VBD blamed)
          (NP (DT the) (NNS witches))
          (PP (IN for)
            (S
              (VP (VBG causing)
                (NP (DT the) (NN curse)))))))
      (, ,)
      (CC but)
      (S
        (NP (PRP they))
        (VP (VBD were)
          (VP
            (ADVP (RB falsely))
            (VBN accused)))))))

root(ROOT-0, blamed-7)
det(victims-2, The-1)
nsubj(blamed-7, victims-2)
case(Plague-6, of-3)
det(Plague-6, the-4)
amod(Plague-6, Black-5)
nmod:of(victims-2, Plague-6)
det(witches-9, the-8)
dobj(blamed-7, witches-9)
mark(causing-11, for-10)
advcl:for(blamed-7, causing-11)
det(curse-13, the-12)
dobj(causing-11, curse-13)
punct(blamed-7, ,-14)
cc(blamed-7, but-15)
nsubjpass(accused-19, they-16)
auxpass(accused-19, were-17)
advmod(accused-19, falsely-18)
conj:but(blamed-7, accused-19)

Coreference set:
	(1,16,[16,17]) -> (1,2,[1,7]), that is: "they" -> "The victims of the Black Plague"
