Sentence #1 (17 tokens):
The alter boy assisted Knight Mordron in his mission, but he did not want his help
[Text=The CharacterOffsetBegin=0 CharacterOffsetEnd=3 PartOfSpeech=DT Lemma=the NamedEntityTag=O]
[Text=alter CharacterOffsetBegin=4 CharacterOffsetEnd=9 PartOfSpeech=VBP Lemma=alter NamedEntityTag=O]
[Text=boy CharacterOffsetBegin=10 CharacterOffsetEnd=13 PartOfSpeech=NN Lemma=boy NamedEntityTag=O]
[Text=assisted CharacterOffsetBegin=14 CharacterOffsetEnd=22 PartOfSpeech=JJ Lemma=assisted NamedEntityTag=O]
[Text=Knight CharacterOffsetBegin=23 CharacterOffsetEnd=29 PartOfSpeech=NNP Lemma=Knight NamedEntityTag=PERSON]
[Text=Mordron CharacterOffsetBegin=30 CharacterOffsetEnd=37 PartOfSpeech=NNP Lemma=Mordron NamedEntityTag=PERSON]
[Text=in CharacterOffsetBegin=38 CharacterOffsetEnd=40 PartOfSpeech=IN Lemma=in NamedEntityTag=O]
[Text=his CharacterOffsetBegin=41 CharacterOffsetEnd=44 PartOfSpeech=PRP$ Lemma=he NamedEntityTag=O]
[Text=mission CharacterOffsetBegin=45 CharacterOffsetEnd=52 PartOfSpeech=NN Lemma=mission NamedEntityTag=O]
[Text=, CharacterOffsetBegin=52 CharacterOffsetEnd=53 PartOfSpeech=, Lemma=, NamedEntityTag=O]
[Text=but CharacterOffsetBegin=54 CharacterOffsetEnd=57 PartOfSpeech=CC Lemma=but NamedEntityTag=O]
[Text=he CharacterOffsetBegin=58 CharacterOffsetEnd=60 PartOfSpeech=PRP Lemma=he NamedEntityTag=O]
[Text=did CharacterOffsetBegin=61 CharacterOffsetEnd=64 PartOfSpeech=VBD Lemma=do NamedEntityTag=O]
[Text=not CharacterOffsetBegin=65 CharacterOffsetEnd=68 PartOfSpeech=RB Lemma=not NamedEntityTag=O]
[Text=want CharacterOffsetBegin=69 CharacterOffsetEnd=73 PartOfSpeech=VB Lemma=want NamedEntityTag=O]
[Text=his CharacterOffsetBegin=74 CharacterOffsetEnd=77 PartOfSpeech=PRP$ Lemma=he NamedEntityTag=O]
[Text=help CharacterOffsetBegin=78 CharacterOffsetEnd=82 PartOfSpeech=NN Lemma=help NamedEntityTag=O]
(ROOT
  (FRAG
    (S
      (S
        (NP (DT The))
        (VP (VBP alter)
          (S
            (NP (NN boy))
            (VP (JJ assisted)
              (NP
                (NP (NNP Knight) (NNP Mordron))
                (PP (IN in)
                  (NP (PRP$ his) (NN mission))))))))
      (, ,)
      (CC but)
      (S
        (NP (PRP he))
        (VP (VBD did) (RB not)
          (VP (VB want)
            (NP (PRP$ his) (NN help))))))))

root(ROOT-0, alter-2)
nsubj(alter-2, The-1)
nsubj(assisted-4, boy-3)
ccomp(alter-2, assisted-4)
compound(Mordron-6, Knight-5)
dobj(assisted-4, Mordron-6)
case(mission-9, in-7)
nmod:poss(mission-9, his-8)
nmod:in(Mordron-6, mission-9)
punct(alter-2, ,-10)
cc(alter-2, but-11)
nsubj(want-15, he-12)
aux(want-15, did-13)
neg(want-15, not-14)
conj:but(alter-2, want-15)
nmod:poss(help-17, his-16)
dobj(want-15, help-17)

Coreference set:
	(1,12,[12,13]) -> (1,8,[8,9]), that is: "he" -> "his"
	(1,16,[16,17]) -> (1,8,[8,9]), that is: "his" -> "his"
