Sentence #1 (18 tokens):
King James eagerly awaited the arrival of Prince Henry because he was expected to propose to his daughter
[Text=King CharacterOffsetBegin=0 CharacterOffsetEnd=4 PartOfSpeech=NNP Lemma=King NamedEntityTag=O]
[Text=James CharacterOffsetBegin=5 CharacterOffsetEnd=10 PartOfSpeech=NNP Lemma=James NamedEntityTag=PERSON]
[Text=eagerly CharacterOffsetBegin=11 CharacterOffsetEnd=18 PartOfSpeech=RB Lemma=eagerly NamedEntityTag=O]
[Text=awaited CharacterOffsetBegin=19 CharacterOffsetEnd=26 PartOfSpeech=VBD Lemma=await NamedEntityTag=O]
[Text=the CharacterOffsetBegin=27 CharacterOffsetEnd=30 PartOfSpeech=DT Lemma=the NamedEntityTag=O]
[Text=arrival CharacterOffsetBegin=31 CharacterOffsetEnd=38 PartOfSpeech=NN Lemma=arrival NamedEntityTag=O]
[Text=of CharacterOffsetBegin=39 CharacterOffsetEnd=41 PartOfSpeech=IN Lemma=of NamedEntityTag=O]
[Text=Prince CharacterOffsetBegin=42 CharacterOffsetEnd=48 PartOfSpeech=NNP Lemma=Prince NamedEntityTag=O]
[Text=Henry CharacterOffsetBegin=49 CharacterOffsetEnd=54 PartOfSpeech=NNP Lemma=Henry NamedEntityTag=PERSON]
[Text=because CharacterOffsetBegin=55 CharacterOffsetEnd=62 PartOfSpeech=IN Lemma=because NamedEntityTag=O]
[Text=he CharacterOffsetBegin=63 CharacterOffsetEnd=65 PartOfSpeech=PRP Lemma=he NamedEntityTag=O]
[Text=was CharacterOffsetBegin=66 CharacterOffsetEnd=69 PartOfSpeech=VBD Lemma=be NamedEntityTag=O]
[Text=expected CharacterOffsetBegin=70 CharacterOffsetEnd=78 PartOfSpeech=VBN Lemma=expect NamedEntityTag=O]
[Text=to CharacterOffsetBegin=79 CharacterOffsetEnd=81 PartOfSpeech=TO Lemma=to NamedEntityTag=O]
[Text=propose CharacterOffsetBegin=82 CharacterOffsetEnd=89 PartOfSpeech=VB Lemma=propose NamedEntityTag=O]
[Text=to CharacterOffsetBegin=90 CharacterOffsetEnd=92 PartOfSpeech=TO Lemma=to NamedEntityTag=O]
[Text=his CharacterOffsetBegin=93 CharacterOffsetEnd=96 PartOfSpeech=PRP$ Lemma=he NamedEntityTag=O]
[Text=daughter CharacterOffsetBegin=97 CharacterOffsetEnd=105 PartOfSpeech=NN Lemma=daughter NamedEntityTag=O]
(ROOT
  (S
    (NP (NNP King) (NNP James))
    (VP
      (ADVP (RB eagerly))
      (VBD awaited)
      (NP
        (NP (DT the) (NN arrival))
        (PP (IN of)
          (NP (NNP Prince) (NNP Henry))))
      (SBAR (IN because)
        (S
          (NP (PRP he))
          (VP (VBD was)
            (VP (VBN expected)
              (S
                (VP (TO to)
                  (VP (VB propose)
                    (PP (TO to)
                      (NP (PRP$ his) (NN daughter)))))))))))))

root(ROOT-0, awaited-4)
compound(James-2, King-1)
nsubj(awaited-4, James-2)
advmod(awaited-4, eagerly-3)
det(arrival-6, the-5)
dobj(awaited-4, arrival-6)
case(Henry-9, of-7)
compound(Henry-9, Prince-8)
nmod:of(arrival-6, Henry-9)
mark(expected-13, because-10)
nsubjpass(expected-13, he-11)
nsubj:xsubj(propose-15, he-11)
auxpass(expected-13, was-12)
advcl:because(awaited-4, expected-13)
mark(propose-15, to-14)
xcomp(expected-13, propose-15)
case(daughter-18, to-16)
nmod:poss(daughter-18, his-17)
nmod:to(propose-15, daughter-18)

Coreference set:
	(1,11,[11,12]) -> (1,2,[1,3]), that is: "he" -> "King James"
	(1,17,[17,18]) -> (1,2,[1,3]), that is: "his" -> "King James"
