Sentence #1 (17 tokens):
King James eagerly awaited the arrival of Prince Henry so he prepared many celebrations to welcome him
[Text=King CharacterOffsetBegin=0 CharacterOffsetEnd=4 PartOfSpeech=NNP Lemma=King NamedEntityTag=O]
[Text=James CharacterOffsetBegin=5 CharacterOffsetEnd=10 PartOfSpeech=NNP Lemma=James NamedEntityTag=PERSON]
[Text=eagerly CharacterOffsetBegin=11 CharacterOffsetEnd=18 PartOfSpeech=RB Lemma=eagerly NamedEntityTag=O]
[Text=awaited CharacterOffsetBegin=19 CharacterOffsetEnd=26 PartOfSpeech=VBD Lemma=await NamedEntityTag=O]
[Text=the CharacterOffsetBegin=27 CharacterOffsetEnd=30 PartOfSpeech=DT Lemma=the NamedEntityTag=O]
[Text=arrival CharacterOffsetBegin=31 CharacterOffsetEnd=38 PartOfSpeech=NN Lemma=arrival NamedEntityTag=O]
[Text=of CharacterOffsetBegin=39 CharacterOffsetEnd=41 PartOfSpeech=IN Lemma=of NamedEntityTag=O]
[Text=Prince CharacterOffsetBegin=42 CharacterOffsetEnd=48 PartOfSpeech=NNP Lemma=Prince NamedEntityTag=O]
[Text=Henry CharacterOffsetBegin=49 CharacterOffsetEnd=54 PartOfSpeech=NNP Lemma=Henry NamedEntityTag=PERSON]
[Text=so CharacterOffsetBegin=55 CharacterOffsetEnd=57 PartOfSpeech=IN Lemma=so NamedEntityTag=O]
[Text=he CharacterOffsetBegin=58 CharacterOffsetEnd=60 PartOfSpeech=PRP Lemma=he NamedEntityTag=O]
[Text=prepared CharacterOffsetBegin=61 CharacterOffsetEnd=69 PartOfSpeech=VBD Lemma=prepare NamedEntityTag=O]
[Text=many CharacterOffsetBegin=70 CharacterOffsetEnd=74 PartOfSpeech=JJ Lemma=many NamedEntityTag=O]
[Text=celebrations CharacterOffsetBegin=75 CharacterOffsetEnd=87 PartOfSpeech=NNS Lemma=celebration NamedEntityTag=O]
[Text=to CharacterOffsetBegin=88 CharacterOffsetEnd=90 PartOfSpeech=TO Lemma=to NamedEntityTag=O]
[Text=welcome CharacterOffsetBegin=91 CharacterOffsetEnd=98 PartOfSpeech=VB Lemma=welcome NamedEntityTag=O]
[Text=him CharacterOffsetBegin=99 CharacterOffsetEnd=102 PartOfSpeech=PRP Lemma=he NamedEntityTag=O]
(ROOT
  (S
    (NP (NNP King) (NNP James))
    (VP
      (ADVP (RB eagerly))
      (VBD awaited)
      (NP
        (NP (DT the) (NN arrival))
        (PP (IN of)
          (NP (NNP Prince) (NNP Henry))))
      (SBAR (IN so)
        (S
          (NP (PRP he))
          (VP (VBD prepared)
            (NP (JJ many) (NNS celebrations))
            (S
              (VP (TO to)
                (VP (VB welcome)
                  (NP (PRP him)))))))))))

root(ROOT-0, awaited-4)
compound(James-2, King-1)
nsubj(awaited-4, James-2)
advmod(awaited-4, eagerly-3)
det(arrival-6, the-5)
dobj(awaited-4, arrival-6)
case(Henry-9, of-7)
compound(Henry-9, Prince-8)
nmod:of(arrival-6, Henry-9)
mark(prepared-12, so-10)
nsubj(prepared-12, he-11)
advcl:so(awaited-4, prepared-12)
amod(celebrations-14, many-13)
dobj(prepared-12, celebrations-14)
mark(welcome-16, to-15)
advcl:to(prepared-12, welcome-16)
dobj(welcome-16, him-17)

Coreference set:
	(1,11,[11,12]) -> (1,2,[1,3]), that is: "he" -> "King James"
	(1,17,[17,18]) -> (1,2,[1,3]), that is: "him" -> "King James"
