Sentence #1 (17 tokens):
Crusader Andrews saved the life of Crusader Christopher because he did not want to see him die
[Text=Crusader CharacterOffsetBegin=0 CharacterOffsetEnd=8 PartOfSpeech=NNP Lemma=Crusader NamedEntityTag=O]
[Text=Andrews CharacterOffsetBegin=9 CharacterOffsetEnd=16 PartOfSpeech=NNP Lemma=Andrews NamedEntityTag=PERSON]
[Text=saved CharacterOffsetBegin=17 CharacterOffsetEnd=22 PartOfSpeech=VBD Lemma=save NamedEntityTag=O]
[Text=the CharacterOffsetBegin=23 CharacterOffsetEnd=26 PartOfSpeech=DT Lemma=the NamedEntityTag=O]
[Text=life CharacterOffsetBegin=27 CharacterOffsetEnd=31 PartOfSpeech=NN Lemma=life NamedEntityTag=O]
[Text=of CharacterOffsetBegin=32 CharacterOffsetEnd=34 PartOfSpeech=IN Lemma=of NamedEntityTag=O]
[Text=Crusader CharacterOffsetBegin=35 CharacterOffsetEnd=43 PartOfSpeech=NNP Lemma=Crusader NamedEntityTag=O]
[Text=Christopher CharacterOffsetBegin=44 CharacterOffsetEnd=55 PartOfSpeech=NNP Lemma=Christopher NamedEntityTag=PERSON]
[Text=because CharacterOffsetBegin=56 CharacterOffsetEnd=63 PartOfSpeech=IN Lemma=because NamedEntityTag=O]
[Text=he CharacterOffsetBegin=64 CharacterOffsetEnd=66 PartOfSpeech=PRP Lemma=he NamedEntityTag=O]
[Text=did CharacterOffsetBegin=67 CharacterOffsetEnd=70 PartOfSpeech=VBD Lemma=do NamedEntityTag=O]
[Text=not CharacterOffsetBegin=71 CharacterOffsetEnd=74 PartOfSpeech=RB Lemma=not NamedEntityTag=O]
[Text=want CharacterOffsetBegin=75 CharacterOffsetEnd=79 PartOfSpeech=VB Lemma=want NamedEntityTag=O]
[Text=to CharacterOffsetBegin=80 CharacterOffsetEnd=82 PartOfSpeech=TO Lemma=to NamedEntityTag=O]
[Text=see CharacterOffsetBegin=83 CharacterOffsetEnd=86 PartOfSpeech=VB Lemma=see NamedEntityTag=O]
[Text=him CharacterOffsetBegin=87 CharacterOffsetEnd=90 PartOfSpeech=PRP Lemma=he NamedEntityTag=O]
[Text=die CharacterOffsetBegin=91 CharacterOffsetEnd=94 PartOfSpeech=VB Lemma=die NamedEntityTag=O]
(ROOT
  (S
    (NP (NNP Crusader) (NNP Andrews))
    (VP (VBD saved)
      (NP
        (NP (DT the) (NN life))
        (PP (IN of)
          (NP (NNP Crusader) (NNP Christopher))))
      (SBAR (IN because)
        (S
          (NP (PRP he))
          (VP (VBD did) (RB not)
            (VP (VB want)
              (S
                (VP (TO to)
                  (VP (VB see)
                    (S
                      (NP (PRP him))
                      (VP (VB die)))))))))))))

root(ROOT-0, saved-3)
compound(Andrews-2, Crusader-1)
nsubj(saved-3, Andrews-2)
det(life-5, the-4)
dobj(saved-3, life-5)
case(Christopher-8, of-6)
compound(Christopher-8, Crusader-7)
nmod:of(life-5, Christopher-8)
mark(want-13, because-9)
nsubj(want-13, he-10)
nsubj:xsubj(see-15, he-10)
aux(want-13, did-11)
neg(want-13, not-12)
advcl:because(saved-3, want-13)
mark(see-15, to-14)
xcomp(want-13, see-15)
nsubj(die-17, him-16)
ccomp(see-15, die-17)

Coreference set:
	(1,16,[16,17]) -> (1,10,[10,11]), that is: "him" -> "he"
