Sentence #1 (18 tokens):
Crusader Andrews saved the life of Crusader Christopher, so he thanked him personally with his sword afterwards
[Text=Crusader CharacterOffsetBegin=0 CharacterOffsetEnd=8 PartOfSpeech=NNP Lemma=Crusader NamedEntityTag=O]
[Text=Andrews CharacterOffsetBegin=9 CharacterOffsetEnd=16 PartOfSpeech=NNP Lemma=Andrews NamedEntityTag=PERSON]
[Text=saved CharacterOffsetBegin=17 CharacterOffsetEnd=22 PartOfSpeech=VBD Lemma=save NamedEntityTag=O]
[Text=the CharacterOffsetBegin=23 CharacterOffsetEnd=26 PartOfSpeech=DT Lemma=the NamedEntityTag=O]
[Text=life CharacterOffsetBegin=27 CharacterOffsetEnd=31 PartOfSpeech=NN Lemma=life NamedEntityTag=O]
[Text=of CharacterOffsetBegin=32 CharacterOffsetEnd=34 PartOfSpeech=IN Lemma=of NamedEntityTag=O]
[Text=Crusader CharacterOffsetBegin=35 CharacterOffsetEnd=43 PartOfSpeech=NNP Lemma=Crusader NamedEntityTag=O]
[Text=Christopher CharacterOffsetBegin=44 CharacterOffsetEnd=55 PartOfSpeech=NNP Lemma=Christopher NamedEntityTag=PERSON]
[Text=, CharacterOffsetBegin=55 CharacterOffsetEnd=56 PartOfSpeech=, Lemma=, NamedEntityTag=O]
[Text=so CharacterOffsetBegin=57 CharacterOffsetEnd=59 PartOfSpeech=RB Lemma=so NamedEntityTag=O]
[Text=he CharacterOffsetBegin=60 CharacterOffsetEnd=62 PartOfSpeech=PRP Lemma=he NamedEntityTag=O]
[Text=thanked CharacterOffsetBegin=63 CharacterOffsetEnd=70 PartOfSpeech=VBD Lemma=thank NamedEntityTag=O]
[Text=him CharacterOffsetBegin=71 CharacterOffsetEnd=74 PartOfSpeech=PRP Lemma=he NamedEntityTag=O]
[Text=personally CharacterOffsetBegin=75 CharacterOffsetEnd=85 PartOfSpeech=RB Lemma=personally NamedEntityTag=O]
[Text=with CharacterOffsetBegin=86 CharacterOffsetEnd=90 PartOfSpeech=IN Lemma=with NamedEntityTag=O]
[Text=his CharacterOffsetBegin=91 CharacterOffsetEnd=94 PartOfSpeech=PRP$ Lemma=he NamedEntityTag=O]
[Text=sword CharacterOffsetBegin=95 CharacterOffsetEnd=100 PartOfSpeech=NN Lemma=sword NamedEntityTag=O]
[Text=afterwards CharacterOffsetBegin=101 CharacterOffsetEnd=111 PartOfSpeech=RB Lemma=afterwards NamedEntityTag=O]
(ROOT
  (S
    (NP (NNP Crusader) (NNP Andrews))
    (VP (VBD saved)
      (NP
        (NP (DT the) (NN life))
        (PP (IN of)
          (NP (NNP Crusader) (NNP Christopher))))
      (, ,)
      (SBAR (RB so)
        (S
          (NP (PRP he))
          (VP (VBD thanked)
            (NP (PRP him))
            (ADVP (RB personally))
            (PP (IN with)
              (NP (PRP$ his) (NN sword)))
            (ADVP (RB afterwards))))))))

root(ROOT-0, saved-3)
compound(Andrews-2, Crusader-1)
nsubj(saved-3, Andrews-2)
det(life-5, the-4)
dobj(saved-3, life-5)
case(Christopher-8, of-6)
compound(Christopher-8, Crusader-7)
nmod:of(life-5, Christopher-8)
punct(saved-3, ,-9)
advmod(thanked-12, so-10)
nsubj(thanked-12, he-11)
dep(saved-3, thanked-12)
dobj(thanked-12, him-13)
advmod(thanked-12, personally-14)
case(sword-17, with-15)
nmod:poss(sword-17, his-16)
nmod:with(thanked-12, sword-17)
advmod(thanked-12, afterwards-18)

Coreference set:
	(1,11,[11,12]) -> (1,8,[8,9]), that is: "he" -> "Christopher"
	(1,13,[13,14]) -> (1,8,[8,9]), that is: "him" -> "Christopher"
	(1,16,[16,17]) -> (1,8,[8,9]), that is: "his" -> "Christopher"
