Sentence #1 (18 tokens):
The blacksmith refused to repair the armor for the knight because he only does work if paid upfront
[Text=The CharacterOffsetBegin=0 CharacterOffsetEnd=3 PartOfSpeech=DT Lemma=the NamedEntityTag=O]
[Text=blacksmith CharacterOffsetBegin=4 CharacterOffsetEnd=14 PartOfSpeech=NN Lemma=blacksmith NamedEntityTag=O]
[Text=refused CharacterOffsetBegin=15 CharacterOffsetEnd=22 PartOfSpeech=VBD Lemma=refuse NamedEntityTag=O]
[Text=to CharacterOffsetBegin=23 CharacterOffsetEnd=25 PartOfSpeech=TO Lemma=to NamedEntityTag=O]
[Text=repair CharacterOffsetBegin=26 CharacterOffsetEnd=32 PartOfSpeech=VB Lemma=repair NamedEntityTag=O]
[Text=the CharacterOffsetBegin=33 CharacterOffsetEnd=36 PartOfSpeech=DT Lemma=the NamedEntityTag=O]
[Text=armor CharacterOffsetBegin=37 CharacterOffsetEnd=42 PartOfSpeech=NN Lemma=armor NamedEntityTag=O]
[Text=for CharacterOffsetBegin=43 CharacterOffsetEnd=46 PartOfSpeech=IN Lemma=for NamedEntityTag=O]
[Text=the CharacterOffsetBegin=47 CharacterOffsetEnd=50 PartOfSpeech=DT Lemma=the NamedEntityTag=O]
[Text=knight CharacterOffsetBegin=51 CharacterOffsetEnd=57 PartOfSpeech=NN Lemma=knight NamedEntityTag=O]
[Text=because CharacterOffsetBegin=58 CharacterOffsetEnd=65 PartOfSpeech=IN Lemma=because NamedEntityTag=O]
[Text=he CharacterOffsetBegin=66 CharacterOffsetEnd=68 PartOfSpeech=PRP Lemma=he NamedEntityTag=O]
[Text=only CharacterOffsetBegin=69 CharacterOffsetEnd=73 PartOfSpeech=RB Lemma=only NamedEntityTag=O]
[Text=does CharacterOffsetBegin=74 CharacterOffsetEnd=78 PartOfSpeech=VBZ Lemma=do NamedEntityTag=O]
[Text=work CharacterOffsetBegin=79 CharacterOffsetEnd=83 PartOfSpeech=VB Lemma=work NamedEntityTag=O]
[Text=if CharacterOffsetBegin=84 CharacterOffsetEnd=86 PartOfSpeech=IN Lemma=if NamedEntityTag=O]
[Text=paid CharacterOffsetBegin=87 CharacterOffsetEnd=91 PartOfSpeech=VBN Lemma=pay NamedEntityTag=O]
[Text=upfront CharacterOffsetBegin=92 CharacterOffsetEnd=99 PartOfSpeech=JJ Lemma=upfront NamedEntityTag=O]
(ROOT
  (S
    (NP (DT The) (NN blacksmith))
    (VP (VBD refused)
      (S
        (VP (TO to)
          (VP (VB repair)
            (NP (DT the) (NN armor))
            (PP (IN for)
              (NP (DT the) (NN knight)))
            (SBAR (IN because)
              (S
                (NP (PRP he))
                (ADVP (RB only))
                (VP (VBZ does)
                  (VP (VB work)
                    (SBAR (IN if)
                      (S
                        (VP (VBN paid)
                          (S
                            (ADJP (JJ upfront))))))))))))))))

root(ROOT-0, refused-3)
det(blacksmith-2, The-1)
nsubj(refused-3, blacksmith-2)
nsubj:xsubj(repair-5, blacksmith-2)
mark(repair-5, to-4)
xcomp(refused-3, repair-5)
det(armor-7, the-6)
dobj(repair-5, armor-7)
case(knight-10, for-8)
det(knight-10, the-9)
nmod:for(repair-5, knight-10)
mark(work-15, because-11)
nsubj(work-15, he-12)
advmod(work-15, only-13)
aux(work-15, does-14)
advcl:because(repair-5, work-15)
mark(paid-17, if-16)
advcl:if(work-15, paid-17)
xcomp(paid-17, upfront-18)

Coreference set:
	(1,12,[12,13]) -> (1,10,[9,11]), that is: "he" -> "the knight"
