Sentence #1 (9 tokens):
Mary gave Sandy her book because she needed it
[Text=Mary CharacterOffsetBegin=0 CharacterOffsetEnd=4 PartOfSpeech=NNP Lemma=Mary NamedEntityTag=PERSON]
[Text=gave CharacterOffsetBegin=5 CharacterOffsetEnd=9 PartOfSpeech=VBD Lemma=give NamedEntityTag=O]
[Text=Sandy CharacterOffsetBegin=10 CharacterOffsetEnd=15 PartOfSpeech=NNP Lemma=Sandy NamedEntityTag=PERSON]
[Text=her CharacterOffsetBegin=16 CharacterOffsetEnd=19 PartOfSpeech=PRP$ Lemma=she NamedEntityTag=O]
[Text=book CharacterOffsetBegin=20 CharacterOffsetEnd=24 PartOfSpeech=NN Lemma=book NamedEntityTag=O]
[Text=because CharacterOffsetBegin=25 CharacterOffsetEnd=32 PartOfSpeech=IN Lemma=because NamedEntityTag=O]
[Text=she CharacterOffsetBegin=33 CharacterOffsetEnd=36 PartOfSpeech=PRP Lemma=she NamedEntityTag=O]
[Text=needed CharacterOffsetBegin=37 CharacterOffsetEnd=43 PartOfSpeech=VBD Lemma=need NamedEntityTag=O]
[Text=it CharacterOffsetBegin=44 CharacterOffsetEnd=46 PartOfSpeech=PRP Lemma=it NamedEntityTag=O]
(ROOT
  (S
    (NP (NNP Mary))
    (VP (VBD gave)
      (NP (NNP Sandy))
      (NP (PRP$ her) (NN book))
      (SBAR (IN because)
        (S
          (NP (PRP she))
          (VP (VBD needed)
            (NP (PRP it))))))))

root(ROOT-0, gave-2)
nsubj(gave-2, Mary-1)
iobj(gave-2, Sandy-3)
nmod:poss(book-5, her-4)
dobj(gave-2, book-5)
mark(needed-8, because-6)
nsubj(needed-8, she-7)
advcl:because(gave-2, needed-8)
dobj(needed-8, it-9)

Coreference set:
	(1,4,[4,5]) -> (1,1,[1,2]), that is: "her" -> "Mary"
	(1,7,[7,8]) -> (1,1,[1,2]), that is: "she" -> "Mary"
Coreference set:
	(1,9,[9,10]) -> (1,5,[4,6]), that is: "it" -> "her book"
