Sentence #1 (24 tokens):
The Eagles managed to completely dominate the Cowboys this weekend, but they were able to at least keep it from being a shutout
[Text=The CharacterOffsetBegin=0 CharacterOffsetEnd=3 PartOfSpeech=DT Lemma=the NamedEntityTag=O]
[Text=Eagles CharacterOffsetBegin=4 CharacterOffsetEnd=10 PartOfSpeech=NNPS Lemma=Eagles NamedEntityTag=ORGANIZATION]
[Text=managed CharacterOffsetBegin=11 CharacterOffsetEnd=18 PartOfSpeech=VBD Lemma=manage NamedEntityTag=O]
[Text=to CharacterOffsetBegin=19 CharacterOffsetEnd=21 PartOfSpeech=TO Lemma=to NamedEntityTag=O]
[Text=completely CharacterOffsetBegin=22 CharacterOffsetEnd=32 PartOfSpeech=RB Lemma=completely NamedEntityTag=O]
[Text=dominate CharacterOffsetBegin=33 CharacterOffsetEnd=41 PartOfSpeech=VB Lemma=dominate NamedEntityTag=O]
[Text=the CharacterOffsetBegin=42 CharacterOffsetEnd=45 PartOfSpeech=DT Lemma=the NamedEntityTag=O]
[Text=Cowboys CharacterOffsetBegin=46 CharacterOffsetEnd=53 PartOfSpeech=NNPS Lemma=Cowboys NamedEntityTag=ORGANIZATION]
[Text=this CharacterOffsetBegin=54 CharacterOffsetEnd=58 PartOfSpeech=DT Lemma=this NamedEntityTag=DATE NormalizedNamedEntityTag=THIS WE Timex=<TIMEX3 alt_value="THIS WE" anchorTimeID="t0" temporalFunction="true" tid="t1" type="DATE" valueFromFunction="tf0">this weekend</TIMEX3>]
[Text=weekend CharacterOffsetBegin=59 CharacterOffsetEnd=66 PartOfSpeech=NN Lemma=weekend NamedEntityTag=DATE NormalizedNamedEntityTag=THIS WE Timex=<TIMEX3 alt_value="THIS WE" anchorTimeID="t0" temporalFunction="true" tid="t1" type="DATE" valueFromFunction="tf0">this weekend</TIMEX3>]
[Text=, CharacterOffsetBegin=66 CharacterOffsetEnd=67 PartOfSpeech=, Lemma=, NamedEntityTag=O]
[Text=but CharacterOffsetBegin=68 CharacterOffsetEnd=71 PartOfSpeech=CC Lemma=but NamedEntityTag=O]
[Text=they CharacterOffsetBegin=72 CharacterOffsetEnd=76 PartOfSpeech=PRP Lemma=they NamedEntityTag=O]
[Text=were CharacterOffsetBegin=77 CharacterOffsetEnd=81 PartOfSpeech=VBD Lemma=be NamedEntityTag=O]
[Text=able CharacterOffsetBegin=82 CharacterOffsetEnd=86 PartOfSpeech=JJ Lemma=able NamedEntityTag=O]
[Text=to CharacterOffsetBegin=87 CharacterOffsetEnd=89 PartOfSpeech=TO Lemma=to NamedEntityTag=O]
[Text=at CharacterOffsetBegin=90 CharacterOffsetEnd=92 PartOfSpeech=IN Lemma=at NamedEntityTag=O]
[Text=least CharacterOffsetBegin=93 CharacterOffsetEnd=98 PartOfSpeech=JJS Lemma=least NamedEntityTag=O]
[Text=keep CharacterOffsetBegin=99 CharacterOffsetEnd=103 PartOfSpeech=VB Lemma=keep NamedEntityTag=O]
[Text=it CharacterOffsetBegin=104 CharacterOffsetEnd=106 PartOfSpeech=PRP Lemma=it NamedEntityTag=O]
[Text=from CharacterOffsetBegin=107 CharacterOffsetEnd=111 PartOfSpeech=IN Lemma=from NamedEntityTag=O]
[Text=being CharacterOffsetBegin=112 CharacterOffsetEnd=117 PartOfSpeech=VBG Lemma=be NamedEntityTag=O]
[Text=a CharacterOffsetBegin=118 CharacterOffsetEnd=119 PartOfSpeech=DT Lemma=a NamedEntityTag=O]
[Text=shutout CharacterOffsetBegin=120 CharacterOffsetEnd=127 PartOfSpeech=NN Lemma=shutout NamedEntityTag=O]
(ROOT
  (FRAG
    (S
      (S
        (NP (DT The) (NNPS Eagles))
        (VP (VBD managed)
          (S
            (VP (TO to)
              (VP
                (ADVP (RB completely))
                (VB dominate)
                (NP (DT the) (NNPS Cowboys)))))
          (NP-TMP (DT this) (NN weekend))))
      (, ,)
      (CC but)
      (S
        (NP (PRP they))
        (VP (VBD were)
          (ADJP (JJ able)
            (S
              (VP (TO to)
                (VP
                  (ADVP (IN at) (JJS least))
                  (VB keep)
                  (NP (PRP it))
                  (PP (IN from)
                    (S
                      (VP (VBG being)
                        (NP (DT a) (NN shutout))))))))))))))

root(ROOT-0, managed-3)
det(Eagles-2, The-1)
nsubj(managed-3, Eagles-2)
nsubj:xsubj(dominate-6, Eagles-2)
mark(dominate-6, to-4)
advmod(dominate-6, completely-5)
xcomp(managed-3, dominate-6)
det(Cowboys-8, the-7)
dobj(dominate-6, Cowboys-8)
det(weekend-10, this-9)
nmod:tmod(managed-3, weekend-10)
punct(managed-3, ,-11)
cc(managed-3, but-12)
nsubj(able-15, they-13)
nsubj:xsubj(keep-19, they-13)
cop(able-15, were-14)
conj:but(managed-3, able-15)
mark(keep-19, to-16)
advmod(keep-19, at-17)
mwe(at-17, least-18)
xcomp(able-15, keep-19)
dobj(keep-19, it-20)
mark(shutout-24, from-21)
cop(shutout-24, being-22)
det(shutout-24, a-23)
advcl:from(keep-19, shutout-24)

Coreference set:
	(1,20,[20,21]) -> (1,2,[1,3]), that is: "it" -> "The Eagles"
