Sentence #1 (23 tokens):
Mel got in trouble with a collector named Bohr, so he tracked him down to try to collect all the owed money
[Text=Mel CharacterOffsetBegin=0 CharacterOffsetEnd=3 PartOfSpeech=NNP Lemma=Mel NamedEntityTag=PERSON]
[Text=got CharacterOffsetBegin=4 CharacterOffsetEnd=7 PartOfSpeech=VBD Lemma=get NamedEntityTag=O]
[Text=in CharacterOffsetBegin=8 CharacterOffsetEnd=10 PartOfSpeech=IN Lemma=in NamedEntityTag=O]
[Text=trouble CharacterOffsetBegin=11 CharacterOffsetEnd=18 PartOfSpeech=NN Lemma=trouble NamedEntityTag=O]
[Text=with CharacterOffsetBegin=19 CharacterOffsetEnd=23 PartOfSpeech=IN Lemma=with NamedEntityTag=O]
[Text=a CharacterOffsetBegin=24 CharacterOffsetEnd=25 PartOfSpeech=DT Lemma=a NamedEntityTag=O]
[Text=collector CharacterOffsetBegin=26 CharacterOffsetEnd=35 PartOfSpeech=NN Lemma=collector NamedEntityTag=O]
[Text=named CharacterOffsetBegin=36 CharacterOffsetEnd=41 PartOfSpeech=VBN Lemma=name NamedEntityTag=O]
[Text=Bohr CharacterOffsetBegin=42 CharacterOffsetEnd=46 PartOfSpeech=NNP Lemma=Bohr NamedEntityTag=PERSON]
[Text=, CharacterOffsetBegin=46 CharacterOffsetEnd=47 PartOfSpeech=, Lemma=, NamedEntityTag=O]
[Text=so CharacterOffsetBegin=48 CharacterOffsetEnd=50 PartOfSpeech=RB Lemma=so NamedEntityTag=O]
[Text=he CharacterOffsetBegin=51 CharacterOffsetEnd=53 PartOfSpeech=PRP Lemma=he NamedEntityTag=O]
[Text=tracked CharacterOffsetBegin=54 CharacterOffsetEnd=61 PartOfSpeech=VBD Lemma=track NamedEntityTag=O]
[Text=him CharacterOffsetBegin=62 CharacterOffsetEnd=65 PartOfSpeech=PRP Lemma=he NamedEntityTag=O]
[Text=down CharacterOffsetBegin=66 CharacterOffsetEnd=70 PartOfSpeech=RP Lemma=down NamedEntityTag=O]
[Text=to CharacterOffsetBegin=71 CharacterOffsetEnd=73 PartOfSpeech=TO Lemma=to NamedEntityTag=O]
[Text=try CharacterOffsetBegin=74 CharacterOffsetEnd=77 PartOfSpeech=VB Lemma=try NamedEntityTag=O]
[Text=to CharacterOffsetBegin=78 CharacterOffsetEnd=80 PartOfSpeech=TO Lemma=to NamedEntityTag=O]
[Text=collect CharacterOffsetBegin=81 CharacterOffsetEnd=88 PartOfSpeech=VB Lemma=collect NamedEntityTag=O]
[Text=all CharacterOffsetBegin=89 CharacterOffsetEnd=92 PartOfSpeech=PDT Lemma=all NamedEntityTag=O]
[Text=the CharacterOffsetBegin=93 CharacterOffsetEnd=96 PartOfSpeech=DT Lemma=the NamedEntityTag=O]
[Text=owed CharacterOffsetBegin=97 CharacterOffsetEnd=101 PartOfSpeech=VBN Lemma=owe NamedEntityTag=O]
[Text=money CharacterOffsetBegin=102 CharacterOffsetEnd=107 PartOfSpeech=NN Lemma=money NamedEntityTag=O]
(ROOT
  (S
    (NP (NNP Mel))
    (VP (VBD got)
      (PP (IN in)
        (NP (NN trouble)))
      (PP (IN with)
        (NP
          (NP (DT a) (NN collector))
          (VP (VBN named)
            (NP (NNP Bohr))
            (, ,)
            (SBAR (RB so)
              (S
                (NP (PRP he))
                (VP (VBD tracked)
                  (NP (PRP him))
                  (ADVP (RP down))
                  (S
                    (VP (TO to)
                      (VP (VB try)
                        (S
                          (VP (TO to)
                            (VP (VB collect)
                              (NP
                                (NP (PDT all) (DT the))
                                (VP (VBN owed)
                                  (NP (NN money)))))))))))))))))))

root(ROOT-0, got-2)
nsubj(got-2, Mel-1)
case(trouble-4, in-3)
nmod:in(got-2, trouble-4)
case(collector-7, with-5)
det(collector-7, a-6)
nmod:with(got-2, collector-7)
acl(collector-7, named-8)
dobj(named-8, Bohr-9)
punct(named-8, ,-10)
advmod(tracked-13, so-11)
nsubj(tracked-13, he-12)
dep(named-8, tracked-13)
dobj(tracked-13, him-14)
advmod(tracked-13, down-15)
mark(try-17, to-16)
advcl:to(tracked-13, try-17)
mark(collect-19, to-18)
xcomp(try-17, collect-19)
det:predet(the-21, all-20)
dobj(collect-19, the-21)
acl(the-21, owed-22)
dobj(owed-22, money-23)

Coreference set:
	(1,12,[12,13]) -> (1,1,[1,2]), that is: "he" -> "Mel"
	(1,14,[14,15]) -> (1,1,[1,2]), that is: "him" -> "Mel"
