Sentence #1 (25 tokens):
AMD recently managed to break a record in the New Guiness Book of Records, because they managed to overclock their processor to unheard heights
[Text=AMD CharacterOffsetBegin=0 CharacterOffsetEnd=3 PartOfSpeech=NNP Lemma=AMD NamedEntityTag=ORGANIZATION]
[Text=recently CharacterOffsetBegin=4 CharacterOffsetEnd=12 PartOfSpeech=RB Lemma=recently NamedEntityTag=DATE NormalizedNamedEntityTag=PAST_REF Timex=<TIMEX3 tid="t1" type="DATE" value="PAST_REF">recently</TIMEX3>]
[Text=managed CharacterOffsetBegin=13 CharacterOffsetEnd=20 PartOfSpeech=VBD Lemma=manage NamedEntityTag=O]
[Text=to CharacterOffsetBegin=21 CharacterOffsetEnd=23 PartOfSpeech=TO Lemma=to NamedEntityTag=O]
[Text=break CharacterOffsetBegin=24 CharacterOffsetEnd=29 PartOfSpeech=VB Lemma=break NamedEntityTag=O]
[Text=a CharacterOffsetBegin=30 CharacterOffsetEnd=31 PartOfSpeech=DT Lemma=a NamedEntityTag=O]
[Text=record CharacterOffsetBegin=32 CharacterOffsetEnd=38 PartOfSpeech=NN Lemma=record NamedEntityTag=O]
[Text=in CharacterOffsetBegin=39 CharacterOffsetEnd=41 PartOfSpeech=IN Lemma=in NamedEntityTag=O]
[Text=the CharacterOffsetBegin=42 CharacterOffsetEnd=45 PartOfSpeech=DT Lemma=the NamedEntityTag=O]
[Text=New CharacterOffsetBegin=46 CharacterOffsetEnd=49 PartOfSpeech=NNP Lemma=New NamedEntityTag=MISC]
[Text=Guiness CharacterOffsetBegin=50 CharacterOffsetEnd=57 PartOfSpeech=NNP Lemma=Guiness NamedEntityTag=MISC]
[Text=Book CharacterOffsetBegin=58 CharacterOffsetEnd=62 PartOfSpeech=NNP Lemma=Book NamedEntityTag=MISC]
[Text=of CharacterOffsetBegin=63 CharacterOffsetEnd=65 PartOfSpeech=IN Lemma=of NamedEntityTag=MISC]
[Text=Records CharacterOffsetBegin=66 CharacterOffsetEnd=73 PartOfSpeech=NNPS Lemma=Records NamedEntityTag=MISC]
[Text=, CharacterOffsetBegin=73 CharacterOffsetEnd=74 PartOfSpeech=, Lemma=, NamedEntityTag=O]
[Text=because CharacterOffsetBegin=75 CharacterOffsetEnd=82 PartOfSpeech=IN Lemma=because NamedEntityTag=O]
[Text=they CharacterOffsetBegin=83 CharacterOffsetEnd=87 PartOfSpeech=PRP Lemma=they NamedEntityTag=O]
[Text=managed CharacterOffsetBegin=88 CharacterOffsetEnd=95 PartOfSpeech=VBD Lemma=manage NamedEntityTag=O]
[Text=to CharacterOffsetBegin=96 CharacterOffsetEnd=98 PartOfSpeech=TO Lemma=to NamedEntityTag=O]
[Text=overclock CharacterOffsetBegin=99 CharacterOffsetEnd=108 PartOfSpeech=VB Lemma=overclock NamedEntityTag=O]
[Text=their CharacterOffsetBegin=109 CharacterOffsetEnd=114 PartOfSpeech=PRP$ Lemma=they NamedEntityTag=O]
[Text=processor CharacterOffsetBegin=115 CharacterOffsetEnd=124 PartOfSpeech=NN Lemma=processor NamedEntityTag=O]
[Text=to CharacterOffsetBegin=125 CharacterOffsetEnd=127 PartOfSpeech=TO Lemma=to NamedEntityTag=O]
[Text=unheard CharacterOffsetBegin=128 CharacterOffsetEnd=135 PartOfSpeech=JJ Lemma=unheard NamedEntityTag=O]
[Text=heights CharacterOffsetBegin=136 CharacterOffsetEnd=143 PartOfSpeech=NNS Lemma=height NamedEntityTag=O]
(ROOT
  (S
    (NP (NNP AMD))
    (VP
      (ADVP (RB recently))
      (VBD managed)
      (S
        (VP (TO to)
          (VP (VB break)
            (NP (DT a) (NN record))
            (PP (IN in)
              (NP
                (NP (DT the) (NNP New) (NNP Guiness) (NNP Book))
                (PP (IN of)
                  (NP (NNPS Records)))))
            (, ,)
            (SBAR (IN because)
              (S
                (NP (PRP they))
                (VP (VBD managed)
                  (S
                    (VP (TO to)
                      (VP (VB overclock)
                        (NP (PRP$ their) (NN processor))
                        (PP (TO to)
                          (NP
                            (ADJP (JJ unheard))
                            (NNS heights)))))))))))))))

root(ROOT-0, managed-3)
nsubj(managed-3, AMD-1)
nsubj:xsubj(break-5, AMD-1)
advmod(managed-3, recently-2)
mark(break-5, to-4)
xcomp(managed-3, break-5)
det(record-7, a-6)
dobj(break-5, record-7)
case(Book-12, in-8)
det(Book-12, the-9)
compound(Book-12, New-10)
compound(Book-12, Guiness-11)
nmod:in(break-5, Book-12)
case(Records-14, of-13)
nmod:of(Book-12, Records-14)
punct(break-5, ,-15)
mark(managed-18, because-16)
nsubj(managed-18, they-17)
nsubj:xsubj(overclock-20, they-17)
advcl:because(break-5, managed-18)
mark(overclock-20, to-19)
xcomp(managed-18, overclock-20)
nmod:poss(processor-22, their-21)
dobj(overclock-20, processor-22)
case(heights-25, to-23)
amod(heights-25, unheard-24)
nmod:to(overclock-20, heights-25)

Coreference set:
	(1,21,[21,22]) -> (1,17,[17,18]), that is: "their" -> "they"
