Sentence #1 (23 tokens):
AMD recently managed to break a record in the New Guiness Book of Records, so they immortalized them in their record keeping
[Text=AMD CharacterOffsetBegin=0 CharacterOffsetEnd=3 PartOfSpeech=NNP Lemma=AMD NamedEntityTag=ORGANIZATION]
[Text=recently CharacterOffsetBegin=4 CharacterOffsetEnd=12 PartOfSpeech=RB Lemma=recently NamedEntityTag=DATE NormalizedNamedEntityTag=PAST_REF Timex=<TIMEX3 tid="t1" type="DATE" value="PAST_REF">recently</TIMEX3>]
[Text=managed CharacterOffsetBegin=13 CharacterOffsetEnd=20 PartOfSpeech=VBD Lemma=manage NamedEntityTag=O]
[Text=to CharacterOffsetBegin=21 CharacterOffsetEnd=23 PartOfSpeech=TO Lemma=to NamedEntityTag=O]
[Text=break CharacterOffsetBegin=24 CharacterOffsetEnd=29 PartOfSpeech=VB Lemma=break NamedEntityTag=O]
[Text=a CharacterOffsetBegin=30 CharacterOffsetEnd=31 PartOfSpeech=DT Lemma=a NamedEntityTag=O]
[Text=record CharacterOffsetBegin=32 CharacterOffsetEnd=38 PartOfSpeech=NN Lemma=record NamedEntityTag=O]
[Text=in CharacterOffsetBegin=39 CharacterOffsetEnd=41 PartOfSpeech=IN Lemma=in NamedEntityTag=O]
[Text=the CharacterOffsetBegin=42 CharacterOffsetEnd=45 PartOfSpeech=DT Lemma=the NamedEntityTag=O]
[Text=New CharacterOffsetBegin=46 CharacterOffsetEnd=49 PartOfSpeech=NNP Lemma=New NamedEntityTag=MISC]
[Text=Guiness CharacterOffsetBegin=50 CharacterOffsetEnd=57 PartOfSpeech=NNP Lemma=Guiness NamedEntityTag=MISC]
[Text=Book CharacterOffsetBegin=58 CharacterOffsetEnd=62 PartOfSpeech=NNP Lemma=Book NamedEntityTag=MISC]
[Text=of CharacterOffsetBegin=63 CharacterOffsetEnd=65 PartOfSpeech=IN Lemma=of NamedEntityTag=MISC]
[Text=Records CharacterOffsetBegin=66 CharacterOffsetEnd=73 PartOfSpeech=NNPS Lemma=Records NamedEntityTag=MISC]
[Text=, CharacterOffsetBegin=73 CharacterOffsetEnd=74 PartOfSpeech=, Lemma=, NamedEntityTag=O]
[Text=so CharacterOffsetBegin=75 CharacterOffsetEnd=77 PartOfSpeech=IN Lemma=so NamedEntityTag=O]
[Text=they CharacterOffsetBegin=78 CharacterOffsetEnd=82 PartOfSpeech=PRP Lemma=they NamedEntityTag=O]
[Text=immortalized CharacterOffsetBegin=83 CharacterOffsetEnd=95 PartOfSpeech=VBD Lemma=immortalize NamedEntityTag=O]
[Text=them CharacterOffsetBegin=96 CharacterOffsetEnd=100 PartOfSpeech=PRP Lemma=they NamedEntityTag=O]
[Text=in CharacterOffsetBegin=101 CharacterOffsetEnd=103 PartOfSpeech=IN Lemma=in NamedEntityTag=O]
[Text=their CharacterOffsetBegin=104 CharacterOffsetEnd=109 PartOfSpeech=PRP$ Lemma=they NamedEntityTag=O]
[Text=record CharacterOffsetBegin=110 CharacterOffsetEnd=116 PartOfSpeech=NN Lemma=record NamedEntityTag=O]
[Text=keeping CharacterOffsetBegin=117 CharacterOffsetEnd=124 PartOfSpeech=VBG Lemma=keep NamedEntityTag=O]
(ROOT
  (NP
    (S
      (S
        (NP (NNP AMD))
        (ADVP (RB recently))
        (VP (VBD managed)
          (S
            (VP (TO to)
              (VP (VB break)
                (NP (DT a) (NN record))
                (PP (IN in)
                  (NP
                    (NP (DT the) (NNP New) (NNP Guiness) (NNP Book))
                    (PP (IN of)
                      (NP (NNPS Records))))))))))
      (, ,) (IN so)
      (S
        (NP (PRP they))
        (VP (VBD immortalized)
          (NP (PRP them))
          (PP (IN in)
            (NP
              (NP (PRP$ their) (NN record))
              (VP (VBG keeping)))))))))

root(ROOT-0, managed-3)
nsubj(managed-3, AMD-1)
nsubj:xsubj(break-5, AMD-1)
advmod(managed-3, recently-2)
mark(break-5, to-4)
xcomp(managed-3, break-5)
det(record-7, a-6)
dobj(break-5, record-7)
case(Book-12, in-8)
det(Book-12, the-9)
compound(Book-12, New-10)
compound(Book-12, Guiness-11)
nmod:in(break-5, Book-12)
case(Records-14, of-13)
nmod:of(Book-12, Records-14)
punct(managed-3, ,-15)
dep(managed-3, so-16)
nsubj(immortalized-18, they-17)
parataxis(managed-3, immortalized-18)
dobj(immortalized-18, them-19)
case(record-22, in-20)
nmod:poss(record-22, their-21)
nmod:in(immortalized-18, record-22)
acl(record-22, keeping-23)

Coreference set:
	(1,19,[19,20]) -> (1,17,[17,18]), that is: "them" -> "they"
	(1,21,[21,22]) -> (1,17,[17,18]), that is: "their" -> "they"
