Sentence #1 (18 tokens):
The U.S.S Enterprise tried to assist a sister ship, but they arrived too late to save them
[Text=The CharacterOffsetBegin=0 CharacterOffsetEnd=3 PartOfSpeech=DT Lemma=the NamedEntityTag=O]
[Text=U.S.S CharacterOffsetBegin=4 CharacterOffsetEnd=9 PartOfSpeech=NNP Lemma=U.S.S NamedEntityTag=ORGANIZATION]
[Text=Enterprise CharacterOffsetBegin=10 CharacterOffsetEnd=20 PartOfSpeech=NNP Lemma=Enterprise NamedEntityTag=ORGANIZATION]
[Text=tried CharacterOffsetBegin=21 CharacterOffsetEnd=26 PartOfSpeech=VBD Lemma=try NamedEntityTag=O]
[Text=to CharacterOffsetBegin=27 CharacterOffsetEnd=29 PartOfSpeech=TO Lemma=to NamedEntityTag=O]
[Text=assist CharacterOffsetBegin=30 CharacterOffsetEnd=36 PartOfSpeech=VB Lemma=assist NamedEntityTag=O]
[Text=a CharacterOffsetBegin=37 CharacterOffsetEnd=38 PartOfSpeech=DT Lemma=a NamedEntityTag=O]
[Text=sister CharacterOffsetBegin=39 CharacterOffsetEnd=45 PartOfSpeech=NN Lemma=sister NamedEntityTag=O]
[Text=ship CharacterOffsetBegin=46 CharacterOffsetEnd=50 PartOfSpeech=NN Lemma=ship NamedEntityTag=O]
[Text=, CharacterOffsetBegin=50 CharacterOffsetEnd=51 PartOfSpeech=, Lemma=, NamedEntityTag=O]
[Text=but CharacterOffsetBegin=52 CharacterOffsetEnd=55 PartOfSpeech=CC Lemma=but NamedEntityTag=O]
[Text=they CharacterOffsetBegin=56 CharacterOffsetEnd=60 PartOfSpeech=PRP Lemma=they NamedEntityTag=O]
[Text=arrived CharacterOffsetBegin=61 CharacterOffsetEnd=68 PartOfSpeech=VBD Lemma=arrive NamedEntityTag=O]
[Text=too CharacterOffsetBegin=69 CharacterOffsetEnd=72 PartOfSpeech=RB Lemma=too NamedEntityTag=O]
[Text=late CharacterOffsetBegin=73 CharacterOffsetEnd=77 PartOfSpeech=JJ Lemma=late NamedEntityTag=O]
[Text=to CharacterOffsetBegin=78 CharacterOffsetEnd=80 PartOfSpeech=TO Lemma=to NamedEntityTag=O]
[Text=save CharacterOffsetBegin=81 CharacterOffsetEnd=85 PartOfSpeech=VB Lemma=save NamedEntityTag=O]
[Text=them CharacterOffsetBegin=86 CharacterOffsetEnd=90 PartOfSpeech=PRP Lemma=they NamedEntityTag=O]
(ROOT
  (FRAG
    (S
      (S
        (NP (DT The) (NNP U.S.S) (NNP Enterprise))
        (VP (VBD tried)
          (S
            (VP (TO to)
              (VP (VB assist)
                (NP (DT a) (NN sister) (NN ship)))))))
      (, ,)
      (CC but)
      (S
        (NP (PRP they))
        (VP (VBD arrived)
          (ADJP (RB too) (JJ late)
            (S
              (VP (TO to)
                (VP (VB save)
                  (NP (PRP them)))))))))))

root(ROOT-0, tried-4)
det(Enterprise-3, The-1)
compound(Enterprise-3, U.S.S-2)
nsubj(tried-4, Enterprise-3)
nsubj:xsubj(assist-6, Enterprise-3)
mark(assist-6, to-5)
xcomp(tried-4, assist-6)
det(ship-9, a-7)
compound(ship-9, sister-8)
dobj(assist-6, ship-9)
punct(tried-4, ,-10)
cc(tried-4, but-11)
nsubj(arrived-13, they-12)
conj:but(tried-4, arrived-13)
advmod(late-15, too-14)
xcomp(arrived-13, late-15)
mark(save-17, to-16)
xcomp(late-15, save-17)
dobj(save-17, them-18)

Coreference set:
	(1,18,[18,19]) -> (1,12,[12,13]), that is: "them" -> "they"
