Sentence #1 (17 tokens):
The Prince of Wales knighted William, so he gave his son the accolade with a sword
[Text=The CharacterOffsetBegin=0 CharacterOffsetEnd=3 PartOfSpeech=DT Lemma=the NamedEntityTag=O]
[Text=Prince CharacterOffsetBegin=4 CharacterOffsetEnd=10 PartOfSpeech=NNP Lemma=Prince NamedEntityTag=O]
[Text=of CharacterOffsetBegin=11 CharacterOffsetEnd=13 PartOfSpeech=IN Lemma=of NamedEntityTag=O]
[Text=Wales CharacterOffsetBegin=14 CharacterOffsetEnd=19 PartOfSpeech=NNP Lemma=Wales NamedEntityTag=LOCATION]
[Text=knighted CharacterOffsetBegin=20 CharacterOffsetEnd=28 PartOfSpeech=VBD Lemma=knight NamedEntityTag=O]
[Text=William CharacterOffsetBegin=29 CharacterOffsetEnd=36 PartOfSpeech=NNP Lemma=William NamedEntityTag=PERSON]
[Text=, CharacterOffsetBegin=36 CharacterOffsetEnd=37 PartOfSpeech=, Lemma=, NamedEntityTag=O]
[Text=so CharacterOffsetBegin=38 CharacterOffsetEnd=40 PartOfSpeech=RB Lemma=so NamedEntityTag=O]
[Text=he CharacterOffsetBegin=41 CharacterOffsetEnd=43 PartOfSpeech=PRP Lemma=he NamedEntityTag=O]
[Text=gave CharacterOffsetBegin=44 CharacterOffsetEnd=48 PartOfSpeech=VBD Lemma=give NamedEntityTag=O]
[Text=his CharacterOffsetBegin=49 CharacterOffsetEnd=52 PartOfSpeech=PRP$ Lemma=he NamedEntityTag=O]
[Text=son CharacterOffsetBegin=53 CharacterOffsetEnd=56 PartOfSpeech=NN Lemma=son NamedEntityTag=O]
[Text=the CharacterOffsetBegin=57 CharacterOffsetEnd=60 PartOfSpeech=DT Lemma=the NamedEntityTag=O]
[Text=accolade CharacterOffsetBegin=61 CharacterOffsetEnd=69 PartOfSpeech=NN Lemma=accolade NamedEntityTag=O]
[Text=with CharacterOffsetBegin=70 CharacterOffsetEnd=74 PartOfSpeech=IN Lemma=with NamedEntityTag=O]
[Text=a CharacterOffsetBegin=75 CharacterOffsetEnd=76 PartOfSpeech=DT Lemma=a NamedEntityTag=O]
[Text=sword CharacterOffsetBegin=77 CharacterOffsetEnd=82 PartOfSpeech=NN Lemma=sword NamedEntityTag=O]
(ROOT
  (S
    (NP
      (NP (DT The) (NNP Prince))
      (PP (IN of)
        (NP (NNP Wales))))
    (VP (VBD knighted)
      (NP (NNP William))
      (, ,)
      (SBAR (RB so)
        (S
          (NP (PRP he))
          (VP (VBD gave)
            (NP (PRP$ his) (NN son))
            (NP
              (NP (DT the) (NN accolade))
              (PP (IN with)
                (NP (DT a) (NN sword))))))))))

root(ROOT-0, knighted-5)
det(Prince-2, The-1)
nsubj(knighted-5, Prince-2)
case(Wales-4, of-3)
nmod:of(Prince-2, Wales-4)
dobj(knighted-5, William-6)
punct(knighted-5, ,-7)
advmod(gave-10, so-8)
nsubj(gave-10, he-9)
dep(knighted-5, gave-10)
nmod:poss(son-12, his-11)
dep(gave-10, son-12)
det(accolade-14, the-13)
dobj(gave-10, accolade-14)
case(sword-17, with-15)
det(sword-17, a-16)
nmod:with(accolade-14, sword-17)

Coreference set:
	(1,9,[9,10]) -> (1,2,[1,5]), that is: "he" -> "The Prince of Wales"
	(1,11,[11,12]) -> (1,2,[1,5]), that is: "his" -> "The Prince of Wales"
