Sentence #1 (18 tokens):
The Prince of Wales knighted William because he could not compete in the tournament without being of nobility
[Text=The CharacterOffsetBegin=0 CharacterOffsetEnd=3 PartOfSpeech=DT Lemma=the NamedEntityTag=O]
[Text=Prince CharacterOffsetBegin=4 CharacterOffsetEnd=10 PartOfSpeech=NNP Lemma=Prince NamedEntityTag=O]
[Text=of CharacterOffsetBegin=11 CharacterOffsetEnd=13 PartOfSpeech=IN Lemma=of NamedEntityTag=O]
[Text=Wales CharacterOffsetBegin=14 CharacterOffsetEnd=19 PartOfSpeech=NNP Lemma=Wales NamedEntityTag=LOCATION]
[Text=knighted CharacterOffsetBegin=20 CharacterOffsetEnd=28 PartOfSpeech=VBD Lemma=knight NamedEntityTag=O]
[Text=William CharacterOffsetBegin=29 CharacterOffsetEnd=36 PartOfSpeech=NNP Lemma=William NamedEntityTag=PERSON]
[Text=because CharacterOffsetBegin=37 CharacterOffsetEnd=44 PartOfSpeech=IN Lemma=because NamedEntityTag=O]
[Text=he CharacterOffsetBegin=45 CharacterOffsetEnd=47 PartOfSpeech=PRP Lemma=he NamedEntityTag=O]
[Text=could CharacterOffsetBegin=48 CharacterOffsetEnd=53 PartOfSpeech=MD Lemma=could NamedEntityTag=O]
[Text=not CharacterOffsetBegin=54 CharacterOffsetEnd=57 PartOfSpeech=RB Lemma=not NamedEntityTag=O]
[Text=compete CharacterOffsetBegin=58 CharacterOffsetEnd=65 PartOfSpeech=VB Lemma=compete NamedEntityTag=O]
[Text=in CharacterOffsetBegin=66 CharacterOffsetEnd=68 PartOfSpeech=IN Lemma=in NamedEntityTag=O]
[Text=the CharacterOffsetBegin=69 CharacterOffsetEnd=72 PartOfSpeech=DT Lemma=the NamedEntityTag=O]
[Text=tournament CharacterOffsetBegin=73 CharacterOffsetEnd=83 PartOfSpeech=NN Lemma=tournament NamedEntityTag=O]
[Text=without CharacterOffsetBegin=84 CharacterOffsetEnd=91 PartOfSpeech=IN Lemma=without NamedEntityTag=O]
[Text=being CharacterOffsetBegin=92 CharacterOffsetEnd=97 PartOfSpeech=VBG Lemma=be NamedEntityTag=O]
[Text=of CharacterOffsetBegin=98 CharacterOffsetEnd=100 PartOfSpeech=IN Lemma=of NamedEntityTag=O]
[Text=nobility CharacterOffsetBegin=101 CharacterOffsetEnd=109 PartOfSpeech=NN Lemma=nobility NamedEntityTag=O]
(ROOT
  (S
    (NP
      (NP (DT The) (NNP Prince))
      (PP (IN of)
        (NP (NNP Wales))))
    (VP (VBD knighted)
      (NP (NNP William))
      (SBAR (IN because)
        (S
          (NP (PRP he))
          (VP (MD could) (RB not)
            (VP (VB compete)
              (PP (IN in)
                (NP (DT the) (NN tournament)))
              (PP (IN without)
                (S
                  (VP (VBG being)
                    (PP (IN of)
                      (NP (NN nobility)))))))))))))

root(ROOT-0, knighted-5)
det(Prince-2, The-1)
nsubj(knighted-5, Prince-2)
case(Wales-4, of-3)
nmod:of(Prince-2, Wales-4)
dobj(knighted-5, William-6)
mark(compete-11, because-7)
nsubj(compete-11, he-8)
aux(compete-11, could-9)
neg(compete-11, not-10)
advcl:because(knighted-5, compete-11)
case(tournament-14, in-12)
det(tournament-14, the-13)
nmod:in(compete-11, tournament-14)
mark(nobility-18, without-15)
cop(nobility-18, being-16)
case(nobility-18, of-17)
advcl:without(compete-11, nobility-18)

Coreference set:
	(1,8,[8,9]) -> (1,2,[1,5]), that is: "he" -> "The Prince of Wales"
