Sentence #1 (9 tokens):
Mary gave Sandy her book because she is generous
[Text=Mary CharacterOffsetBegin=0 CharacterOffsetEnd=4 PartOfSpeech=NNP Lemma=Mary NamedEntityTag=PERSON]
[Text=gave CharacterOffsetBegin=5 CharacterOffsetEnd=9 PartOfSpeech=VBD Lemma=give NamedEntityTag=O]
[Text=Sandy CharacterOffsetBegin=10 CharacterOffsetEnd=15 PartOfSpeech=NNP Lemma=Sandy NamedEntityTag=PERSON]
[Text=her CharacterOffsetBegin=16 CharacterOffsetEnd=19 PartOfSpeech=PRP$ Lemma=she NamedEntityTag=O]
[Text=book CharacterOffsetBegin=20 CharacterOffsetEnd=24 PartOfSpeech=NN Lemma=book NamedEntityTag=O]
[Text=because CharacterOffsetBegin=25 CharacterOffsetEnd=32 PartOfSpeech=IN Lemma=because NamedEntityTag=O]
[Text=she CharacterOffsetBegin=33 CharacterOffsetEnd=36 PartOfSpeech=PRP Lemma=she NamedEntityTag=O]
[Text=is CharacterOffsetBegin=37 CharacterOffsetEnd=39 PartOfSpeech=VBZ Lemma=be NamedEntityTag=O]
[Text=generous CharacterOffsetBegin=40 CharacterOffsetEnd=48 PartOfSpeech=JJ Lemma=generous NamedEntityTag=O]
(ROOT
  (S
    (NP (NNP Mary))
    (VP (VBD gave)
      (NP (NNP Sandy))
      (NP (PRP$ her) (NN book))
      (SBAR (IN because)
        (S
          (NP (PRP she))
          (VP (VBZ is)
            (ADJP (JJ generous))))))))

root(ROOT-0, gave-2)
nsubj(gave-2, Mary-1)
iobj(gave-2, Sandy-3)
nmod:poss(book-5, her-4)
dobj(gave-2, book-5)
mark(generous-9, because-6)
nsubj(generous-9, she-7)
cop(generous-9, is-8)
advcl:because(gave-2, generous-9)

Coreference set:
	(1,4,[4,5]) -> (1,1,[1,2]), that is: "her" -> "Mary"
	(1,7,[7,8]) -> (1,1,[1,2]), that is: "she" -> "Mary"
