Sentence #1 (21 tokens):
Ryan Higa sometimes guest stars in videos for Kev Jumbo because he wants his friend's videos to succeed as well
[Text=Ryan CharacterOffsetBegin=0 CharacterOffsetEnd=4 PartOfSpeech=NNP Lemma=Ryan NamedEntityTag=PERSON]
[Text=Higa CharacterOffsetBegin=5 CharacterOffsetEnd=9 PartOfSpeech=NNP Lemma=Higa NamedEntityTag=PERSON]
[Text=sometimes CharacterOffsetBegin=10 CharacterOffsetEnd=19 PartOfSpeech=RB Lemma=sometimes NamedEntityTag=O]
[Text=guest CharacterOffsetBegin=20 CharacterOffsetEnd=25 PartOfSpeech=JJ Lemma=guest NamedEntityTag=O]
[Text=stars CharacterOffsetBegin=26 CharacterOffsetEnd=31 PartOfSpeech=NNS Lemma=star NamedEntityTag=O]
[Text=in CharacterOffsetBegin=32 CharacterOffsetEnd=34 PartOfSpeech=IN Lemma=in NamedEntityTag=O]
[Text=videos CharacterOffsetBegin=35 CharacterOffsetEnd=41 PartOfSpeech=NNS Lemma=video NamedEntityTag=O]
[Text=for CharacterOffsetBegin=42 CharacterOffsetEnd=45 PartOfSpeech=IN Lemma=for NamedEntityTag=O]
[Text=Kev CharacterOffsetBegin=46 CharacterOffsetEnd=49 PartOfSpeech=NNP Lemma=Kev NamedEntityTag=PERSON]
[Text=Jumbo CharacterOffsetBegin=50 CharacterOffsetEnd=55 PartOfSpeech=NNP Lemma=Jumbo NamedEntityTag=PERSON]
[Text=because CharacterOffsetBegin=56 CharacterOffsetEnd=63 PartOfSpeech=IN Lemma=because NamedEntityTag=O]
[Text=he CharacterOffsetBegin=64 CharacterOffsetEnd=66 PartOfSpeech=PRP Lemma=he NamedEntityTag=O]
[Text=wants CharacterOffsetBegin=67 CharacterOffsetEnd=72 PartOfSpeech=VBZ Lemma=want NamedEntityTag=O]
[Text=his CharacterOffsetBegin=73 CharacterOffsetEnd=76 PartOfSpeech=PRP$ Lemma=he NamedEntityTag=O]
[Text=friend CharacterOffsetBegin=77 CharacterOffsetEnd=83 PartOfSpeech=NN Lemma=friend NamedEntityTag=O]
[Text='s CharacterOffsetBegin=83 CharacterOffsetEnd=85 PartOfSpeech=POS Lemma='s NamedEntityTag=O]
[Text=videos CharacterOffsetBegin=86 CharacterOffsetEnd=92 PartOfSpeech=NNS Lemma=video NamedEntityTag=O]
[Text=to CharacterOffsetBegin=93 CharacterOffsetEnd=95 PartOfSpeech=TO Lemma=to NamedEntityTag=O]
[Text=succeed CharacterOffsetBegin=96 CharacterOffsetEnd=103 PartOfSpeech=VB Lemma=succeed NamedEntityTag=O]
[Text=as CharacterOffsetBegin=104 CharacterOffsetEnd=106 PartOfSpeech=RB Lemma=as NamedEntityTag=O]
[Text=well CharacterOffsetBegin=107 CharacterOffsetEnd=111 PartOfSpeech=RB Lemma=well NamedEntityTag=O]
(ROOT
  (FRAG
    (NP
      (NP
        (NP (NNP Ryan) (NNP Higa))
        (RRC
          (ADVP (RB sometimes))
          (NP
            (NP (JJ guest) (NNS stars))
            (PP (IN in)
              (NP (NNS videos))))))
      (PP (IN for)
        (NP (NNP Kev) (NNP Jumbo))))
    (SBAR (IN because)
      (S
        (NP (PRP he))
        (VP (VBZ wants)
          (NP
            (NP (PRP$ his) (NN friend) (POS 's))
            (NNS videos)
            (S
              (VP (TO to)
                (VP (VB succeed)
                  (ADVP (RB as) (RB well)))))))))))

root(ROOT-0, Higa-2)
compound(Higa-2, Ryan-1)
advmod(stars-5, sometimes-3)
amod(stars-5, guest-4)
acl:relcl(Higa-2, stars-5)
case(videos-7, in-6)
nmod:in(stars-5, videos-7)
case(Jumbo-10, for-8)
compound(Jumbo-10, Kev-9)
nmod:for(Higa-2, Jumbo-10)
mark(wants-13, because-11)
nsubj(wants-13, he-12)
dep(Higa-2, wants-13)
nmod:poss(friend-15, his-14)
nmod:poss(videos-17, friend-15)
case(friend-15, 's-16)
dobj(wants-13, videos-17)
mark(succeed-19, to-18)
acl:to(videos-17, succeed-19)
advmod(succeed-19, as-20)
mwe(as-20, well-21)

Coreference set:
	(1,14,[14,15]) -> (1,12,[12,13]), that is: "his" -> "he"
