Sentence #1 (25 tokens):
Ryan Higa sometimes guest stars in videos for Kev Jumbo so he is beginning to gather a bigger following due to his friend's help
[Text=Ryan CharacterOffsetBegin=0 CharacterOffsetEnd=4 PartOfSpeech=NNP Lemma=Ryan NamedEntityTag=PERSON]
[Text=Higa CharacterOffsetBegin=5 CharacterOffsetEnd=9 PartOfSpeech=NNP Lemma=Higa NamedEntityTag=PERSON]
[Text=sometimes CharacterOffsetBegin=10 CharacterOffsetEnd=19 PartOfSpeech=RB Lemma=sometimes NamedEntityTag=O]
[Text=guest CharacterOffsetBegin=20 CharacterOffsetEnd=25 PartOfSpeech=JJ Lemma=guest NamedEntityTag=O]
[Text=stars CharacterOffsetBegin=26 CharacterOffsetEnd=31 PartOfSpeech=NNS Lemma=star NamedEntityTag=O]
[Text=in CharacterOffsetBegin=32 CharacterOffsetEnd=34 PartOfSpeech=IN Lemma=in NamedEntityTag=O]
[Text=videos CharacterOffsetBegin=35 CharacterOffsetEnd=41 PartOfSpeech=NNS Lemma=video NamedEntityTag=O]
[Text=for CharacterOffsetBegin=42 CharacterOffsetEnd=45 PartOfSpeech=IN Lemma=for NamedEntityTag=O]
[Text=Kev CharacterOffsetBegin=46 CharacterOffsetEnd=49 PartOfSpeech=NNP Lemma=Kev NamedEntityTag=PERSON]
[Text=Jumbo CharacterOffsetBegin=50 CharacterOffsetEnd=55 PartOfSpeech=NNP Lemma=Jumbo NamedEntityTag=PERSON]
[Text=so CharacterOffsetBegin=56 CharacterOffsetEnd=58 PartOfSpeech=IN Lemma=so NamedEntityTag=O]
[Text=he CharacterOffsetBegin=59 CharacterOffsetEnd=61 PartOfSpeech=PRP Lemma=he NamedEntityTag=O]
[Text=is CharacterOffsetBegin=62 CharacterOffsetEnd=64 PartOfSpeech=VBZ Lemma=be NamedEntityTag=O]
[Text=beginning CharacterOffsetBegin=65 CharacterOffsetEnd=74 PartOfSpeech=VBG Lemma=begin NamedEntityTag=O]
[Text=to CharacterOffsetBegin=75 CharacterOffsetEnd=77 PartOfSpeech=TO Lemma=to NamedEntityTag=O]
[Text=gather CharacterOffsetBegin=78 CharacterOffsetEnd=84 PartOfSpeech=VB Lemma=gather NamedEntityTag=O]
[Text=a CharacterOffsetBegin=85 CharacterOffsetEnd=86 PartOfSpeech=DT Lemma=a NamedEntityTag=O]
[Text=bigger CharacterOffsetBegin=87 CharacterOffsetEnd=93 PartOfSpeech=JJR Lemma=bigger NamedEntityTag=O]
[Text=following CharacterOffsetBegin=94 CharacterOffsetEnd=103 PartOfSpeech=VBG Lemma=follow NamedEntityTag=O]
[Text=due CharacterOffsetBegin=104 CharacterOffsetEnd=107 PartOfSpeech=JJ Lemma=due NamedEntityTag=O]
[Text=to CharacterOffsetBegin=108 CharacterOffsetEnd=110 PartOfSpeech=TO Lemma=to NamedEntityTag=O]
[Text=his CharacterOffsetBegin=111 CharacterOffsetEnd=114 PartOfSpeech=PRP$ Lemma=he NamedEntityTag=O]
[Text=friend CharacterOffsetBegin=115 CharacterOffsetEnd=121 PartOfSpeech=NN Lemma=friend NamedEntityTag=O]
[Text='s CharacterOffsetBegin=121 CharacterOffsetEnd=123 PartOfSpeech=POS Lemma='s NamedEntityTag=O]
[Text=help CharacterOffsetBegin=124 CharacterOffsetEnd=128 PartOfSpeech=NN Lemma=help NamedEntityTag=O]
(ROOT
  (FRAG
    (NP
      (NP
        (NP (NNP Ryan) (NNP Higa))
        (RRC
          (ADVP (RB sometimes))
          (NP
            (NP (JJ guest) (NNS stars))
            (PP (IN in)
              (NP (NNS videos))))))
      (PP (IN for)
        (NP (NNP Kev) (NNP Jumbo))))
    (SBAR (IN so)
      (S
        (NP (PRP he))
        (VP (VBZ is)
          (VP (VBG beginning)
            (S
              (VP (TO to)
                (VP (VB gather)
                  (NP
                    (NP (DT a) (JJR bigger))
                    (VP (VBG following)
                      (ADJP (JJ due)
                        (PP (TO to)
                          (NP
                            (NP (PRP$ his) (NN friend) (POS 's))
                            (NN help)))))))))))))))

root(ROOT-0, Higa-2)
compound(Higa-2, Ryan-1)
advmod(stars-5, sometimes-3)
amod(stars-5, guest-4)
acl:relcl(Higa-2, stars-5)
case(videos-7, in-6)
nmod:in(stars-5, videos-7)
case(Jumbo-10, for-8)
compound(Jumbo-10, Kev-9)
nmod:for(Higa-2, Jumbo-10)
mark(beginning-14, so-11)
nsubj(beginning-14, he-12)
nsubj:xsubj(gather-16, he-12)
aux(beginning-14, is-13)
dep(Higa-2, beginning-14)
mark(gather-16, to-15)
xcomp(beginning-14, gather-16)
det(bigger-18, a-17)
dobj(gather-16, bigger-18)
acl(bigger-18, following-19)
xcomp(following-19, due-20)
case(help-25, to-21)
nmod:poss(friend-23, his-22)
nmod:poss(help-25, friend-23)
case(friend-23, 's-24)
nmod:to(due-20, help-25)

Coreference set:
	(1,22,[22,23]) -> (1,12,[12,13]), that is: "his" -> "he"
