Sentence #1 (16 tokens):
The Marines are considerably afraid of the aliens because they are known to hunt down humans
[Text=The CharacterOffsetBegin=0 CharacterOffsetEnd=3 PartOfSpeech=DT Lemma=the NamedEntityTag=O]
[Text=Marines CharacterOffsetBegin=4 CharacterOffsetEnd=11 PartOfSpeech=NNPS Lemma=Marines NamedEntityTag=ORGANIZATION]
[Text=are CharacterOffsetBegin=12 CharacterOffsetEnd=15 PartOfSpeech=VBP Lemma=be NamedEntityTag=O]
[Text=considerably CharacterOffsetBegin=16 CharacterOffsetEnd=28 PartOfSpeech=RB Lemma=considerably NamedEntityTag=O]
[Text=afraid CharacterOffsetBegin=29 CharacterOffsetEnd=35 PartOfSpeech=JJ Lemma=afraid NamedEntityTag=O]
[Text=of CharacterOffsetBegin=36 CharacterOffsetEnd=38 PartOfSpeech=IN Lemma=of NamedEntityTag=O]
[Text=the CharacterOffsetBegin=39 CharacterOffsetEnd=42 PartOfSpeech=DT Lemma=the NamedEntityTag=O]
[Text=aliens CharacterOffsetBegin=43 CharacterOffsetEnd=49 PartOfSpeech=NNS Lemma=alien NamedEntityTag=O]
[Text=because CharacterOffsetBegin=50 CharacterOffsetEnd=57 PartOfSpeech=IN Lemma=because NamedEntityTag=O]
[Text=they CharacterOffsetBegin=58 CharacterOffsetEnd=62 PartOfSpeech=PRP Lemma=they NamedEntityTag=O]
[Text=are CharacterOffsetBegin=63 CharacterOffsetEnd=66 PartOfSpeech=VBP Lemma=be NamedEntityTag=O]
[Text=known CharacterOffsetBegin=67 CharacterOffsetEnd=72 PartOfSpeech=VBN Lemma=know NamedEntityTag=O]
[Text=to CharacterOffsetBegin=73 CharacterOffsetEnd=75 PartOfSpeech=TO Lemma=to NamedEntityTag=O]
[Text=hunt CharacterOffsetBegin=76 CharacterOffsetEnd=80 PartOfSpeech=NN Lemma=hunt NamedEntityTag=O]
[Text=down CharacterOffsetBegin=81 CharacterOffsetEnd=85 PartOfSpeech=IN Lemma=down NamedEntityTag=O]
[Text=humans CharacterOffsetBegin=86 CharacterOffsetEnd=92 PartOfSpeech=NNS Lemma=human NamedEntityTag=O]
(ROOT
  (S
    (NP (DT The) (NNPS Marines))
    (VP (VBP are)
      (ADJP (RB considerably) (JJ afraid)
        (PP (IN of)
          (NP (DT the) (NNS aliens))))
      (SBAR (IN because)
        (S
          (NP (PRP they))
          (VP (VBP are)
            (VP (VBN known)
              (PP (TO to)
                (NP (NN hunt)))
              (PP (IN down)
                (NP (NNS humans))))))))))

root(ROOT-0, afraid-5)
det(Marines-2, The-1)
nsubj(afraid-5, Marines-2)
cop(afraid-5, are-3)
advmod(afraid-5, considerably-4)
case(aliens-8, of-6)
det(aliens-8, the-7)
nmod:of(afraid-5, aliens-8)
mark(known-12, because-9)
nsubjpass(known-12, they-10)
auxpass(known-12, are-11)
advcl:because(afraid-5, known-12)
case(hunt-14, to-13)
nmod:to(known-12, hunt-14)
case(humans-16, down-15)
nmod:down(known-12, humans-16)

Coreference set:
	(1,10,[10,11]) -> (1,8,[7,9]), that is: "they" -> "the aliens"
