Sentence #1 (19 tokens):
The children learned how to kill poisonous snakes from the adults since they have experience surviving in the outdoors
[Text=The CharacterOffsetBegin=0 CharacterOffsetEnd=3 PartOfSpeech=DT Lemma=the NamedEntityTag=O]
[Text=children CharacterOffsetBegin=4 CharacterOffsetEnd=12 PartOfSpeech=NNS Lemma=child NamedEntityTag=O]
[Text=learned CharacterOffsetBegin=13 CharacterOffsetEnd=20 PartOfSpeech=VBD Lemma=learn NamedEntityTag=O]
[Text=how CharacterOffsetBegin=21 CharacterOffsetEnd=24 PartOfSpeech=WRB Lemma=how NamedEntityTag=O]
[Text=to CharacterOffsetBegin=25 CharacterOffsetEnd=27 PartOfSpeech=TO Lemma=to NamedEntityTag=O]
[Text=kill CharacterOffsetBegin=28 CharacterOffsetEnd=32 PartOfSpeech=VB Lemma=kill NamedEntityTag=O]
[Text=poisonous CharacterOffsetBegin=33 CharacterOffsetEnd=42 PartOfSpeech=JJ Lemma=poisonous NamedEntityTag=O]
[Text=snakes CharacterOffsetBegin=43 CharacterOffsetEnd=49 PartOfSpeech=NNS Lemma=snake NamedEntityTag=O]
[Text=from CharacterOffsetBegin=50 CharacterOffsetEnd=54 PartOfSpeech=IN Lemma=from NamedEntityTag=O]
[Text=the CharacterOffsetBegin=55 CharacterOffsetEnd=58 PartOfSpeech=DT Lemma=the NamedEntityTag=O]
[Text=adults CharacterOffsetBegin=59 CharacterOffsetEnd=65 PartOfSpeech=NNS Lemma=adult NamedEntityTag=O]
[Text=since CharacterOffsetBegin=66 CharacterOffsetEnd=71 PartOfSpeech=IN Lemma=since NamedEntityTag=O]
[Text=they CharacterOffsetBegin=72 CharacterOffsetEnd=76 PartOfSpeech=PRP Lemma=they NamedEntityTag=O]
[Text=have CharacterOffsetBegin=77 CharacterOffsetEnd=81 PartOfSpeech=VBP Lemma=have NamedEntityTag=O]
[Text=experience CharacterOffsetBegin=82 CharacterOffsetEnd=92 PartOfSpeech=NN Lemma=experience NamedEntityTag=O]
[Text=surviving CharacterOffsetBegin=93 CharacterOffsetEnd=102 PartOfSpeech=VBG Lemma=survive NamedEntityTag=O]
[Text=in CharacterOffsetBegin=103 CharacterOffsetEnd=105 PartOfSpeech=IN Lemma=in NamedEntityTag=O]
[Text=the CharacterOffsetBegin=106 CharacterOffsetEnd=109 PartOfSpeech=DT Lemma=the NamedEntityTag=O]
[Text=outdoors CharacterOffsetBegin=110 CharacterOffsetEnd=118 PartOfSpeech=NNS Lemma=outdoors NamedEntityTag=O]
(ROOT
  (S
    (NP (DT The) (NNS children))
    (VP (VBD learned)
      (SBAR
        (WHADVP (WRB how))
        (S
          (VP (TO to)
            (VP (VB kill)
              (NP (JJ poisonous) (NNS snakes))
              (PP (IN from)
                (NP (DT the) (NNS adults)))
              (SBAR (IN since)
                (S
                  (NP (PRP they))
                  (VP (VBP have)
                    (NP
                      (NP (NN experience) (VBG surviving))
                      (PP (IN in)
                        (NP (DT the) (NNS outdoors))))))))))))))

root(ROOT-0, learned-3)
det(children-2, The-1)
nsubj(learned-3, children-2)
advmod(kill-6, how-4)
mark(kill-6, to-5)
ccomp(learned-3, kill-6)
amod(snakes-8, poisonous-7)
dobj(kill-6, snakes-8)
case(adults-11, from-9)
det(adults-11, the-10)
nmod:from(kill-6, adults-11)
mark(have-14, since-12)
nsubj(have-14, they-13)
advcl:since(kill-6, have-14)
dobj(have-14, experience-15)
amod(experience-15, surviving-16)
case(outdoors-19, in-17)
det(outdoors-19, the-18)
nmod:in(experience-15, outdoors-19)

Coreference set:
	(1,13,[13,14]) -> (1,11,[10,12]), that is: "they" -> "the adults"
