Sentence #1 (21 tokens):
The children learned how to kill poisonous snakes from the adults so they can also survive in the wild by themselves
[Text=The CharacterOffsetBegin=0 CharacterOffsetEnd=3 PartOfSpeech=DT Lemma=the NamedEntityTag=O]
[Text=children CharacterOffsetBegin=4 CharacterOffsetEnd=12 PartOfSpeech=NNS Lemma=child NamedEntityTag=O]
[Text=learned CharacterOffsetBegin=13 CharacterOffsetEnd=20 PartOfSpeech=VBD Lemma=learn NamedEntityTag=O]
[Text=how CharacterOffsetBegin=21 CharacterOffsetEnd=24 PartOfSpeech=WRB Lemma=how NamedEntityTag=O]
[Text=to CharacterOffsetBegin=25 CharacterOffsetEnd=27 PartOfSpeech=TO Lemma=to NamedEntityTag=O]
[Text=kill CharacterOffsetBegin=28 CharacterOffsetEnd=32 PartOfSpeech=VB Lemma=kill NamedEntityTag=O]
[Text=poisonous CharacterOffsetBegin=33 CharacterOffsetEnd=42 PartOfSpeech=JJ Lemma=poisonous NamedEntityTag=O]
[Text=snakes CharacterOffsetBegin=43 CharacterOffsetEnd=49 PartOfSpeech=NNS Lemma=snake NamedEntityTag=O]
[Text=from CharacterOffsetBegin=50 CharacterOffsetEnd=54 PartOfSpeech=IN Lemma=from NamedEntityTag=O]
[Text=the CharacterOffsetBegin=55 CharacterOffsetEnd=58 PartOfSpeech=DT Lemma=the NamedEntityTag=O]
[Text=adults CharacterOffsetBegin=59 CharacterOffsetEnd=65 PartOfSpeech=NNS Lemma=adult NamedEntityTag=O]
[Text=so CharacterOffsetBegin=66 CharacterOffsetEnd=68 PartOfSpeech=IN Lemma=so NamedEntityTag=O]
[Text=they CharacterOffsetBegin=69 CharacterOffsetEnd=73 PartOfSpeech=PRP Lemma=they NamedEntityTag=O]
[Text=can CharacterOffsetBegin=74 CharacterOffsetEnd=77 PartOfSpeech=MD Lemma=can NamedEntityTag=O]
[Text=also CharacterOffsetBegin=78 CharacterOffsetEnd=82 PartOfSpeech=RB Lemma=also NamedEntityTag=O]
[Text=survive CharacterOffsetBegin=83 CharacterOffsetEnd=90 PartOfSpeech=VB Lemma=survive NamedEntityTag=O]
[Text=in CharacterOffsetBegin=91 CharacterOffsetEnd=93 PartOfSpeech=IN Lemma=in NamedEntityTag=O]
[Text=the CharacterOffsetBegin=94 CharacterOffsetEnd=97 PartOfSpeech=DT Lemma=the NamedEntityTag=O]
[Text=wild CharacterOffsetBegin=98 CharacterOffsetEnd=102 PartOfSpeech=JJ Lemma=wild NamedEntityTag=O]
[Text=by CharacterOffsetBegin=103 CharacterOffsetEnd=105 PartOfSpeech=IN Lemma=by NamedEntityTag=O]
[Text=themselves CharacterOffsetBegin=106 CharacterOffsetEnd=116 PartOfSpeech=PRP Lemma=themselves NamedEntityTag=O]
(ROOT
  (S
    (NP (DT The) (NNS children))
    (VP (VBD learned)
      (SBAR
        (WHADVP (WRB how))
        (S
          (VP (TO to)
            (VP (VB kill)
              (NP (JJ poisonous) (NNS snakes))
              (PP (IN from)
                (NP (DT the) (NNS adults)))
              (SBAR (IN so)
                (S
                  (NP (PRP they))
                  (VP (MD can)
                    (ADVP (RB also))
                    (VP (VB survive)
                      (PP (IN in)
                        (NP (DT the) (JJ wild)))
                      (PP (IN by)
                        (NP (PRP themselves))))))))))))))

root(ROOT-0, learned-3)
det(children-2, The-1)
nsubj(learned-3, children-2)
advmod(kill-6, how-4)
mark(kill-6, to-5)
ccomp(learned-3, kill-6)
amod(snakes-8, poisonous-7)
dobj(kill-6, snakes-8)
case(adults-11, from-9)
det(adults-11, the-10)
nmod:from(kill-6, adults-11)
mark(survive-16, so-12)
nsubj(survive-16, they-13)
aux(survive-16, can-14)
advmod(survive-16, also-15)
advcl:so(kill-6, survive-16)
case(wild-19, in-17)
det(wild-19, the-18)
nmod:in(survive-16, wild-19)
case(themselves-21, by-20)
nmod:by(survive-16, themselves-21)

Coreference set:
	(1,13,[13,14]) -> (1,11,[10,12]), that is: "they" -> "the adults"
	(1,21,[21,22]) -> (1,11,[10,12]), that is: "themselves" -> "the adults"
