Sentence #1 (26 tokens):
The public school board of educators initiated a physical education plan on the students since they scored so low on the health and fitness standardized test
[Text=The CharacterOffsetBegin=0 CharacterOffsetEnd=3 PartOfSpeech=DT Lemma=the NamedEntityTag=O]
[Text=public CharacterOffsetBegin=4 CharacterOffsetEnd=10 PartOfSpeech=JJ Lemma=public NamedEntityTag=O]
[Text=school CharacterOffsetBegin=11 CharacterOffsetEnd=17 PartOfSpeech=NN Lemma=school NamedEntityTag=O]
[Text=board CharacterOffsetBegin=18 CharacterOffsetEnd=23 PartOfSpeech=NN Lemma=board NamedEntityTag=O]
[Text=of CharacterOffsetBegin=24 CharacterOffsetEnd=26 PartOfSpeech=IN Lemma=of NamedEntityTag=O]
[Text=educators CharacterOffsetBegin=27 CharacterOffsetEnd=36 PartOfSpeech=NNS Lemma=educator NamedEntityTag=O]
[Text=initiated CharacterOffsetBegin=37 CharacterOffsetEnd=46 PartOfSpeech=VBD Lemma=initiate NamedEntityTag=O]
[Text=a CharacterOffsetBegin=47 CharacterOffsetEnd=48 PartOfSpeech=DT Lemma=a NamedEntityTag=O]
[Text=physical CharacterOffsetBegin=49 CharacterOffsetEnd=57 PartOfSpeech=JJ Lemma=physical NamedEntityTag=O]
[Text=education CharacterOffsetBegin=58 CharacterOffsetEnd=67 PartOfSpeech=NN Lemma=education NamedEntityTag=O]
[Text=plan CharacterOffsetBegin=68 CharacterOffsetEnd=72 PartOfSpeech=NN Lemma=plan NamedEntityTag=O]
[Text=on CharacterOffsetBegin=73 CharacterOffsetEnd=75 PartOfSpeech=IN Lemma=on NamedEntityTag=O]
[Text=the CharacterOffsetBegin=76 CharacterOffsetEnd=79 PartOfSpeech=DT Lemma=the NamedEntityTag=O]
[Text=students CharacterOffsetBegin=80 CharacterOffsetEnd=88 PartOfSpeech=NNS Lemma=student NamedEntityTag=O]
[Text=since CharacterOffsetBegin=89 CharacterOffsetEnd=94 PartOfSpeech=IN Lemma=since NamedEntityTag=O]
[Text=they CharacterOffsetBegin=95 CharacterOffsetEnd=99 PartOfSpeech=PRP Lemma=they NamedEntityTag=O]
[Text=scored CharacterOffsetBegin=100 CharacterOffsetEnd=106 PartOfSpeech=VBD Lemma=score NamedEntityTag=O]
[Text=so CharacterOffsetBegin=107 CharacterOffsetEnd=109 PartOfSpeech=RB Lemma=so NamedEntityTag=O]
[Text=low CharacterOffsetBegin=110 CharacterOffsetEnd=113 PartOfSpeech=JJ Lemma=low NamedEntityTag=O]
[Text=on CharacterOffsetBegin=114 CharacterOffsetEnd=116 PartOfSpeech=IN Lemma=on NamedEntityTag=O]
[Text=the CharacterOffsetBegin=117 CharacterOffsetEnd=120 PartOfSpeech=DT Lemma=the NamedEntityTag=O]
[Text=health CharacterOffsetBegin=121 CharacterOffsetEnd=127 PartOfSpeech=NN Lemma=health NamedEntityTag=O]
[Text=and CharacterOffsetBegin=128 CharacterOffsetEnd=131 PartOfSpeech=CC Lemma=and NamedEntityTag=O]
[Text=fitness CharacterOffsetBegin=132 CharacterOffsetEnd=139 PartOfSpeech=NN Lemma=fitness NamedEntityTag=O]
[Text=standardized CharacterOffsetBegin=140 CharacterOffsetEnd=152 PartOfSpeech=JJ Lemma=standardized NamedEntityTag=O]
[Text=test CharacterOffsetBegin=153 CharacterOffsetEnd=157 PartOfSpeech=NN Lemma=test NamedEntityTag=O]
(ROOT
  (S
    (NP
      (NP (DT The) (JJ public) (NN school) (NN board))
      (PP (IN of)
        (NP (NNS educators))))
    (VP (VBD initiated)
      (NP (DT a) (JJ physical) (NN education) (NN plan))
      (PP (IN on)
        (NP (DT the) (NNS students)))
      (SBAR (IN since)
        (S
          (NP (PRP they))
          (VP (VBD scored)
            (ADJP (RB so) (JJ low))
            (PP (IN on)
              (NP (DT the) (NN health)
                (CC and)
                (NN fitness) (JJ standardized) (NN test)))))))))

root(ROOT-0, initiated-7)
det(board-4, The-1)
amod(board-4, public-2)
compound(board-4, school-3)
nsubj(initiated-7, board-4)
case(educators-6, of-5)
nmod:of(board-4, educators-6)
det(plan-11, a-8)
amod(plan-11, physical-9)
compound(plan-11, education-10)
dobj(initiated-7, plan-11)
case(students-14, on-12)
det(students-14, the-13)
nmod:on(initiated-7, students-14)
mark(scored-17, since-15)
nsubj(scored-17, they-16)
advcl:since(initiated-7, scored-17)
advmod(low-19, so-18)
xcomp(scored-17, low-19)
case(health-22, on-20)
det(health-22, the-21)
nmod:on(scored-17, health-22)
cc(health-22, and-23)
compound(test-26, fitness-24)
amod(test-26, standardized-25)
nmod:on(scored-17, test-26)
conj:and(health-22, test-26)

Coreference set:
	(1,16,[16,17]) -> (1,6,[6,7]), that is: "they" -> "educators"
