Sentence #1 (23 tokens):
The public school board of educators initiated a physical education plan on the students so that they could help them become healthy again
[Text=The CharacterOffsetBegin=0 CharacterOffsetEnd=3 PartOfSpeech=DT Lemma=the NamedEntityTag=O]
[Text=public CharacterOffsetBegin=4 CharacterOffsetEnd=10 PartOfSpeech=JJ Lemma=public NamedEntityTag=O]
[Text=school CharacterOffsetBegin=11 CharacterOffsetEnd=17 PartOfSpeech=NN Lemma=school NamedEntityTag=O]
[Text=board CharacterOffsetBegin=18 CharacterOffsetEnd=23 PartOfSpeech=NN Lemma=board NamedEntityTag=O]
[Text=of CharacterOffsetBegin=24 CharacterOffsetEnd=26 PartOfSpeech=IN Lemma=of NamedEntityTag=O]
[Text=educators CharacterOffsetBegin=27 CharacterOffsetEnd=36 PartOfSpeech=NNS Lemma=educator NamedEntityTag=O]
[Text=initiated CharacterOffsetBegin=37 CharacterOffsetEnd=46 PartOfSpeech=VBD Lemma=initiate NamedEntityTag=O]
[Text=a CharacterOffsetBegin=47 CharacterOffsetEnd=48 PartOfSpeech=DT Lemma=a NamedEntityTag=O]
[Text=physical CharacterOffsetBegin=49 CharacterOffsetEnd=57 PartOfSpeech=JJ Lemma=physical NamedEntityTag=O]
[Text=education CharacterOffsetBegin=58 CharacterOffsetEnd=67 PartOfSpeech=NN Lemma=education NamedEntityTag=O]
[Text=plan CharacterOffsetBegin=68 CharacterOffsetEnd=72 PartOfSpeech=NN Lemma=plan NamedEntityTag=O]
[Text=on CharacterOffsetBegin=73 CharacterOffsetEnd=75 PartOfSpeech=IN Lemma=on NamedEntityTag=O]
[Text=the CharacterOffsetBegin=76 CharacterOffsetEnd=79 PartOfSpeech=DT Lemma=the NamedEntityTag=O]
[Text=students CharacterOffsetBegin=80 CharacterOffsetEnd=88 PartOfSpeech=NNS Lemma=student NamedEntityTag=O]
[Text=so CharacterOffsetBegin=89 CharacterOffsetEnd=91 PartOfSpeech=IN Lemma=so NamedEntityTag=O]
[Text=that CharacterOffsetBegin=92 CharacterOffsetEnd=96 PartOfSpeech=IN Lemma=that NamedEntityTag=O]
[Text=they CharacterOffsetBegin=97 CharacterOffsetEnd=101 PartOfSpeech=PRP Lemma=they NamedEntityTag=O]
[Text=could CharacterOffsetBegin=102 CharacterOffsetEnd=107 PartOfSpeech=MD Lemma=could NamedEntityTag=O]
[Text=help CharacterOffsetBegin=108 CharacterOffsetEnd=112 PartOfSpeech=VB Lemma=help NamedEntityTag=O]
[Text=them CharacterOffsetBegin=113 CharacterOffsetEnd=117 PartOfSpeech=PRP Lemma=they NamedEntityTag=O]
[Text=become CharacterOffsetBegin=118 CharacterOffsetEnd=124 PartOfSpeech=VB Lemma=become NamedEntityTag=O]
[Text=healthy CharacterOffsetBegin=125 CharacterOffsetEnd=132 PartOfSpeech=JJ Lemma=healthy NamedEntityTag=O]
[Text=again CharacterOffsetBegin=133 CharacterOffsetEnd=138 PartOfSpeech=RB Lemma=again NamedEntityTag=O]
(ROOT
  (S
    (NP
      (NP (DT The) (JJ public) (NN school) (NN board))
      (PP (IN of)
        (NP (NNS educators))))
    (VP (VBD initiated)
      (NP (DT a) (JJ physical) (NN education) (NN plan))
      (PP (IN on)
        (NP (DT the) (NNS students)))
      (SBAR (IN so) (IN that)
        (S
          (NP (PRP they))
          (VP (MD could)
            (VP (VB help)
              (S
                (NP (PRP them))
                (VP (VB become)
                  (ADJP (JJ healthy))))
              (ADVP (RB again)))))))))

root(ROOT-0, initiated-7)
det(board-4, The-1)
amod(board-4, public-2)
compound(board-4, school-3)
nsubj(initiated-7, board-4)
case(educators-6, of-5)
nmod:of(board-4, educators-6)
det(plan-11, a-8)
amod(plan-11, physical-9)
compound(plan-11, education-10)
dobj(initiated-7, plan-11)
case(students-14, on-12)
det(students-14, the-13)
nmod:on(initiated-7, students-14)
mark(help-19, so-15)
mwe(so-15, that-16)
nsubj(help-19, they-17)
aux(help-19, could-18)
advcl:so_that(initiated-7, help-19)
nsubj(become-21, them-20)
ccomp(help-19, become-21)
xcomp(become-21, healthy-22)
advmod(help-19, again-23)

Coreference set:
	(1,17,[17,18]) -> (1,6,[6,7]), that is: "they" -> "educators"
	(1,20,[20,21]) -> (1,6,[6,7]), that is: "them" -> "educators"
