Sentence #1 (26 tokens):
Range Rover recently revealed their new lineup of cars at Times Square for thousands of New Yorkers since they are advertising their new high end models
[Text=Range CharacterOffsetBegin=0 CharacterOffsetEnd=5 PartOfSpeech=NNP Lemma=Range NamedEntityTag=O]
[Text=Rover CharacterOffsetBegin=6 CharacterOffsetEnd=11 PartOfSpeech=NNP Lemma=Rover NamedEntityTag=O]
[Text=recently CharacterOffsetBegin=12 CharacterOffsetEnd=20 PartOfSpeech=RB Lemma=recently NamedEntityTag=DATE NormalizedNamedEntityTag=PAST_REF Timex=<TIMEX3 tid="t1" type="DATE" value="PAST_REF">recently</TIMEX3>]
[Text=revealed CharacterOffsetBegin=21 CharacterOffsetEnd=29 PartOfSpeech=VBD Lemma=reveal NamedEntityTag=O]
[Text=their CharacterOffsetBegin=30 CharacterOffsetEnd=35 PartOfSpeech=PRP$ Lemma=they NamedEntityTag=O]
[Text=new CharacterOffsetBegin=36 CharacterOffsetEnd=39 PartOfSpeech=JJ Lemma=new NamedEntityTag=O]
[Text=lineup CharacterOffsetBegin=40 CharacterOffsetEnd=46 PartOfSpeech=NN Lemma=lineup NamedEntityTag=O]
[Text=of CharacterOffsetBegin=47 CharacterOffsetEnd=49 PartOfSpeech=IN Lemma=of NamedEntityTag=O]
[Text=cars CharacterOffsetBegin=50 CharacterOffsetEnd=54 PartOfSpeech=NNS Lemma=car NamedEntityTag=O]
[Text=at CharacterOffsetBegin=55 CharacterOffsetEnd=57 PartOfSpeech=IN Lemma=at NamedEntityTag=O]
[Text=Times CharacterOffsetBegin=58 CharacterOffsetEnd=63 PartOfSpeech=NNP Lemma=Times NamedEntityTag=LOCATION]
[Text=Square CharacterOffsetBegin=64 CharacterOffsetEnd=70 PartOfSpeech=NNP Lemma=Square NamedEntityTag=LOCATION]
[Text=for CharacterOffsetBegin=71 CharacterOffsetEnd=74 PartOfSpeech=IN Lemma=for NamedEntityTag=O]
[Text=thousands CharacterOffsetBegin=75 CharacterOffsetEnd=84 PartOfSpeech=NNS Lemma=thousand NamedEntityTag=O]
[Text=of CharacterOffsetBegin=85 CharacterOffsetEnd=87 PartOfSpeech=IN Lemma=of NamedEntityTag=O]
[Text=New CharacterOffsetBegin=88 CharacterOffsetEnd=91 PartOfSpeech=NNP Lemma=New NamedEntityTag=O]
[Text=Yorkers CharacterOffsetBegin=92 CharacterOffsetEnd=99 PartOfSpeech=NNPS Lemma=Yorkers NamedEntityTag=O]
[Text=since CharacterOffsetBegin=100 CharacterOffsetEnd=105 PartOfSpeech=IN Lemma=since NamedEntityTag=O]
[Text=they CharacterOffsetBegin=106 CharacterOffsetEnd=110 PartOfSpeech=PRP Lemma=they NamedEntityTag=O]
[Text=are CharacterOffsetBegin=111 CharacterOffsetEnd=114 PartOfSpeech=VBP Lemma=be NamedEntityTag=O]
[Text=advertising CharacterOffsetBegin=115 CharacterOffsetEnd=126 PartOfSpeech=VBG Lemma=advertise NamedEntityTag=O]
[Text=their CharacterOffsetBegin=127 CharacterOffsetEnd=132 PartOfSpeech=PRP$ Lemma=they NamedEntityTag=O]
[Text=new CharacterOffsetBegin=133 CharacterOffsetEnd=136 PartOfSpeech=JJ Lemma=new NamedEntityTag=O]
[Text=high CharacterOffsetBegin=137 CharacterOffsetEnd=141 PartOfSpeech=JJ Lemma=high NamedEntityTag=O]
[Text=end CharacterOffsetBegin=142 CharacterOffsetEnd=145 PartOfSpeech=NN Lemma=end NamedEntityTag=O]
[Text=models CharacterOffsetBegin=146 CharacterOffsetEnd=152 PartOfSpeech=NNS Lemma=model NamedEntityTag=O]
(ROOT
  (S
    (NP (NNP Range) (NNP Rover))
    (VP
      (ADVP (RB recently))
      (VBD revealed)
      (NP
        (NP (PRP$ their) (JJ new) (NN lineup))
        (PP (IN of)
          (NP (NNS cars))))
      (PP (IN at)
        (NP
          (NP (NNP Times) (NNP Square))
          (PP (IN for)
            (NP
              (NP (NNS thousands))
              (PP (IN of)
                (NP (NNP New) (NNPS Yorkers)))))))
      (SBAR (IN since)
        (S
          (NP (PRP they))
          (VP (VBP are)
            (VP (VBG advertising)
              (NP (PRP$ their) (JJ new) (JJ high) (NN end) (NNS models)))))))))

root(ROOT-0, revealed-4)
compound(Rover-2, Range-1)
nsubj(revealed-4, Rover-2)
advmod(revealed-4, recently-3)
nmod:poss(lineup-7, their-5)
amod(lineup-7, new-6)
dobj(revealed-4, lineup-7)
case(cars-9, of-8)
nmod:of(lineup-7, cars-9)
case(Square-12, at-10)
compound(Square-12, Times-11)
nmod:at(revealed-4, Square-12)
case(thousands-14, for-13)
det:qmod(Yorkers-17, thousands-14)
mwe(thousands-14, of-15)
compound(Yorkers-17, New-16)
nmod(Square-12, Yorkers-17)
mark(advertising-21, since-18)
nsubj(advertising-21, they-19)
aux(advertising-21, are-20)
advcl:since(revealed-4, advertising-21)
nmod:poss(models-26, their-22)
amod(models-26, new-23)
amod(models-26, high-24)
compound(models-26, end-25)
dobj(advertising-21, models-26)

Coreference set:
	(1,19,[19,20]) -> (1,5,[5,6]), that is: "they" -> "their"
	(1,22,[22,23]) -> (1,5,[5,6]), that is: "their" -> "their"
