Sentence #1 (24 tokens):
Raiden could not follow and guide Liu Kang in the world of darkness since he could not enter this realm without breaking the rules
[Text=Raiden CharacterOffsetBegin=0 CharacterOffsetEnd=6 PartOfSpeech=NNP Lemma=Raiden NamedEntityTag=O]
[Text=could CharacterOffsetBegin=7 CharacterOffsetEnd=12 PartOfSpeech=MD Lemma=could NamedEntityTag=O]
[Text=not CharacterOffsetBegin=13 CharacterOffsetEnd=16 PartOfSpeech=RB Lemma=not NamedEntityTag=O]
[Text=follow CharacterOffsetBegin=17 CharacterOffsetEnd=23 PartOfSpeech=VB Lemma=follow NamedEntityTag=O]
[Text=and CharacterOffsetBegin=24 CharacterOffsetEnd=27 PartOfSpeech=CC Lemma=and NamedEntityTag=O]
[Text=guide CharacterOffsetBegin=28 CharacterOffsetEnd=33 PartOfSpeech=VB Lemma=guide NamedEntityTag=O]
[Text=Liu CharacterOffsetBegin=34 CharacterOffsetEnd=37 PartOfSpeech=NNP Lemma=Liu NamedEntityTag=PERSON]
[Text=Kang CharacterOffsetBegin=38 CharacterOffsetEnd=42 PartOfSpeech=NNP Lemma=Kang NamedEntityTag=PERSON]
[Text=in CharacterOffsetBegin=43 CharacterOffsetEnd=45 PartOfSpeech=IN Lemma=in NamedEntityTag=O]
[Text=the CharacterOffsetBegin=46 CharacterOffsetEnd=49 PartOfSpeech=DT Lemma=the NamedEntityTag=O]
[Text=world CharacterOffsetBegin=50 CharacterOffsetEnd=55 PartOfSpeech=NN Lemma=world NamedEntityTag=O]
[Text=of CharacterOffsetBegin=56 CharacterOffsetEnd=58 PartOfSpeech=IN Lemma=of NamedEntityTag=O]
[Text=darkness CharacterOffsetBegin=59 CharacterOffsetEnd=67 PartOfSpeech=NN Lemma=darkness NamedEntityTag=O]
[Text=since CharacterOffsetBegin=68 CharacterOffsetEnd=73 PartOfSpeech=IN Lemma=since NamedEntityTag=O]
[Text=he CharacterOffsetBegin=74 CharacterOffsetEnd=76 PartOfSpeech=PRP Lemma=he NamedEntityTag=O]
[Text=could CharacterOffsetBegin=77 CharacterOffsetEnd=82 PartOfSpeech=MD Lemma=could NamedEntityTag=O]
[Text=not CharacterOffsetBegin=83 CharacterOffsetEnd=86 PartOfSpeech=RB Lemma=not NamedEntityTag=O]
[Text=enter CharacterOffsetBegin=87 CharacterOffsetEnd=92 PartOfSpeech=VB Lemma=enter NamedEntityTag=O]
[Text=this CharacterOffsetBegin=93 CharacterOffsetEnd=97 PartOfSpeech=DT Lemma=this NamedEntityTag=O]
[Text=realm CharacterOffsetBegin=98 CharacterOffsetEnd=103 PartOfSpeech=NN Lemma=realm NamedEntityTag=O]
[Text=without CharacterOffsetBegin=104 CharacterOffsetEnd=111 PartOfSpeech=IN Lemma=without NamedEntityTag=O]
[Text=breaking CharacterOffsetBegin=112 CharacterOffsetEnd=120 PartOfSpeech=VBG Lemma=break NamedEntityTag=O]
[Text=the CharacterOffsetBegin=121 CharacterOffsetEnd=124 PartOfSpeech=DT Lemma=the NamedEntityTag=O]
[Text=rules CharacterOffsetBegin=125 CharacterOffsetEnd=130 PartOfSpeech=NNS Lemma=rule NamedEntityTag=O]
(ROOT
  (S
    (NP (NNP Raiden))
    (VP (MD could) (RB not)
      (VP (VB follow)
        (CC and)
        (VB guide)
        (NP (NNP Liu) (NNP Kang))
        (PP (IN in)
          (NP
            (NP (DT the) (NN world))
            (PP (IN of)
              (NP (NN darkness)))))
        (SBAR (IN since)
          (S
            (NP (PRP he))
            (VP (MD could) (RB not)
              (VP (VB enter)
                (NP (DT this) (NN realm))
                (PP (IN without)
                  (S
                    (VP (VBG breaking)
                      (NP (DT the) (NNS rules)))))))))))))

root(ROOT-0, follow-4)
nsubj(follow-4, Raiden-1)
nsubj(guide-6, Raiden-1)
aux(follow-4, could-2)
neg(follow-4, not-3)
cc(follow-4, and-5)
conj:and(follow-4, guide-6)
compound(Kang-8, Liu-7)
dobj(follow-4, Kang-8)
case(world-11, in-9)
det(world-11, the-10)
nmod:in(follow-4, world-11)
case(darkness-13, of-12)
nmod:of(world-11, darkness-13)
mark(enter-18, since-14)
nsubj(enter-18, he-15)
aux(enter-18, could-16)
neg(enter-18, not-17)
advcl:since(follow-4, enter-18)
det(realm-20, this-19)
dobj(enter-18, realm-20)
mark(breaking-22, without-21)
advcl:without(enter-18, breaking-22)
det(rules-24, the-23)
dobj(breaking-22, rules-24)

Coreference set:
	(1,15,[15,16]) -> (1,1,[1,2]), that is: "he" -> "Raiden"
