Sentence #1 (24 tokens):
Raiden could not follow and guide Liu Kang in the world of darkness, but he will be able to find another guide instead
[Text=Raiden CharacterOffsetBegin=0 CharacterOffsetEnd=6 PartOfSpeech=NNP Lemma=Raiden NamedEntityTag=O]
[Text=could CharacterOffsetBegin=7 CharacterOffsetEnd=12 PartOfSpeech=MD Lemma=could NamedEntityTag=O]
[Text=not CharacterOffsetBegin=13 CharacterOffsetEnd=16 PartOfSpeech=RB Lemma=not NamedEntityTag=O]
[Text=follow CharacterOffsetBegin=17 CharacterOffsetEnd=23 PartOfSpeech=VB Lemma=follow NamedEntityTag=O]
[Text=and CharacterOffsetBegin=24 CharacterOffsetEnd=27 PartOfSpeech=CC Lemma=and NamedEntityTag=O]
[Text=guide CharacterOffsetBegin=28 CharacterOffsetEnd=33 PartOfSpeech=VB Lemma=guide NamedEntityTag=O]
[Text=Liu CharacterOffsetBegin=34 CharacterOffsetEnd=37 PartOfSpeech=NNP Lemma=Liu NamedEntityTag=PERSON]
[Text=Kang CharacterOffsetBegin=38 CharacterOffsetEnd=42 PartOfSpeech=NNP Lemma=Kang NamedEntityTag=PERSON]
[Text=in CharacterOffsetBegin=43 CharacterOffsetEnd=45 PartOfSpeech=IN Lemma=in NamedEntityTag=O]
[Text=the CharacterOffsetBegin=46 CharacterOffsetEnd=49 PartOfSpeech=DT Lemma=the NamedEntityTag=O]
[Text=world CharacterOffsetBegin=50 CharacterOffsetEnd=55 PartOfSpeech=NN Lemma=world NamedEntityTag=O]
[Text=of CharacterOffsetBegin=56 CharacterOffsetEnd=58 PartOfSpeech=IN Lemma=of NamedEntityTag=O]
[Text=darkness CharacterOffsetBegin=59 CharacterOffsetEnd=67 PartOfSpeech=NN Lemma=darkness NamedEntityTag=O]
[Text=, CharacterOffsetBegin=67 CharacterOffsetEnd=68 PartOfSpeech=, Lemma=, NamedEntityTag=O]
[Text=but CharacterOffsetBegin=69 CharacterOffsetEnd=72 PartOfSpeech=CC Lemma=but NamedEntityTag=O]
[Text=he CharacterOffsetBegin=73 CharacterOffsetEnd=75 PartOfSpeech=PRP Lemma=he NamedEntityTag=O]
[Text=will CharacterOffsetBegin=76 CharacterOffsetEnd=80 PartOfSpeech=MD Lemma=will NamedEntityTag=O]
[Text=be CharacterOffsetBegin=81 CharacterOffsetEnd=83 PartOfSpeech=VB Lemma=be NamedEntityTag=O]
[Text=able CharacterOffsetBegin=84 CharacterOffsetEnd=88 PartOfSpeech=JJ Lemma=able NamedEntityTag=O]
[Text=to CharacterOffsetBegin=89 CharacterOffsetEnd=91 PartOfSpeech=TO Lemma=to NamedEntityTag=O]
[Text=find CharacterOffsetBegin=92 CharacterOffsetEnd=96 PartOfSpeech=VB Lemma=find NamedEntityTag=O]
[Text=another CharacterOffsetBegin=97 CharacterOffsetEnd=104 PartOfSpeech=DT Lemma=another NamedEntityTag=O]
[Text=guide CharacterOffsetBegin=105 CharacterOffsetEnd=110 PartOfSpeech=NN Lemma=guide NamedEntityTag=O]
[Text=instead CharacterOffsetBegin=111 CharacterOffsetEnd=118 PartOfSpeech=RB Lemma=instead NamedEntityTag=O]
(ROOT
  (FRAG
    (S
      (S
        (NP (NNP Raiden))
        (VP (MD could) (RB not)
          (VP (VB follow)
            (CC and)
            (VB guide)
            (NP
              (NP (NNP Liu) (NNP Kang))
              (PP (IN in)
                (NP
                  (NP (DT the) (NN world))
                  (PP (IN of)
                    (NP (NN darkness)))))))))
      (, ,)
      (CC but)
      (S
        (NP (PRP he))
        (VP (MD will)
          (VP (VB be)
            (ADJP (JJ able)
              (S
                (VP (TO to)
                  (VP (VB find)
                    (NP (DT another) (NN guide))
                    (ADVP (RB instead))))))))))))

root(ROOT-0, follow-4)
nsubj(follow-4, Raiden-1)
nsubj(guide-6, Raiden-1)
aux(follow-4, could-2)
neg(follow-4, not-3)
cc(follow-4, and-5)
conj:and(follow-4, guide-6)
compound(Kang-8, Liu-7)
dobj(follow-4, Kang-8)
case(world-11, in-9)
det(world-11, the-10)
nmod:in(Kang-8, world-11)
case(darkness-13, of-12)
nmod:of(world-11, darkness-13)
punct(follow-4, ,-14)
cc(follow-4, but-15)
nsubj(able-19, he-16)
nsubj:xsubj(find-21, he-16)
aux(able-19, will-17)
cop(able-19, be-18)
conj:but(follow-4, able-19)
mark(find-21, to-20)
xcomp(able-19, find-21)
det(guide-23, another-22)
dobj(find-21, guide-23)
advmod(find-21, instead-24)

Coreference set:
	(1,16,[16,17]) -> (1,1,[1,2]), that is: "he" -> "Raiden"
