Sentence #1 (19 tokens):
Banks usually offer bonus points for new credit card applicants since they want them to specifically bank with them
[Text=Banks CharacterOffsetBegin=0 CharacterOffsetEnd=5 PartOfSpeech=NNS Lemma=bank NamedEntityTag=O]
[Text=usually CharacterOffsetBegin=6 CharacterOffsetEnd=13 PartOfSpeech=RB Lemma=usually NamedEntityTag=O]
[Text=offer CharacterOffsetBegin=14 CharacterOffsetEnd=19 PartOfSpeech=VBP Lemma=offer NamedEntityTag=O]
[Text=bonus CharacterOffsetBegin=20 CharacterOffsetEnd=25 PartOfSpeech=NN Lemma=bonus NamedEntityTag=O]
[Text=points CharacterOffsetBegin=26 CharacterOffsetEnd=32 PartOfSpeech=NNS Lemma=point NamedEntityTag=O]
[Text=for CharacterOffsetBegin=33 CharacterOffsetEnd=36 PartOfSpeech=IN Lemma=for NamedEntityTag=O]
[Text=new CharacterOffsetBegin=37 CharacterOffsetEnd=40 PartOfSpeech=JJ Lemma=new NamedEntityTag=O]
[Text=credit CharacterOffsetBegin=41 CharacterOffsetEnd=47 PartOfSpeech=NN Lemma=credit NamedEntityTag=O]
[Text=card CharacterOffsetBegin=48 CharacterOffsetEnd=52 PartOfSpeech=NN Lemma=card NamedEntityTag=O]
[Text=applicants CharacterOffsetBegin=53 CharacterOffsetEnd=63 PartOfSpeech=NNS Lemma=applicant NamedEntityTag=O]
[Text=since CharacterOffsetBegin=64 CharacterOffsetEnd=69 PartOfSpeech=IN Lemma=since NamedEntityTag=O]
[Text=they CharacterOffsetBegin=70 CharacterOffsetEnd=74 PartOfSpeech=PRP Lemma=they NamedEntityTag=O]
[Text=want CharacterOffsetBegin=75 CharacterOffsetEnd=79 PartOfSpeech=VBP Lemma=want NamedEntityTag=O]
[Text=them CharacterOffsetBegin=80 CharacterOffsetEnd=84 PartOfSpeech=PRP Lemma=they NamedEntityTag=O]
[Text=to CharacterOffsetBegin=85 CharacterOffsetEnd=87 PartOfSpeech=TO Lemma=to NamedEntityTag=O]
[Text=specifically CharacterOffsetBegin=88 CharacterOffsetEnd=100 PartOfSpeech=RB Lemma=specifically NamedEntityTag=O]
[Text=bank CharacterOffsetBegin=101 CharacterOffsetEnd=105 PartOfSpeech=NN Lemma=bank NamedEntityTag=O]
[Text=with CharacterOffsetBegin=106 CharacterOffsetEnd=110 PartOfSpeech=IN Lemma=with NamedEntityTag=O]
[Text=them CharacterOffsetBegin=111 CharacterOffsetEnd=115 PartOfSpeech=PRP Lemma=they NamedEntityTag=O]
(ROOT
  (S
    (NP (NNS Banks))
    (VP
      (ADVP (RB usually))
      (VBP offer)
      (NP
        (NP (NN bonus) (NNS points))
        (PP (IN for)
          (NP (JJ new) (NN credit) (NN card) (NNS applicants))))
      (SBAR (IN since)
        (S
          (NP (PRP they))
          (VP (VBP want)
            (S
              (NP (PRP them))
              (VP (TO to)
                (VP
                  (ADVP (RB specifically))
                  (NP (NN bank))
                  (PP (IN with)
                    (NP (PRP them))))))))))))

root(ROOT-0, offer-3)
nsubj(offer-3, Banks-1)
advmod(offer-3, usually-2)
compound(points-5, bonus-4)
dobj(offer-3, points-5)
case(applicants-10, for-6)
amod(applicants-10, new-7)
compound(applicants-10, credit-8)
compound(applicants-10, card-9)
nmod:for(points-5, applicants-10)
mark(want-13, since-11)
nsubj(want-13, they-12)
advcl:since(offer-3, want-13)
dobj(want-13, them-14)
nsubj:xsubj(bank-17, them-14)
mark(bank-17, to-15)
advmod(bank-17, specifically-16)
xcomp(want-13, bank-17)
case(them-19, with-18)
nmod:with(bank-17, them-19)

Coreference set:
	(1,12,[12,13]) -> (1,10,[7,11]), that is: "they" -> "new credit card applicants"
	(1,14,[14,15]) -> (1,10,[7,11]), that is: "them" -> "new credit card applicants"
	(1,19,[19,20]) -> (1,10,[7,11]), that is: "them" -> "new credit card applicants"
