Sentence #1 (18 tokens):
Hair Stylists transformed the Cowboy's Cheerleaders into beauties, so they put much product into their hair
[Text=Hair CharacterOffsetBegin=0 CharacterOffsetEnd=4 PartOfSpeech=NN Lemma=hair NamedEntityTag=O]
[Text=Stylists CharacterOffsetBegin=5 CharacterOffsetEnd=13 PartOfSpeech=NNS Lemma=stylist NamedEntityTag=O]
[Text=transformed CharacterOffsetBegin=14 CharacterOffsetEnd=25 PartOfSpeech=VBD Lemma=transform NamedEntityTag=O]
[Text=the CharacterOffsetBegin=26 CharacterOffsetEnd=29 PartOfSpeech=DT Lemma=the NamedEntityTag=O]
[Text=Cowboy CharacterOffsetBegin=30 CharacterOffsetEnd=36 PartOfSpeech=NNP Lemma=Cowboy NamedEntityTag=PERSON]
[Text='s CharacterOffsetBegin=36 CharacterOffsetEnd=38 PartOfSpeech=POS Lemma='s NamedEntityTag=O]
[Text=Cheerleaders CharacterOffsetBegin=39 CharacterOffsetEnd=51 PartOfSpeech=NNPS Lemma=Cheerleaders NamedEntityTag=O]
[Text=into CharacterOffsetBegin=52 CharacterOffsetEnd=56 PartOfSpeech=IN Lemma=into NamedEntityTag=O]
[Text=beauties CharacterOffsetBegin=57 CharacterOffsetEnd=65 PartOfSpeech=NNS Lemma=beauty NamedEntityTag=O]
[Text=, CharacterOffsetBegin=65 CharacterOffsetEnd=66 PartOfSpeech=, Lemma=, NamedEntityTag=O]
[Text=so CharacterOffsetBegin=67 CharacterOffsetEnd=69 PartOfSpeech=IN Lemma=so NamedEntityTag=O]
[Text=they CharacterOffsetBegin=70 CharacterOffsetEnd=74 PartOfSpeech=PRP Lemma=they NamedEntityTag=O]
[Text=put CharacterOffsetBegin=75 CharacterOffsetEnd=78 PartOfSpeech=VBD Lemma=put NamedEntityTag=O]
[Text=much CharacterOffsetBegin=79 CharacterOffsetEnd=83 PartOfSpeech=JJ Lemma=much NamedEntityTag=O]
[Text=product CharacterOffsetBegin=84 CharacterOffsetEnd=91 PartOfSpeech=NN Lemma=product NamedEntityTag=O]
[Text=into CharacterOffsetBegin=92 CharacterOffsetEnd=96 PartOfSpeech=IN Lemma=into NamedEntityTag=O]
[Text=their CharacterOffsetBegin=97 CharacterOffsetEnd=102 PartOfSpeech=PRP$ Lemma=they NamedEntityTag=O]
[Text=hair CharacterOffsetBegin=103 CharacterOffsetEnd=107 PartOfSpeech=NN Lemma=hair NamedEntityTag=O]
(ROOT
  (S
    (NP (NN Hair) (NNS Stylists))
    (VP (VBD transformed)
      (NP
        (NP (DT the) (NNP Cowboy) (POS 's))
        (NNPS Cheerleaders))
      (PP (IN into)
        (NP (NNS beauties)))
      (, ,)
      (SBAR (IN so)
        (S
          (NP (PRP they))
          (VP (VBD put)
            (NP (JJ much) (NN product))
            (PP (IN into)
              (NP (PRP$ their) (NN hair)))))))))

root(ROOT-0, transformed-3)
compound(Stylists-2, Hair-1)
nsubj(transformed-3, Stylists-2)
det(Cowboy-5, the-4)
nmod:poss(Cheerleaders-7, Cowboy-5)
case(Cowboy-5, 's-6)
dobj(transformed-3, Cheerleaders-7)
case(beauties-9, into-8)
nmod:into(transformed-3, beauties-9)
punct(transformed-3, ,-10)
mark(put-13, so-11)
nsubj(put-13, they-12)
advcl:so(transformed-3, put-13)
amod(product-15, much-14)
dobj(put-13, product-15)
case(hair-18, into-16)
nmod:poss(hair-18, their-17)
nmod:into(put-13, hair-18)

Coreference set:
	(1,12,[12,13]) -> (1,2,[1,3]), that is: "they" -> "Hair Stylists"
	(1,17,[17,18]) -> (1,2,[1,3]), that is: "their" -> "Hair Stylists"
