Sentence #1 (20 tokens):
The patrons enjoyed the food made by the chefs immensely, so they paid very well to enjoy this meal
[Text=The CharacterOffsetBegin=0 CharacterOffsetEnd=3 PartOfSpeech=DT Lemma=the NamedEntityTag=O]
[Text=patrons CharacterOffsetBegin=4 CharacterOffsetEnd=11 PartOfSpeech=NNS Lemma=patron NamedEntityTag=O]
[Text=enjoyed CharacterOffsetBegin=12 CharacterOffsetEnd=19 PartOfSpeech=VBD Lemma=enjoy NamedEntityTag=O]
[Text=the CharacterOffsetBegin=20 CharacterOffsetEnd=23 PartOfSpeech=DT Lemma=the NamedEntityTag=O]
[Text=food CharacterOffsetBegin=24 CharacterOffsetEnd=28 PartOfSpeech=NN Lemma=food NamedEntityTag=O]
[Text=made CharacterOffsetBegin=29 CharacterOffsetEnd=33 PartOfSpeech=VBN Lemma=make NamedEntityTag=O]
[Text=by CharacterOffsetBegin=34 CharacterOffsetEnd=36 PartOfSpeech=IN Lemma=by NamedEntityTag=O]
[Text=the CharacterOffsetBegin=37 CharacterOffsetEnd=40 PartOfSpeech=DT Lemma=the NamedEntityTag=O]
[Text=chefs CharacterOffsetBegin=41 CharacterOffsetEnd=46 PartOfSpeech=NNS Lemma=chef NamedEntityTag=O]
[Text=immensely CharacterOffsetBegin=47 CharacterOffsetEnd=56 PartOfSpeech=RB Lemma=immensely NamedEntityTag=O]
[Text=, CharacterOffsetBegin=56 CharacterOffsetEnd=57 PartOfSpeech=, Lemma=, NamedEntityTag=O]
[Text=so CharacterOffsetBegin=58 CharacterOffsetEnd=60 PartOfSpeech=IN Lemma=so NamedEntityTag=O]
[Text=they CharacterOffsetBegin=61 CharacterOffsetEnd=65 PartOfSpeech=PRP Lemma=they NamedEntityTag=O]
[Text=paid CharacterOffsetBegin=66 CharacterOffsetEnd=70 PartOfSpeech=VBD Lemma=pay NamedEntityTag=O]
[Text=very CharacterOffsetBegin=71 CharacterOffsetEnd=75 PartOfSpeech=RB Lemma=very NamedEntityTag=O]
[Text=well CharacterOffsetBegin=76 CharacterOffsetEnd=80 PartOfSpeech=RB Lemma=well NamedEntityTag=O]
[Text=to CharacterOffsetBegin=81 CharacterOffsetEnd=83 PartOfSpeech=TO Lemma=to NamedEntityTag=O]
[Text=enjoy CharacterOffsetBegin=84 CharacterOffsetEnd=89 PartOfSpeech=VB Lemma=enjoy NamedEntityTag=O]
[Text=this CharacterOffsetBegin=90 CharacterOffsetEnd=94 PartOfSpeech=DT Lemma=this NamedEntityTag=O]
[Text=meal CharacterOffsetBegin=95 CharacterOffsetEnd=99 PartOfSpeech=NN Lemma=meal NamedEntityTag=O]
(ROOT
  (S
    (NP (DT The) (NNS patrons))
    (VP (VBD enjoyed)
      (NP
        (NP (DT the) (NN food))
        (VP (VBN made)
          (PP (IN by)
            (NP (DT the) (NNS chefs)))))
      (ADVP (RB immensely))
      (, ,)
      (SBAR (IN so)
        (S
          (NP (PRP they))
          (VP (VBD paid)
            (ADVP (RB very) (RB well))
            (S
              (VP (TO to)
                (VP (VB enjoy)
                  (NP (DT this) (NN meal)))))))))))

root(ROOT-0, enjoyed-3)
det(patrons-2, The-1)
nsubj(enjoyed-3, patrons-2)
det(food-5, the-4)
dobj(enjoyed-3, food-5)
acl(food-5, made-6)
case(chefs-9, by-7)
det(chefs-9, the-8)
nmod:by(made-6, chefs-9)
advmod(enjoyed-3, immensely-10)
punct(enjoyed-3, ,-11)
mark(paid-14, so-12)
nsubj(paid-14, they-13)
nsubj:xsubj(enjoy-18, they-13)
advcl:so(enjoyed-3, paid-14)
advmod(well-16, very-15)
advmod(paid-14, well-16)
mark(enjoy-18, to-17)
xcomp(paid-14, enjoy-18)
det(meal-20, this-19)
dobj(enjoy-18, meal-20)

Coreference set:
	(1,13,[13,14]) -> (1,2,[1,3]), that is: "they" -> "The patrons"
