Sentence #1 (11 tokens):
John visited Luke in the hospital because he lived close by
[Text=John CharacterOffsetBegin=0 CharacterOffsetEnd=4 PartOfSpeech=NNP Lemma=John NamedEntityTag=PERSON]
[Text=visited CharacterOffsetBegin=5 CharacterOffsetEnd=12 PartOfSpeech=VBD Lemma=visit NamedEntityTag=O]
[Text=Luke CharacterOffsetBegin=13 CharacterOffsetEnd=17 PartOfSpeech=NNP Lemma=Luke NamedEntityTag=PERSON]
[Text=in CharacterOffsetBegin=18 CharacterOffsetEnd=20 PartOfSpeech=IN Lemma=in NamedEntityTag=O]
[Text=the CharacterOffsetBegin=21 CharacterOffsetEnd=24 PartOfSpeech=DT Lemma=the NamedEntityTag=O]
[Text=hospital CharacterOffsetBegin=25 CharacterOffsetEnd=33 PartOfSpeech=NN Lemma=hospital NamedEntityTag=O]
[Text=because CharacterOffsetBegin=34 CharacterOffsetEnd=41 PartOfSpeech=IN Lemma=because NamedEntityTag=O]
[Text=he CharacterOffsetBegin=42 CharacterOffsetEnd=44 PartOfSpeech=PRP Lemma=he NamedEntityTag=O]
[Text=lived CharacterOffsetBegin=45 CharacterOffsetEnd=50 PartOfSpeech=VBD Lemma=live NamedEntityTag=O]
[Text=close CharacterOffsetBegin=51 CharacterOffsetEnd=56 PartOfSpeech=RB Lemma=close NamedEntityTag=O]
[Text=by CharacterOffsetBegin=57 CharacterOffsetEnd=59 PartOfSpeech=IN Lemma=by NamedEntityTag=O]
(ROOT
  (S
    (NP (NNP John))
    (VP (VBD visited)
      (NP
        (NP (NNP Luke))
        (PP (IN in)
          (NP (DT the) (NN hospital))))
      (SBAR (IN because)
        (S
          (NP (PRP he))
          (VP (VBD lived)
            (ADVP (RB close))
            (PP (IN by))))))))

root(ROOT-0, visited-2)
nsubj(visited-2, John-1)
dobj(visited-2, Luke-3)
case(hospital-6, in-4)
det(hospital-6, the-5)
nmod:in(Luke-3, hospital-6)
mark(lived-9, because-7)
nsubj(lived-9, he-8)
advcl:because(visited-2, lived-9)
advmod(lived-9, close-10)
nmod(lived-9, by-11)

Coreference set:
	(1,8,[8,9]) -> (1,1,[1,2]), that is: "he" -> "John"
