Sentence #1 (22 tokens):
Beowulf arrived to slay Grendell for the kingdom, so he and his men went out to the caves to locate him
[Text=Beowulf CharacterOffsetBegin=0 CharacterOffsetEnd=7 PartOfSpeech=NNP Lemma=Beowulf NamedEntityTag=PERSON]
[Text=arrived CharacterOffsetBegin=8 CharacterOffsetEnd=15 PartOfSpeech=VBD Lemma=arrive NamedEntityTag=O]
[Text=to CharacterOffsetBegin=16 CharacterOffsetEnd=18 PartOfSpeech=TO Lemma=to NamedEntityTag=O]
[Text=slay CharacterOffsetBegin=19 CharacterOffsetEnd=23 PartOfSpeech=VB Lemma=slay NamedEntityTag=O]
[Text=Grendell CharacterOffsetBegin=24 CharacterOffsetEnd=32 PartOfSpeech=NNP Lemma=Grendell NamedEntityTag=PERSON]
[Text=for CharacterOffsetBegin=33 CharacterOffsetEnd=36 PartOfSpeech=IN Lemma=for NamedEntityTag=O]
[Text=the CharacterOffsetBegin=37 CharacterOffsetEnd=40 PartOfSpeech=DT Lemma=the NamedEntityTag=O]
[Text=kingdom CharacterOffsetBegin=41 CharacterOffsetEnd=48 PartOfSpeech=NN Lemma=kingdom NamedEntityTag=O]
[Text=, CharacterOffsetBegin=48 CharacterOffsetEnd=49 PartOfSpeech=, Lemma=, NamedEntityTag=O]
[Text=so CharacterOffsetBegin=50 CharacterOffsetEnd=52 PartOfSpeech=RB Lemma=so NamedEntityTag=O]
[Text=he CharacterOffsetBegin=53 CharacterOffsetEnd=55 PartOfSpeech=PRP Lemma=he NamedEntityTag=O]
[Text=and CharacterOffsetBegin=56 CharacterOffsetEnd=59 PartOfSpeech=CC Lemma=and NamedEntityTag=O]
[Text=his CharacterOffsetBegin=60 CharacterOffsetEnd=63 PartOfSpeech=PRP$ Lemma=he NamedEntityTag=O]
[Text=men CharacterOffsetBegin=64 CharacterOffsetEnd=67 PartOfSpeech=NNS Lemma=man NamedEntityTag=O]
[Text=went CharacterOffsetBegin=68 CharacterOffsetEnd=72 PartOfSpeech=VBD Lemma=go NamedEntityTag=O]
[Text=out CharacterOffsetBegin=73 CharacterOffsetEnd=76 PartOfSpeech=RB Lemma=out NamedEntityTag=O]
[Text=to CharacterOffsetBegin=77 CharacterOffsetEnd=79 PartOfSpeech=TO Lemma=to NamedEntityTag=O]
[Text=the CharacterOffsetBegin=80 CharacterOffsetEnd=83 PartOfSpeech=DT Lemma=the NamedEntityTag=O]
[Text=caves CharacterOffsetBegin=84 CharacterOffsetEnd=89 PartOfSpeech=NNS Lemma=cave NamedEntityTag=O]
[Text=to CharacterOffsetBegin=90 CharacterOffsetEnd=92 PartOfSpeech=TO Lemma=to NamedEntityTag=O]
[Text=locate CharacterOffsetBegin=93 CharacterOffsetEnd=99 PartOfSpeech=VB Lemma=locate NamedEntityTag=O]
[Text=him CharacterOffsetBegin=100 CharacterOffsetEnd=103 PartOfSpeech=PRP Lemma=he NamedEntityTag=O]
(ROOT
  (S
    (NP (NNP Beowulf))
    (VP (VBD arrived)
      (S
        (VP (TO to)
          (VP (VB slay)
            (NP
              (NP (NNP Grendell))
              (PP (IN for)
                (NP (DT the) (NN kingdom)))))))
      (, ,)
      (SBAR (RB so)
        (S
          (NP
            (NP (PRP he))
            (CC and)
            (NP (PRP$ his) (NNS men)))
          (VP (VBD went)
            (ADVP (RB out))
            (PP (TO to)
              (NP (DT the) (NNS caves)))
            (S
              (VP (TO to)
                (VP (VB locate)
                  (NP (PRP him)))))))))))

root(ROOT-0, arrived-2)
nsubj(arrived-2, Beowulf-1)
nsubj:xsubj(slay-4, Beowulf-1)
mark(slay-4, to-3)
xcomp(arrived-2, slay-4)
dobj(slay-4, Grendell-5)
case(kingdom-8, for-6)
det(kingdom-8, the-7)
nmod:for(Grendell-5, kingdom-8)
punct(arrived-2, ,-9)
advmod(went-15, so-10)
nsubj(went-15, he-11)
nsubj:xsubj(locate-21, he-11)
cc(he-11, and-12)
nmod:poss(men-14, his-13)
conj:and(he-11, men-14)
nsubj(went-15, men-14)
nsubj:xsubj(locate-21, men-14)
ccomp(arrived-2, went-15)
advmod(went-15, out-16)
case(caves-19, to-17)
det(caves-19, the-18)
nmod:to(went-15, caves-19)
mark(locate-21, to-20)
xcomp(went-15, locate-21)
dobj(locate-21, him-22)

Coreference set:
	(1,11,[11,12]) -> (1,1,[1,2]), that is: "he" -> "Beowulf"
	(1,13,[13,14]) -> (1,1,[1,2]), that is: "his" -> "Beowulf"
	(1,22,[22,23]) -> (1,1,[1,2]), that is: "him" -> "Beowulf"
