Sentence #1 (21 tokens):
Beowulf arrived to slay Grendell for the kingdom, but he is very difficult to slay due to his demon magic
[Text=Beowulf CharacterOffsetBegin=0 CharacterOffsetEnd=7 PartOfSpeech=NNP Lemma=Beowulf NamedEntityTag=PERSON]
[Text=arrived CharacterOffsetBegin=8 CharacterOffsetEnd=15 PartOfSpeech=VBD Lemma=arrive NamedEntityTag=O]
[Text=to CharacterOffsetBegin=16 CharacterOffsetEnd=18 PartOfSpeech=TO Lemma=to NamedEntityTag=O]
[Text=slay CharacterOffsetBegin=19 CharacterOffsetEnd=23 PartOfSpeech=VB Lemma=slay NamedEntityTag=O]
[Text=Grendell CharacterOffsetBegin=24 CharacterOffsetEnd=32 PartOfSpeech=NNP Lemma=Grendell NamedEntityTag=PERSON]
[Text=for CharacterOffsetBegin=33 CharacterOffsetEnd=36 PartOfSpeech=IN Lemma=for NamedEntityTag=O]
[Text=the CharacterOffsetBegin=37 CharacterOffsetEnd=40 PartOfSpeech=DT Lemma=the NamedEntityTag=O]
[Text=kingdom CharacterOffsetBegin=41 CharacterOffsetEnd=48 PartOfSpeech=NN Lemma=kingdom NamedEntityTag=O]
[Text=, CharacterOffsetBegin=48 CharacterOffsetEnd=49 PartOfSpeech=, Lemma=, NamedEntityTag=O]
[Text=but CharacterOffsetBegin=50 CharacterOffsetEnd=53 PartOfSpeech=CC Lemma=but NamedEntityTag=O]
[Text=he CharacterOffsetBegin=54 CharacterOffsetEnd=56 PartOfSpeech=PRP Lemma=he NamedEntityTag=O]
[Text=is CharacterOffsetBegin=57 CharacterOffsetEnd=59 PartOfSpeech=VBZ Lemma=be NamedEntityTag=O]
[Text=very CharacterOffsetBegin=60 CharacterOffsetEnd=64 PartOfSpeech=RB Lemma=very NamedEntityTag=O]
[Text=difficult CharacterOffsetBegin=65 CharacterOffsetEnd=74 PartOfSpeech=JJ Lemma=difficult NamedEntityTag=O]
[Text=to CharacterOffsetBegin=75 CharacterOffsetEnd=77 PartOfSpeech=TO Lemma=to NamedEntityTag=O]
[Text=slay CharacterOffsetBegin=78 CharacterOffsetEnd=82 PartOfSpeech=VB Lemma=slay NamedEntityTag=O]
[Text=due CharacterOffsetBegin=83 CharacterOffsetEnd=86 PartOfSpeech=JJ Lemma=due NamedEntityTag=O]
[Text=to CharacterOffsetBegin=87 CharacterOffsetEnd=89 PartOfSpeech=TO Lemma=to NamedEntityTag=O]
[Text=his CharacterOffsetBegin=90 CharacterOffsetEnd=93 PartOfSpeech=PRP$ Lemma=he NamedEntityTag=O]
[Text=demon CharacterOffsetBegin=94 CharacterOffsetEnd=99 PartOfSpeech=NN Lemma=demon NamedEntityTag=O]
[Text=magic CharacterOffsetBegin=100 CharacterOffsetEnd=105 PartOfSpeech=NN Lemma=magic NamedEntityTag=O]
(ROOT
  (FRAG
    (S
      (S
        (NP (NNP Beowulf))
        (VP (VBD arrived)
          (S
            (VP (TO to)
              (VP (VB slay)
                (NP
                  (NP (NNP Grendell))
                  (PP (IN for)
                    (NP (DT the) (NN kingdom)))))))))
      (, ,)
      (CC but)
      (S
        (NP (PRP he))
        (VP (VBZ is)
          (ADJP (RB very) (JJ difficult))
          (S
            (VP (TO to)
              (VP (VB slay)
                (ADJP (JJ due)
                  (PP (TO to)
                    (NP (PRP$ his) (NN demon) (NN magic))))))))))))

root(ROOT-0, arrived-2)
nsubj(arrived-2, Beowulf-1)
nsubj:xsubj(slay-4, Beowulf-1)
mark(slay-4, to-3)
xcomp(arrived-2, slay-4)
dobj(slay-4, Grendell-5)
case(kingdom-8, for-6)
det(kingdom-8, the-7)
nmod:for(Grendell-5, kingdom-8)
punct(arrived-2, ,-9)
cc(arrived-2, but-10)
nsubj(difficult-14, he-11)
nsubj:xsubj(slay-16, he-11)
cop(difficult-14, is-12)
advmod(difficult-14, very-13)
conj:but(arrived-2, difficult-14)
mark(slay-16, to-15)
xcomp(difficult-14, slay-16)
xcomp(slay-16, due-17)
case(magic-21, to-18)
nmod:poss(magic-21, his-19)
compound(magic-21, demon-20)
nmod:to(due-17, magic-21)

Coreference set:
	(1,11,[11,12]) -> (1,1,[1,2]), that is: "he" -> "Beowulf"
	(1,19,[19,20]) -> (1,1,[1,2]), that is: "his" -> "Beowulf"
