Sentence #1 (19 tokens):
Paypal has to settle millions of disputes every year by disgruntled users because they provide a transaction protection policy
[Text=Paypal CharacterOffsetBegin=0 CharacterOffsetEnd=6 PartOfSpeech=NNP Lemma=Paypal NamedEntityTag=ORGANIZATION]
[Text=has CharacterOffsetBegin=7 CharacterOffsetEnd=10 PartOfSpeech=VBZ Lemma=have NamedEntityTag=O]
[Text=to CharacterOffsetBegin=11 CharacterOffsetEnd=13 PartOfSpeech=TO Lemma=to NamedEntityTag=O]
[Text=settle CharacterOffsetBegin=14 CharacterOffsetEnd=20 PartOfSpeech=VB Lemma=settle NamedEntityTag=O]
[Text=millions CharacterOffsetBegin=21 CharacterOffsetEnd=29 PartOfSpeech=NNS Lemma=million NamedEntityTag=O]
[Text=of CharacterOffsetBegin=30 CharacterOffsetEnd=32 PartOfSpeech=IN Lemma=of NamedEntityTag=O]
[Text=disputes CharacterOffsetBegin=33 CharacterOffsetEnd=41 PartOfSpeech=NNS Lemma=dispute NamedEntityTag=O]
[Text=every CharacterOffsetBegin=42 CharacterOffsetEnd=47 PartOfSpeech=DT Lemma=every NamedEntityTag=SET Timex=<TIMEX3 periodicity="P1Y" quant="every" tid="t1" type="SET" value="P1Y">every year</TIMEX3>]
[Text=year CharacterOffsetBegin=48 CharacterOffsetEnd=52 PartOfSpeech=NN Lemma=year NamedEntityTag=SET Timex=<TIMEX3 periodicity="P1Y" quant="every" tid="t1" type="SET" value="P1Y">every year</TIMEX3>]
[Text=by CharacterOffsetBegin=53 CharacterOffsetEnd=55 PartOfSpeech=IN Lemma=by NamedEntityTag=O]
[Text=disgruntled CharacterOffsetBegin=56 CharacterOffsetEnd=67 PartOfSpeech=JJ Lemma=disgruntled NamedEntityTag=O]
[Text=users CharacterOffsetBegin=68 CharacterOffsetEnd=73 PartOfSpeech=NNS Lemma=user NamedEntityTag=O]
[Text=because CharacterOffsetBegin=74 CharacterOffsetEnd=81 PartOfSpeech=IN Lemma=because NamedEntityTag=O]
[Text=they CharacterOffsetBegin=82 CharacterOffsetEnd=86 PartOfSpeech=PRP Lemma=they NamedEntityTag=O]
[Text=provide CharacterOffsetBegin=87 CharacterOffsetEnd=94 PartOfSpeech=VBP Lemma=provide NamedEntityTag=O]
[Text=a CharacterOffsetBegin=95 CharacterOffsetEnd=96 PartOfSpeech=DT Lemma=a NamedEntityTag=O]
[Text=transaction CharacterOffsetBegin=97 CharacterOffsetEnd=108 PartOfSpeech=NN Lemma=transaction NamedEntityTag=O]
[Text=protection CharacterOffsetBegin=109 CharacterOffsetEnd=119 PartOfSpeech=NN Lemma=protection NamedEntityTag=O]
[Text=policy CharacterOffsetBegin=120 CharacterOffsetEnd=126 PartOfSpeech=NN Lemma=policy NamedEntityTag=O]
(ROOT
  (S
    (NP (NNP Paypal))
    (VP (VBZ has)
      (S
        (VP (TO to)
          (VP (VB settle)
            (NP
              (NP (NNS millions))
              (PP (IN of)
                (NP
                  (NP (NNS disputes))
                  (NP (DT every) (NN year)))))
            (PP (IN by)
              (NP (JJ disgruntled) (NNS users)))
            (SBAR (IN because)
              (S
                (NP (PRP they))
                (VP (VBP provide)
                  (NP (DT a) (NN transaction) (NN protection) (NN policy)))))))))))

root(ROOT-0, has-2)
nsubj(has-2, Paypal-1)
nsubj:xsubj(settle-4, Paypal-1)
mark(settle-4, to-3)
xcomp(has-2, settle-4)
det:qmod(disputes-7, millions-5)
mwe(millions-5, of-6)
dobj(settle-4, disputes-7)
det(year-9, every-8)
dep(disputes-7, year-9)
case(users-12, by-10)
amod(users-12, disgruntled-11)
nmod:by(settle-4, users-12)
mark(provide-15, because-13)
nsubj(provide-15, they-14)
advcl:because(settle-4, provide-15)
det(policy-19, a-16)
compound(policy-19, transaction-17)
compound(policy-19, protection-18)
dobj(provide-15, policy-19)

Coreference set:
	(1,14,[14,15]) -> (1,5,[5,10]), that is: "they" -> "millions of disputes every year"
