Sentence #1 (23 tokens):
The slaves were forced to do the bidding of the nobles so they do not have to do any of the hard labor
[Text=The CharacterOffsetBegin=0 CharacterOffsetEnd=3 PartOfSpeech=DT Lemma=the NamedEntityTag=O]
[Text=slaves CharacterOffsetBegin=4 CharacterOffsetEnd=10 PartOfSpeech=NNS Lemma=slave NamedEntityTag=O]
[Text=were CharacterOffsetBegin=11 CharacterOffsetEnd=15 PartOfSpeech=VBD Lemma=be NamedEntityTag=O]
[Text=forced CharacterOffsetBegin=16 CharacterOffsetEnd=22 PartOfSpeech=VBN Lemma=force NamedEntityTag=O]
[Text=to CharacterOffsetBegin=23 CharacterOffsetEnd=25 PartOfSpeech=TO Lemma=to NamedEntityTag=O]
[Text=do CharacterOffsetBegin=26 CharacterOffsetEnd=28 PartOfSpeech=VB Lemma=do NamedEntityTag=O]
[Text=the CharacterOffsetBegin=29 CharacterOffsetEnd=32 PartOfSpeech=DT Lemma=the NamedEntityTag=O]
[Text=bidding CharacterOffsetBegin=33 CharacterOffsetEnd=40 PartOfSpeech=NN Lemma=bidding NamedEntityTag=O]
[Text=of CharacterOffsetBegin=41 CharacterOffsetEnd=43 PartOfSpeech=IN Lemma=of NamedEntityTag=O]
[Text=the CharacterOffsetBegin=44 CharacterOffsetEnd=47 PartOfSpeech=DT Lemma=the NamedEntityTag=O]
[Text=nobles CharacterOffsetBegin=48 CharacterOffsetEnd=54 PartOfSpeech=NNS Lemma=noble NamedEntityTag=O]
[Text=so CharacterOffsetBegin=55 CharacterOffsetEnd=57 PartOfSpeech=IN Lemma=so NamedEntityTag=O]
[Text=they CharacterOffsetBegin=58 CharacterOffsetEnd=62 PartOfSpeech=PRP Lemma=they NamedEntityTag=O]
[Text=do CharacterOffsetBegin=63 CharacterOffsetEnd=65 PartOfSpeech=VBP Lemma=do NamedEntityTag=O]
[Text=not CharacterOffsetBegin=66 CharacterOffsetEnd=69 PartOfSpeech=RB Lemma=not NamedEntityTag=O]
[Text=have CharacterOffsetBegin=70 CharacterOffsetEnd=74 PartOfSpeech=VB Lemma=have NamedEntityTag=O]
[Text=to CharacterOffsetBegin=75 CharacterOffsetEnd=77 PartOfSpeech=TO Lemma=to NamedEntityTag=O]
[Text=do CharacterOffsetBegin=78 CharacterOffsetEnd=80 PartOfSpeech=VB Lemma=do NamedEntityTag=O]
[Text=any CharacterOffsetBegin=81 CharacterOffsetEnd=84 PartOfSpeech=DT Lemma=any NamedEntityTag=O]
[Text=of CharacterOffsetBegin=85 CharacterOffsetEnd=87 PartOfSpeech=IN Lemma=of NamedEntityTag=O]
[Text=the CharacterOffsetBegin=88 CharacterOffsetEnd=91 PartOfSpeech=DT Lemma=the NamedEntityTag=O]
[Text=hard CharacterOffsetBegin=92 CharacterOffsetEnd=96 PartOfSpeech=JJ Lemma=hard NamedEntityTag=O]
[Text=labor CharacterOffsetBegin=97 CharacterOffsetEnd=102 PartOfSpeech=NN Lemma=labor NamedEntityTag=O]
(ROOT
  (S
    (NP (DT The) (NNS slaves))
    (VP (VBD were)
      (VP (VBN forced)
        (S
          (VP (TO to)
            (VP (VB do)
              (NP
                (NP (DT the) (NN bidding))
                (PP (IN of)
                  (NP (DT the) (NNS nobles))))
              (SBAR (IN so)
                (S
                  (NP (PRP they))
                  (VP (VBP do) (RB not)
                    (VP (VB have)
                      (S
                        (VP (TO to)
                          (VP (VB do)
                            (NP
                              (NP (DT any))
                              (PP (IN of)
                                (NP (DT the) (JJ hard) (NN labor))))))))))))))))))

root(ROOT-0, forced-4)
det(slaves-2, The-1)
nsubjpass(forced-4, slaves-2)
nsubj:xsubj(do-6, slaves-2)
auxpass(forced-4, were-3)
mark(do-6, to-5)
xcomp(forced-4, do-6)
det(bidding-8, the-7)
dobj(do-6, bidding-8)
case(nobles-11, of-9)
det(nobles-11, the-10)
nmod:of(bidding-8, nobles-11)
mark(have-16, so-12)
nsubj(have-16, they-13)
nsubj:xsubj(do-18, they-13)
aux(have-16, do-14)
neg(have-16, not-15)
advcl:so(do-6, have-16)
mark(do-18, to-17)
xcomp(have-16, do-18)
dobj(do-18, any-19)
case(labor-23, of-20)
det(labor-23, the-21)
amod(labor-23, hard-22)
nmod:of(any-19, labor-23)

Coreference set:
	(1,13,[13,14]) -> (1,11,[10,12]), that is: "they" -> "the nobles"
