Sentence #1 (20 tokens):
Scientists have created a serum which transforms men into super soldiers, because they needed to create an unstoppable army
[Text=Scientists CharacterOffsetBegin=0 CharacterOffsetEnd=10 PartOfSpeech=NNS Lemma=scientist NamedEntityTag=O]
[Text=have CharacterOffsetBegin=11 CharacterOffsetEnd=15 PartOfSpeech=VBP Lemma=have NamedEntityTag=O]
[Text=created CharacterOffsetBegin=16 CharacterOffsetEnd=23 PartOfSpeech=VBN Lemma=create NamedEntityTag=O]
[Text=a CharacterOffsetBegin=24 CharacterOffsetEnd=25 PartOfSpeech=DT Lemma=a NamedEntityTag=O]
[Text=serum CharacterOffsetBegin=26 CharacterOffsetEnd=31 PartOfSpeech=NN Lemma=serum NamedEntityTag=O]
[Text=which CharacterOffsetBegin=32 CharacterOffsetEnd=37 PartOfSpeech=WDT Lemma=which NamedEntityTag=O]
[Text=transforms CharacterOffsetBegin=38 CharacterOffsetEnd=48 PartOfSpeech=VBZ Lemma=transform NamedEntityTag=O]
[Text=men CharacterOffsetBegin=49 CharacterOffsetEnd=52 PartOfSpeech=NNS Lemma=man NamedEntityTag=O]
[Text=into CharacterOffsetBegin=53 CharacterOffsetEnd=57 PartOfSpeech=IN Lemma=into NamedEntityTag=O]
[Text=super CharacterOffsetBegin=58 CharacterOffsetEnd=63 PartOfSpeech=JJ Lemma=super NamedEntityTag=O]
[Text=soldiers CharacterOffsetBegin=64 CharacterOffsetEnd=72 PartOfSpeech=NNS Lemma=soldier NamedEntityTag=O]
[Text=, CharacterOffsetBegin=72 CharacterOffsetEnd=73 PartOfSpeech=, Lemma=, NamedEntityTag=O]
[Text=because CharacterOffsetBegin=74 CharacterOffsetEnd=81 PartOfSpeech=IN Lemma=because NamedEntityTag=O]
[Text=they CharacterOffsetBegin=82 CharacterOffsetEnd=86 PartOfSpeech=PRP Lemma=they NamedEntityTag=O]
[Text=needed CharacterOffsetBegin=87 CharacterOffsetEnd=93 PartOfSpeech=VBD Lemma=need NamedEntityTag=O]
[Text=to CharacterOffsetBegin=94 CharacterOffsetEnd=96 PartOfSpeech=TO Lemma=to NamedEntityTag=O]
[Text=create CharacterOffsetBegin=97 CharacterOffsetEnd=103 PartOfSpeech=VB Lemma=create NamedEntityTag=O]
[Text=an CharacterOffsetBegin=104 CharacterOffsetEnd=106 PartOfSpeech=DT Lemma=a NamedEntityTag=O]
[Text=unstoppable CharacterOffsetBegin=107 CharacterOffsetEnd=118 PartOfSpeech=JJ Lemma=unstoppable NamedEntityTag=O]
[Text=army CharacterOffsetBegin=119 CharacterOffsetEnd=123 PartOfSpeech=NN Lemma=army NamedEntityTag=O]
(ROOT
  (S
    (NP (NNS Scientists))
    (VP (VBP have)
      (VP (VBN created)
        (NP
          (NP (DT a) (NN serum))
          (SBAR
            (WHNP (WDT which))
            (S
              (VP (VBZ transforms)
                (NP (NNS men))
                (PP (IN into)
                  (NP (JJ super) (NNS soldiers)))
                (, ,)
                (SBAR (IN because)
                  (S
                    (NP (PRP they))
                    (VP (VBD needed)
                      (S
                        (VP (TO to)
                          (VP (VB create)
                            (NP (DT an) (JJ unstoppable) (NN army))))))))))))))))

root(ROOT-0, created-3)
nsubj(created-3, Scientists-1)
aux(created-3, have-2)
det(serum-5, a-4)
dobj(created-3, serum-5)
nsubj(transforms-7, serum-5)
ref(serum-5, which-6)
acl:relcl(serum-5, transforms-7)
dobj(transforms-7, men-8)
case(soldiers-11, into-9)
amod(soldiers-11, super-10)
nmod:into(transforms-7, soldiers-11)
punct(transforms-7, ,-12)
mark(needed-15, because-13)
nsubj(needed-15, they-14)
nsubj:xsubj(create-17, they-14)
advcl:because(transforms-7, needed-15)
mark(create-17, to-16)
xcomp(needed-15, create-17)
det(army-20, an-18)
amod(army-20, unstoppable-19)
dobj(create-17, army-20)

Coreference set:
	(1,14,[14,15]) -> (1,8,[8,9]), that is: "they" -> "men"
