Sentence #1 (18 tokens):
Scientists have created a serum which transforms men into super soldiers, but they may experience side effects
[Text=Scientists CharacterOffsetBegin=0 CharacterOffsetEnd=10 PartOfSpeech=NNS Lemma=scientist NamedEntityTag=O]
[Text=have CharacterOffsetBegin=11 CharacterOffsetEnd=15 PartOfSpeech=VBP Lemma=have NamedEntityTag=O]
[Text=created CharacterOffsetBegin=16 CharacterOffsetEnd=23 PartOfSpeech=VBN Lemma=create NamedEntityTag=O]
[Text=a CharacterOffsetBegin=24 CharacterOffsetEnd=25 PartOfSpeech=DT Lemma=a NamedEntityTag=O]
[Text=serum CharacterOffsetBegin=26 CharacterOffsetEnd=31 PartOfSpeech=NN Lemma=serum NamedEntityTag=O]
[Text=which CharacterOffsetBegin=32 CharacterOffsetEnd=37 PartOfSpeech=WDT Lemma=which NamedEntityTag=O]
[Text=transforms CharacterOffsetBegin=38 CharacterOffsetEnd=48 PartOfSpeech=VBZ Lemma=transform NamedEntityTag=O]
[Text=men CharacterOffsetBegin=49 CharacterOffsetEnd=52 PartOfSpeech=NNS Lemma=man NamedEntityTag=O]
[Text=into CharacterOffsetBegin=53 CharacterOffsetEnd=57 PartOfSpeech=IN Lemma=into NamedEntityTag=O]
[Text=super CharacterOffsetBegin=58 CharacterOffsetEnd=63 PartOfSpeech=JJ Lemma=super NamedEntityTag=O]
[Text=soldiers CharacterOffsetBegin=64 CharacterOffsetEnd=72 PartOfSpeech=NNS Lemma=soldier NamedEntityTag=O]
[Text=, CharacterOffsetBegin=72 CharacterOffsetEnd=73 PartOfSpeech=, Lemma=, NamedEntityTag=O]
[Text=but CharacterOffsetBegin=74 CharacterOffsetEnd=77 PartOfSpeech=CC Lemma=but NamedEntityTag=O]
[Text=they CharacterOffsetBegin=78 CharacterOffsetEnd=82 PartOfSpeech=PRP Lemma=they NamedEntityTag=O]
[Text=may CharacterOffsetBegin=83 CharacterOffsetEnd=86 PartOfSpeech=MD Lemma=may NamedEntityTag=O]
[Text=experience CharacterOffsetBegin=87 CharacterOffsetEnd=97 PartOfSpeech=VB Lemma=experience NamedEntityTag=O]
[Text=side CharacterOffsetBegin=98 CharacterOffsetEnd=102 PartOfSpeech=JJ Lemma=side NamedEntityTag=O]
[Text=effects CharacterOffsetBegin=103 CharacterOffsetEnd=110 PartOfSpeech=NNS Lemma=effect NamedEntityTag=O]
(ROOT
  (FRAG
    (S
      (S
        (NP (NNS Scientists))
        (VP (VBP have)
          (VP (VBN created)
            (NP
              (NP (DT a) (NN serum))
              (SBAR
                (WHNP (WDT which))
                (S
                  (VP (VBZ transforms)
                    (NP (NNS men))
                    (PP (IN into)
                      (NP (JJ super) (NNS soldiers))))))))))
      (, ,)
      (CC but)
      (S
        (NP (PRP they))
        (VP (MD may)
          (VP (VB experience)
            (NP (JJ side) (NNS effects))))))))

root(ROOT-0, created-3)
nsubj(created-3, Scientists-1)
aux(created-3, have-2)
det(serum-5, a-4)
dobj(created-3, serum-5)
nsubj(transforms-7, serum-5)
ref(serum-5, which-6)
acl:relcl(serum-5, transforms-7)
dobj(transforms-7, men-8)
case(soldiers-11, into-9)
amod(soldiers-11, super-10)
nmod:into(transforms-7, soldiers-11)
punct(created-3, ,-12)
cc(created-3, but-13)
nsubj(experience-16, they-14)
aux(experience-16, may-15)
conj:but(created-3, experience-16)
amod(effects-18, side-17)
dobj(experience-16, effects-18)

Coreference set:
	(1,14,[14,15]) -> (1,1,[1,2]), that is: "they" -> "Scientists"
