Sentence #1 (17 tokens):
The prisoners were held captive by the German forces since they were captured in the last battle
[Text=The CharacterOffsetBegin=0 CharacterOffsetEnd=3 PartOfSpeech=DT Lemma=the NamedEntityTag=O]
[Text=prisoners CharacterOffsetBegin=4 CharacterOffsetEnd=13 PartOfSpeech=NNS Lemma=prisoner NamedEntityTag=O]
[Text=were CharacterOffsetBegin=14 CharacterOffsetEnd=18 PartOfSpeech=VBD Lemma=be NamedEntityTag=O]
[Text=held CharacterOffsetBegin=19 CharacterOffsetEnd=23 PartOfSpeech=VBN Lemma=hold NamedEntityTag=O]
[Text=captive CharacterOffsetBegin=24 CharacterOffsetEnd=31 PartOfSpeech=JJ Lemma=captive NamedEntityTag=O]
[Text=by CharacterOffsetBegin=32 CharacterOffsetEnd=34 PartOfSpeech=IN Lemma=by NamedEntityTag=O]
[Text=the CharacterOffsetBegin=35 CharacterOffsetEnd=38 PartOfSpeech=DT Lemma=the NamedEntityTag=O]
[Text=German CharacterOffsetBegin=39 CharacterOffsetEnd=45 PartOfSpeech=JJ Lemma=german NamedEntityTag=MISC]
[Text=forces CharacterOffsetBegin=46 CharacterOffsetEnd=52 PartOfSpeech=NNS Lemma=force NamedEntityTag=O]
[Text=since CharacterOffsetBegin=53 CharacterOffsetEnd=58 PartOfSpeech=IN Lemma=since NamedEntityTag=O]
[Text=they CharacterOffsetBegin=59 CharacterOffsetEnd=63 PartOfSpeech=PRP Lemma=they NamedEntityTag=O]
[Text=were CharacterOffsetBegin=64 CharacterOffsetEnd=68 PartOfSpeech=VBD Lemma=be NamedEntityTag=O]
[Text=captured CharacterOffsetBegin=69 CharacterOffsetEnd=77 PartOfSpeech=VBN Lemma=capture NamedEntityTag=O]
[Text=in CharacterOffsetBegin=78 CharacterOffsetEnd=80 PartOfSpeech=IN Lemma=in NamedEntityTag=O]
[Text=the CharacterOffsetBegin=81 CharacterOffsetEnd=84 PartOfSpeech=DT Lemma=the NamedEntityTag=O]
[Text=last CharacterOffsetBegin=85 CharacterOffsetEnd=89 PartOfSpeech=JJ Lemma=last NamedEntityTag=O]
[Text=battle CharacterOffsetBegin=90 CharacterOffsetEnd=96 PartOfSpeech=NN Lemma=battle NamedEntityTag=O]
(ROOT
  (S
    (NP (DT The) (NNS prisoners))
    (VP (VBD were)
      (VP (VBN held)
        (ADJP (JJ captive)
          (PP (IN by)
            (NP (DT the) (JJ German) (NNS forces))))
        (SBAR (IN since)
          (S
            (NP (PRP they))
            (VP (VBD were)
              (VP (VBN captured)
                (PP (IN in)
                  (NP (DT the) (JJ last) (NN battle)))))))))))

root(ROOT-0, held-4)
det(prisoners-2, The-1)
nsubjpass(held-4, prisoners-2)
auxpass(held-4, were-3)
xcomp(held-4, captive-5)
case(forces-9, by-6)
det(forces-9, the-7)
amod(forces-9, German-8)
nmod:by(captive-5, forces-9)
mark(captured-13, since-10)
nsubjpass(captured-13, they-11)
auxpass(captured-13, were-12)
advcl:since(held-4, captured-13)
case(battle-17, in-14)
det(battle-17, the-15)
amod(battle-17, last-16)
nmod:in(captured-13, battle-17)

Coreference set:
	(1,11,[11,12]) -> (1,2,[1,3]), that is: "they" -> "The prisoners"
