Sentence #1 (17 tokens):
The prisoners were held captive by the German forces since they needed to gather intelligence from them
[Text=The CharacterOffsetBegin=0 CharacterOffsetEnd=3 PartOfSpeech=DT Lemma=the NamedEntityTag=O]
[Text=prisoners CharacterOffsetBegin=4 CharacterOffsetEnd=13 PartOfSpeech=NNS Lemma=prisoner NamedEntityTag=O]
[Text=were CharacterOffsetBegin=14 CharacterOffsetEnd=18 PartOfSpeech=VBD Lemma=be NamedEntityTag=O]
[Text=held CharacterOffsetBegin=19 CharacterOffsetEnd=23 PartOfSpeech=VBN Lemma=hold NamedEntityTag=O]
[Text=captive CharacterOffsetBegin=24 CharacterOffsetEnd=31 PartOfSpeech=JJ Lemma=captive NamedEntityTag=O]
[Text=by CharacterOffsetBegin=32 CharacterOffsetEnd=34 PartOfSpeech=IN Lemma=by NamedEntityTag=O]
[Text=the CharacterOffsetBegin=35 CharacterOffsetEnd=38 PartOfSpeech=DT Lemma=the NamedEntityTag=O]
[Text=German CharacterOffsetBegin=39 CharacterOffsetEnd=45 PartOfSpeech=JJ Lemma=german NamedEntityTag=MISC]
[Text=forces CharacterOffsetBegin=46 CharacterOffsetEnd=52 PartOfSpeech=NNS Lemma=force NamedEntityTag=O]
[Text=since CharacterOffsetBegin=53 CharacterOffsetEnd=58 PartOfSpeech=IN Lemma=since NamedEntityTag=O]
[Text=they CharacterOffsetBegin=59 CharacterOffsetEnd=63 PartOfSpeech=PRP Lemma=they NamedEntityTag=O]
[Text=needed CharacterOffsetBegin=64 CharacterOffsetEnd=70 PartOfSpeech=VBD Lemma=need NamedEntityTag=O]
[Text=to CharacterOffsetBegin=71 CharacterOffsetEnd=73 PartOfSpeech=TO Lemma=to NamedEntityTag=O]
[Text=gather CharacterOffsetBegin=74 CharacterOffsetEnd=80 PartOfSpeech=VB Lemma=gather NamedEntityTag=O]
[Text=intelligence CharacterOffsetBegin=81 CharacterOffsetEnd=93 PartOfSpeech=NN Lemma=intelligence NamedEntityTag=O]
[Text=from CharacterOffsetBegin=94 CharacterOffsetEnd=98 PartOfSpeech=IN Lemma=from NamedEntityTag=O]
[Text=them CharacterOffsetBegin=99 CharacterOffsetEnd=103 PartOfSpeech=PRP Lemma=they NamedEntityTag=O]
(ROOT
  (S
    (NP (DT The) (NNS prisoners))
    (VP (VBD were)
      (VP (VBN held)
        (ADJP (JJ captive)
          (PP (IN by)
            (NP (DT the) (JJ German) (NNS forces))))
        (SBAR (IN since)
          (S
            (NP (PRP they))
            (VP (VBD needed)
              (S
                (VP (TO to)
                  (VP (VB gather)
                    (NP (NN intelligence))
                    (PP (IN from)
                      (NP (PRP them)))))))))))))

root(ROOT-0, held-4)
det(prisoners-2, The-1)
nsubjpass(held-4, prisoners-2)
auxpass(held-4, were-3)
xcomp(held-4, captive-5)
case(forces-9, by-6)
det(forces-9, the-7)
amod(forces-9, German-8)
nmod:by(captive-5, forces-9)
mark(needed-12, since-10)
nsubj(needed-12, they-11)
nsubj:xsubj(gather-14, they-11)
advcl:since(held-4, needed-12)
mark(gather-14, to-13)
xcomp(needed-12, gather-14)
dobj(gather-14, intelligence-15)
case(them-17, from-16)
nmod:from(gather-14, them-17)

Coreference set:
	(1,11,[11,12]) -> (1,2,[1,3]), that is: "they" -> "The prisoners"
	(1,17,[17,18]) -> (1,2,[1,3]), that is: "them" -> "The prisoners"
