Sentence #1 (17 tokens):
Captain America lost a good friend, Michael, because he could not catch him before falling
[Text=Captain CharacterOffsetBegin=0 CharacterOffsetEnd=7 PartOfSpeech=NNP Lemma=Captain NamedEntityTag=O]
[Text=America CharacterOffsetBegin=8 CharacterOffsetEnd=15 PartOfSpeech=NNP Lemma=America NamedEntityTag=PERSON]
[Text=lost CharacterOffsetBegin=16 CharacterOffsetEnd=20 PartOfSpeech=VBD Lemma=lose NamedEntityTag=O]
[Text=a CharacterOffsetBegin=21 CharacterOffsetEnd=22 PartOfSpeech=DT Lemma=a NamedEntityTag=O]
[Text=good CharacterOffsetBegin=23 CharacterOffsetEnd=27 PartOfSpeech=JJ Lemma=good NamedEntityTag=O]
[Text=friend CharacterOffsetBegin=28 CharacterOffsetEnd=34 PartOfSpeech=NN Lemma=friend NamedEntityTag=O]
[Text=, CharacterOffsetBegin=34 CharacterOffsetEnd=35 PartOfSpeech=, Lemma=, NamedEntityTag=O]
[Text=Michael CharacterOffsetBegin=36 CharacterOffsetEnd=43 PartOfSpeech=NNP Lemma=Michael NamedEntityTag=PERSON]
[Text=, CharacterOffsetBegin=43 CharacterOffsetEnd=44 PartOfSpeech=, Lemma=, NamedEntityTag=O]
[Text=because CharacterOffsetBegin=45 CharacterOffsetEnd=52 PartOfSpeech=IN Lemma=because NamedEntityTag=O]
[Text=he CharacterOffsetBegin=53 CharacterOffsetEnd=55 PartOfSpeech=PRP Lemma=he NamedEntityTag=O]
[Text=could CharacterOffsetBegin=56 CharacterOffsetEnd=61 PartOfSpeech=MD Lemma=could NamedEntityTag=O]
[Text=not CharacterOffsetBegin=62 CharacterOffsetEnd=65 PartOfSpeech=RB Lemma=not NamedEntityTag=O]
[Text=catch CharacterOffsetBegin=66 CharacterOffsetEnd=71 PartOfSpeech=VB Lemma=catch NamedEntityTag=O]
[Text=him CharacterOffsetBegin=72 CharacterOffsetEnd=75 PartOfSpeech=PRP Lemma=he NamedEntityTag=O]
[Text=before CharacterOffsetBegin=76 CharacterOffsetEnd=82 PartOfSpeech=IN Lemma=before NamedEntityTag=O]
[Text=falling CharacterOffsetBegin=83 CharacterOffsetEnd=90 PartOfSpeech=VBG Lemma=fall NamedEntityTag=O]
(ROOT
  (S
    (NP (NNP Captain) (NNP America))
    (VP (VBD lost)
      (NP
        (NP (DT a) (JJ good) (NN friend))
        (, ,)
        (NP (NNP Michael))
        (, ,)
        (SBAR (IN because)
          (S
            (NP (PRP he))
            (VP (MD could) (RB not)
              (VP (VB catch)
                (NP (PRP him))
                (PP (IN before)
                  (NP (VBG falling)))))))))))

root(ROOT-0, lost-3)
compound(America-2, Captain-1)
nsubj(lost-3, America-2)
det(friend-6, a-4)
amod(friend-6, good-5)
dobj(lost-3, friend-6)
punct(friend-6, ,-7)
appos(friend-6, Michael-8)
punct(friend-6, ,-9)
mark(catch-14, because-10)
nsubj(catch-14, he-11)
aux(catch-14, could-12)
neg(catch-14, not-13)
dep(friend-6, catch-14)
dobj(catch-14, him-15)
case(falling-17, before-16)
nmod:before(catch-14, falling-17)

Coreference set:
	(1,11,[11,12]) -> (1,2,[1,3]), that is: "he" -> "Captain America"
	(1,15,[15,16]) -> (1,2,[1,3]), that is: "him" -> "Captain America"
Coreference set:
	(1,6,[4,7]) -> (1,8,[8,9]), that is: "a good friend" -> "Michael"
