Sentence #1 (16 tokens):
Captain America lost a good friend, Michael, because he was killed in an accident
[Text=Captain CharacterOffsetBegin=0 CharacterOffsetEnd=7 PartOfSpeech=NNP Lemma=Captain NamedEntityTag=O]
[Text=America CharacterOffsetBegin=8 CharacterOffsetEnd=15 PartOfSpeech=NNP Lemma=America NamedEntityTag=PERSON]
[Text=lost CharacterOffsetBegin=16 CharacterOffsetEnd=20 PartOfSpeech=VBD Lemma=lose NamedEntityTag=O]
[Text=a CharacterOffsetBegin=21 CharacterOffsetEnd=22 PartOfSpeech=DT Lemma=a NamedEntityTag=O]
[Text=good CharacterOffsetBegin=23 CharacterOffsetEnd=27 PartOfSpeech=JJ Lemma=good NamedEntityTag=O]
[Text=friend CharacterOffsetBegin=28 CharacterOffsetEnd=34 PartOfSpeech=NN Lemma=friend NamedEntityTag=O]
[Text=, CharacterOffsetBegin=34 CharacterOffsetEnd=35 PartOfSpeech=, Lemma=, NamedEntityTag=O]
[Text=Michael CharacterOffsetBegin=36 CharacterOffsetEnd=43 PartOfSpeech=NNP Lemma=Michael NamedEntityTag=PERSON]
[Text=, CharacterOffsetBegin=43 CharacterOffsetEnd=44 PartOfSpeech=, Lemma=, NamedEntityTag=O]
[Text=because CharacterOffsetBegin=45 CharacterOffsetEnd=52 PartOfSpeech=IN Lemma=because NamedEntityTag=O]
[Text=he CharacterOffsetBegin=53 CharacterOffsetEnd=55 PartOfSpeech=PRP Lemma=he NamedEntityTag=O]
[Text=was CharacterOffsetBegin=56 CharacterOffsetEnd=59 PartOfSpeech=VBD Lemma=be NamedEntityTag=O]
[Text=killed CharacterOffsetBegin=60 CharacterOffsetEnd=66 PartOfSpeech=VBN Lemma=kill NamedEntityTag=O]
[Text=in CharacterOffsetBegin=67 CharacterOffsetEnd=69 PartOfSpeech=IN Lemma=in NamedEntityTag=O]
[Text=an CharacterOffsetBegin=70 CharacterOffsetEnd=72 PartOfSpeech=DT Lemma=a NamedEntityTag=O]
[Text=accident CharacterOffsetBegin=73 CharacterOffsetEnd=81 PartOfSpeech=NN Lemma=accident NamedEntityTag=O]
(ROOT
  (S
    (NP (NNP Captain) (NNP America))
    (VP (VBD lost)
      (NP
        (NP (DT a) (JJ good) (NN friend))
        (, ,)
        (NP (NNP Michael))
        (, ,)
        (SBAR (IN because)
          (S
            (NP (PRP he))
            (VP (VBD was)
              (VP (VBN killed)
                (PP (IN in)
                  (NP (DT an) (NN accident)))))))))))

root(ROOT-0, lost-3)
compound(America-2, Captain-1)
nsubj(lost-3, America-2)
det(friend-6, a-4)
amod(friend-6, good-5)
dobj(lost-3, friend-6)
punct(friend-6, ,-7)
appos(friend-6, Michael-8)
punct(friend-6, ,-9)
mark(killed-13, because-10)
nsubjpass(killed-13, he-11)
auxpass(killed-13, was-12)
dep(friend-6, killed-13)
case(accident-16, in-14)
det(accident-16, an-15)
nmod:in(killed-13, accident-16)

Coreference set:
	(1,11,[11,12]) -> (1,2,[1,3]), that is: "he" -> "Captain America"
Coreference set:
	(1,6,[4,7]) -> (1,8,[8,9]), that is: "a good friend" -> "Michael"
