Sentence #1 (27 tokens):
Neil Armstrong was actually sent on a secret mission assigned by President Kennedy to investigate an abnormal event because he needed the US to beat Russia there
[Text=Neil CharacterOffsetBegin=0 CharacterOffsetEnd=4 PartOfSpeech=NNP Lemma=Neil NamedEntityTag=PERSON]
[Text=Armstrong CharacterOffsetBegin=5 CharacterOffsetEnd=14 PartOfSpeech=NNP Lemma=Armstrong NamedEntityTag=PERSON]
[Text=was CharacterOffsetBegin=15 CharacterOffsetEnd=18 PartOfSpeech=VBD Lemma=be NamedEntityTag=O]
[Text=actually CharacterOffsetBegin=19 CharacterOffsetEnd=27 PartOfSpeech=RB Lemma=actually NamedEntityTag=O]
[Text=sent CharacterOffsetBegin=28 CharacterOffsetEnd=32 PartOfSpeech=VBN Lemma=send NamedEntityTag=O]
[Text=on CharacterOffsetBegin=33 CharacterOffsetEnd=35 PartOfSpeech=IN Lemma=on NamedEntityTag=O]
[Text=a CharacterOffsetBegin=36 CharacterOffsetEnd=37 PartOfSpeech=DT Lemma=a NamedEntityTag=O]
[Text=secret CharacterOffsetBegin=38 CharacterOffsetEnd=44 PartOfSpeech=JJ Lemma=secret NamedEntityTag=O]
[Text=mission CharacterOffsetBegin=45 CharacterOffsetEnd=52 PartOfSpeech=NN Lemma=mission NamedEntityTag=O]
[Text=assigned CharacterOffsetBegin=53 CharacterOffsetEnd=61 PartOfSpeech=VBN Lemma=assign NamedEntityTag=O]
[Text=by CharacterOffsetBegin=62 CharacterOffsetEnd=64 PartOfSpeech=IN Lemma=by NamedEntityTag=O]
[Text=President CharacterOffsetBegin=65 CharacterOffsetEnd=74 PartOfSpeech=NNP Lemma=President NamedEntityTag=O]
[Text=Kennedy CharacterOffsetBegin=75 CharacterOffsetEnd=82 PartOfSpeech=NNP Lemma=Kennedy NamedEntityTag=PERSON]
[Text=to CharacterOffsetBegin=83 CharacterOffsetEnd=85 PartOfSpeech=TO Lemma=to NamedEntityTag=O]
[Text=investigate CharacterOffsetBegin=86 CharacterOffsetEnd=97 PartOfSpeech=VB Lemma=investigate NamedEntityTag=O]
[Text=an CharacterOffsetBegin=98 CharacterOffsetEnd=100 PartOfSpeech=DT Lemma=a NamedEntityTag=O]
[Text=abnormal CharacterOffsetBegin=101 CharacterOffsetEnd=109 PartOfSpeech=JJ Lemma=abnormal NamedEntityTag=O]
[Text=event CharacterOffsetBegin=110 CharacterOffsetEnd=115 PartOfSpeech=NN Lemma=event NamedEntityTag=O]
[Text=because CharacterOffsetBegin=116 CharacterOffsetEnd=123 PartOfSpeech=IN Lemma=because NamedEntityTag=O]
[Text=he CharacterOffsetBegin=124 CharacterOffsetEnd=126 PartOfSpeech=PRP Lemma=he NamedEntityTag=O]
[Text=needed CharacterOffsetBegin=127 CharacterOffsetEnd=133 PartOfSpeech=VBD Lemma=need NamedEntityTag=O]
[Text=the CharacterOffsetBegin=134 CharacterOffsetEnd=137 PartOfSpeech=DT Lemma=the NamedEntityTag=O]
[Text=US CharacterOffsetBegin=138 CharacterOffsetEnd=140 PartOfSpeech=NNP Lemma=US NamedEntityTag=LOCATION]
[Text=to CharacterOffsetBegin=141 CharacterOffsetEnd=143 PartOfSpeech=TO Lemma=to NamedEntityTag=O]
[Text=beat CharacterOffsetBegin=144 CharacterOffsetEnd=148 PartOfSpeech=VB Lemma=beat NamedEntityTag=O]
[Text=Russia CharacterOffsetBegin=149 CharacterOffsetEnd=155 PartOfSpeech=NNP Lemma=Russia NamedEntityTag=LOCATION]
[Text=there CharacterOffsetBegin=156 CharacterOffsetEnd=161 PartOfSpeech=RB Lemma=there NamedEntityTag=O]
(ROOT
  (S
    (NP (NNP Neil) (NNP Armstrong))
    (VP (VBD was)
      (ADVP (RB actually))
      (VP (VBN sent)
        (PP (IN on)
          (NP
            (NP (DT a) (JJ secret) (NN mission))
            (VP (VBN assigned)
              (PP (IN by)
                (NP (NNP President) (NNP Kennedy)))
              (S
                (VP (TO to)
                  (VP (VB investigate)
                    (NP (DT an) (JJ abnormal) (NN event))
                    (SBAR (IN because)
                      (S
                        (NP (PRP he))
                        (VP (VBD needed)
                          (S
                            (NP (DT the) (NNP US))
                            (VP (TO to)
                              (VP (VB beat)
                                (NP (NNP Russia))
                                (ADVP (RB there))))))))))))))))))

root(ROOT-0, sent-5)
compound(Armstrong-2, Neil-1)
nsubjpass(sent-5, Armstrong-2)
auxpass(sent-5, was-3)
advmod(sent-5, actually-4)
case(mission-9, on-6)
det(mission-9, a-7)
amod(mission-9, secret-8)
nmod:on(sent-5, mission-9)
acl(mission-9, assigned-10)
case(Kennedy-13, by-11)
compound(Kennedy-13, President-12)
nmod:by(assigned-10, Kennedy-13)
mark(investigate-15, to-14)
xcomp(assigned-10, investigate-15)
det(event-18, an-16)
amod(event-18, abnormal-17)
dobj(investigate-15, event-18)
mark(needed-21, because-19)
nsubj(needed-21, he-20)
advcl:because(investigate-15, needed-21)
det(US-23, the-22)
dobj(needed-21, US-23)
nsubj:xsubj(beat-25, US-23)
mark(beat-25, to-24)
xcomp(needed-21, beat-25)
dobj(beat-25, Russia-26)
advmod(beat-25, there-27)

Coreference set:
	(1,20,[20,21]) -> (1,2,[1,3]), that is: "he" -> "Neil Armstrong"
