Sentence #1 (29 tokens):
Neil Armstrong was actually sent on a secret mission assigned by President Kennedy to investigate an abnormal event so he was trained on what exactly he needed to do
[Text=Neil CharacterOffsetBegin=0 CharacterOffsetEnd=4 PartOfSpeech=NNP Lemma=Neil NamedEntityTag=PERSON]
[Text=Armstrong CharacterOffsetBegin=5 CharacterOffsetEnd=14 PartOfSpeech=NNP Lemma=Armstrong NamedEntityTag=PERSON]
[Text=was CharacterOffsetBegin=15 CharacterOffsetEnd=18 PartOfSpeech=VBD Lemma=be NamedEntityTag=O]
[Text=actually CharacterOffsetBegin=19 CharacterOffsetEnd=27 PartOfSpeech=RB Lemma=actually NamedEntityTag=O]
[Text=sent CharacterOffsetBegin=28 CharacterOffsetEnd=32 PartOfSpeech=VBN Lemma=send NamedEntityTag=O]
[Text=on CharacterOffsetBegin=33 CharacterOffsetEnd=35 PartOfSpeech=IN Lemma=on NamedEntityTag=O]
[Text=a CharacterOffsetBegin=36 CharacterOffsetEnd=37 PartOfSpeech=DT Lemma=a NamedEntityTag=O]
[Text=secret CharacterOffsetBegin=38 CharacterOffsetEnd=44 PartOfSpeech=JJ Lemma=secret NamedEntityTag=O]
[Text=mission CharacterOffsetBegin=45 CharacterOffsetEnd=52 PartOfSpeech=NN Lemma=mission NamedEntityTag=O]
[Text=assigned CharacterOffsetBegin=53 CharacterOffsetEnd=61 PartOfSpeech=VBN Lemma=assign NamedEntityTag=O]
[Text=by CharacterOffsetBegin=62 CharacterOffsetEnd=64 PartOfSpeech=IN Lemma=by NamedEntityTag=O]
[Text=President CharacterOffsetBegin=65 CharacterOffsetEnd=74 PartOfSpeech=NNP Lemma=President NamedEntityTag=O]
[Text=Kennedy CharacterOffsetBegin=75 CharacterOffsetEnd=82 PartOfSpeech=NNP Lemma=Kennedy NamedEntityTag=PERSON]
[Text=to CharacterOffsetBegin=83 CharacterOffsetEnd=85 PartOfSpeech=TO Lemma=to NamedEntityTag=O]
[Text=investigate CharacterOffsetBegin=86 CharacterOffsetEnd=97 PartOfSpeech=VB Lemma=investigate NamedEntityTag=O]
[Text=an CharacterOffsetBegin=98 CharacterOffsetEnd=100 PartOfSpeech=DT Lemma=a NamedEntityTag=O]
[Text=abnormal CharacterOffsetBegin=101 CharacterOffsetEnd=109 PartOfSpeech=JJ Lemma=abnormal NamedEntityTag=O]
[Text=event CharacterOffsetBegin=110 CharacterOffsetEnd=115 PartOfSpeech=NN Lemma=event NamedEntityTag=O]
[Text=so CharacterOffsetBegin=116 CharacterOffsetEnd=118 PartOfSpeech=IN Lemma=so NamedEntityTag=O]
[Text=he CharacterOffsetBegin=119 CharacterOffsetEnd=121 PartOfSpeech=PRP Lemma=he NamedEntityTag=O]
[Text=was CharacterOffsetBegin=122 CharacterOffsetEnd=125 PartOfSpeech=VBD Lemma=be NamedEntityTag=O]
[Text=trained CharacterOffsetBegin=126 CharacterOffsetEnd=133 PartOfSpeech=VBN Lemma=train NamedEntityTag=O]
[Text=on CharacterOffsetBegin=134 CharacterOffsetEnd=136 PartOfSpeech=IN Lemma=on NamedEntityTag=O]
[Text=what CharacterOffsetBegin=137 CharacterOffsetEnd=141 PartOfSpeech=WP Lemma=what NamedEntityTag=O]
[Text=exactly CharacterOffsetBegin=142 CharacterOffsetEnd=149 PartOfSpeech=RB Lemma=exactly NamedEntityTag=O]
[Text=he CharacterOffsetBegin=150 CharacterOffsetEnd=152 PartOfSpeech=PRP Lemma=he NamedEntityTag=O]
[Text=needed CharacterOffsetBegin=153 CharacterOffsetEnd=159 PartOfSpeech=VBD Lemma=need NamedEntityTag=O]
[Text=to CharacterOffsetBegin=160 CharacterOffsetEnd=162 PartOfSpeech=TO Lemma=to NamedEntityTag=O]
[Text=do CharacterOffsetBegin=163 CharacterOffsetEnd=165 PartOfSpeech=VB Lemma=do NamedEntityTag=O]
(ROOT
  (S
    (NP (NNP Neil) (NNP Armstrong))
    (VP (VBD was)
      (ADVP (RB actually))
      (VP (VBN sent)
        (PP (IN on)
          (NP
            (NP (DT a) (JJ secret) (NN mission))
            (VP (VBN assigned)
              (PP (IN by)
                (NP (NNP President) (NNP Kennedy)))
              (S
                (VP (TO to)
                  (VP (VB investigate)
                    (NP (DT an) (JJ abnormal) (NN event))
                    (SBAR (IN so)
                      (S
                        (NP (PRP he))
                        (VP (VBD was)
                          (VP (VBN trained)
                            (SBAR
                              (WHPP (IN on)
                                (WHNP (WP what) (RB exactly)))
                              (S
                                (NP (PRP he))
                                (VP (VBD needed)
                                  (S
                                    (VP (TO to)
                                      (VP (VB do)))))))))))))))))))))

root(ROOT-0, sent-5)
compound(Armstrong-2, Neil-1)
nsubjpass(sent-5, Armstrong-2)
auxpass(sent-5, was-3)
advmod(sent-5, actually-4)
case(mission-9, on-6)
det(mission-9, a-7)
amod(mission-9, secret-8)
nmod:on(sent-5, mission-9)
acl(mission-9, assigned-10)
case(Kennedy-13, by-11)
compound(Kennedy-13, President-12)
nmod:by(assigned-10, Kennedy-13)
mark(investigate-15, to-14)
xcomp(assigned-10, investigate-15)
det(event-18, an-16)
amod(event-18, abnormal-17)
dobj(investigate-15, event-18)
mark(trained-22, so-19)
nsubjpass(trained-22, he-20)
auxpass(trained-22, was-21)
advcl:so(investigate-15, trained-22)
case(what-24, on-23)
nmod:on(needed-27, what-24)
advmod(what-24, exactly-25)
nsubj(needed-27, he-26)
nsubj:xsubj(do-29, he-26)
ccomp(trained-22, needed-27)
mark(do-29, to-28)
xcomp(needed-27, do-29)

Coreference set:
	(1,20,[20,21]) -> (1,2,[1,3]), that is: "he" -> "Neil Armstrong"
	(1,26,[26,27]) -> (1,2,[1,3]), that is: "he" -> "Neil Armstrong"
