Sentence #1 (24 tokens):
The CIA control intelligence gathering for the United States because they have some of the best people who specialize in this type of work
[Text=The CharacterOffsetBegin=0 CharacterOffsetEnd=3 PartOfSpeech=DT Lemma=the NamedEntityTag=O]
[Text=CIA CharacterOffsetBegin=4 CharacterOffsetEnd=7 PartOfSpeech=NNP Lemma=CIA NamedEntityTag=ORGANIZATION]
[Text=control CharacterOffsetBegin=8 CharacterOffsetEnd=15 PartOfSpeech=NN Lemma=control NamedEntityTag=O]
[Text=intelligence CharacterOffsetBegin=16 CharacterOffsetEnd=28 PartOfSpeech=NN Lemma=intelligence NamedEntityTag=O]
[Text=gathering CharacterOffsetBegin=29 CharacterOffsetEnd=38 PartOfSpeech=NN Lemma=gathering NamedEntityTag=O]
[Text=for CharacterOffsetBegin=39 CharacterOffsetEnd=42 PartOfSpeech=IN Lemma=for NamedEntityTag=O]
[Text=the CharacterOffsetBegin=43 CharacterOffsetEnd=46 PartOfSpeech=DT Lemma=the NamedEntityTag=O]
[Text=United CharacterOffsetBegin=47 CharacterOffsetEnd=53 PartOfSpeech=NNP Lemma=United NamedEntityTag=LOCATION]
[Text=States CharacterOffsetBegin=54 CharacterOffsetEnd=60 PartOfSpeech=NNPS Lemma=States NamedEntityTag=LOCATION]
[Text=because CharacterOffsetBegin=61 CharacterOffsetEnd=68 PartOfSpeech=IN Lemma=because NamedEntityTag=O]
[Text=they CharacterOffsetBegin=69 CharacterOffsetEnd=73 PartOfSpeech=PRP Lemma=they NamedEntityTag=O]
[Text=have CharacterOffsetBegin=74 CharacterOffsetEnd=78 PartOfSpeech=VBP Lemma=have NamedEntityTag=O]
[Text=some CharacterOffsetBegin=79 CharacterOffsetEnd=83 PartOfSpeech=DT Lemma=some NamedEntityTag=O]
[Text=of CharacterOffsetBegin=84 CharacterOffsetEnd=86 PartOfSpeech=IN Lemma=of NamedEntityTag=O]
[Text=the CharacterOffsetBegin=87 CharacterOffsetEnd=90 PartOfSpeech=DT Lemma=the NamedEntityTag=O]
[Text=best CharacterOffsetBegin=91 CharacterOffsetEnd=95 PartOfSpeech=JJS Lemma=best NamedEntityTag=O]
[Text=people CharacterOffsetBegin=96 CharacterOffsetEnd=102 PartOfSpeech=NNS Lemma=people NamedEntityTag=O]
[Text=who CharacterOffsetBegin=103 CharacterOffsetEnd=106 PartOfSpeech=WP Lemma=who NamedEntityTag=O]
[Text=specialize CharacterOffsetBegin=107 CharacterOffsetEnd=117 PartOfSpeech=VBP Lemma=specialize NamedEntityTag=O]
[Text=in CharacterOffsetBegin=118 CharacterOffsetEnd=120 PartOfSpeech=IN Lemma=in NamedEntityTag=O]
[Text=this CharacterOffsetBegin=121 CharacterOffsetEnd=125 PartOfSpeech=DT Lemma=this NamedEntityTag=O]
[Text=type CharacterOffsetBegin=126 CharacterOffsetEnd=130 PartOfSpeech=NN Lemma=type NamedEntityTag=O]
[Text=of CharacterOffsetBegin=131 CharacterOffsetEnd=133 PartOfSpeech=IN Lemma=of NamedEntityTag=O]
[Text=work CharacterOffsetBegin=134 CharacterOffsetEnd=138 PartOfSpeech=NN Lemma=work NamedEntityTag=O]
(ROOT
  (FRAG
    (NP
      (NP (DT The) (NNP CIA) (NN control) (NN intelligence) (NN gathering))
      (PP (IN for)
        (NP (DT the) (NNP United) (NNPS States))))
    (SBAR (IN because)
      (S
        (NP (PRP they))
        (VP (VBP have)
          (NP
            (NP (DT some))
            (PP (IN of)
              (NP
                (NP (DT the) (JJS best) (NNS people))
                (SBAR
                  (WHNP (WP who))
                  (S
                    (VP (VBP specialize)
                      (PP (IN in)
                        (NP
                          (NP (DT this) (NN type))
                          (PP (IN of)
                            (NP (NN work))))))))))))))))

root(ROOT-0, gathering-5)
det(gathering-5, The-1)
compound(gathering-5, CIA-2)
compound(gathering-5, control-3)
compound(gathering-5, intelligence-4)
case(States-9, for-6)
det(States-9, the-7)
compound(States-9, United-8)
nmod:for(gathering-5, States-9)
mark(have-12, because-10)
nsubj(have-12, they-11)
dep(gathering-5, have-12)
det:qmod(people-17, some-13)
mwe(some-13, of-14)
det(people-17, the-15)
amod(people-17, best-16)
dobj(have-12, people-17)
nsubj(specialize-19, people-17)
ref(people-17, who-18)
acl:relcl(people-17, specialize-19)
case(type-22, in-20)
det(type-22, this-21)
nmod:in(specialize-19, type-22)
case(work-24, of-23)
nmod:of(type-22, work-24)

