Sentence #1 (18 tokens):
Sentinel tried to betray Optimus by enslaving the human race because he wanted the humans to rule again
[Text=Sentinel CharacterOffsetBegin=0 CharacterOffsetEnd=8 PartOfSpeech=NNP Lemma=Sentinel NamedEntityTag=O]
[Text=tried CharacterOffsetBegin=9 CharacterOffsetEnd=14 PartOfSpeech=VBD Lemma=try NamedEntityTag=O]
[Text=to CharacterOffsetBegin=15 CharacterOffsetEnd=17 PartOfSpeech=TO Lemma=to NamedEntityTag=O]
[Text=betray CharacterOffsetBegin=18 CharacterOffsetEnd=24 PartOfSpeech=VB Lemma=betray NamedEntityTag=O]
[Text=Optimus CharacterOffsetBegin=25 CharacterOffsetEnd=32 PartOfSpeech=NNP Lemma=Optimus NamedEntityTag=ORGANIZATION]
[Text=by CharacterOffsetBegin=33 CharacterOffsetEnd=35 PartOfSpeech=IN Lemma=by NamedEntityTag=O]
[Text=enslaving CharacterOffsetBegin=36 CharacterOffsetEnd=45 PartOfSpeech=VBG Lemma=enslave NamedEntityTag=O]
[Text=the CharacterOffsetBegin=46 CharacterOffsetEnd=49 PartOfSpeech=DT Lemma=the NamedEntityTag=O]
[Text=human CharacterOffsetBegin=50 CharacterOffsetEnd=55 PartOfSpeech=JJ Lemma=human NamedEntityTag=O]
[Text=race CharacterOffsetBegin=56 CharacterOffsetEnd=60 PartOfSpeech=NN Lemma=race NamedEntityTag=O]
[Text=because CharacterOffsetBegin=61 CharacterOffsetEnd=68 PartOfSpeech=IN Lemma=because NamedEntityTag=O]
[Text=he CharacterOffsetBegin=69 CharacterOffsetEnd=71 PartOfSpeech=PRP Lemma=he NamedEntityTag=O]
[Text=wanted CharacterOffsetBegin=72 CharacterOffsetEnd=78 PartOfSpeech=VBD Lemma=want NamedEntityTag=O]
[Text=the CharacterOffsetBegin=79 CharacterOffsetEnd=82 PartOfSpeech=DT Lemma=the NamedEntityTag=O]
[Text=humans CharacterOffsetBegin=83 CharacterOffsetEnd=89 PartOfSpeech=NNS Lemma=human NamedEntityTag=O]
[Text=to CharacterOffsetBegin=90 CharacterOffsetEnd=92 PartOfSpeech=TO Lemma=to NamedEntityTag=O]
[Text=rule CharacterOffsetBegin=93 CharacterOffsetEnd=97 PartOfSpeech=VB Lemma=rule NamedEntityTag=O]
[Text=again CharacterOffsetBegin=98 CharacterOffsetEnd=103 PartOfSpeech=RB Lemma=again NamedEntityTag=O]
(ROOT
  (S
    (NP (NNP Sentinel))
    (VP (VBD tried)
      (S
        (VP (TO to)
          (VP (VB betray)
            (NP (NNP Optimus))
            (PP (IN by)
              (S
                (VP (VBG enslaving)
                  (NP (DT the) (JJ human) (NN race))
                  (SBAR (IN because)
                    (S
                      (NP (PRP he))
                      (VP (VBD wanted)
                        (NP (DT the) (NNS humans))
                        (S
                          (VP (TO to)
                            (VP (VB rule)
                              (ADVP (RB again)))))))))))))))))

root(ROOT-0, tried-2)
nsubj(tried-2, Sentinel-1)
nsubj:xsubj(betray-4, Sentinel-1)
mark(betray-4, to-3)
xcomp(tried-2, betray-4)
dobj(betray-4, Optimus-5)
mark(enslaving-7, by-6)
advcl:by(betray-4, enslaving-7)
det(race-10, the-8)
amod(race-10, human-9)
dobj(enslaving-7, race-10)
mark(wanted-13, because-11)
nsubj(wanted-13, he-12)
advcl:because(enslaving-7, wanted-13)
det(humans-15, the-14)
dobj(wanted-13, humans-15)
mark(rule-17, to-16)
advcl:to(wanted-13, rule-17)
advmod(rule-17, again-18)

