Sentence #1 (13 tokens):
Amazon prime encourages Netflix users to switch since they overcharge their users now
[Text=Amazon CharacterOffsetBegin=0 CharacterOffsetEnd=6 PartOfSpeech=NNP Lemma=Amazon NamedEntityTag=ORGANIZATION]
[Text=prime CharacterOffsetBegin=7 CharacterOffsetEnd=12 PartOfSpeech=JJ Lemma=prime NamedEntityTag=O]
[Text=encourages CharacterOffsetBegin=13 CharacterOffsetEnd=23 PartOfSpeech=VBZ Lemma=encourage NamedEntityTag=O]
[Text=Netflix CharacterOffsetBegin=24 CharacterOffsetEnd=31 PartOfSpeech=NNP Lemma=Netflix NamedEntityTag=ORGANIZATION]
[Text=users CharacterOffsetBegin=32 CharacterOffsetEnd=37 PartOfSpeech=NNS Lemma=user NamedEntityTag=O]
[Text=to CharacterOffsetBegin=38 CharacterOffsetEnd=40 PartOfSpeech=TO Lemma=to NamedEntityTag=O]
[Text=switch CharacterOffsetBegin=41 CharacterOffsetEnd=47 PartOfSpeech=VB Lemma=switch NamedEntityTag=O]
[Text=since CharacterOffsetBegin=48 CharacterOffsetEnd=53 PartOfSpeech=IN Lemma=since NamedEntityTag=O]
[Text=they CharacterOffsetBegin=54 CharacterOffsetEnd=58 PartOfSpeech=PRP Lemma=they NamedEntityTag=O]
[Text=overcharge CharacterOffsetBegin=59 CharacterOffsetEnd=69 PartOfSpeech=NN Lemma=overcharge NamedEntityTag=O]
[Text=their CharacterOffsetBegin=70 CharacterOffsetEnd=75 PartOfSpeech=PRP$ Lemma=they NamedEntityTag=O]
[Text=users CharacterOffsetBegin=76 CharacterOffsetEnd=81 PartOfSpeech=NNS Lemma=user NamedEntityTag=O]
[Text=now CharacterOffsetBegin=82 CharacterOffsetEnd=85 PartOfSpeech=RB Lemma=now NamedEntityTag=DATE NormalizedNamedEntityTag=PRESENT_REF Timex=<TIMEX3 tid="t1" type="DATE" value="PRESENT_REF">now</TIMEX3>]
(ROOT
  (S
    (NP (NNP Amazon) (JJ prime))
    (VP (VBZ encourages)
      (S
        (NP (NNP Netflix) (NNS users))
        (VP (TO to)
          (VP (VB switch)
            (SBAR (IN since)
              (S
                (NP (PRP they))
                (VP (NN overcharge)
                  (VP
                    (NP (PRP$ their) (NNS users))
                    (ADVP (RB now))))))))))))

root(ROOT-0, encourages-3)
nsubj(encourages-3, Amazon-1)
amod(Amazon-1, prime-2)
compound(users-5, Netflix-4)
dobj(encourages-3, users-5)
nsubj:xsubj(switch-7, users-5)
mark(switch-7, to-6)
xcomp(encourages-3, switch-7)
mark(users-12, since-8)
nsubj(users-12, they-9)
dep(users-12, overcharge-10)
nmod:poss(users-12, their-11)
advcl:since(switch-7, users-12)
advmod(users-12, now-13)

Coreference set:
	(1,9,[9,10]) -> (1,5,[4,6]), that is: "they" -> "Netflix users"
	(1,12,[11,13]) -> (1,5,[4,6]), that is: "their users" -> "Netflix users"
	(1,11,[11,12]) -> (1,5,[4,6]), that is: "their" -> "Netflix users"
