Sentence #1 (7 tokens):
John fired Bill because he was incompetent
[Text=John CharacterOffsetBegin=0 CharacterOffsetEnd=4 PartOfSpeech=NNP Lemma=John NamedEntityTag=PERSON]
[Text=fired CharacterOffsetBegin=5 CharacterOffsetEnd=10 PartOfSpeech=VBD Lemma=fire NamedEntityTag=O]
[Text=Bill CharacterOffsetBegin=11 CharacterOffsetEnd=15 PartOfSpeech=NNP Lemma=Bill NamedEntityTag=PERSON]
[Text=because CharacterOffsetBegin=16 CharacterOffsetEnd=23 PartOfSpeech=IN Lemma=because NamedEntityTag=O]
[Text=he CharacterOffsetBegin=24 CharacterOffsetEnd=26 PartOfSpeech=PRP Lemma=he NamedEntityTag=O]
[Text=was CharacterOffsetBegin=27 CharacterOffsetEnd=30 PartOfSpeech=VBD Lemma=be NamedEntityTag=O]
[Text=incompetent CharacterOffsetBegin=31 CharacterOffsetEnd=42 PartOfSpeech=JJ Lemma=incompetent NamedEntityTag=O]
(ROOT
  (S
    (NP (NNP John))
    (VP (VBD fired)
      (NP (NNP Bill))
      (SBAR (IN because)
        (S
          (NP (PRP he))
          (VP (VBD was)
            (ADJP (JJ incompetent))))))))

root(ROOT-0, fired-2)
nsubj(fired-2, John-1)
dobj(fired-2, Bill-3)
mark(incompetent-7, because-4)
nsubj(incompetent-7, he-5)
cop(incompetent-7, was-6)
advcl:because(fired-2, incompetent-7)

Coreference set:
	(1,5,[5,6]) -> (1,1,[1,2]), that is: "he" -> "John"
