Sentence #1 (22 tokens):
Dell replaced all their Blackberry phones with their own because they lost confidence in their brand due to to recent network outage
[Text=Dell CharacterOffsetBegin=0 CharacterOffsetEnd=4 PartOfSpeech=NNP Lemma=Dell NamedEntityTag=ORGANIZATION]
[Text=replaced CharacterOffsetBegin=5 CharacterOffsetEnd=13 PartOfSpeech=VBD Lemma=replace NamedEntityTag=O]
[Text=all CharacterOffsetBegin=14 CharacterOffsetEnd=17 PartOfSpeech=DT Lemma=all NamedEntityTag=O]
[Text=their CharacterOffsetBegin=18 CharacterOffsetEnd=23 PartOfSpeech=PRP$ Lemma=they NamedEntityTag=O]
[Text=Blackberry CharacterOffsetBegin=24 CharacterOffsetEnd=34 PartOfSpeech=NNP Lemma=Blackberry NamedEntityTag=O]
[Text=phones CharacterOffsetBegin=35 CharacterOffsetEnd=41 PartOfSpeech=NNS Lemma=phone NamedEntityTag=O]
[Text=with CharacterOffsetBegin=42 CharacterOffsetEnd=46 PartOfSpeech=IN Lemma=with NamedEntityTag=O]
[Text=their CharacterOffsetBegin=47 CharacterOffsetEnd=52 PartOfSpeech=PRP$ Lemma=they NamedEntityTag=O]
[Text=own CharacterOffsetBegin=53 CharacterOffsetEnd=56 PartOfSpeech=JJ Lemma=own NamedEntityTag=O]
[Text=because CharacterOffsetBegin=57 CharacterOffsetEnd=64 PartOfSpeech=IN Lemma=because NamedEntityTag=O]
[Text=they CharacterOffsetBegin=65 CharacterOffsetEnd=69 PartOfSpeech=PRP Lemma=they NamedEntityTag=O]
[Text=lost CharacterOffsetBegin=70 CharacterOffsetEnd=74 PartOfSpeech=VBD Lemma=lose NamedEntityTag=O]
[Text=confidence CharacterOffsetBegin=75 CharacterOffsetEnd=85 PartOfSpeech=NN Lemma=confidence NamedEntityTag=O]
[Text=in CharacterOffsetBegin=86 CharacterOffsetEnd=88 PartOfSpeech=IN Lemma=in NamedEntityTag=O]
[Text=their CharacterOffsetBegin=89 CharacterOffsetEnd=94 PartOfSpeech=PRP$ Lemma=they NamedEntityTag=O]
[Text=brand CharacterOffsetBegin=95 CharacterOffsetEnd=100 PartOfSpeech=NN Lemma=brand NamedEntityTag=O]
[Text=due CharacterOffsetBegin=101 CharacterOffsetEnd=104 PartOfSpeech=JJ Lemma=due NamedEntityTag=O]
[Text=to CharacterOffsetBegin=105 CharacterOffsetEnd=107 PartOfSpeech=TO Lemma=to NamedEntityTag=O]
[Text=to CharacterOffsetBegin=108 CharacterOffsetEnd=110 PartOfSpeech=TO Lemma=to NamedEntityTag=O]
[Text=recent CharacterOffsetBegin=111 CharacterOffsetEnd=117 PartOfSpeech=JJ Lemma=recent NamedEntityTag=O]
[Text=network CharacterOffsetBegin=118 CharacterOffsetEnd=125 PartOfSpeech=NN Lemma=network NamedEntityTag=O]
[Text=outage CharacterOffsetBegin=126 CharacterOffsetEnd=132 PartOfSpeech=NN Lemma=outage NamedEntityTag=O]
(ROOT
  (S
    (NP (NNP Dell))
    (VP (VBD replaced)
      (NP (DT all)
        (VP
          (NP (PRP$ their) (NNP Blackberry) (NNS phones))
          (PP (IN with)
            (NP (PRP$ their) (JJ own)))
          (SBAR (IN because)
            (S
              (NP (PRP they))
              (VP (VBD lost)
                (NP (NN confidence))
                (PP (IN in)
                  (NP
                    (NP (PRP$ their) (NN brand))
                    (ADJP (JJ due)
                      (PP (TO to)))))
                (PP (TO to)
                  (NP (JJ recent) (NN network)))))))
        (NN outage)))))

root(ROOT-0, replaced-2)
nsubj(replaced-2, Dell-1)
det(outage-22, all-3)
nmod:poss(phones-6, their-4)
compound(phones-6, Blackberry-5)
dep(outage-22, phones-6)
case(own-9, with-7)
nmod:poss(own-9, their-8)
nmod:with(phones-6, own-9)
mark(lost-12, because-10)
nsubj(lost-12, they-11)
advcl:because(phones-6, lost-12)
dobj(lost-12, confidence-13)
case(brand-16, in-14)
nmod:poss(brand-16, their-15)
nmod:in(lost-12, brand-16)
amod(brand-16, due-17)
nmod(due-17, to-18)
case(network-21, to-19)
amod(network-21, recent-20)
nmod:to(lost-12, network-21)
dobj(replaced-2, outage-22)

Coreference set:
	(1,8,[8,9]) -> (1,4,[4,5]), that is: "their" -> "their"
	(1,11,[11,12]) -> (1,4,[4,5]), that is: "they" -> "their"
	(1,15,[15,16]) -> (1,4,[4,5]), that is: "their" -> "their"
