Sentence #1 (19 tokens):
Dell replaced all their Blackberry phones with their own, but they are still prominent on other vendor sites
[Text=Dell CharacterOffsetBegin=0 CharacterOffsetEnd=4 PartOfSpeech=NNP Lemma=Dell NamedEntityTag=ORGANIZATION]
[Text=replaced CharacterOffsetBegin=5 CharacterOffsetEnd=13 PartOfSpeech=VBD Lemma=replace NamedEntityTag=O]
[Text=all CharacterOffsetBegin=14 CharacterOffsetEnd=17 PartOfSpeech=DT Lemma=all NamedEntityTag=O]
[Text=their CharacterOffsetBegin=18 CharacterOffsetEnd=23 PartOfSpeech=PRP$ Lemma=they NamedEntityTag=O]
[Text=Blackberry CharacterOffsetBegin=24 CharacterOffsetEnd=34 PartOfSpeech=NNP Lemma=Blackberry NamedEntityTag=O]
[Text=phones CharacterOffsetBegin=35 CharacterOffsetEnd=41 PartOfSpeech=NNS Lemma=phone NamedEntityTag=O]
[Text=with CharacterOffsetBegin=42 CharacterOffsetEnd=46 PartOfSpeech=IN Lemma=with NamedEntityTag=O]
[Text=their CharacterOffsetBegin=47 CharacterOffsetEnd=52 PartOfSpeech=PRP$ Lemma=they NamedEntityTag=O]
[Text=own CharacterOffsetBegin=53 CharacterOffsetEnd=56 PartOfSpeech=JJ Lemma=own NamedEntityTag=O]
[Text=, CharacterOffsetBegin=56 CharacterOffsetEnd=57 PartOfSpeech=, Lemma=, NamedEntityTag=O]
[Text=but CharacterOffsetBegin=58 CharacterOffsetEnd=61 PartOfSpeech=CC Lemma=but NamedEntityTag=O]
[Text=they CharacterOffsetBegin=62 CharacterOffsetEnd=66 PartOfSpeech=PRP Lemma=they NamedEntityTag=O]
[Text=are CharacterOffsetBegin=67 CharacterOffsetEnd=70 PartOfSpeech=VBP Lemma=be NamedEntityTag=O]
[Text=still CharacterOffsetBegin=71 CharacterOffsetEnd=76 PartOfSpeech=RB Lemma=still NamedEntityTag=O]
[Text=prominent CharacterOffsetBegin=77 CharacterOffsetEnd=86 PartOfSpeech=JJ Lemma=prominent NamedEntityTag=O]
[Text=on CharacterOffsetBegin=87 CharacterOffsetEnd=89 PartOfSpeech=IN Lemma=on NamedEntityTag=O]
[Text=other CharacterOffsetBegin=90 CharacterOffsetEnd=95 PartOfSpeech=JJ Lemma=other NamedEntityTag=O]
[Text=vendor CharacterOffsetBegin=96 CharacterOffsetEnd=102 PartOfSpeech=NN Lemma=vendor NamedEntityTag=O]
[Text=sites CharacterOffsetBegin=103 CharacterOffsetEnd=108 PartOfSpeech=NNS Lemma=site NamedEntityTag=O]
(ROOT
  (FRAG
    (S
      (S
        (NP (NNP Dell))
        (VP (VBD replaced)
          (ADVP (DT all))
          (NP (PRP$ their) (NNP Blackberry) (NNS phones))
          (PP (IN with)
            (NP (PRP$ their) (JJ own)))))
      (, ,)
      (CC but)
      (S
        (NP (PRP they))
        (VP (VBP are)
          (ADVP (RB still))
          (ADJP (JJ prominent)
            (PP (IN on)
              (NP (JJ other) (NN vendor) (NNS sites)))))))))

root(ROOT-0, replaced-2)
nsubj(replaced-2, Dell-1)
advmod(replaced-2, all-3)
nmod:poss(phones-6, their-4)
compound(phones-6, Blackberry-5)
dobj(replaced-2, phones-6)
case(own-9, with-7)
nmod:poss(own-9, their-8)
nmod:with(replaced-2, own-9)
punct(replaced-2, ,-10)
cc(replaced-2, but-11)
nsubj(prominent-15, they-12)
cop(prominent-15, are-13)
advmod(prominent-15, still-14)
conj:but(replaced-2, prominent-15)
case(sites-19, on-16)
amod(sites-19, other-17)
compound(sites-19, vendor-18)
nmod:on(prominent-15, sites-19)

Coreference set:
	(1,8,[8,9]) -> (1,4,[4,5]), that is: "their" -> "their"
	(1,12,[12,13]) -> (1,4,[4,5]), that is: "they" -> "their"
