Sentence #1 (25 tokens):
Malware has increased over four hundred percent on the Android platform because they are a free platform which allows any developer to post their applications
[Text=Malware CharacterOffsetBegin=0 CharacterOffsetEnd=7 PartOfSpeech=NNP Lemma=Malware NamedEntityTag=O]
[Text=has CharacterOffsetBegin=8 CharacterOffsetEnd=11 PartOfSpeech=VBZ Lemma=have NamedEntityTag=O]
[Text=increased CharacterOffsetBegin=12 CharacterOffsetEnd=21 PartOfSpeech=VBN Lemma=increase NamedEntityTag=O]
[Text=over CharacterOffsetBegin=22 CharacterOffsetEnd=26 PartOfSpeech=IN Lemma=over NamedEntityTag=O]
[Text=four CharacterOffsetBegin=27 CharacterOffsetEnd=31 PartOfSpeech=CD Lemma=four NamedEntityTag=PERCENT NormalizedNamedEntityTag=>%400.0]
[Text=hundred CharacterOffsetBegin=32 CharacterOffsetEnd=39 PartOfSpeech=CD Lemma=hundred NamedEntityTag=PERCENT NormalizedNamedEntityTag=>%400.0]
[Text=percent CharacterOffsetBegin=40 CharacterOffsetEnd=47 PartOfSpeech=NN Lemma=percent NamedEntityTag=PERCENT NormalizedNamedEntityTag=>%400.0]
[Text=on CharacterOffsetBegin=48 CharacterOffsetEnd=50 PartOfSpeech=IN Lemma=on NamedEntityTag=O]
[Text=the CharacterOffsetBegin=51 CharacterOffsetEnd=54 PartOfSpeech=DT Lemma=the NamedEntityTag=O]
[Text=Android CharacterOffsetBegin=55 CharacterOffsetEnd=62 PartOfSpeech=NN Lemma=android NamedEntityTag=O]
[Text=platform CharacterOffsetBegin=63 CharacterOffsetEnd=71 PartOfSpeech=NN Lemma=platform NamedEntityTag=O]
[Text=because CharacterOffsetBegin=72 CharacterOffsetEnd=79 PartOfSpeech=IN Lemma=because NamedEntityTag=O]
[Text=they CharacterOffsetBegin=80 CharacterOffsetEnd=84 PartOfSpeech=PRP Lemma=they NamedEntityTag=O]
[Text=are CharacterOffsetBegin=85 CharacterOffsetEnd=88 PartOfSpeech=VBP Lemma=be NamedEntityTag=O]
[Text=a CharacterOffsetBegin=89 CharacterOffsetEnd=90 PartOfSpeech=DT Lemma=a NamedEntityTag=O]
[Text=free CharacterOffsetBegin=91 CharacterOffsetEnd=95 PartOfSpeech=JJ Lemma=free NamedEntityTag=O]
[Text=platform CharacterOffsetBegin=96 CharacterOffsetEnd=104 PartOfSpeech=NN Lemma=platform NamedEntityTag=O]
[Text=which CharacterOffsetBegin=105 CharacterOffsetEnd=110 PartOfSpeech=WDT Lemma=which NamedEntityTag=O]
[Text=allows CharacterOffsetBegin=111 CharacterOffsetEnd=117 PartOfSpeech=VBZ Lemma=allow NamedEntityTag=O]
[Text=any CharacterOffsetBegin=118 CharacterOffsetEnd=121 PartOfSpeech=DT Lemma=any NamedEntityTag=O]
[Text=developer CharacterOffsetBegin=122 CharacterOffsetEnd=131 PartOfSpeech=NN Lemma=developer NamedEntityTag=O]
[Text=to CharacterOffsetBegin=132 CharacterOffsetEnd=134 PartOfSpeech=TO Lemma=to NamedEntityTag=O]
[Text=post CharacterOffsetBegin=135 CharacterOffsetEnd=139 PartOfSpeech=VB Lemma=post NamedEntityTag=O]
[Text=their CharacterOffsetBegin=140 CharacterOffsetEnd=145 PartOfSpeech=PRP$ Lemma=they NamedEntityTag=O]
[Text=applications CharacterOffsetBegin=146 CharacterOffsetEnd=158 PartOfSpeech=NNS Lemma=application NamedEntityTag=O]
(ROOT
  (S
    (NP (NNP Malware))
    (VP (VBZ has)
      (VP (VBN increased)
        (PP (IN over)
          (NP
            (NP
              (QP (CD four) (CD hundred))
              (NN percent))
            (PP (IN on)
              (NP (DT the) (NN Android) (NN platform)))))
        (SBAR (IN because)
          (S
            (NP (PRP they))
            (VP (VBP are)
              (NP
                (NP (DT a) (JJ free) (NN platform))
                (SBAR
                  (WHNP (WDT which))
                  (S
                    (VP (VBZ allows)
                      (NP (DT any) (NN developer)
                        (S
                          (VP (TO to)
                            (VP (VB post)
                              (NP (PRP$ their) (NNS applications)))))))))))))))))

root(ROOT-0, increased-3)
nsubj(increased-3, Malware-1)
aux(increased-3, has-2)
case(percent-7, over-4)
compound(hundred-6, four-5)
nummod(percent-7, hundred-6)
nmod:over(increased-3, percent-7)
case(platform-11, on-8)
det(platform-11, the-9)
compound(platform-11, Android-10)
nmod:on(percent-7, platform-11)
mark(platform-17, because-12)
nsubj(platform-17, they-13)
cop(platform-17, are-14)
det(platform-17, a-15)
amod(platform-17, free-16)
advcl:because(increased-3, platform-17)
nsubj(allows-19, platform-17)
ref(platform-17, which-18)
acl:relcl(platform-17, allows-19)
det(developer-21, any-20)
dobj(allows-19, developer-21)
mark(post-23, to-22)
acl:to(developer-21, post-23)
nmod:poss(applications-25, their-24)
dobj(post-23, applications-25)

Coreference set:
	(1,24,[24,25]) -> (1,13,[13,14]), that is: "their" -> "they"
