Sentence #1 (19 tokens):
Some Motorcycle enthusiasts are selling a TRON lightcycle to TRON fans because they specialize in making movie related vehicles
[Text=Some CharacterOffsetBegin=0 CharacterOffsetEnd=4 PartOfSpeech=DT Lemma=some NamedEntityTag=O]
[Text=Motorcycle CharacterOffsetBegin=5 CharacterOffsetEnd=15 PartOfSpeech=NNP Lemma=Motorcycle NamedEntityTag=O]
[Text=enthusiasts CharacterOffsetBegin=16 CharacterOffsetEnd=27 PartOfSpeech=NNS Lemma=enthusiast NamedEntityTag=O]
[Text=are CharacterOffsetBegin=28 CharacterOffsetEnd=31 PartOfSpeech=VBP Lemma=be NamedEntityTag=O]
[Text=selling CharacterOffsetBegin=32 CharacterOffsetEnd=39 PartOfSpeech=VBG Lemma=sell NamedEntityTag=O]
[Text=a CharacterOffsetBegin=40 CharacterOffsetEnd=41 PartOfSpeech=DT Lemma=a NamedEntityTag=O]
[Text=TRON CharacterOffsetBegin=42 CharacterOffsetEnd=46 PartOfSpeech=NN Lemma=tron NamedEntityTag=O]
[Text=lightcycle CharacterOffsetBegin=47 CharacterOffsetEnd=57 PartOfSpeech=NN Lemma=lightcycle NamedEntityTag=O]
[Text=to CharacterOffsetBegin=58 CharacterOffsetEnd=60 PartOfSpeech=TO Lemma=to NamedEntityTag=O]
[Text=TRON CharacterOffsetBegin=61 CharacterOffsetEnd=65 PartOfSpeech=NN Lemma=tron NamedEntityTag=O]
[Text=fans CharacterOffsetBegin=66 CharacterOffsetEnd=70 PartOfSpeech=NNS Lemma=fan NamedEntityTag=O]
[Text=because CharacterOffsetBegin=71 CharacterOffsetEnd=78 PartOfSpeech=IN Lemma=because NamedEntityTag=O]
[Text=they CharacterOffsetBegin=79 CharacterOffsetEnd=83 PartOfSpeech=PRP Lemma=they NamedEntityTag=O]
[Text=specialize CharacterOffsetBegin=84 CharacterOffsetEnd=94 PartOfSpeech=VBP Lemma=specialize NamedEntityTag=O]
[Text=in CharacterOffsetBegin=95 CharacterOffsetEnd=97 PartOfSpeech=IN Lemma=in NamedEntityTag=O]
[Text=making CharacterOffsetBegin=98 CharacterOffsetEnd=104 PartOfSpeech=VBG Lemma=make NamedEntityTag=O]
[Text=movie CharacterOffsetBegin=105 CharacterOffsetEnd=110 PartOfSpeech=NN Lemma=movie NamedEntityTag=O]
[Text=related CharacterOffsetBegin=111 CharacterOffsetEnd=118 PartOfSpeech=JJ Lemma=related NamedEntityTag=O]
[Text=vehicles CharacterOffsetBegin=119 CharacterOffsetEnd=127 PartOfSpeech=NNS Lemma=vehicle NamedEntityTag=O]
(ROOT
  (S
    (NP (DT Some) (NNP Motorcycle) (NNS enthusiasts))
    (VP (VBP are)
      (VP (VBG selling)
        (NP (DT a) (NN TRON) (NN lightcycle))
        (PP (TO to)
          (NP (NN TRON) (NNS fans)))
        (SBAR (IN because)
          (S
            (NP (PRP they))
            (VP (VBP specialize)
              (PP (IN in)
                (S
                  (VP (VBG making)
                    (NP (NN movie) (JJ related) (NNS vehicles))))))))))))

root(ROOT-0, selling-5)
det(enthusiasts-3, Some-1)
compound(enthusiasts-3, Motorcycle-2)
nsubj(selling-5, enthusiasts-3)
aux(selling-5, are-4)
det(lightcycle-8, a-6)
compound(lightcycle-8, TRON-7)
dobj(selling-5, lightcycle-8)
case(fans-11, to-9)
compound(fans-11, TRON-10)
nmod:to(selling-5, fans-11)
mark(specialize-14, because-12)
nsubj(specialize-14, they-13)
advcl:because(selling-5, specialize-14)
mark(making-16, in-15)
advcl:in(specialize-14, making-16)
compound(vehicles-19, movie-17)
amod(vehicles-19, related-18)
dobj(making-16, vehicles-19)

Coreference set:
	(1,13,[13,14]) -> (1,3,[1,4]), that is: "they" -> "Some Motorcycle enthusiasts"
