Sentence #1 (22 tokens):
Some Motorcycle enthusiasts are selling a TRON lightcycle to TRON fans, but they may be turned off by the asking price
[Text=Some CharacterOffsetBegin=0 CharacterOffsetEnd=4 PartOfSpeech=DT Lemma=some NamedEntityTag=O]
[Text=Motorcycle CharacterOffsetBegin=5 CharacterOffsetEnd=15 PartOfSpeech=NNP Lemma=Motorcycle NamedEntityTag=O]
[Text=enthusiasts CharacterOffsetBegin=16 CharacterOffsetEnd=27 PartOfSpeech=NNS Lemma=enthusiast NamedEntityTag=O]
[Text=are CharacterOffsetBegin=28 CharacterOffsetEnd=31 PartOfSpeech=VBP Lemma=be NamedEntityTag=O]
[Text=selling CharacterOffsetBegin=32 CharacterOffsetEnd=39 PartOfSpeech=VBG Lemma=sell NamedEntityTag=O]
[Text=a CharacterOffsetBegin=40 CharacterOffsetEnd=41 PartOfSpeech=DT Lemma=a NamedEntityTag=O]
[Text=TRON CharacterOffsetBegin=42 CharacterOffsetEnd=46 PartOfSpeech=NN Lemma=tron NamedEntityTag=O]
[Text=lightcycle CharacterOffsetBegin=47 CharacterOffsetEnd=57 PartOfSpeech=NN Lemma=lightcycle NamedEntityTag=O]
[Text=to CharacterOffsetBegin=58 CharacterOffsetEnd=60 PartOfSpeech=TO Lemma=to NamedEntityTag=O]
[Text=TRON CharacterOffsetBegin=61 CharacterOffsetEnd=65 PartOfSpeech=NN Lemma=tron NamedEntityTag=O]
[Text=fans CharacterOffsetBegin=66 CharacterOffsetEnd=70 PartOfSpeech=NNS Lemma=fan NamedEntityTag=O]
[Text=, CharacterOffsetBegin=70 CharacterOffsetEnd=71 PartOfSpeech=, Lemma=, NamedEntityTag=O]
[Text=but CharacterOffsetBegin=72 CharacterOffsetEnd=75 PartOfSpeech=CC Lemma=but NamedEntityTag=O]
[Text=they CharacterOffsetBegin=76 CharacterOffsetEnd=80 PartOfSpeech=PRP Lemma=they NamedEntityTag=O]
[Text=may CharacterOffsetBegin=81 CharacterOffsetEnd=84 PartOfSpeech=MD Lemma=may NamedEntityTag=O]
[Text=be CharacterOffsetBegin=85 CharacterOffsetEnd=87 PartOfSpeech=VB Lemma=be NamedEntityTag=O]
[Text=turned CharacterOffsetBegin=88 CharacterOffsetEnd=94 PartOfSpeech=VBN Lemma=turn NamedEntityTag=O]
[Text=off CharacterOffsetBegin=95 CharacterOffsetEnd=98 PartOfSpeech=RP Lemma=off NamedEntityTag=O]
[Text=by CharacterOffsetBegin=99 CharacterOffsetEnd=101 PartOfSpeech=IN Lemma=by NamedEntityTag=O]
[Text=the CharacterOffsetBegin=102 CharacterOffsetEnd=105 PartOfSpeech=DT Lemma=the NamedEntityTag=O]
[Text=asking CharacterOffsetBegin=106 CharacterOffsetEnd=112 PartOfSpeech=VBG Lemma=ask NamedEntityTag=O]
[Text=price CharacterOffsetBegin=113 CharacterOffsetEnd=118 PartOfSpeech=NN Lemma=price NamedEntityTag=O]
(ROOT
  (FRAG
    (S
      (S
        (NP (DT Some) (NNP Motorcycle) (NNS enthusiasts))
        (VP (VBP are)
          (VP (VBG selling)
            (NP (DT a) (NN TRON) (NN lightcycle))
            (PP (TO to)
              (NP (NN TRON) (NNS fans))))))
      (, ,)
      (CC but)
      (S
        (NP (PRP they))
        (VP (MD may)
          (VP (VB be)
            (VP (VBN turned)
              (PRT (RP off))
              (PP (IN by)
                (NP (DT the) (VBG asking) (NN price))))))))))

root(ROOT-0, selling-5)
det(enthusiasts-3, Some-1)
compound(enthusiasts-3, Motorcycle-2)
nsubj(selling-5, enthusiasts-3)
aux(selling-5, are-4)
det(lightcycle-8, a-6)
compound(lightcycle-8, TRON-7)
dobj(selling-5, lightcycle-8)
case(fans-11, to-9)
compound(fans-11, TRON-10)
nmod:to(selling-5, fans-11)
punct(selling-5, ,-12)
cc(selling-5, but-13)
nsubjpass(turned-17, they-14)
aux(turned-17, may-15)
auxpass(turned-17, be-16)
conj:but(selling-5, turned-17)
compound:prt(turned-17, off-18)
case(price-22, by-19)
det(price-22, the-20)
amod(price-22, asking-21)
nmod:agent(turned-17, price-22)

Coreference set:
	(1,14,[14,15]) -> (1,3,[1,4]), that is: "they" -> "Some Motorcycle enthusiasts"
