Sentence #1 (29 tokens):
The board of directors reviewed the findings of the scientists to determine funding, so they need to present their findings in a way that can attract more money
[Text=The CharacterOffsetBegin=0 CharacterOffsetEnd=3 PartOfSpeech=DT Lemma=the NamedEntityTag=O]
[Text=board CharacterOffsetBegin=4 CharacterOffsetEnd=9 PartOfSpeech=NN Lemma=board NamedEntityTag=O]
[Text=of CharacterOffsetBegin=10 CharacterOffsetEnd=12 PartOfSpeech=IN Lemma=of NamedEntityTag=O]
[Text=directors CharacterOffsetBegin=13 CharacterOffsetEnd=22 PartOfSpeech=NNS Lemma=director NamedEntityTag=O]
[Text=reviewed CharacterOffsetBegin=23 CharacterOffsetEnd=31 PartOfSpeech=VBN Lemma=review NamedEntityTag=O]
[Text=the CharacterOffsetBegin=32 CharacterOffsetEnd=35 PartOfSpeech=DT Lemma=the NamedEntityTag=O]
[Text=findings CharacterOffsetBegin=36 CharacterOffsetEnd=44 PartOfSpeech=NNS Lemma=finding NamedEntityTag=O]
[Text=of CharacterOffsetBegin=45 CharacterOffsetEnd=47 PartOfSpeech=IN Lemma=of NamedEntityTag=O]
[Text=the CharacterOffsetBegin=48 CharacterOffsetEnd=51 PartOfSpeech=DT Lemma=the NamedEntityTag=O]
[Text=scientists CharacterOffsetBegin=52 CharacterOffsetEnd=62 PartOfSpeech=NNS Lemma=scientist NamedEntityTag=O]
[Text=to CharacterOffsetBegin=63 CharacterOffsetEnd=65 PartOfSpeech=TO Lemma=to NamedEntityTag=O]
[Text=determine CharacterOffsetBegin=66 CharacterOffsetEnd=75 PartOfSpeech=VB Lemma=determine NamedEntityTag=O]
[Text=funding CharacterOffsetBegin=76 CharacterOffsetEnd=83 PartOfSpeech=NN Lemma=funding NamedEntityTag=O]
[Text=, CharacterOffsetBegin=83 CharacterOffsetEnd=84 PartOfSpeech=, Lemma=, NamedEntityTag=O]
[Text=so CharacterOffsetBegin=85 CharacterOffsetEnd=87 PartOfSpeech=IN Lemma=so NamedEntityTag=O]
[Text=they CharacterOffsetBegin=88 CharacterOffsetEnd=92 PartOfSpeech=PRP Lemma=they NamedEntityTag=O]
[Text=need CharacterOffsetBegin=93 CharacterOffsetEnd=97 PartOfSpeech=VBP Lemma=need NamedEntityTag=O]
[Text=to CharacterOffsetBegin=98 CharacterOffsetEnd=100 PartOfSpeech=TO Lemma=to NamedEntityTag=O]
[Text=present CharacterOffsetBegin=101 CharacterOffsetEnd=108 PartOfSpeech=VB Lemma=present NamedEntityTag=DATE NormalizedNamedEntityTag=PRESENT_REF Timex=<TIMEX3 tid="t1" type="DATE" value="PRESENT_REF">present</TIMEX3>]
[Text=their CharacterOffsetBegin=109 CharacterOffsetEnd=114 PartOfSpeech=PRP$ Lemma=they NamedEntityTag=O]
[Text=findings CharacterOffsetBegin=115 CharacterOffsetEnd=123 PartOfSpeech=NNS Lemma=finding NamedEntityTag=O]
[Text=in CharacterOffsetBegin=124 CharacterOffsetEnd=126 PartOfSpeech=IN Lemma=in NamedEntityTag=O]
[Text=a CharacterOffsetBegin=127 CharacterOffsetEnd=128 PartOfSpeech=DT Lemma=a NamedEntityTag=O]
[Text=way CharacterOffsetBegin=129 CharacterOffsetEnd=132 PartOfSpeech=NN Lemma=way NamedEntityTag=O]
[Text=that CharacterOffsetBegin=133 CharacterOffsetEnd=137 PartOfSpeech=WDT Lemma=that NamedEntityTag=O]
[Text=can CharacterOffsetBegin=138 CharacterOffsetEnd=141 PartOfSpeech=MD Lemma=can NamedEntityTag=O]
[Text=attract CharacterOffsetBegin=142 CharacterOffsetEnd=149 PartOfSpeech=VB Lemma=attract NamedEntityTag=O]
[Text=more CharacterOffsetBegin=150 CharacterOffsetEnd=154 PartOfSpeech=JJR Lemma=more NamedEntityTag=O]
[Text=money CharacterOffsetBegin=155 CharacterOffsetEnd=160 PartOfSpeech=NN Lemma=money NamedEntityTag=O]
(ROOT
  (NP
    (NP (DT The) (NN board))
    (PP (IN of)
      (NP
        (NP (NNS directors))
        (VP (VBN reviewed)
          (NP
            (NP (DT the) (NNS findings))
            (PP (IN of)
              (NP (DT the) (NNS scientists))))
          (S
            (VP (TO to)
              (VP (VB determine)
                (NP (NN funding))
                (, ,)
                (SBAR (IN so)
                  (S
                    (NP (PRP they))
                    (VP (VBP need)
                      (S
                        (VP (TO to)
                          (VP (VB present)
                            (NP (PRP$ their) (NNS findings))
                            (PP (IN in)
                              (NP
                                (NP (DT a) (NN way))
                                (SBAR
                                  (WHNP (WDT that))
                                  (S
                                    (VP (MD can)
                                      (VP (VB attract)
                                        (NP (JJR more) (NN money))))))))))))))))))))))

root(ROOT-0, board-2)
det(board-2, The-1)
case(directors-4, of-3)
nmod:of(board-2, directors-4)
acl(directors-4, reviewed-5)
det(findings-7, the-6)
dobj(reviewed-5, findings-7)
case(scientists-10, of-8)
det(scientists-10, the-9)
nmod:of(findings-7, scientists-10)
mark(determine-12, to-11)
advcl:to(reviewed-5, determine-12)
dobj(determine-12, funding-13)
punct(determine-12, ,-14)
mark(need-17, so-15)
nsubj(need-17, they-16)
nsubj:xsubj(present-19, they-16)
advcl:so(determine-12, need-17)
mark(present-19, to-18)
xcomp(need-17, present-19)
nmod:poss(findings-21, their-20)
dobj(present-19, findings-21)
case(way-24, in-22)
det(way-24, a-23)
nmod:in(present-19, way-24)
nsubj(attract-27, way-24)
ref(way-24, that-25)
aux(attract-27, can-26)
acl:relcl(way-24, attract-27)
amod(money-29, more-28)
dobj(attract-27, money-29)

Coreference set:
	(1,21,[20,22]) -> (1,7,[6,11]), that is: "their findings" -> "the findings of the scientists"
Coreference set:
	(1,20,[20,21]) -> (1,16,[16,17]), that is: "their" -> "they"
