Sentence #1 (18 tokens):
Some fan girls created a rap about Windows phones because they are in love with their new electronics
[Text=Some CharacterOffsetBegin=0 CharacterOffsetEnd=4 PartOfSpeech=DT Lemma=some NamedEntityTag=O]
[Text=fan CharacterOffsetBegin=5 CharacterOffsetEnd=8 PartOfSpeech=NN Lemma=fan NamedEntityTag=O]
[Text=girls CharacterOffsetBegin=9 CharacterOffsetEnd=14 PartOfSpeech=NNS Lemma=girl NamedEntityTag=O]
[Text=created CharacterOffsetBegin=15 CharacterOffsetEnd=22 PartOfSpeech=VBD Lemma=create NamedEntityTag=O]
[Text=a CharacterOffsetBegin=23 CharacterOffsetEnd=24 PartOfSpeech=DT Lemma=a NamedEntityTag=O]
[Text=rap CharacterOffsetBegin=25 CharacterOffsetEnd=28 PartOfSpeech=NN Lemma=rap NamedEntityTag=O]
[Text=about CharacterOffsetBegin=29 CharacterOffsetEnd=34 PartOfSpeech=IN Lemma=about NamedEntityTag=O]
[Text=Windows CharacterOffsetBegin=35 CharacterOffsetEnd=42 PartOfSpeech=NNP Lemma=Windows NamedEntityTag=MISC]
[Text=phones CharacterOffsetBegin=43 CharacterOffsetEnd=49 PartOfSpeech=NNS Lemma=phone NamedEntityTag=O]
[Text=because CharacterOffsetBegin=50 CharacterOffsetEnd=57 PartOfSpeech=IN Lemma=because NamedEntityTag=O]
[Text=they CharacterOffsetBegin=58 CharacterOffsetEnd=62 PartOfSpeech=PRP Lemma=they NamedEntityTag=O]
[Text=are CharacterOffsetBegin=63 CharacterOffsetEnd=66 PartOfSpeech=VBP Lemma=be NamedEntityTag=O]
[Text=in CharacterOffsetBegin=67 CharacterOffsetEnd=69 PartOfSpeech=IN Lemma=in NamedEntityTag=O]
[Text=love CharacterOffsetBegin=70 CharacterOffsetEnd=74 PartOfSpeech=NN Lemma=love NamedEntityTag=O]
[Text=with CharacterOffsetBegin=75 CharacterOffsetEnd=79 PartOfSpeech=IN Lemma=with NamedEntityTag=O]
[Text=their CharacterOffsetBegin=80 CharacterOffsetEnd=85 PartOfSpeech=PRP$ Lemma=they NamedEntityTag=O]
[Text=new CharacterOffsetBegin=86 CharacterOffsetEnd=89 PartOfSpeech=JJ Lemma=new NamedEntityTag=O]
[Text=electronics CharacterOffsetBegin=90 CharacterOffsetEnd=101 PartOfSpeech=NNS Lemma=electronics NamedEntityTag=O]
(ROOT
  (S
    (NP (DT Some) (NN fan) (NNS girls))
    (VP (VBD created)
      (NP (DT a) (NN rap))
      (PP (IN about)
        (NP (NNP Windows) (NNS phones)))
      (SBAR (IN because)
        (S
          (NP (PRP they))
          (VP (VBP are)
            (PP (IN in)
              (NP
                (NP (NN love))
                (PP (IN with)
                  (NP (PRP$ their) (JJ new) (NNS electronics)))))))))))

root(ROOT-0, created-4)
det(girls-3, Some-1)
compound(girls-3, fan-2)
nsubj(created-4, girls-3)
det(rap-6, a-5)
dobj(created-4, rap-6)
case(phones-9, about-7)
compound(phones-9, Windows-8)
nmod:about(created-4, phones-9)
mark(love-14, because-10)
nsubj(love-14, they-11)
cop(love-14, are-12)
case(love-14, in-13)
advcl:in(created-4, love-14)
case(electronics-18, with-15)
nmod:poss(electronics-18, their-16)
amod(electronics-18, new-17)
nmod:with(love-14, electronics-18)

Coreference set:
	(1,11,[11,12]) -> (1,3,[1,4]), that is: "they" -> "Some fan girls"
	(1,16,[16,17]) -> (1,3,[1,4]), that is: "their" -> "Some fan girls"
