Sentence #1 (17 tokens):
Some fan girls created a rap about Windows phones, but they did not become more popular
[Text=Some CharacterOffsetBegin=0 CharacterOffsetEnd=4 PartOfSpeech=DT Lemma=some NamedEntityTag=O]
[Text=fan CharacterOffsetBegin=5 CharacterOffsetEnd=8 PartOfSpeech=NN Lemma=fan NamedEntityTag=O]
[Text=girls CharacterOffsetBegin=9 CharacterOffsetEnd=14 PartOfSpeech=NNS Lemma=girl NamedEntityTag=O]
[Text=created CharacterOffsetBegin=15 CharacterOffsetEnd=22 PartOfSpeech=VBD Lemma=create NamedEntityTag=O]
[Text=a CharacterOffsetBegin=23 CharacterOffsetEnd=24 PartOfSpeech=DT Lemma=a NamedEntityTag=O]
[Text=rap CharacterOffsetBegin=25 CharacterOffsetEnd=28 PartOfSpeech=NN Lemma=rap NamedEntityTag=O]
[Text=about CharacterOffsetBegin=29 CharacterOffsetEnd=34 PartOfSpeech=IN Lemma=about NamedEntityTag=O]
[Text=Windows CharacterOffsetBegin=35 CharacterOffsetEnd=42 PartOfSpeech=NNP Lemma=Windows NamedEntityTag=MISC]
[Text=phones CharacterOffsetBegin=43 CharacterOffsetEnd=49 PartOfSpeech=NNS Lemma=phone NamedEntityTag=O]
[Text=, CharacterOffsetBegin=49 CharacterOffsetEnd=50 PartOfSpeech=, Lemma=, NamedEntityTag=O]
[Text=but CharacterOffsetBegin=51 CharacterOffsetEnd=54 PartOfSpeech=CC Lemma=but NamedEntityTag=O]
[Text=they CharacterOffsetBegin=55 CharacterOffsetEnd=59 PartOfSpeech=PRP Lemma=they NamedEntityTag=O]
[Text=did CharacterOffsetBegin=60 CharacterOffsetEnd=63 PartOfSpeech=VBD Lemma=do NamedEntityTag=O]
[Text=not CharacterOffsetBegin=64 CharacterOffsetEnd=67 PartOfSpeech=RB Lemma=not NamedEntityTag=O]
[Text=become CharacterOffsetBegin=68 CharacterOffsetEnd=74 PartOfSpeech=VB Lemma=become NamedEntityTag=O]
[Text=more CharacterOffsetBegin=75 CharacterOffsetEnd=79 PartOfSpeech=RBR Lemma=more NamedEntityTag=O]
[Text=popular CharacterOffsetBegin=80 CharacterOffsetEnd=87 PartOfSpeech=JJ Lemma=popular NamedEntityTag=O]
(ROOT
  (FRAG
    (S
      (S
        (NP (DT Some) (NN fan) (NNS girls))
        (VP (VBD created)
          (NP (DT a) (NN rap))
          (PP (IN about)
            (NP (NNP Windows) (NNS phones)))))
      (, ,)
      (CC but)
      (S
        (NP (PRP they))
        (VP (VBD did) (RB not)
          (VP (VB become)
            (ADJP (RBR more) (JJ popular))))))))

root(ROOT-0, created-4)
det(girls-3, Some-1)
compound(girls-3, fan-2)
nsubj(created-4, girls-3)
det(rap-6, a-5)
dobj(created-4, rap-6)
case(phones-9, about-7)
compound(phones-9, Windows-8)
nmod:about(created-4, phones-9)
punct(created-4, ,-10)
cc(created-4, but-11)
nsubj(become-15, they-12)
aux(become-15, did-13)
neg(become-15, not-14)
conj:but(created-4, become-15)
advmod(popular-17, more-16)
xcomp(become-15, popular-17)

Coreference set:
	(1,12,[12,13]) -> (1,3,[1,4]), that is: "they" -> "Some fan girls"
