Sentence #1 (7 tokens):
John introduced Bill because he knew everyone
[Text=John CharacterOffsetBegin=0 CharacterOffsetEnd=4 PartOfSpeech=NNP Lemma=John NamedEntityTag=PERSON]
[Text=introduced CharacterOffsetBegin=5 CharacterOffsetEnd=15 PartOfSpeech=VBD Lemma=introduce NamedEntityTag=O]
[Text=Bill CharacterOffsetBegin=16 CharacterOffsetEnd=20 PartOfSpeech=NNP Lemma=Bill NamedEntityTag=PERSON]
[Text=because CharacterOffsetBegin=21 CharacterOffsetEnd=28 PartOfSpeech=IN Lemma=because NamedEntityTag=O]
[Text=he CharacterOffsetBegin=29 CharacterOffsetEnd=31 PartOfSpeech=PRP Lemma=he NamedEntityTag=O]
[Text=knew CharacterOffsetBegin=32 CharacterOffsetEnd=36 PartOfSpeech=VBD Lemma=know NamedEntityTag=O]
[Text=everyone CharacterOffsetBegin=37 CharacterOffsetEnd=45 PartOfSpeech=NN Lemma=everyone NamedEntityTag=O]
(ROOT
  (S
    (NP (NNP John))
    (VP (VBD introduced)
      (NP (NNP Bill))
      (SBAR (IN because)
        (S
          (NP (PRP he))
          (VP (VBD knew)
            (NP (NN everyone))))))))

root(ROOT-0, introduced-2)
nsubj(introduced-2, John-1)
dobj(introduced-2, Bill-3)
mark(knew-6, because-4)
nsubj(knew-6, he-5)
advcl:because(introduced-2, knew-6)
dobj(knew-6, everyone-7)

Coreference set:
	(1,5,[5,6]) -> (1,1,[1,2]), that is: "he" -> "John"
