Sentence #1 (23 tokens):
Some enthusiastic Black Friday shoppers are already lining up at retail stores so they can be the first in line for door busters
[Text=Some CharacterOffsetBegin=0 CharacterOffsetEnd=4 PartOfSpeech=DT Lemma=some NamedEntityTag=O]
[Text=enthusiastic CharacterOffsetBegin=5 CharacterOffsetEnd=17 PartOfSpeech=JJ Lemma=enthusiastic NamedEntityTag=O]
[Text=Black CharacterOffsetBegin=18 CharacterOffsetEnd=23 PartOfSpeech=JJ Lemma=black NamedEntityTag=O]
[Text=Friday CharacterOffsetBegin=24 CharacterOffsetEnd=30 PartOfSpeech=NNP Lemma=Friday NamedEntityTag=DATE NormalizedNamedEntityTag=XXXX-WXX-5 Timex=<TIMEX3 tid="t1" type="DATE" value="XXXX-WXX-5">Friday</TIMEX3>]
[Text=shoppers CharacterOffsetBegin=31 CharacterOffsetEnd=39 PartOfSpeech=NNS Lemma=shopper NamedEntityTag=O]
[Text=are CharacterOffsetBegin=40 CharacterOffsetEnd=43 PartOfSpeech=VBP Lemma=be NamedEntityTag=O]
[Text=already CharacterOffsetBegin=44 CharacterOffsetEnd=51 PartOfSpeech=RB Lemma=already NamedEntityTag=O]
[Text=lining CharacterOffsetBegin=52 CharacterOffsetEnd=58 PartOfSpeech=VBG Lemma=line NamedEntityTag=O]
[Text=up CharacterOffsetBegin=59 CharacterOffsetEnd=61 PartOfSpeech=RP Lemma=up NamedEntityTag=O]
[Text=at CharacterOffsetBegin=62 CharacterOffsetEnd=64 PartOfSpeech=IN Lemma=at NamedEntityTag=O]
[Text=retail CharacterOffsetBegin=65 CharacterOffsetEnd=71 PartOfSpeech=JJ Lemma=retail NamedEntityTag=O]
[Text=stores CharacterOffsetBegin=72 CharacterOffsetEnd=78 PartOfSpeech=NNS Lemma=store NamedEntityTag=O]
[Text=so CharacterOffsetBegin=79 CharacterOffsetEnd=81 PartOfSpeech=IN Lemma=so NamedEntityTag=O]
[Text=they CharacterOffsetBegin=82 CharacterOffsetEnd=86 PartOfSpeech=PRP Lemma=they NamedEntityTag=O]
[Text=can CharacterOffsetBegin=87 CharacterOffsetEnd=90 PartOfSpeech=MD Lemma=can NamedEntityTag=O]
[Text=be CharacterOffsetBegin=91 CharacterOffsetEnd=93 PartOfSpeech=VB Lemma=be NamedEntityTag=O]
[Text=the CharacterOffsetBegin=94 CharacterOffsetEnd=97 PartOfSpeech=DT Lemma=the NamedEntityTag=O]
[Text=first CharacterOffsetBegin=98 CharacterOffsetEnd=103 PartOfSpeech=JJ Lemma=first NamedEntityTag=ORDINAL NormalizedNamedEntityTag=1.0]
[Text=in CharacterOffsetBegin=104 CharacterOffsetEnd=106 PartOfSpeech=IN Lemma=in NamedEntityTag=O]
[Text=line CharacterOffsetBegin=107 CharacterOffsetEnd=111 PartOfSpeech=NN Lemma=line NamedEntityTag=O]
[Text=for CharacterOffsetBegin=112 CharacterOffsetEnd=115 PartOfSpeech=IN Lemma=for NamedEntityTag=O]
[Text=door CharacterOffsetBegin=116 CharacterOffsetEnd=120 PartOfSpeech=NN Lemma=door NamedEntityTag=O]
[Text=busters CharacterOffsetBegin=121 CharacterOffsetEnd=128 PartOfSpeech=NNS Lemma=buster NamedEntityTag=O]
(ROOT
  (S
    (NP (DT Some)
      (ADJP (JJ enthusiastic)
        (NP-TMP (JJ Black) (NNP Friday)))
      (NNS shoppers))
    (VP (VBP are)
      (ADVP (RB already))
      (VP (VBG lining)
        (PRT (RP up))
        (PP (IN at)
          (NP (JJ retail) (NNS stores)))
        (SBAR (IN so)
          (S
            (NP (PRP they))
            (VP (MD can)
              (VP (VB be)
                (NP
                  (NP (DT the) (JJ first))
                  (PP (IN in)
                    (NP
                      (NP (NN line))
                      (PP (IN for)
                        (NP (NN door) (NNS busters))))))))))))))

root(ROOT-0, lining-8)
det(shoppers-5, Some-1)
amod(shoppers-5, enthusiastic-2)
amod(Friday-4, Black-3)
nmod:tmod(enthusiastic-2, Friday-4)
nsubj(lining-8, shoppers-5)
aux(lining-8, are-6)
advmod(lining-8, already-7)
compound:prt(lining-8, up-9)
case(stores-12, at-10)
amod(stores-12, retail-11)
nmod:at(lining-8, stores-12)
mark(first-18, so-13)
nsubj(first-18, they-14)
aux(first-18, can-15)
cop(first-18, be-16)
det(first-18, the-17)
advcl:so(lining-8, first-18)
case(line-20, in-19)
nmod:in(first-18, line-20)
case(busters-23, for-21)
compound(busters-23, door-22)
nmod:for(line-20, busters-23)

Coreference set:
	(1,14,[14,15]) -> (1,5,[1,6]), that is: "they" -> "Some enthusiastic Black Friday shoppers"
