Sentence #1 (15 tokens):
The campus police pepper sprayed the UC Davis students because they were blocking private property
[Text=The CharacterOffsetBegin=0 CharacterOffsetEnd=3 PartOfSpeech=DT Lemma=the NamedEntityTag=O]
[Text=campus CharacterOffsetBegin=4 CharacterOffsetEnd=10 PartOfSpeech=NN Lemma=campus NamedEntityTag=O]
[Text=police CharacterOffsetBegin=11 CharacterOffsetEnd=17 PartOfSpeech=NN Lemma=police NamedEntityTag=O]
[Text=pepper CharacterOffsetBegin=18 CharacterOffsetEnd=24 PartOfSpeech=NN Lemma=pepper NamedEntityTag=O]
[Text=sprayed CharacterOffsetBegin=25 CharacterOffsetEnd=32 PartOfSpeech=VBD Lemma=spray NamedEntityTag=O]
[Text=the CharacterOffsetBegin=33 CharacterOffsetEnd=36 PartOfSpeech=DT Lemma=the NamedEntityTag=O]
[Text=UC CharacterOffsetBegin=37 CharacterOffsetEnd=39 PartOfSpeech=NN Lemma=uc NamedEntityTag=ORGANIZATION]
[Text=Davis CharacterOffsetBegin=40 CharacterOffsetEnd=45 PartOfSpeech=NNP Lemma=Davis NamedEntityTag=ORGANIZATION]
[Text=students CharacterOffsetBegin=46 CharacterOffsetEnd=54 PartOfSpeech=NNS Lemma=student NamedEntityTag=O]
[Text=because CharacterOffsetBegin=55 CharacterOffsetEnd=62 PartOfSpeech=IN Lemma=because NamedEntityTag=O]
[Text=they CharacterOffsetBegin=63 CharacterOffsetEnd=67 PartOfSpeech=PRP Lemma=they NamedEntityTag=O]
[Text=were CharacterOffsetBegin=68 CharacterOffsetEnd=72 PartOfSpeech=VBD Lemma=be NamedEntityTag=O]
[Text=blocking CharacterOffsetBegin=73 CharacterOffsetEnd=81 PartOfSpeech=VBG Lemma=block NamedEntityTag=O]
[Text=private CharacterOffsetBegin=82 CharacterOffsetEnd=89 PartOfSpeech=JJ Lemma=private NamedEntityTag=O]
[Text=property CharacterOffsetBegin=90 CharacterOffsetEnd=98 PartOfSpeech=NN Lemma=property NamedEntityTag=O]
(ROOT
  (S
    (NP (DT The) (NN campus) (NN police) (NN pepper))
    (VP (VBD sprayed)
      (NP (DT the) (NN UC))
      (NP (NNP Davis) (NNS students))
      (SBAR (IN because)
        (S
          (NP (PRP they))
          (VP (VBD were)
            (VP (VBG blocking)
              (NP (JJ private) (NN property)))))))))

root(ROOT-0, sprayed-5)
det(pepper-4, The-1)
compound(pepper-4, campus-2)
compound(pepper-4, police-3)
nsubj(sprayed-5, pepper-4)
det(UC-7, the-6)
iobj(sprayed-5, UC-7)
compound(students-9, Davis-8)
dobj(sprayed-5, students-9)
mark(blocking-13, because-10)
nsubj(blocking-13, they-11)
aux(blocking-13, were-12)
advcl:because(sprayed-5, blocking-13)
amod(property-15, private-14)
dobj(blocking-13, property-15)

Coreference set:
	(1,11,[11,12]) -> (1,9,[8,10]), that is: "they" -> "Davis students"
