Sentence #1 (25 tokens):
The campus police pepper sprayed the UC Davis students, so they faced an angry backlash by those who do not agree with their actions
[Text=The CharacterOffsetBegin=0 CharacterOffsetEnd=3 PartOfSpeech=DT Lemma=the NamedEntityTag=O]
[Text=campus CharacterOffsetBegin=4 CharacterOffsetEnd=10 PartOfSpeech=NN Lemma=campus NamedEntityTag=O]
[Text=police CharacterOffsetBegin=11 CharacterOffsetEnd=17 PartOfSpeech=NN Lemma=police NamedEntityTag=O]
[Text=pepper CharacterOffsetBegin=18 CharacterOffsetEnd=24 PartOfSpeech=NN Lemma=pepper NamedEntityTag=O]
[Text=sprayed CharacterOffsetBegin=25 CharacterOffsetEnd=32 PartOfSpeech=VBD Lemma=spray NamedEntityTag=O]
[Text=the CharacterOffsetBegin=33 CharacterOffsetEnd=36 PartOfSpeech=DT Lemma=the NamedEntityTag=O]
[Text=UC CharacterOffsetBegin=37 CharacterOffsetEnd=39 PartOfSpeech=NN Lemma=uc NamedEntityTag=ORGANIZATION]
[Text=Davis CharacterOffsetBegin=40 CharacterOffsetEnd=45 PartOfSpeech=NNP Lemma=Davis NamedEntityTag=ORGANIZATION]
[Text=students CharacterOffsetBegin=46 CharacterOffsetEnd=54 PartOfSpeech=NNS Lemma=student NamedEntityTag=O]
[Text=, CharacterOffsetBegin=54 CharacterOffsetEnd=55 PartOfSpeech=, Lemma=, NamedEntityTag=O]
[Text=so CharacterOffsetBegin=56 CharacterOffsetEnd=58 PartOfSpeech=IN Lemma=so NamedEntityTag=O]
[Text=they CharacterOffsetBegin=59 CharacterOffsetEnd=63 PartOfSpeech=PRP Lemma=they NamedEntityTag=O]
[Text=faced CharacterOffsetBegin=64 CharacterOffsetEnd=69 PartOfSpeech=VBD Lemma=face NamedEntityTag=O]
[Text=an CharacterOffsetBegin=70 CharacterOffsetEnd=72 PartOfSpeech=DT Lemma=a NamedEntityTag=O]
[Text=angry CharacterOffsetBegin=73 CharacterOffsetEnd=78 PartOfSpeech=JJ Lemma=angry NamedEntityTag=O]
[Text=backlash CharacterOffsetBegin=79 CharacterOffsetEnd=87 PartOfSpeech=NN Lemma=backlash NamedEntityTag=O]
[Text=by CharacterOffsetBegin=88 CharacterOffsetEnd=90 PartOfSpeech=IN Lemma=by NamedEntityTag=O]
[Text=those CharacterOffsetBegin=91 CharacterOffsetEnd=96 PartOfSpeech=DT Lemma=those NamedEntityTag=O]
[Text=who CharacterOffsetBegin=97 CharacterOffsetEnd=100 PartOfSpeech=WP Lemma=who NamedEntityTag=O]
[Text=do CharacterOffsetBegin=101 CharacterOffsetEnd=103 PartOfSpeech=VBP Lemma=do NamedEntityTag=O]
[Text=not CharacterOffsetBegin=104 CharacterOffsetEnd=107 PartOfSpeech=RB Lemma=not NamedEntityTag=O]
[Text=agree CharacterOffsetBegin=108 CharacterOffsetEnd=113 PartOfSpeech=VB Lemma=agree NamedEntityTag=O]
[Text=with CharacterOffsetBegin=114 CharacterOffsetEnd=118 PartOfSpeech=IN Lemma=with NamedEntityTag=O]
[Text=their CharacterOffsetBegin=119 CharacterOffsetEnd=124 PartOfSpeech=PRP$ Lemma=they NamedEntityTag=O]
[Text=actions CharacterOffsetBegin=125 CharacterOffsetEnd=132 PartOfSpeech=NNS Lemma=action NamedEntityTag=O]
(ROOT
  (S
    (NP (DT The) (NN campus) (NN police) (NN pepper))
    (VP (VBD sprayed)
      (S
        (NP (DT the) (NN UC))
        (NP (NNP Davis) (NNS students)))
      (, ,)
      (SBAR (IN so)
        (S
          (NP (PRP they))
          (VP (VBD faced)
            (NP (DT an) (JJ angry) (NN backlash))
            (PP (IN by)
              (NP
                (NP (DT those))
                (SBAR
                  (WHNP (WP who))
                  (S
                    (VP (VBP do) (RB not)
                      (VP (VB agree)
                        (PP (IN with)
                          (NP (PRP$ their) (NNS actions)))))))))))))))

root(ROOT-0, sprayed-5)
det(pepper-4, The-1)
compound(pepper-4, campus-2)
compound(pepper-4, police-3)
nsubj(sprayed-5, pepper-4)
det(UC-7, the-6)
nsubj(students-9, UC-7)
compound(students-9, Davis-8)
xcomp(sprayed-5, students-9)
punct(sprayed-5, ,-10)
mark(faced-13, so-11)
nsubj(faced-13, they-12)
advcl:so(sprayed-5, faced-13)
det(backlash-16, an-14)
amod(backlash-16, angry-15)
dobj(faced-13, backlash-16)
case(those-18, by-17)
nmod:by(faced-13, those-18)
nsubj(agree-22, those-18)
ref(those-18, who-19)
aux(agree-22, do-20)
neg(agree-22, not-21)
acl:relcl(those-18, agree-22)
case(actions-25, with-23)
nmod:poss(actions-25, their-24)
nmod:with(agree-22, actions-25)

Coreference set:
	(1,12,[12,13]) -> (1,9,[8,10]), that is: "they" -> "Davis students"
	(1,24,[24,25]) -> (1,9,[8,10]), that is: "their" -> "Davis students"
