Sentence #1 (17 tokens):
Parents care for their children considerably because they love them undeniably to want to keep them save
[Text=Parents CharacterOffsetBegin=0 CharacterOffsetEnd=7 PartOfSpeech=NNS Lemma=parent NamedEntityTag=O]
[Text=care CharacterOffsetBegin=8 CharacterOffsetEnd=12 PartOfSpeech=VBP Lemma=care NamedEntityTag=O]
[Text=for CharacterOffsetBegin=13 CharacterOffsetEnd=16 PartOfSpeech=IN Lemma=for NamedEntityTag=O]
[Text=their CharacterOffsetBegin=17 CharacterOffsetEnd=22 PartOfSpeech=PRP$ Lemma=they NamedEntityTag=O]
[Text=children CharacterOffsetBegin=23 CharacterOffsetEnd=31 PartOfSpeech=NNS Lemma=child NamedEntityTag=O]
[Text=considerably CharacterOffsetBegin=32 CharacterOffsetEnd=44 PartOfSpeech=RB Lemma=considerably NamedEntityTag=O]
[Text=because CharacterOffsetBegin=45 CharacterOffsetEnd=52 PartOfSpeech=IN Lemma=because NamedEntityTag=O]
[Text=they CharacterOffsetBegin=53 CharacterOffsetEnd=57 PartOfSpeech=PRP Lemma=they NamedEntityTag=O]
[Text=love CharacterOffsetBegin=58 CharacterOffsetEnd=62 PartOfSpeech=VBP Lemma=love NamedEntityTag=O]
[Text=them CharacterOffsetBegin=63 CharacterOffsetEnd=67 PartOfSpeech=PRP Lemma=they NamedEntityTag=O]
[Text=undeniably CharacterOffsetBegin=68 CharacterOffsetEnd=78 PartOfSpeech=RB Lemma=undeniably NamedEntityTag=O]
[Text=to CharacterOffsetBegin=79 CharacterOffsetEnd=81 PartOfSpeech=TO Lemma=to NamedEntityTag=O]
[Text=want CharacterOffsetBegin=82 CharacterOffsetEnd=86 PartOfSpeech=VB Lemma=want NamedEntityTag=O]
[Text=to CharacterOffsetBegin=87 CharacterOffsetEnd=89 PartOfSpeech=TO Lemma=to NamedEntityTag=O]
[Text=keep CharacterOffsetBegin=90 CharacterOffsetEnd=94 PartOfSpeech=VB Lemma=keep NamedEntityTag=O]
[Text=them CharacterOffsetBegin=95 CharacterOffsetEnd=99 PartOfSpeech=PRP Lemma=they NamedEntityTag=O]
[Text=save CharacterOffsetBegin=100 CharacterOffsetEnd=104 PartOfSpeech=VB Lemma=save NamedEntityTag=O]
(ROOT
  (S
    (NP (NNS Parents))
    (VP (VBP care)
      (PP (IN for)
        (NP (PRP$ their) (NNS children)))
      (SBAR
        (ADVP (RB considerably))
        (IN because)
        (S
          (NP (PRP they))
          (VP (VBP love)
            (S
              (NP (PRP them))
              (ADVP (RB undeniably))
              (VP (TO to)
                (VP (VB want)
                  (S
                    (VP (TO to)
                      (VP (VB keep)
                        (S
                          (NP (PRP them))
                          (VP (VB save)))))))))))))))

root(ROOT-0, care-2)
nsubj(care-2, Parents-1)
case(children-5, for-3)
nmod:poss(children-5, their-4)
nmod:for(care-2, children-5)
advmod(love-9, considerably-6)
mark(love-9, because-7)
nsubj(love-9, they-8)
advcl:because(care-2, love-9)
dobj(love-9, them-10)
nsubj:xsubj(want-13, them-10)
advmod(want-13, undeniably-11)
mark(want-13, to-12)
xcomp(love-9, want-13)
mark(keep-15, to-14)
xcomp(want-13, keep-15)
nsubj(save-17, them-16)
ccomp(keep-15, save-17)

Coreference set:
	(1,4,[4,5]) -> (1,1,[1,2]), that is: "their" -> "Parents"
	(1,8,[8,9]) -> (1,1,[1,2]), that is: "they" -> "Parents"
	(1,10,[10,11]) -> (1,1,[1,2]), that is: "them" -> "Parents"
	(1,16,[16,17]) -> (1,1,[1,2]), that is: "them" -> "Parents"
