Sentence #1 (19 tokens):
Cats are more territorial than dogs, but they can also be territorial at times when marking their territory
[Text=Cats CharacterOffsetBegin=0 CharacterOffsetEnd=4 PartOfSpeech=NNS Lemma=cat NamedEntityTag=O]
[Text=are CharacterOffsetBegin=5 CharacterOffsetEnd=8 PartOfSpeech=VBP Lemma=be NamedEntityTag=O]
[Text=more CharacterOffsetBegin=9 CharacterOffsetEnd=13 PartOfSpeech=RBR Lemma=more NamedEntityTag=O]
[Text=territorial CharacterOffsetBegin=14 CharacterOffsetEnd=25 PartOfSpeech=JJ Lemma=territorial NamedEntityTag=O]
[Text=than CharacterOffsetBegin=26 CharacterOffsetEnd=30 PartOfSpeech=IN Lemma=than NamedEntityTag=O]
[Text=dogs CharacterOffsetBegin=31 CharacterOffsetEnd=35 PartOfSpeech=NNS Lemma=dog NamedEntityTag=O]
[Text=, CharacterOffsetBegin=35 CharacterOffsetEnd=36 PartOfSpeech=, Lemma=, NamedEntityTag=O]
[Text=but CharacterOffsetBegin=37 CharacterOffsetEnd=40 PartOfSpeech=CC Lemma=but NamedEntityTag=O]
[Text=they CharacterOffsetBegin=41 CharacterOffsetEnd=45 PartOfSpeech=PRP Lemma=they NamedEntityTag=O]
[Text=can CharacterOffsetBegin=46 CharacterOffsetEnd=49 PartOfSpeech=MD Lemma=can NamedEntityTag=O]
[Text=also CharacterOffsetBegin=50 CharacterOffsetEnd=54 PartOfSpeech=RB Lemma=also NamedEntityTag=O]
[Text=be CharacterOffsetBegin=55 CharacterOffsetEnd=57 PartOfSpeech=VB Lemma=be NamedEntityTag=O]
[Text=territorial CharacterOffsetBegin=58 CharacterOffsetEnd=69 PartOfSpeech=JJ Lemma=territorial NamedEntityTag=O]
[Text=at CharacterOffsetBegin=70 CharacterOffsetEnd=72 PartOfSpeech=IN Lemma=at NamedEntityTag=O]
[Text=times CharacterOffsetBegin=73 CharacterOffsetEnd=78 PartOfSpeech=NNS Lemma=time NamedEntityTag=O]
[Text=when CharacterOffsetBegin=79 CharacterOffsetEnd=83 PartOfSpeech=WRB Lemma=when NamedEntityTag=O]
[Text=marking CharacterOffsetBegin=84 CharacterOffsetEnd=91 PartOfSpeech=VBG Lemma=mark NamedEntityTag=O]
[Text=their CharacterOffsetBegin=92 CharacterOffsetEnd=97 PartOfSpeech=PRP$ Lemma=they NamedEntityTag=O]
[Text=territory CharacterOffsetBegin=98 CharacterOffsetEnd=107 PartOfSpeech=NN Lemma=territory NamedEntityTag=O]
(ROOT
  (FRAG
    (S
      (S
        (NP (NNS Cats))
        (VP (VBP are)
          (ADJP (RBR more) (JJ territorial)
            (PP (IN than)
              (NP (NNS dogs))))))
      (, ,)
      (CC but)
      (S
        (NP (PRP they))
        (VP (MD can)
          (ADVP (RB also))
          (VP (VB be)
            (ADJP (JJ territorial)
              (PP (IN at)
                (NP (NNS times))))
            (SBAR
              (WHADVP (WRB when))
              (S
                (VP (VBG marking)
                  (NP (PRP$ their) (NN territory)))))))))))

root(ROOT-0, territorial-4)
nsubj(territorial-4, Cats-1)
cop(territorial-4, are-2)
advmod(territorial-4, more-3)
case(dogs-6, than-5)
nmod:than(territorial-4, dogs-6)
punct(territorial-4, ,-7)
cc(territorial-4, but-8)
nsubj(territorial-13, they-9)
aux(territorial-13, can-10)
advmod(territorial-13, also-11)
cop(territorial-13, be-12)
conj:but(territorial-4, territorial-13)
case(times-15, at-14)
nmod:at(territorial-13, times-15)
advmod(marking-17, when-16)
advcl(territorial-13, marking-17)
nmod:poss(territory-19, their-18)
dobj(marking-17, territory-19)

Coreference set:
	(1,9,[9,10]) -> (1,1,[1,2]), that is: "they" -> "Cats"
	(1,18,[18,19]) -> (1,1,[1,2]), that is: "their" -> "Cats"
