Sentence #1 (7 tokens):
John introduced Bill because he was new
[Text=John CharacterOffsetBegin=0 CharacterOffsetEnd=4 PartOfSpeech=NNP Lemma=John NamedEntityTag=PERSON]
[Text=introduced CharacterOffsetBegin=5 CharacterOffsetEnd=15 PartOfSpeech=VBD Lemma=introduce NamedEntityTag=O]
[Text=Bill CharacterOffsetBegin=16 CharacterOffsetEnd=20 PartOfSpeech=NNP Lemma=Bill NamedEntityTag=PERSON]
[Text=because CharacterOffsetBegin=21 CharacterOffsetEnd=28 PartOfSpeech=IN Lemma=because NamedEntityTag=O]
[Text=he CharacterOffsetBegin=29 CharacterOffsetEnd=31 PartOfSpeech=PRP Lemma=he NamedEntityTag=O]
[Text=was CharacterOffsetBegin=32 CharacterOffsetEnd=35 PartOfSpeech=VBD Lemma=be NamedEntityTag=O]
[Text=new CharacterOffsetBegin=36 CharacterOffsetEnd=39 PartOfSpeech=JJ Lemma=new NamedEntityTag=O]
(ROOT
  (S
    (NP (NNP John))
    (VP (VBD introduced)
      (NP (NNP Bill))
      (SBAR (IN because)
        (S
          (NP (PRP he))
          (VP (VBD was)
            (ADJP (JJ new))))))))

root(ROOT-0, introduced-2)
nsubj(introduced-2, John-1)
dobj(introduced-2, Bill-3)
mark(new-7, because-4)
nsubj(new-7, he-5)
cop(new-7, was-6)
advcl:because(introduced-2, new-7)

Coreference set:
	(1,5,[5,6]) -> (1,1,[1,2]), that is: "he" -> "John"
