Sentence #1 (21 tokens):
Kung Fu teachers try to pass on discipline to their disciples since they want them to learn more than just technique
[Text=Kung CharacterOffsetBegin=0 CharacterOffsetEnd=4 PartOfSpeech=NNP Lemma=Kung NamedEntityTag=PERSON]
[Text=Fu CharacterOffsetBegin=5 CharacterOffsetEnd=7 PartOfSpeech=NNP Lemma=Fu NamedEntityTag=PERSON]
[Text=teachers CharacterOffsetBegin=8 CharacterOffsetEnd=16 PartOfSpeech=NNS Lemma=teacher NamedEntityTag=O]
[Text=try CharacterOffsetBegin=17 CharacterOffsetEnd=20 PartOfSpeech=VBP Lemma=try NamedEntityTag=O]
[Text=to CharacterOffsetBegin=21 CharacterOffsetEnd=23 PartOfSpeech=TO Lemma=to NamedEntityTag=O]
[Text=pass CharacterOffsetBegin=24 CharacterOffsetEnd=28 PartOfSpeech=VB Lemma=pass NamedEntityTag=O]
[Text=on CharacterOffsetBegin=29 CharacterOffsetEnd=31 PartOfSpeech=IN Lemma=on NamedEntityTag=O]
[Text=discipline CharacterOffsetBegin=32 CharacterOffsetEnd=42 PartOfSpeech=NN Lemma=discipline NamedEntityTag=O]
[Text=to CharacterOffsetBegin=43 CharacterOffsetEnd=45 PartOfSpeech=TO Lemma=to NamedEntityTag=O]
[Text=their CharacterOffsetBegin=46 CharacterOffsetEnd=51 PartOfSpeech=PRP$ Lemma=they NamedEntityTag=O]
[Text=disciples CharacterOffsetBegin=52 CharacterOffsetEnd=61 PartOfSpeech=NNS Lemma=disciple NamedEntityTag=O]
[Text=since CharacterOffsetBegin=62 CharacterOffsetEnd=67 PartOfSpeech=IN Lemma=since NamedEntityTag=O]
[Text=they CharacterOffsetBegin=68 CharacterOffsetEnd=72 PartOfSpeech=PRP Lemma=they NamedEntityTag=O]
[Text=want CharacterOffsetBegin=73 CharacterOffsetEnd=77 PartOfSpeech=VBP Lemma=want NamedEntityTag=O]
[Text=them CharacterOffsetBegin=78 CharacterOffsetEnd=82 PartOfSpeech=PRP Lemma=they NamedEntityTag=O]
[Text=to CharacterOffsetBegin=83 CharacterOffsetEnd=85 PartOfSpeech=TO Lemma=to NamedEntityTag=O]
[Text=learn CharacterOffsetBegin=86 CharacterOffsetEnd=91 PartOfSpeech=VB Lemma=learn NamedEntityTag=O]
[Text=more CharacterOffsetBegin=92 CharacterOffsetEnd=96 PartOfSpeech=JJR Lemma=more NamedEntityTag=O]
[Text=than CharacterOffsetBegin=97 CharacterOffsetEnd=101 PartOfSpeech=IN Lemma=than NamedEntityTag=O]
[Text=just CharacterOffsetBegin=102 CharacterOffsetEnd=106 PartOfSpeech=RB Lemma=just NamedEntityTag=O]
[Text=technique CharacterOffsetBegin=107 CharacterOffsetEnd=116 PartOfSpeech=NN Lemma=technique NamedEntityTag=O]
(ROOT
  (S
    (NP (NNP Kung) (NNP Fu) (NNS teachers))
    (VP (VBP try)
      (S
        (VP (TO to)
          (VP (VB pass)
            (PP (IN on)
              (NP (NN discipline)))
            (PP (TO to)
              (NP (PRP$ their) (NNS disciples)))
            (SBAR (IN since)
              (S
                (NP (PRP they))
                (VP (VBP want)
                  (S
                    (NP (PRP them))
                    (VP (TO to)
                      (VP (VB learn)
                        (NP
                          (QP (JJR more) (IN than) (RB just))
                          (NN technique))))))))))))))

root(ROOT-0, try-4)
compound(teachers-3, Kung-1)
compound(teachers-3, Fu-2)
nsubj(try-4, teachers-3)
nsubj:xsubj(pass-6, teachers-3)
mark(pass-6, to-5)
xcomp(try-4, pass-6)
case(discipline-8, on-7)
nmod:on(pass-6, discipline-8)
case(disciples-11, to-9)
nmod:poss(disciples-11, their-10)
nmod:to(pass-6, disciples-11)
mark(want-14, since-12)
nsubj(want-14, they-13)
advcl:since(pass-6, want-14)
dobj(want-14, them-15)
nsubj:xsubj(learn-17, them-15)
mark(learn-17, to-16)
xcomp(want-14, learn-17)
advmod(just-20, more-18)
mwe(more-18, than-19)
nummod(technique-21, just-20)
dobj(learn-17, technique-21)

Coreference set:
	(1,10,[10,11]) -> (1,3,[1,4]), that is: "their" -> "Kung Fu teachers"
Coreference set:
	(1,13,[13,14]) -> (1,11,[10,12]), that is: "they" -> "their disciples"
	(1,15,[15,16]) -> (1,11,[10,12]), that is: "them" -> "their disciples"
