Sentence #1 (25 tokens):
Guns generally increase in value over time to gun collectors if unfired, because they need to be in mint condition to be extremely valuable
[Text=Guns CharacterOffsetBegin=0 CharacterOffsetEnd=4 PartOfSpeech=NNS Lemma=gun NamedEntityTag=O]
[Text=generally CharacterOffsetBegin=5 CharacterOffsetEnd=14 PartOfSpeech=RB Lemma=generally NamedEntityTag=O]
[Text=increase CharacterOffsetBegin=15 CharacterOffsetEnd=23 PartOfSpeech=VBP Lemma=increase NamedEntityTag=O]
[Text=in CharacterOffsetBegin=24 CharacterOffsetEnd=26 PartOfSpeech=IN Lemma=in NamedEntityTag=O]
[Text=value CharacterOffsetBegin=27 CharacterOffsetEnd=32 PartOfSpeech=NN Lemma=value NamedEntityTag=O]
[Text=over CharacterOffsetBegin=33 CharacterOffsetEnd=37 PartOfSpeech=IN Lemma=over NamedEntityTag=O]
[Text=time CharacterOffsetBegin=38 CharacterOffsetEnd=42 PartOfSpeech=NN Lemma=time NamedEntityTag=O]
[Text=to CharacterOffsetBegin=43 CharacterOffsetEnd=45 PartOfSpeech=TO Lemma=to NamedEntityTag=O]
[Text=gun CharacterOffsetBegin=46 CharacterOffsetEnd=49 PartOfSpeech=NN Lemma=gun NamedEntityTag=O]
[Text=collectors CharacterOffsetBegin=50 CharacterOffsetEnd=60 PartOfSpeech=NNS Lemma=collector NamedEntityTag=O]
[Text=if CharacterOffsetBegin=61 CharacterOffsetEnd=63 PartOfSpeech=IN Lemma=if NamedEntityTag=O]
[Text=unfired CharacterOffsetBegin=64 CharacterOffsetEnd=71 PartOfSpeech=JJ Lemma=unfired NamedEntityTag=O]
[Text=, CharacterOffsetBegin=71 CharacterOffsetEnd=72 PartOfSpeech=, Lemma=, NamedEntityTag=O]
[Text=because CharacterOffsetBegin=73 CharacterOffsetEnd=80 PartOfSpeech=IN Lemma=because NamedEntityTag=O]
[Text=they CharacterOffsetBegin=81 CharacterOffsetEnd=85 PartOfSpeech=PRP Lemma=they NamedEntityTag=O]
[Text=need CharacterOffsetBegin=86 CharacterOffsetEnd=90 PartOfSpeech=VBP Lemma=need NamedEntityTag=O]
[Text=to CharacterOffsetBegin=91 CharacterOffsetEnd=93 PartOfSpeech=TO Lemma=to NamedEntityTag=O]
[Text=be CharacterOffsetBegin=94 CharacterOffsetEnd=96 PartOfSpeech=VB Lemma=be NamedEntityTag=O]
[Text=in CharacterOffsetBegin=97 CharacterOffsetEnd=99 PartOfSpeech=IN Lemma=in NamedEntityTag=O]
[Text=mint CharacterOffsetBegin=100 CharacterOffsetEnd=104 PartOfSpeech=NN Lemma=mint NamedEntityTag=O]
[Text=condition CharacterOffsetBegin=105 CharacterOffsetEnd=114 PartOfSpeech=NN Lemma=condition NamedEntityTag=O]
[Text=to CharacterOffsetBegin=115 CharacterOffsetEnd=117 PartOfSpeech=TO Lemma=to NamedEntityTag=O]
[Text=be CharacterOffsetBegin=118 CharacterOffsetEnd=120 PartOfSpeech=VB Lemma=be NamedEntityTag=O]
[Text=extremely CharacterOffsetBegin=121 CharacterOffsetEnd=130 PartOfSpeech=RB Lemma=extremely NamedEntityTag=O]
[Text=valuable CharacterOffsetBegin=131 CharacterOffsetEnd=139 PartOfSpeech=JJ Lemma=valuable NamedEntityTag=O]
(ROOT
  (S
    (NP
      (NP (NNS Guns))
      (ADVP (RB generally)))
    (VP (VBP increase)
      (PP (IN in)
        (NP
          (NP (NN value))
          (PP (IN over)
            (NP (NN time)))))
      (PP (TO to)
        (NP
          (NP (NN gun) (NNS collectors))
          (ADJP (IN if) (JJ unfired))))
      (, ,)
      (SBAR (IN because)
        (S
          (NP (PRP they))
          (VP (VBP need)
            (S
              (VP (TO to)
                (VP (VB be)
                  (PP (IN in)
                    (NP (NN mint) (NN condition)))
                  (S
                    (VP (TO to)
                      (VP (VB be)
                        (ADJP (RB extremely) (JJ valuable))))))))))))))

root(ROOT-0, increase-3)
nsubj(increase-3, Guns-1)
advmod(Guns-1, generally-2)
case(value-5, in-4)
nmod:in(increase-3, value-5)
case(time-7, over-6)
nmod:over(value-5, time-7)
case(collectors-10, to-8)
compound(collectors-10, gun-9)
nmod:to(increase-3, collectors-10)
dep(unfired-12, if-11)
amod(collectors-10, unfired-12)
punct(increase-3, ,-13)
mark(need-16, because-14)
nsubj(need-16, they-15)
nsubj:xsubj(condition-21, they-15)
advcl:because(increase-3, need-16)
mark(condition-21, to-17)
cop(condition-21, be-18)
case(condition-21, in-19)
compound(condition-21, mint-20)
xcomp(need-16, condition-21)
mark(valuable-25, to-22)
cop(valuable-25, be-23)
advmod(valuable-25, extremely-24)
xcomp(condition-21, valuable-25)

Coreference set:
	(1,15,[15,16]) -> (1,10,[9,13]), that is: "they" -> "gun collectors if unfired"
