Sentence #1 (24 tokens):
Guns generally increase in value over time to gun collectors if unfired, since they prefer to collect things that are in perfect condition
[Text=Guns CharacterOffsetBegin=0 CharacterOffsetEnd=4 PartOfSpeech=NNS Lemma=gun NamedEntityTag=O]
[Text=generally CharacterOffsetBegin=5 CharacterOffsetEnd=14 PartOfSpeech=RB Lemma=generally NamedEntityTag=O]
[Text=increase CharacterOffsetBegin=15 CharacterOffsetEnd=23 PartOfSpeech=VBP Lemma=increase NamedEntityTag=O]
[Text=in CharacterOffsetBegin=24 CharacterOffsetEnd=26 PartOfSpeech=IN Lemma=in NamedEntityTag=O]
[Text=value CharacterOffsetBegin=27 CharacterOffsetEnd=32 PartOfSpeech=NN Lemma=value NamedEntityTag=O]
[Text=over CharacterOffsetBegin=33 CharacterOffsetEnd=37 PartOfSpeech=IN Lemma=over NamedEntityTag=O]
[Text=time CharacterOffsetBegin=38 CharacterOffsetEnd=42 PartOfSpeech=NN Lemma=time NamedEntityTag=O]
[Text=to CharacterOffsetBegin=43 CharacterOffsetEnd=45 PartOfSpeech=TO Lemma=to NamedEntityTag=O]
[Text=gun CharacterOffsetBegin=46 CharacterOffsetEnd=49 PartOfSpeech=NN Lemma=gun NamedEntityTag=O]
[Text=collectors CharacterOffsetBegin=50 CharacterOffsetEnd=60 PartOfSpeech=NNS Lemma=collector NamedEntityTag=O]
[Text=if CharacterOffsetBegin=61 CharacterOffsetEnd=63 PartOfSpeech=IN Lemma=if NamedEntityTag=O]
[Text=unfired CharacterOffsetBegin=64 CharacterOffsetEnd=71 PartOfSpeech=JJ Lemma=unfired NamedEntityTag=O]
[Text=, CharacterOffsetBegin=71 CharacterOffsetEnd=72 PartOfSpeech=, Lemma=, NamedEntityTag=O]
[Text=since CharacterOffsetBegin=73 CharacterOffsetEnd=78 PartOfSpeech=IN Lemma=since NamedEntityTag=O]
[Text=they CharacterOffsetBegin=79 CharacterOffsetEnd=83 PartOfSpeech=PRP Lemma=they NamedEntityTag=O]
[Text=prefer CharacterOffsetBegin=84 CharacterOffsetEnd=90 PartOfSpeech=VBP Lemma=prefer NamedEntityTag=O]
[Text=to CharacterOffsetBegin=91 CharacterOffsetEnd=93 PartOfSpeech=TO Lemma=to NamedEntityTag=O]
[Text=collect CharacterOffsetBegin=94 CharacterOffsetEnd=101 PartOfSpeech=VB Lemma=collect NamedEntityTag=O]
[Text=things CharacterOffsetBegin=102 CharacterOffsetEnd=108 PartOfSpeech=NNS Lemma=thing NamedEntityTag=O]
[Text=that CharacterOffsetBegin=109 CharacterOffsetEnd=113 PartOfSpeech=WDT Lemma=that NamedEntityTag=O]
[Text=are CharacterOffsetBegin=114 CharacterOffsetEnd=117 PartOfSpeech=VBP Lemma=be NamedEntityTag=O]
[Text=in CharacterOffsetBegin=118 CharacterOffsetEnd=120 PartOfSpeech=IN Lemma=in NamedEntityTag=O]
[Text=perfect CharacterOffsetBegin=121 CharacterOffsetEnd=128 PartOfSpeech=JJ Lemma=perfect NamedEntityTag=O]
[Text=condition CharacterOffsetBegin=129 CharacterOffsetEnd=138 PartOfSpeech=NN Lemma=condition NamedEntityTag=O]
(ROOT
  (S
    (NP
      (NP (NNS Guns))
      (ADVP (RB generally)))
    (VP (VBP increase)
      (PP (IN in)
        (NP
          (NP (NN value))
          (PP (IN over)
            (NP (NN time)))))
      (PP (TO to)
        (NP
          (NP (NN gun) (NNS collectors))
          (ADJP (IN if) (JJ unfired))))
      (, ,)
      (SBAR (IN since)
        (S
          (NP (PRP they))
          (VP (VBP prefer)
            (S
              (VP (TO to)
                (VP (VB collect)
                  (NP
                    (NP (NNS things))
                    (SBAR
                      (WHNP (WDT that))
                      (S
                        (VP (VBP are)
                          (PP (IN in)
                            (NP (JJ perfect) (NN condition))))))))))))))))

root(ROOT-0, increase-3)
nsubj(increase-3, Guns-1)
advmod(Guns-1, generally-2)
case(value-5, in-4)
nmod:in(increase-3, value-5)
case(time-7, over-6)
nmod:over(value-5, time-7)
case(collectors-10, to-8)
compound(collectors-10, gun-9)
nmod:to(increase-3, collectors-10)
dep(unfired-12, if-11)
amod(collectors-10, unfired-12)
punct(increase-3, ,-13)
mark(prefer-16, since-14)
nsubj(prefer-16, they-15)
nsubj:xsubj(collect-18, they-15)
advcl:since(increase-3, prefer-16)
mark(collect-18, to-17)
xcomp(prefer-16, collect-18)
dobj(collect-18, things-19)
nsubj(condition-24, things-19)
ref(things-19, that-20)
cop(condition-24, are-21)
case(condition-24, in-22)
amod(condition-24, perfect-23)
acl:relcl(things-19, condition-24)

Coreference set:
	(1,15,[15,16]) -> (1,10,[9,13]), that is: "they" -> "gun collectors if unfired"
