Sentence #1 (11 tokens):
Jim hunted the monster, although he was afraid of him
[Text=Jim CharacterOffsetBegin=0 CharacterOffsetEnd=3 PartOfSpeech=NNP Lemma=Jim NamedEntityTag=PERSON]
[Text=hunted CharacterOffsetBegin=4 CharacterOffsetEnd=10 PartOfSpeech=VBD Lemma=hunt NamedEntityTag=O]
[Text=the CharacterOffsetBegin=11 CharacterOffsetEnd=14 PartOfSpeech=DT Lemma=the NamedEntityTag=O]
[Text=monster CharacterOffsetBegin=15 CharacterOffsetEnd=22 PartOfSpeech=NN Lemma=monster NamedEntityTag=O]
[Text=, CharacterOffsetBegin=22 CharacterOffsetEnd=23 PartOfSpeech=, Lemma=, NamedEntityTag=O]
[Text=although CharacterOffsetBegin=24 CharacterOffsetEnd=32 PartOfSpeech=IN Lemma=although NamedEntityTag=O]
[Text=he CharacterOffsetBegin=33 CharacterOffsetEnd=35 PartOfSpeech=PRP Lemma=he NamedEntityTag=O]
[Text=was CharacterOffsetBegin=36 CharacterOffsetEnd=39 PartOfSpeech=VBD Lemma=be NamedEntityTag=O]
[Text=afraid CharacterOffsetBegin=40 CharacterOffsetEnd=46 PartOfSpeech=JJ Lemma=afraid NamedEntityTag=O]
[Text=of CharacterOffsetBegin=47 CharacterOffsetEnd=49 PartOfSpeech=IN Lemma=of NamedEntityTag=O]
[Text=him CharacterOffsetBegin=50 CharacterOffsetEnd=53 PartOfSpeech=PRP Lemma=he NamedEntityTag=O]
(ROOT
  (S
    (NP (NNP Jim))
    (VP (VBD hunted)
      (NP (DT the) (NN monster))
      (, ,)
      (SBAR (IN although)
        (S
          (NP (PRP he))
          (VP (VBD was)
            (ADJP (JJ afraid)
              (PP (IN of)
                (NP (PRP him))))))))))

root(ROOT-0, hunted-2)
nsubj(hunted-2, Jim-1)
det(monster-4, the-3)
dobj(hunted-2, monster-4)
punct(hunted-2, ,-5)
mark(afraid-9, although-6)
nsubj(afraid-9, he-7)
cop(afraid-9, was-8)
advcl:although(hunted-2, afraid-9)
case(him-11, of-10)
nmod:of(afraid-9, him-11)

Coreference set:
	(1,7,[7,8]) -> (1,1,[1,2]), that is: "he" -> "Jim"
