Sentence #1 (7 tokens):
John shot Bill and he was jailed
[Text=John CharacterOffsetBegin=0 CharacterOffsetEnd=4 PartOfSpeech=NNP Lemma=John NamedEntityTag=PERSON]
[Text=shot CharacterOffsetBegin=5 CharacterOffsetEnd=9 PartOfSpeech=VBD Lemma=shoot NamedEntityTag=PERSON]
[Text=Bill CharacterOffsetBegin=10 CharacterOffsetEnd=14 PartOfSpeech=NNP Lemma=Bill NamedEntityTag=PERSON]
[Text=and CharacterOffsetBegin=15 CharacterOffsetEnd=18 PartOfSpeech=CC Lemma=and NamedEntityTag=O]
[Text=he CharacterOffsetBegin=19 CharacterOffsetEnd=21 PartOfSpeech=PRP Lemma=he NamedEntityTag=O]
[Text=was CharacterOffsetBegin=22 CharacterOffsetEnd=25 PartOfSpeech=VBD Lemma=be NamedEntityTag=O]
[Text=jailed CharacterOffsetBegin=26 CharacterOffsetEnd=32 PartOfSpeech=VBN Lemma=jail NamedEntityTag=O]
(ROOT
  (S
    (NP (NNP John))
    (VP (VBD shot)
      (SBAR
        (S
          (NP (NNP Bill)
            (CC and)
            (PRP he))
          (VP (VBD was)
            (VP (VBN jailed))))))))

root(ROOT-0, shot-2)
nsubj(shot-2, John-1)
nsubjpass(jailed-7, Bill-3)
cc(Bill-3, and-4)
conj:and(Bill-3, he-5)
nsubjpass(jailed-7, he-5)
auxpass(jailed-7, was-6)
ccomp(shot-2, jailed-7)

Coreference set:
	(1,5,[5,6]) -> (1,1,[1,4]), that is: "he" -> "John shot Bill"
