Sentence #1 (13 tokens):
Arnold Schwarzenegger cannot terminate John Conner, because he is protecting him
[Text=Arnold CharacterOffsetBegin=0 CharacterOffsetEnd=6 PartOfSpeech=NNP Lemma=Arnold NamedEntityTag=PERSON]
[Text=Schwarzenegger CharacterOffsetBegin=7 CharacterOffsetEnd=21 PartOfSpeech=NNP Lemma=Schwarzenegger NamedEntityTag=PERSON]
[Text=can CharacterOffsetBegin=22 CharacterOffsetEnd=25 PartOfSpeech=MD Lemma=can NamedEntityTag=O]
[Text=not CharacterOffsetBegin=25 CharacterOffsetEnd=28 PartOfSpeech=RB Lemma=not NamedEntityTag=O]
[Text=terminate CharacterOffsetBegin=29 CharacterOffsetEnd=38 PartOfSpeech=VB Lemma=terminate NamedEntityTag=O]
[Text=John CharacterOffsetBegin=39 CharacterOffsetEnd=43 PartOfSpeech=NNP Lemma=John NamedEntityTag=PERSON]
[Text=Conner CharacterOffsetBegin=44 CharacterOffsetEnd=50 PartOfSpeech=NNP Lemma=Conner NamedEntityTag=PERSON]
[Text=, CharacterOffsetBegin=50 CharacterOffsetEnd=51 PartOfSpeech=, Lemma=, NamedEntityTag=O]
[Text=because CharacterOffsetBegin=52 CharacterOffsetEnd=59 PartOfSpeech=IN Lemma=because NamedEntityTag=O]
[Text=he CharacterOffsetBegin=60 CharacterOffsetEnd=62 PartOfSpeech=PRP Lemma=he NamedEntityTag=O]
[Text=is CharacterOffsetBegin=63 CharacterOffsetEnd=65 PartOfSpeech=VBZ Lemma=be NamedEntityTag=O]
[Text=protecting CharacterOffsetBegin=66 CharacterOffsetEnd=76 PartOfSpeech=VBG Lemma=protect NamedEntityTag=O]
[Text=him CharacterOffsetBegin=77 CharacterOffsetEnd=80 PartOfSpeech=PRP Lemma=he NamedEntityTag=O]
(ROOT
  (S
    (NP (NNP Arnold) (NNP Schwarzenegger))
    (VP (MD can) (RB not)
      (VP (VB terminate)
        (NP
          (NP (NNP John) (NNP Conner))
          (, ,)
          (SBAR (IN because)
            (S
              (NP (PRP he))
              (VP (VBZ is)
                (VP (VBG protecting)
                  (NP (PRP him)))))))))))

root(ROOT-0, terminate-5)
compound(Schwarzenegger-2, Arnold-1)
nsubj(terminate-5, Schwarzenegger-2)
aux(terminate-5, can-3)
neg(terminate-5, not-4)
compound(Conner-7, John-6)
dobj(terminate-5, Conner-7)
punct(Conner-7, ,-8)
mark(protecting-12, because-9)
nsubj(protecting-12, he-10)
aux(protecting-12, is-11)
dep(Conner-7, protecting-12)
dobj(protecting-12, him-13)

Coreference set:
	(1,10,[10,11]) -> (1,2,[1,3]), that is: "he" -> "Arnold Schwarzenegger"
	(1,13,[13,14]) -> (1,2,[1,3]), that is: "him" -> "Arnold Schwarzenegger"
