Sentence #1 (11 tokens):
Jim likes John, but he does not like him back
[Text=Jim CharacterOffsetBegin=0 CharacterOffsetEnd=3 PartOfSpeech=NNP Lemma=Jim NamedEntityTag=PERSON]
[Text=likes CharacterOffsetBegin=4 CharacterOffsetEnd=9 PartOfSpeech=VBZ Lemma=like NamedEntityTag=O]
[Text=John CharacterOffsetBegin=10 CharacterOffsetEnd=14 PartOfSpeech=NNP Lemma=John NamedEntityTag=PERSON]
[Text=, CharacterOffsetBegin=14 CharacterOffsetEnd=15 PartOfSpeech=, Lemma=, NamedEntityTag=O]
[Text=but CharacterOffsetBegin=16 CharacterOffsetEnd=19 PartOfSpeech=CC Lemma=but NamedEntityTag=O]
[Text=he CharacterOffsetBegin=20 CharacterOffsetEnd=22 PartOfSpeech=PRP Lemma=he NamedEntityTag=O]
[Text=does CharacterOffsetBegin=23 CharacterOffsetEnd=27 PartOfSpeech=VBZ Lemma=do NamedEntityTag=O]
[Text=not CharacterOffsetBegin=28 CharacterOffsetEnd=31 PartOfSpeech=RB Lemma=not NamedEntityTag=O]
[Text=like CharacterOffsetBegin=32 CharacterOffsetEnd=36 PartOfSpeech=VB Lemma=like NamedEntityTag=O]
[Text=him CharacterOffsetBegin=37 CharacterOffsetEnd=40 PartOfSpeech=PRP Lemma=he NamedEntityTag=O]
[Text=back CharacterOffsetBegin=41 CharacterOffsetEnd=45 PartOfSpeech=RB Lemma=back NamedEntityTag=O]
(ROOT
  (FRAG
    (S
      (S
        (NP (NNP Jim))
        (VP (VBZ likes)
          (NP (NNP John))))
      (, ,)
      (CC but)
      (S
        (NP (PRP he))
        (VP (VBZ does) (RB not)
          (VP (VB like)
            (NP (PRP him))
            (ADVP (RB back))))))))

root(ROOT-0, likes-2)
nsubj(likes-2, Jim-1)
dobj(likes-2, John-3)
punct(likes-2, ,-4)
cc(likes-2, but-5)
nsubj(like-9, he-6)
aux(like-9, does-7)
neg(like-9, not-8)
conj:but(likes-2, like-9)
dobj(like-9, him-10)
advmod(like-9, back-11)

Coreference set:
	(1,6,[6,7]) -> (1,1,[1,2]), that is: "he" -> "Jim"
	(1,10,[10,11]) -> (1,1,[1,2]), that is: "him" -> "Jim"
