Sentence #1 (10 tokens):
Jim likes John, but he is not liked back
[Text=Jim CharacterOffsetBegin=0 CharacterOffsetEnd=3 PartOfSpeech=NNP Lemma=Jim NamedEntityTag=PERSON]
[Text=likes CharacterOffsetBegin=4 CharacterOffsetEnd=9 PartOfSpeech=VBZ Lemma=like NamedEntityTag=O]
[Text=John CharacterOffsetBegin=10 CharacterOffsetEnd=14 PartOfSpeech=NNP Lemma=John NamedEntityTag=PERSON]
[Text=, CharacterOffsetBegin=14 CharacterOffsetEnd=15 PartOfSpeech=, Lemma=, NamedEntityTag=O]
[Text=but CharacterOffsetBegin=16 CharacterOffsetEnd=19 PartOfSpeech=CC Lemma=but NamedEntityTag=O]
[Text=he CharacterOffsetBegin=20 CharacterOffsetEnd=22 PartOfSpeech=PRP Lemma=he NamedEntityTag=O]
[Text=is CharacterOffsetBegin=23 CharacterOffsetEnd=25 PartOfSpeech=VBZ Lemma=be NamedEntityTag=O]
[Text=not CharacterOffsetBegin=26 CharacterOffsetEnd=29 PartOfSpeech=RB Lemma=not NamedEntityTag=O]
[Text=liked CharacterOffsetBegin=30 CharacterOffsetEnd=35 PartOfSpeech=VBN Lemma=like NamedEntityTag=O]
[Text=back CharacterOffsetBegin=36 CharacterOffsetEnd=40 PartOfSpeech=RB Lemma=back NamedEntityTag=O]
(ROOT
  (FRAG
    (S
      (S
        (NP (NNP Jim))
        (VP (VBZ likes)
          (NP (NNP John))))
      (, ,)
      (CC but)
      (S
        (NP (PRP he))
        (VP (VBZ is) (RB not)
          (VP (VBN liked)
            (ADVP (RB back))))))))

root(ROOT-0, likes-2)
nsubj(likes-2, Jim-1)
dobj(likes-2, John-3)
punct(likes-2, ,-4)
cc(likes-2, but-5)
nsubjpass(liked-9, he-6)
auxpass(liked-9, is-7)
neg(liked-9, not-8)
conj:but(likes-2, liked-9)
advmod(liked-9, back-10)

Coreference set:
	(1,6,[6,7]) -> (1,1,[1,2]), that is: "he" -> "Jim"
