Sentence #1 (15 tokens):
The skeleton was scarier than the pumpkin, because it looked like it was walking
[Text=The CharacterOffsetBegin=0 CharacterOffsetEnd=3 PartOfSpeech=DT Lemma=the NamedEntityTag=O]
[Text=skeleton CharacterOffsetBegin=4 CharacterOffsetEnd=12 PartOfSpeech=NN Lemma=skeleton NamedEntityTag=O]
[Text=was CharacterOffsetBegin=13 CharacterOffsetEnd=16 PartOfSpeech=VBD Lemma=be NamedEntityTag=O]
[Text=scarier CharacterOffsetBegin=17 CharacterOffsetEnd=24 PartOfSpeech=JJR Lemma=scarier NamedEntityTag=O]
[Text=than CharacterOffsetBegin=25 CharacterOffsetEnd=29 PartOfSpeech=IN Lemma=than NamedEntityTag=O]
[Text=the CharacterOffsetBegin=30 CharacterOffsetEnd=33 PartOfSpeech=DT Lemma=the NamedEntityTag=O]
[Text=pumpkin CharacterOffsetBegin=34 CharacterOffsetEnd=41 PartOfSpeech=NN Lemma=pumpkin NamedEntityTag=O]
[Text=, CharacterOffsetBegin=41 CharacterOffsetEnd=42 PartOfSpeech=, Lemma=, NamedEntityTag=O]
[Text=because CharacterOffsetBegin=43 CharacterOffsetEnd=50 PartOfSpeech=IN Lemma=because NamedEntityTag=O]
[Text=it CharacterOffsetBegin=51 CharacterOffsetEnd=53 PartOfSpeech=PRP Lemma=it NamedEntityTag=O]
[Text=looked CharacterOffsetBegin=54 CharacterOffsetEnd=60 PartOfSpeech=VBD Lemma=look NamedEntityTag=O]
[Text=like CharacterOffsetBegin=61 CharacterOffsetEnd=65 PartOfSpeech=IN Lemma=like NamedEntityTag=O]
[Text=it CharacterOffsetBegin=66 CharacterOffsetEnd=68 PartOfSpeech=PRP Lemma=it NamedEntityTag=O]
[Text=was CharacterOffsetBegin=69 CharacterOffsetEnd=72 PartOfSpeech=VBD Lemma=be NamedEntityTag=O]
[Text=walking CharacterOffsetBegin=73 CharacterOffsetEnd=80 PartOfSpeech=VBG Lemma=walk NamedEntityTag=O]
(ROOT
  (S
    (NP (DT The) (NN skeleton))
    (VP (VBD was)
      (ADJP (JJR scarier))
      (PP (IN than)
        (NP (DT the) (NN pumpkin)))
      (, ,)
      (SBAR (IN because)
        (S
          (NP (PRP it))
          (VP (VBD looked)
            (SBAR (IN like)
              (S
                (NP (PRP it))
                (VP (VBD was)
                  (VP (VBG walking)))))))))))

root(ROOT-0, scarier-4)
det(skeleton-2, The-1)
nsubj(scarier-4, skeleton-2)
cop(scarier-4, was-3)
case(pumpkin-7, than-5)
det(pumpkin-7, the-6)
nmod:than(scarier-4, pumpkin-7)
punct(scarier-4, ,-8)
mark(looked-11, because-9)
nsubj(looked-11, it-10)
advcl:because(scarier-4, looked-11)
mark(walking-15, like-12)
nsubj(walking-15, it-13)
aux(walking-15, was-14)
advcl:like(looked-11, walking-15)

Coreference set:
	(1,10,[10,11]) -> (1,2,[1,3]), that is: "it" -> "The skeleton"
	(1,13,[13,14]) -> (1,2,[1,3]), that is: "it" -> "The skeleton"
