Sentence #1 (15 tokens):
The skeleton was scarier than the pumpkin, because it was rather simplistic and orange
[Text=The CharacterOffsetBegin=0 CharacterOffsetEnd=3 PartOfSpeech=DT Lemma=the NamedEntityTag=O]
[Text=skeleton CharacterOffsetBegin=4 CharacterOffsetEnd=12 PartOfSpeech=NN Lemma=skeleton NamedEntityTag=O]
[Text=was CharacterOffsetBegin=13 CharacterOffsetEnd=16 PartOfSpeech=VBD Lemma=be NamedEntityTag=O]
[Text=scarier CharacterOffsetBegin=17 CharacterOffsetEnd=24 PartOfSpeech=JJR Lemma=scarier NamedEntityTag=O]
[Text=than CharacterOffsetBegin=25 CharacterOffsetEnd=29 PartOfSpeech=IN Lemma=than NamedEntityTag=O]
[Text=the CharacterOffsetBegin=30 CharacterOffsetEnd=33 PartOfSpeech=DT Lemma=the NamedEntityTag=O]
[Text=pumpkin CharacterOffsetBegin=34 CharacterOffsetEnd=41 PartOfSpeech=NN Lemma=pumpkin NamedEntityTag=O]
[Text=, CharacterOffsetBegin=41 CharacterOffsetEnd=42 PartOfSpeech=, Lemma=, NamedEntityTag=O]
[Text=because CharacterOffsetBegin=43 CharacterOffsetEnd=50 PartOfSpeech=IN Lemma=because NamedEntityTag=O]
[Text=it CharacterOffsetBegin=51 CharacterOffsetEnd=53 PartOfSpeech=PRP Lemma=it NamedEntityTag=O]
[Text=was CharacterOffsetBegin=54 CharacterOffsetEnd=57 PartOfSpeech=VBD Lemma=be NamedEntityTag=O]
[Text=rather CharacterOffsetBegin=58 CharacterOffsetEnd=64 PartOfSpeech=RB Lemma=rather NamedEntityTag=O]
[Text=simplistic CharacterOffsetBegin=65 CharacterOffsetEnd=75 PartOfSpeech=JJ Lemma=simplistic NamedEntityTag=O]
[Text=and CharacterOffsetBegin=76 CharacterOffsetEnd=79 PartOfSpeech=CC Lemma=and NamedEntityTag=O]
[Text=orange CharacterOffsetBegin=80 CharacterOffsetEnd=86 PartOfSpeech=JJ Lemma=orange NamedEntityTag=O]
(ROOT
  (S
    (NP (DT The) (NN skeleton))
    (VP (VBD was)
      (ADJP (JJR scarier))
      (PP (IN than)
        (NP (DT the) (NN pumpkin)))
      (, ,)
      (SBAR (IN because)
        (S
          (NP (PRP it))
          (VP (VBD was)
            (ADJP (RB rather) (JJ simplistic)
              (CC and)
              (JJ orange))))))))

root(ROOT-0, scarier-4)
det(skeleton-2, The-1)
nsubj(scarier-4, skeleton-2)
cop(scarier-4, was-3)
case(pumpkin-7, than-5)
det(pumpkin-7, the-6)
nmod:than(scarier-4, pumpkin-7)
punct(scarier-4, ,-8)
mark(simplistic-13, because-9)
nsubj(simplistic-13, it-10)
nsubj(orange-15, it-10)
cop(simplistic-13, was-11)
advmod(simplistic-13, rather-12)
advcl:because(scarier-4, simplistic-13)
cc(simplistic-13, and-14)
advcl:because(scarier-4, orange-15)
conj:and(simplistic-13, orange-15)

Coreference set:
	(1,10,[10,11]) -> (1,2,[1,3]), that is: "it" -> "The skeleton"
