Sentence #1 (15 tokens):
Schrodinger's cat walks into an empty building, but does it contain him?
[Text=Schrodinger CharacterOffsetBegin=0 CharacterOffsetEnd=11 PartOfSpeech=NNP Lemma=Schrodinger NamedEntityTag=PERSON]
[Text='s CharacterOffsetBegin=11 CharacterOffsetEnd=13 PartOfSpeech=POS Lemma='s NamedEntityTag=O]
[Text=cat CharacterOffsetBegin=14 CharacterOffsetEnd=17 PartOfSpeech=NN Lemma=cat NamedEntityTag=O]
[Text=walks CharacterOffsetBegin=18 CharacterOffsetEnd=23 PartOfSpeech=VBZ Lemma=walk NamedEntityTag=O]
[Text=into CharacterOffsetBegin=24 CharacterOffsetEnd=28 PartOfSpeech=IN Lemma=into NamedEntityTag=O]
[Text=an CharacterOffsetBegin=29 CharacterOffsetEnd=31 PartOfSpeech=DT Lemma=a NamedEntityTag=O]
[Text=empty CharacterOffsetBegin=32 CharacterOffsetEnd=37 PartOfSpeech=JJ Lemma=empty NamedEntityTag=O]
[Text=building CharacterOffsetBegin=38 CharacterOffsetEnd=46 PartOfSpeech=NN Lemma=building NamedEntityTag=O]
[Text=, CharacterOffsetBegin=46 CharacterOffsetEnd=47 PartOfSpeech=, Lemma=, NamedEntityTag=O]
[Text=but CharacterOffsetBegin=48 CharacterOffsetEnd=51 PartOfSpeech=CC Lemma=but NamedEntityTag=O]
[Text=does CharacterOffsetBegin=52 CharacterOffsetEnd=56 PartOfSpeech=VBZ Lemma=do NamedEntityTag=O]
[Text=it CharacterOffsetBegin=57 CharacterOffsetEnd=59 PartOfSpeech=PRP Lemma=it NamedEntityTag=O]
[Text=contain CharacterOffsetBegin=60 CharacterOffsetEnd=67 PartOfSpeech=VB Lemma=contain NamedEntityTag=O]
[Text=him CharacterOffsetBegin=68 CharacterOffsetEnd=71 PartOfSpeech=PRP Lemma=he NamedEntityTag=O]
[Text=? CharacterOffsetBegin=71 CharacterOffsetEnd=72 PartOfSpeech=. Lemma=? NamedEntityTag=O]
(ROOT
  (S
    (S
      (NP
        (NP (NNP Schrodinger) (POS 's))
        (NN cat))
      (VP (VBZ walks)
        (PP (IN into)
          (NP (DT an) (JJ empty) (NN building)))))
    (, ,)
    (CC but)
    (SQ (VBZ does)
      (NP (PRP it))
      (VP (VB contain)
        (NP (PRP him)))
      (. ?))))

root(ROOT-0, walks-4)
nmod:poss(cat-3, Schrodinger-1)
case(Schrodinger-1, 's-2)
nsubj(walks-4, cat-3)
case(building-8, into-5)
det(building-8, an-6)
amod(building-8, empty-7)
nmod:into(walks-4, building-8)
punct(walks-4, ,-9)
cc(walks-4, but-10)
aux(contain-13, does-11)
nsubj(contain-13, it-12)
conj:but(walks-4, contain-13)
dobj(contain-13, him-14)
punct(contain-13, ?-15)

Coreference set:
	(1,14,[14,15]) -> (1,3,[1,4]), that is: "him" -> "Schrodinger 's cat"
Coreference set:
	(1,12,[12,13]) -> (1,8,[6,9]), that is: "it" -> "an empty building"
