Sentence #1 (8 tokens):
Bob kicked Larry, because he was mad
[Text=Bob CharacterOffsetBegin=0 CharacterOffsetEnd=3 PartOfSpeech=NNP Lemma=Bob NamedEntityTag=PERSON]
[Text=kicked CharacterOffsetBegin=4 CharacterOffsetEnd=10 PartOfSpeech=VBD Lemma=kick NamedEntityTag=O]
[Text=Larry CharacterOffsetBegin=11 CharacterOffsetEnd=16 PartOfSpeech=NNP Lemma=Larry NamedEntityTag=PERSON]
[Text=, CharacterOffsetBegin=16 CharacterOffsetEnd=17 PartOfSpeech=, Lemma=, NamedEntityTag=O]
[Text=because CharacterOffsetBegin=18 CharacterOffsetEnd=25 PartOfSpeech=IN Lemma=because NamedEntityTag=O]
[Text=he CharacterOffsetBegin=26 CharacterOffsetEnd=28 PartOfSpeech=PRP Lemma=he NamedEntityTag=O]
[Text=was CharacterOffsetBegin=29 CharacterOffsetEnd=32 PartOfSpeech=VBD Lemma=be NamedEntityTag=O]
[Text=mad CharacterOffsetBegin=33 CharacterOffsetEnd=36 PartOfSpeech=JJ Lemma=mad NamedEntityTag=O]
(ROOT
  (S
    (NP (NNP Bob))
    (VP (VBD kicked)
      (NP (NNP Larry))
      (, ,)
      (SBAR (IN because)
        (S
          (NP (PRP he))
          (VP (VBD was)
            (ADJP (JJ mad))))))))

root(ROOT-0, kicked-2)
nsubj(kicked-2, Bob-1)
dobj(kicked-2, Larry-3)
punct(kicked-2, ,-4)
mark(mad-8, because-5)
nsubj(mad-8, he-6)
cop(mad-8, was-7)
advcl:because(kicked-2, mad-8)

Coreference set:
	(1,6,[6,7]) -> (1,1,[1,2]), that is: "he" -> "Bob"
