Sentence #1 (10 tokens):
Bob kicked Larry, because he made a condescending comment
[Text=Bob CharacterOffsetBegin=0 CharacterOffsetEnd=3 PartOfSpeech=NNP Lemma=Bob NamedEntityTag=PERSON]
[Text=kicked CharacterOffsetBegin=4 CharacterOffsetEnd=10 PartOfSpeech=VBD Lemma=kick NamedEntityTag=O]
[Text=Larry CharacterOffsetBegin=11 CharacterOffsetEnd=16 PartOfSpeech=NNP Lemma=Larry NamedEntityTag=PERSON]
[Text=, CharacterOffsetBegin=16 CharacterOffsetEnd=17 PartOfSpeech=, Lemma=, NamedEntityTag=O]
[Text=because CharacterOffsetBegin=18 CharacterOffsetEnd=25 PartOfSpeech=IN Lemma=because NamedEntityTag=O]
[Text=he CharacterOffsetBegin=26 CharacterOffsetEnd=28 PartOfSpeech=PRP Lemma=he NamedEntityTag=O]
[Text=made CharacterOffsetBegin=29 CharacterOffsetEnd=33 PartOfSpeech=VBD Lemma=make NamedEntityTag=O]
[Text=a CharacterOffsetBegin=34 CharacterOffsetEnd=35 PartOfSpeech=DT Lemma=a NamedEntityTag=O]
[Text=condescending CharacterOffsetBegin=36 CharacterOffsetEnd=49 PartOfSpeech=JJ Lemma=condescending NamedEntityTag=O]
[Text=comment CharacterOffsetBegin=50 CharacterOffsetEnd=57 PartOfSpeech=NN Lemma=comment NamedEntityTag=O]
(ROOT
  (S
    (NP (NNP Bob))
    (VP (VBD kicked)
      (NP (NNP Larry))
      (, ,)
      (SBAR (IN because)
        (S
          (NP (PRP he))
          (VP (VBD made)
            (NP (DT a) (JJ condescending) (NN comment))))))))

root(ROOT-0, kicked-2)
nsubj(kicked-2, Bob-1)
dobj(kicked-2, Larry-3)
punct(kicked-2, ,-4)
mark(made-7, because-5)
nsubj(made-7, he-6)
advcl:because(kicked-2, made-7)
det(comment-10, a-8)
amod(comment-10, condescending-9)
dobj(made-7, comment-10)

Coreference set:
	(1,6,[6,7]) -> (1,1,[1,2]), that is: "he" -> "Bob"
