Sentence #1 (6 tokens):
John shot Bill and he died
[Text=John CharacterOffsetBegin=0 CharacterOffsetEnd=4 PartOfSpeech=NNP Lemma=John NamedEntityTag=PERSON]
[Text=shot CharacterOffsetBegin=5 CharacterOffsetEnd=9 PartOfSpeech=VBD Lemma=shoot NamedEntityTag=PERSON]
[Text=Bill CharacterOffsetBegin=10 CharacterOffsetEnd=14 PartOfSpeech=NNP Lemma=Bill NamedEntityTag=PERSON]
[Text=and CharacterOffsetBegin=15 CharacterOffsetEnd=18 PartOfSpeech=CC Lemma=and NamedEntityTag=O]
[Text=he CharacterOffsetBegin=19 CharacterOffsetEnd=21 PartOfSpeech=PRP Lemma=he NamedEntityTag=O]
[Text=died CharacterOffsetBegin=22 CharacterOffsetEnd=26 PartOfSpeech=VBD Lemma=die NamedEntityTag=O]
(ROOT
  (S
    (NP (NNP John))
    (VP (VBD shot)
      (SBAR
        (S
          (NP (NNP Bill)
            (CC and)
            (PRP he))
          (VP (VBD died)))))))

root(ROOT-0, shot-2)
nsubj(shot-2, John-1)
nsubj(died-6, Bill-3)
cc(Bill-3, and-4)
conj:and(Bill-3, he-5)
nsubj(died-6, he-5)
ccomp(shot-2, died-6)

Coreference set:
	(1,5,[5,6]) -> (1,1,[1,4]), that is: "he" -> "John shot Bill"
