Sentence #1 (14 tokens):
The program deleted the reference to the data, but it was not deleted
[Text=The CharacterOffsetBegin=0 CharacterOffsetEnd=3 PartOfSpeech=DT Lemma=the NamedEntityTag=O]
[Text=program CharacterOffsetBegin=4 CharacterOffsetEnd=11 PartOfSpeech=NN Lemma=program NamedEntityTag=O]
[Text=deleted CharacterOffsetBegin=12 CharacterOffsetEnd=19 PartOfSpeech=VBN Lemma=delete NamedEntityTag=O]
[Text=the CharacterOffsetBegin=20 CharacterOffsetEnd=23 PartOfSpeech=DT Lemma=the NamedEntityTag=O]
[Text=reference CharacterOffsetBegin=24 CharacterOffsetEnd=33 PartOfSpeech=NN Lemma=reference NamedEntityTag=O]
[Text=to CharacterOffsetBegin=34 CharacterOffsetEnd=36 PartOfSpeech=TO Lemma=to NamedEntityTag=O]
[Text=the CharacterOffsetBegin=37 CharacterOffsetEnd=40 PartOfSpeech=DT Lemma=the NamedEntityTag=O]
[Text=data CharacterOffsetBegin=41 CharacterOffsetEnd=45 PartOfSpeech=NNS Lemma=datum NamedEntityTag=O]
[Text=, CharacterOffsetBegin=45 CharacterOffsetEnd=46 PartOfSpeech=, Lemma=, NamedEntityTag=O]
[Text=but CharacterOffsetBegin=47 CharacterOffsetEnd=50 PartOfSpeech=CC Lemma=but NamedEntityTag=O]
[Text=it CharacterOffsetBegin=51 CharacterOffsetEnd=53 PartOfSpeech=PRP Lemma=it NamedEntityTag=O]
[Text=was CharacterOffsetBegin=54 CharacterOffsetEnd=57 PartOfSpeech=VBD Lemma=be NamedEntityTag=O]
[Text=not CharacterOffsetBegin=58 CharacterOffsetEnd=61 PartOfSpeech=RB Lemma=not NamedEntityTag=O]
[Text=deleted CharacterOffsetBegin=62 CharacterOffsetEnd=69 PartOfSpeech=VBN Lemma=delete NamedEntityTag=O]
(ROOT
  (S
    (NP (DT The) (NN program))
    (VP (VBN deleted)
      (NP (DT the) (NN reference))
      (PP (TO to)
        (NP (DT the) (NNS data)))
      (, ,)
      (SBAR (CC but)
        (S
          (NP (PRP it))
          (VP (VBD was) (RB not)
            (VP (VBN deleted))))))))

root(ROOT-0, deleted-3)
det(program-2, The-1)
nsubj(deleted-3, program-2)
det(reference-5, the-4)
dobj(deleted-3, reference-5)
case(data-8, to-6)
det(data-8, the-7)
nmod:to(deleted-3, data-8)
punct(deleted-3, ,-9)
cc(deleted-14, but-10)
nsubjpass(deleted-14, it-11)
auxpass(deleted-14, was-12)
neg(deleted-14, not-13)
dep(deleted-3, deleted-14)

Coreference set:
	(1,11,[11,12]) -> (1,2,[1,3]), that is: "it" -> "The program"
