Sentence #1 (11 tokens):
The criminal shocked John, because he pulled out a gun
[Text=The CharacterOffsetBegin=0 CharacterOffsetEnd=3 PartOfSpeech=DT Lemma=the NamedEntityTag=O]
[Text=criminal CharacterOffsetBegin=4 CharacterOffsetEnd=12 PartOfSpeech=JJ Lemma=criminal NamedEntityTag=O]
[Text=shocked CharacterOffsetBegin=13 CharacterOffsetEnd=20 PartOfSpeech=JJ Lemma=shocked NamedEntityTag=O]
[Text=John CharacterOffsetBegin=21 CharacterOffsetEnd=25 PartOfSpeech=NNP Lemma=John NamedEntityTag=PERSON]
[Text=, CharacterOffsetBegin=25 CharacterOffsetEnd=26 PartOfSpeech=, Lemma=, NamedEntityTag=O]
[Text=because CharacterOffsetBegin=27 CharacterOffsetEnd=34 PartOfSpeech=IN Lemma=because NamedEntityTag=O]
[Text=he CharacterOffsetBegin=35 CharacterOffsetEnd=37 PartOfSpeech=PRP Lemma=he NamedEntityTag=O]
[Text=pulled CharacterOffsetBegin=38 CharacterOffsetEnd=44 PartOfSpeech=VBD Lemma=pull NamedEntityTag=O]
[Text=out CharacterOffsetBegin=45 CharacterOffsetEnd=48 PartOfSpeech=RP Lemma=out NamedEntityTag=O]
[Text=a CharacterOffsetBegin=49 CharacterOffsetEnd=50 PartOfSpeech=DT Lemma=a NamedEntityTag=O]
[Text=gun CharacterOffsetBegin=51 CharacterOffsetEnd=54 PartOfSpeech=NN Lemma=gun NamedEntityTag=O]
(ROOT
  (S
    (NP (DT The) (JJ criminal))
    (VP (JJ shocked)
      (NP
        (NP (NNP John))
        (, ,)
        (SBAR (IN because)
          (S
            (NP (PRP he))
            (VP (VBD pulled)
              (PRT (RP out))
              (NP (DT a) (NN gun)))))))))

root(ROOT-0, shocked-3)
det(criminal-2, The-1)
nsubj(shocked-3, criminal-2)
dobj(shocked-3, John-4)
punct(John-4, ,-5)
mark(pulled-8, because-6)
nsubj(pulled-8, he-7)
dep(John-4, pulled-8)
compound:prt(pulled-8, out-9)
det(gun-11, a-10)
dobj(pulled-8, gun-11)

Coreference set:
	(1,7,[7,8]) -> (1,2,[1,3]), that is: "he" -> "The criminal"
