Sentence #1 (15 tokens):
A banana and an apple go walking, when the yellow one does the talking
[Text=A CharacterOffsetBegin=0 CharacterOffsetEnd=1 PartOfSpeech=DT Lemma=a NamedEntityTag=O]
[Text=banana CharacterOffsetBegin=2 CharacterOffsetEnd=8 PartOfSpeech=NN Lemma=banana NamedEntityTag=O]
[Text=and CharacterOffsetBegin=9 CharacterOffsetEnd=12 PartOfSpeech=CC Lemma=and NamedEntityTag=O]
[Text=an CharacterOffsetBegin=13 CharacterOffsetEnd=15 PartOfSpeech=DT Lemma=a NamedEntityTag=O]
[Text=apple CharacterOffsetBegin=16 CharacterOffsetEnd=21 PartOfSpeech=NN Lemma=apple NamedEntityTag=O]
[Text=go CharacterOffsetBegin=22 CharacterOffsetEnd=24 PartOfSpeech=VB Lemma=go NamedEntityTag=O]
[Text=walking CharacterOffsetBegin=25 CharacterOffsetEnd=32 PartOfSpeech=VBG Lemma=walk NamedEntityTag=O]
[Text=, CharacterOffsetBegin=32 CharacterOffsetEnd=33 PartOfSpeech=, Lemma=, NamedEntityTag=O]
[Text=when CharacterOffsetBegin=34 CharacterOffsetEnd=38 PartOfSpeech=WRB Lemma=when NamedEntityTag=O]
[Text=the CharacterOffsetBegin=39 CharacterOffsetEnd=42 PartOfSpeech=DT Lemma=the NamedEntityTag=O]
[Text=yellow CharacterOffsetBegin=43 CharacterOffsetEnd=49 PartOfSpeech=JJ Lemma=yellow NamedEntityTag=O]
[Text=one CharacterOffsetBegin=50 CharacterOffsetEnd=53 PartOfSpeech=CD Lemma=one NamedEntityTag=NUMBER NormalizedNamedEntityTag=1.0]
[Text=does CharacterOffsetBegin=54 CharacterOffsetEnd=58 PartOfSpeech=VBZ Lemma=do NamedEntityTag=O]
[Text=the CharacterOffsetBegin=59 CharacterOffsetEnd=62 PartOfSpeech=DT Lemma=the NamedEntityTag=O]
[Text=talking CharacterOffsetBegin=63 CharacterOffsetEnd=70 PartOfSpeech=VBG Lemma=talk NamedEntityTag=O]
(ROOT
  (S
    (NP
      (NP (DT A) (NN banana))
      (CC and)
      (NP (DT an) (NN apple)
        (S
          (VP (VB go)
            (VP (VBG walking) (, ,)
              (SBAR
                (WHADVP (WRB when))
                (S
                  (NP (DT the) (JJ yellow) (CD one))
                  (VP (VBZ does)
                    (NP (DT the) (VBG talking))))))))))))

root(ROOT-0, banana-2)
det(banana-2, A-1)
cc(banana-2, and-3)
det(apple-5, an-4)
conj:and(banana-2, apple-5)
dep(apple-5, go-6)
xcomp(go-6, walking-7)
punct(walking-7, ,-8)
advmod(does-13, when-9)
det(one-12, the-10)
amod(one-12, yellow-11)
nsubj(does-13, one-12)
advcl(walking-7, does-13)
dobj(does-13, the-14)
amod(the-14, talking-15)

