Sentence #1 (15 tokens):
The employer offered Katie a job, because she was a fit for the company
[Text=The CharacterOffsetBegin=0 CharacterOffsetEnd=3 PartOfSpeech=DT Lemma=the NamedEntityTag=O]
[Text=employer CharacterOffsetBegin=4 CharacterOffsetEnd=12 PartOfSpeech=NN Lemma=employer NamedEntityTag=O]
[Text=offered CharacterOffsetBegin=13 CharacterOffsetEnd=20 PartOfSpeech=VBD Lemma=offer NamedEntityTag=O]
[Text=Katie CharacterOffsetBegin=21 CharacterOffsetEnd=26 PartOfSpeech=NNP Lemma=Katie NamedEntityTag=PERSON]
[Text=a CharacterOffsetBegin=27 CharacterOffsetEnd=28 PartOfSpeech=DT Lemma=a NamedEntityTag=O]
[Text=job CharacterOffsetBegin=29 CharacterOffsetEnd=32 PartOfSpeech=NN Lemma=job NamedEntityTag=O]
[Text=, CharacterOffsetBegin=32 CharacterOffsetEnd=33 PartOfSpeech=, Lemma=, NamedEntityTag=O]
[Text=because CharacterOffsetBegin=34 CharacterOffsetEnd=41 PartOfSpeech=IN Lemma=because NamedEntityTag=O]
[Text=she CharacterOffsetBegin=42 CharacterOffsetEnd=45 PartOfSpeech=PRP Lemma=she NamedEntityTag=O]
[Text=was CharacterOffsetBegin=46 CharacterOffsetEnd=49 PartOfSpeech=VBD Lemma=be NamedEntityTag=O]
[Text=a CharacterOffsetBegin=50 CharacterOffsetEnd=51 PartOfSpeech=DT Lemma=a NamedEntityTag=O]
[Text=fit CharacterOffsetBegin=52 CharacterOffsetEnd=55 PartOfSpeech=NN Lemma=fit NamedEntityTag=O]
[Text=for CharacterOffsetBegin=56 CharacterOffsetEnd=59 PartOfSpeech=IN Lemma=for NamedEntityTag=O]
[Text=the CharacterOffsetBegin=60 CharacterOffsetEnd=63 PartOfSpeech=DT Lemma=the NamedEntityTag=O]
[Text=company CharacterOffsetBegin=64 CharacterOffsetEnd=71 PartOfSpeech=NN Lemma=company NamedEntityTag=O]
(ROOT
  (S
    (NP (DT The) (NN employer))
    (VP (VBD offered)
      (NP (NNP Katie))
      (NP
        (NP (DT a) (NN job))
        (, ,)
        (SBAR (IN because)
          (S
            (NP (PRP she))
            (VP (VBD was)
              (NP
                (NP (DT a) (NN fit))
                (PP (IN for)
                  (NP (DT the) (NN company)))))))))))

root(ROOT-0, offered-3)
det(employer-2, The-1)
nsubj(offered-3, employer-2)
iobj(offered-3, Katie-4)
det(job-6, a-5)
dobj(offered-3, job-6)
punct(job-6, ,-7)
mark(fit-12, because-8)
nsubj(fit-12, she-9)
cop(fit-12, was-10)
det(fit-12, a-11)
dep(job-6, fit-12)
case(company-15, for-13)
det(company-15, the-14)
nmod:for(fit-12, company-15)

Coreference set:
	(1,9,[9,10]) -> (1,2,[1,3]), that is: "she" -> "The employer"
