Sentence #1 (12 tokens):
The employer offered Katie a job, because she liked the interviewee
[Text=The CharacterOffsetBegin=0 CharacterOffsetEnd=3 PartOfSpeech=DT Lemma=the NamedEntityTag=O]
[Text=employer CharacterOffsetBegin=4 CharacterOffsetEnd=12 PartOfSpeech=NN Lemma=employer NamedEntityTag=O]
[Text=offered CharacterOffsetBegin=13 CharacterOffsetEnd=20 PartOfSpeech=VBD Lemma=offer NamedEntityTag=O]
[Text=Katie CharacterOffsetBegin=21 CharacterOffsetEnd=26 PartOfSpeech=NNP Lemma=Katie NamedEntityTag=PERSON]
[Text=a CharacterOffsetBegin=27 CharacterOffsetEnd=28 PartOfSpeech=DT Lemma=a NamedEntityTag=O]
[Text=job CharacterOffsetBegin=29 CharacterOffsetEnd=32 PartOfSpeech=NN Lemma=job NamedEntityTag=O]
[Text=, CharacterOffsetBegin=32 CharacterOffsetEnd=33 PartOfSpeech=, Lemma=, NamedEntityTag=O]
[Text=because CharacterOffsetBegin=34 CharacterOffsetEnd=41 PartOfSpeech=IN Lemma=because NamedEntityTag=O]
[Text=she CharacterOffsetBegin=42 CharacterOffsetEnd=45 PartOfSpeech=PRP Lemma=she NamedEntityTag=O]
[Text=liked CharacterOffsetBegin=46 CharacterOffsetEnd=51 PartOfSpeech=VBD Lemma=like NamedEntityTag=O]
[Text=the CharacterOffsetBegin=52 CharacterOffsetEnd=55 PartOfSpeech=DT Lemma=the NamedEntityTag=O]
[Text=interviewee CharacterOffsetBegin=56 CharacterOffsetEnd=67 PartOfSpeech=NN Lemma=interviewee NamedEntityTag=O]
(ROOT
  (S
    (NP (DT The) (NN employer))
    (VP (VBD offered)
      (NP (NNP Katie))
      (NP
        (NP (DT a) (NN job))
        (, ,)
        (SBAR (IN because)
          (S
            (NP (PRP she))
            (VP (VBD liked)
              (NP (DT the) (NN interviewee)))))))))

root(ROOT-0, offered-3)
det(employer-2, The-1)
nsubj(offered-3, employer-2)
iobj(offered-3, Katie-4)
det(job-6, a-5)
dobj(offered-3, job-6)
punct(job-6, ,-7)
mark(liked-10, because-8)
nsubj(liked-10, she-9)
dep(job-6, liked-10)
det(interviewee-12, the-11)
dobj(liked-10, interviewee-12)

Coreference set:
	(1,9,[9,10]) -> (1,2,[1,3]), that is: "she" -> "The employer"
