Sentence #1 (13 tokens):
Jim was delighted to see Jack, because he brightened up his day
[Text=Jim CharacterOffsetBegin=0 CharacterOffsetEnd=3 PartOfSpeech=NNP Lemma=Jim NamedEntityTag=PERSON]
[Text=was CharacterOffsetBegin=4 CharacterOffsetEnd=7 PartOfSpeech=VBD Lemma=be NamedEntityTag=O]
[Text=delighted CharacterOffsetBegin=8 CharacterOffsetEnd=17 PartOfSpeech=JJ Lemma=delighted NamedEntityTag=O]
[Text=to CharacterOffsetBegin=18 CharacterOffsetEnd=20 PartOfSpeech=TO Lemma=to NamedEntityTag=O]
[Text=see CharacterOffsetBegin=21 CharacterOffsetEnd=24 PartOfSpeech=VB Lemma=see NamedEntityTag=O]
[Text=Jack CharacterOffsetBegin=25 CharacterOffsetEnd=29 PartOfSpeech=NNP Lemma=Jack NamedEntityTag=PERSON]
[Text=, CharacterOffsetBegin=29 CharacterOffsetEnd=30 PartOfSpeech=, Lemma=, NamedEntityTag=O]
[Text=because CharacterOffsetBegin=31 CharacterOffsetEnd=38 PartOfSpeech=IN Lemma=because NamedEntityTag=O]
[Text=he CharacterOffsetBegin=39 CharacterOffsetEnd=41 PartOfSpeech=PRP Lemma=he NamedEntityTag=O]
[Text=brightened CharacterOffsetBegin=42 CharacterOffsetEnd=52 PartOfSpeech=VBD Lemma=brighten NamedEntityTag=O]
[Text=up CharacterOffsetBegin=53 CharacterOffsetEnd=55 PartOfSpeech=RP Lemma=up NamedEntityTag=O]
[Text=his CharacterOffsetBegin=56 CharacterOffsetEnd=59 PartOfSpeech=PRP$ Lemma=he NamedEntityTag=O]
[Text=day CharacterOffsetBegin=60 CharacterOffsetEnd=63 PartOfSpeech=NN Lemma=day NamedEntityTag=DURATION NormalizedNamedEntityTag=P1D Timex=<TIMEX3 tid="t1" type="DURATION" value="P1D">day</TIMEX3>]
(ROOT
  (S
    (NP (NNP Jim))
    (VP (VBD was)
      (ADJP (JJ delighted)
        (S
          (VP (TO to)
            (VP (VB see)
              (NP (NNP Jack))))))
      (, ,)
      (SBAR (IN because)
        (S
          (NP (PRP he))
          (VP (VBD brightened)
            (PRT (RP up))
            (NP (PRP$ his) (NN day))))))))

root(ROOT-0, delighted-3)
nsubj(delighted-3, Jim-1)
nsubj:xsubj(see-5, Jim-1)
cop(delighted-3, was-2)
mark(see-5, to-4)
xcomp(delighted-3, see-5)
dobj(see-5, Jack-6)
punct(delighted-3, ,-7)
mark(brightened-10, because-8)
nsubj(brightened-10, he-9)
advcl:because(delighted-3, brightened-10)
compound:prt(brightened-10, up-11)
nmod:poss(day-13, his-12)
nmod:tmod(brightened-10, day-13)

Coreference set:
	(1,9,[9,10]) -> (1,1,[1,2]), that is: "he" -> "Jim"
	(1,12,[12,13]) -> (1,1,[1,2]), that is: "his" -> "Jim"
