Sentence #1 (17 tokens):
Jim was delighted to see Jack, because he was given the strength to finish his day
[Text=Jim CharacterOffsetBegin=0 CharacterOffsetEnd=3 PartOfSpeech=NNP Lemma=Jim NamedEntityTag=PERSON]
[Text=was CharacterOffsetBegin=4 CharacterOffsetEnd=7 PartOfSpeech=VBD Lemma=be NamedEntityTag=O]
[Text=delighted CharacterOffsetBegin=8 CharacterOffsetEnd=17 PartOfSpeech=JJ Lemma=delighted NamedEntityTag=O]
[Text=to CharacterOffsetBegin=18 CharacterOffsetEnd=20 PartOfSpeech=TO Lemma=to NamedEntityTag=O]
[Text=see CharacterOffsetBegin=21 CharacterOffsetEnd=24 PartOfSpeech=VB Lemma=see NamedEntityTag=O]
[Text=Jack CharacterOffsetBegin=25 CharacterOffsetEnd=29 PartOfSpeech=NNP Lemma=Jack NamedEntityTag=PERSON]
[Text=, CharacterOffsetBegin=29 CharacterOffsetEnd=30 PartOfSpeech=, Lemma=, NamedEntityTag=O]
[Text=because CharacterOffsetBegin=31 CharacterOffsetEnd=38 PartOfSpeech=IN Lemma=because NamedEntityTag=O]
[Text=he CharacterOffsetBegin=39 CharacterOffsetEnd=41 PartOfSpeech=PRP Lemma=he NamedEntityTag=O]
[Text=was CharacterOffsetBegin=42 CharacterOffsetEnd=45 PartOfSpeech=VBD Lemma=be NamedEntityTag=O]
[Text=given CharacterOffsetBegin=46 CharacterOffsetEnd=51 PartOfSpeech=VBN Lemma=give NamedEntityTag=O]
[Text=the CharacterOffsetBegin=52 CharacterOffsetEnd=55 PartOfSpeech=DT Lemma=the NamedEntityTag=O]
[Text=strength CharacterOffsetBegin=56 CharacterOffsetEnd=64 PartOfSpeech=NN Lemma=strength NamedEntityTag=O]
[Text=to CharacterOffsetBegin=65 CharacterOffsetEnd=67 PartOfSpeech=TO Lemma=to NamedEntityTag=O]
[Text=finish CharacterOffsetBegin=68 CharacterOffsetEnd=74 PartOfSpeech=VB Lemma=finish NamedEntityTag=O]
[Text=his CharacterOffsetBegin=75 CharacterOffsetEnd=78 PartOfSpeech=PRP$ Lemma=he NamedEntityTag=O]
[Text=day CharacterOffsetBegin=79 CharacterOffsetEnd=82 PartOfSpeech=NN Lemma=day NamedEntityTag=DURATION NormalizedNamedEntityTag=P1D Timex=<TIMEX3 tid="t1" type="DURATION" value="P1D">day</TIMEX3>]
(ROOT
  (S
    (NP (NNP Jim))
    (VP (VBD was)
      (ADJP (JJ delighted)
        (S
          (VP (TO to)
            (VP (VB see)
              (NP (NNP Jack))))))
      (, ,)
      (SBAR (IN because)
        (S
          (NP (PRP he))
          (VP (VBD was)
            (VP (VBN given)
              (NP (DT the) (NN strength)
                (S
                  (VP (TO to)
                    (VP (VB finish)
                      (NP (PRP$ his) (NN day)))))))))))))

root(ROOT-0, delighted-3)
nsubj(delighted-3, Jim-1)
nsubj:xsubj(see-5, Jim-1)
cop(delighted-3, was-2)
mark(see-5, to-4)
xcomp(delighted-3, see-5)
dobj(see-5, Jack-6)
punct(delighted-3, ,-7)
mark(given-11, because-8)
nsubjpass(given-11, he-9)
auxpass(given-11, was-10)
advcl:because(delighted-3, given-11)
det(strength-13, the-12)
dobj(given-11, strength-13)
mark(finish-15, to-14)
acl:to(strength-13, finish-15)
nmod:poss(day-17, his-16)
nmod:tmod(finish-15, day-17)

Coreference set:
	(1,9,[9,10]) -> (1,1,[1,2]), that is: "he" -> "Jim"
	(1,16,[16,17]) -> (1,1,[1,2]), that is: "his" -> "Jim"
