Sentence #1 (13 tokens):
He likes Cuba and hates Japan because it is not a communist country
[Text=He CharacterOffsetBegin=0 CharacterOffsetEnd=2 PartOfSpeech=PRP Lemma=he NamedEntityTag=O]
[Text=likes CharacterOffsetBegin=3 CharacterOffsetEnd=8 PartOfSpeech=VBZ Lemma=like NamedEntityTag=O]
[Text=Cuba CharacterOffsetBegin=9 CharacterOffsetEnd=13 PartOfSpeech=NNP Lemma=Cuba NamedEntityTag=LOCATION]
[Text=and CharacterOffsetBegin=14 CharacterOffsetEnd=17 PartOfSpeech=CC Lemma=and NamedEntityTag=O]
[Text=hates CharacterOffsetBegin=18 CharacterOffsetEnd=23 PartOfSpeech=VBZ Lemma=hate NamedEntityTag=O]
[Text=Japan CharacterOffsetBegin=24 CharacterOffsetEnd=29 PartOfSpeech=NNP Lemma=Japan NamedEntityTag=LOCATION]
[Text=because CharacterOffsetBegin=30 CharacterOffsetEnd=37 PartOfSpeech=IN Lemma=because NamedEntityTag=O]
[Text=it CharacterOffsetBegin=38 CharacterOffsetEnd=40 PartOfSpeech=PRP Lemma=it NamedEntityTag=O]
[Text=is CharacterOffsetBegin=41 CharacterOffsetEnd=43 PartOfSpeech=VBZ Lemma=be NamedEntityTag=O]
[Text=not CharacterOffsetBegin=44 CharacterOffsetEnd=47 PartOfSpeech=RB Lemma=not NamedEntityTag=O]
[Text=a CharacterOffsetBegin=48 CharacterOffsetEnd=49 PartOfSpeech=DT Lemma=a NamedEntityTag=O]
[Text=communist CharacterOffsetBegin=50 CharacterOffsetEnd=59 PartOfSpeech=JJ Lemma=communist NamedEntityTag=O]
[Text=country CharacterOffsetBegin=60 CharacterOffsetEnd=67 PartOfSpeech=NN Lemma=country NamedEntityTag=O]
(ROOT
  (S
    (NP (PRP He))
    (VP
      (VP (VBZ likes)
        (NP (NNP Cuba)))
      (CC and)
      (VP (VBZ hates)
        (NP
          (NP (NNP Japan))
          (SBAR (IN because)
            (S
              (NP (PRP it))
              (VP (VBZ is) (RB not)
                (NP (DT a) (JJ communist) (NN country))))))))))

root(ROOT-0, likes-2)
nsubj(likes-2, He-1)
nsubj(hates-5, He-1)
dobj(likes-2, Cuba-3)
cc(likes-2, and-4)
conj:and(likes-2, hates-5)
dobj(hates-5, Japan-6)
mark(country-13, because-7)
nsubj(country-13, it-8)
cop(country-13, is-9)
neg(country-13, not-10)
det(country-13, a-11)
amod(country-13, communist-12)
dep(Japan-6, country-13)

Coreference set:
	(1,8,[8,9]) -> (1,3,[3,4]), that is: "it" -> "Cuba"
	(1,13,[11,14]) -> (1,3,[3,4]), that is: "a communist country" -> "Cuba"
