Sentence #1 (11 tokens):
Saudi Arabians do not respect the Bangladeshis because they are poor
[Text=Saudi CharacterOffsetBegin=0 CharacterOffsetEnd=5 PartOfSpeech=JJ Lemma=saudi NamedEntityTag=MISC]
[Text=Arabians CharacterOffsetBegin=6 CharacterOffsetEnd=14 PartOfSpeech=NNPS Lemma=Arabians NamedEntityTag=MISC]
[Text=do CharacterOffsetBegin=15 CharacterOffsetEnd=17 PartOfSpeech=VBP Lemma=do NamedEntityTag=O]
[Text=not CharacterOffsetBegin=18 CharacterOffsetEnd=21 PartOfSpeech=RB Lemma=not NamedEntityTag=O]
[Text=respect CharacterOffsetBegin=22 CharacterOffsetEnd=29 PartOfSpeech=VB Lemma=respect NamedEntityTag=O]
[Text=the CharacterOffsetBegin=30 CharacterOffsetEnd=33 PartOfSpeech=DT Lemma=the NamedEntityTag=O]
[Text=Bangladeshis CharacterOffsetBegin=34 CharacterOffsetEnd=46 PartOfSpeech=NNPS Lemma=Bangladeshis NamedEntityTag=MISC]
[Text=because CharacterOffsetBegin=47 CharacterOffsetEnd=54 PartOfSpeech=IN Lemma=because NamedEntityTag=O]
[Text=they CharacterOffsetBegin=55 CharacterOffsetEnd=59 PartOfSpeech=PRP Lemma=they NamedEntityTag=O]
[Text=are CharacterOffsetBegin=60 CharacterOffsetEnd=63 PartOfSpeech=VBP Lemma=be NamedEntityTag=O]
[Text=poor CharacterOffsetBegin=64 CharacterOffsetEnd=68 PartOfSpeech=JJ Lemma=poor NamedEntityTag=O]
(ROOT
  (S
    (NP (JJ Saudi) (NNPS Arabians))
    (VP (VBP do) (RB not)
      (VP (VB respect)
        (NP (DT the) (NNPS Bangladeshis))
        (SBAR (IN because)
          (S
            (NP (PRP they))
            (VP (VBP are)
              (ADJP (JJ poor)))))))))

root(ROOT-0, respect-5)
amod(Arabians-2, Saudi-1)
nsubj(respect-5, Arabians-2)
aux(respect-5, do-3)
neg(respect-5, not-4)
det(Bangladeshis-7, the-6)
dobj(respect-5, Bangladeshis-7)
mark(poor-11, because-8)
nsubj(poor-11, they-9)
cop(poor-11, are-10)
advcl:because(respect-5, poor-11)

