Sentence #1 (13 tokens):
Richard blackmailed Senator Carson so that his rise to power would be secured
[Text=Richard CharacterOffsetBegin=0 CharacterOffsetEnd=7 PartOfSpeech=NNP Lemma=Richard NamedEntityTag=PERSON]
[Text=blackmailed CharacterOffsetBegin=8 CharacterOffsetEnd=19 PartOfSpeech=VBD Lemma=blackmail NamedEntityTag=O]
[Text=Senator CharacterOffsetBegin=20 CharacterOffsetEnd=27 PartOfSpeech=NNP Lemma=Senator NamedEntityTag=O]
[Text=Carson CharacterOffsetBegin=28 CharacterOffsetEnd=34 PartOfSpeech=NNP Lemma=Carson NamedEntityTag=PERSON]
[Text=so CharacterOffsetBegin=35 CharacterOffsetEnd=37 PartOfSpeech=IN Lemma=so NamedEntityTag=O]
[Text=that CharacterOffsetBegin=38 CharacterOffsetEnd=42 PartOfSpeech=IN Lemma=that NamedEntityTag=O]
[Text=his CharacterOffsetBegin=43 CharacterOffsetEnd=46 PartOfSpeech=PRP$ Lemma=he NamedEntityTag=O]
[Text=rise CharacterOffsetBegin=47 CharacterOffsetEnd=51 PartOfSpeech=NN Lemma=rise NamedEntityTag=O]
[Text=to CharacterOffsetBegin=52 CharacterOffsetEnd=54 PartOfSpeech=TO Lemma=to NamedEntityTag=O]
[Text=power CharacterOffsetBegin=55 CharacterOffsetEnd=60 PartOfSpeech=NN Lemma=power NamedEntityTag=O]
[Text=would CharacterOffsetBegin=61 CharacterOffsetEnd=66 PartOfSpeech=MD Lemma=would NamedEntityTag=O]
[Text=be CharacterOffsetBegin=67 CharacterOffsetEnd=69 PartOfSpeech=VB Lemma=be NamedEntityTag=O]
[Text=secured CharacterOffsetBegin=70 CharacterOffsetEnd=77 PartOfSpeech=VBN Lemma=secure NamedEntityTag=O]
(ROOT
  (S
    (NP (NNP Richard))
    (VP (VBD blackmailed)
      (NP (NNP Senator) (NNP Carson))
      (SBAR (IN so) (IN that)
        (S
          (NP
            (NP (PRP$ his) (NN rise))
            (PP (TO to)
              (NP (NN power))))
          (VP (MD would)
            (VP (VB be)
              (VP (VBN secured)))))))))

root(ROOT-0, blackmailed-2)
nsubj(blackmailed-2, Richard-1)
compound(Carson-4, Senator-3)
dobj(blackmailed-2, Carson-4)
mark(secured-13, so-5)
mwe(so-5, that-6)
nmod:poss(rise-8, his-7)
nsubjpass(secured-13, rise-8)
case(power-10, to-9)
nmod:to(rise-8, power-10)
aux(secured-13, would-11)
auxpass(secured-13, be-12)
advcl:so_that(blackmailed-2, secured-13)

Coreference set:
	(1,7,[7,8]) -> (1,1,[1,2]), that is: "his" -> "Richard"
