Sentence #1 (15 tokens):
Carl borrowed a book from Richard, but the book was never returned to him
[Text=Carl CharacterOffsetBegin=0 CharacterOffsetEnd=4 PartOfSpeech=NNP Lemma=Carl NamedEntityTag=PERSON]
[Text=borrowed CharacterOffsetBegin=5 CharacterOffsetEnd=13 PartOfSpeech=VBD Lemma=borrow NamedEntityTag=O]
[Text=a CharacterOffsetBegin=14 CharacterOffsetEnd=15 PartOfSpeech=DT Lemma=a NamedEntityTag=O]
[Text=book CharacterOffsetBegin=16 CharacterOffsetEnd=20 PartOfSpeech=NN Lemma=book NamedEntityTag=O]
[Text=from CharacterOffsetBegin=21 CharacterOffsetEnd=25 PartOfSpeech=IN Lemma=from NamedEntityTag=O]
[Text=Richard CharacterOffsetBegin=26 CharacterOffsetEnd=33 PartOfSpeech=NNP Lemma=Richard NamedEntityTag=PERSON]
[Text=, CharacterOffsetBegin=33 CharacterOffsetEnd=34 PartOfSpeech=, Lemma=, NamedEntityTag=O]
[Text=but CharacterOffsetBegin=35 CharacterOffsetEnd=38 PartOfSpeech=CC Lemma=but NamedEntityTag=O]
[Text=the CharacterOffsetBegin=39 CharacterOffsetEnd=42 PartOfSpeech=DT Lemma=the NamedEntityTag=O]
[Text=book CharacterOffsetBegin=43 CharacterOffsetEnd=47 PartOfSpeech=NN Lemma=book NamedEntityTag=O]
[Text=was CharacterOffsetBegin=48 CharacterOffsetEnd=51 PartOfSpeech=VBD Lemma=be NamedEntityTag=O]
[Text=never CharacterOffsetBegin=52 CharacterOffsetEnd=57 PartOfSpeech=RB Lemma=never NamedEntityTag=O]
[Text=returned CharacterOffsetBegin=58 CharacterOffsetEnd=66 PartOfSpeech=VBN Lemma=return NamedEntityTag=O]
[Text=to CharacterOffsetBegin=67 CharacterOffsetEnd=69 PartOfSpeech=TO Lemma=to NamedEntityTag=O]
[Text=him CharacterOffsetBegin=70 CharacterOffsetEnd=73 PartOfSpeech=PRP Lemma=he NamedEntityTag=O]
(ROOT
  (FRAG
    (S
      (S
        (NP (NNP Carl))
        (VP (VBD borrowed)
          (NP (DT a) (NN book))
          (PP (IN from)
            (NP (NNP Richard)))))
      (, ,)
      (CC but)
      (S
        (NP (DT the) (NN book))
        (VP (VBD was)
          (ADVP (RB never))
          (VP (VBN returned)
            (PP (TO to)
              (NP (PRP him)))))))))

root(ROOT-0, borrowed-2)
nsubj(borrowed-2, Carl-1)
det(book-4, a-3)
dobj(borrowed-2, book-4)
case(Richard-6, from-5)
nmod:from(borrowed-2, Richard-6)
punct(borrowed-2, ,-7)
cc(borrowed-2, but-8)
det(book-10, the-9)
nsubjpass(returned-13, book-10)
auxpass(returned-13, was-11)
neg(returned-13, never-12)
conj:but(borrowed-2, returned-13)
case(him-15, to-14)
nmod:to(returned-13, him-15)

Coreference set:
	(1,15,[15,16]) -> (1,1,[1,2]), that is: "him" -> "Carl"
Coreference set:
	(1,10,[9,11]) -> (1,4,[3,5]), that is: "the book" -> "a book"
