Sentence #1 (15 tokens):
Tradition dictated the captain hold the Stanley Cup first, and it is always followed
[Text=Tradition CharacterOffsetBegin=0 CharacterOffsetEnd=9 PartOfSpeech=NN Lemma=tradition NamedEntityTag=O]
[Text=dictated CharacterOffsetBegin=10 CharacterOffsetEnd=18 PartOfSpeech=VBD Lemma=dictate NamedEntityTag=O]
[Text=the CharacterOffsetBegin=19 CharacterOffsetEnd=22 PartOfSpeech=DT Lemma=the NamedEntityTag=O]
[Text=captain CharacterOffsetBegin=23 CharacterOffsetEnd=30 PartOfSpeech=NN Lemma=captain NamedEntityTag=O]
[Text=hold CharacterOffsetBegin=31 CharacterOffsetEnd=35 PartOfSpeech=VBP Lemma=hold NamedEntityTag=O]
[Text=the CharacterOffsetBegin=36 CharacterOffsetEnd=39 PartOfSpeech=DT Lemma=the NamedEntityTag=O]
[Text=Stanley CharacterOffsetBegin=40 CharacterOffsetEnd=47 PartOfSpeech=NNP Lemma=Stanley NamedEntityTag=MISC]
[Text=Cup CharacterOffsetBegin=48 CharacterOffsetEnd=51 PartOfSpeech=NNP Lemma=Cup NamedEntityTag=MISC]
[Text=first CharacterOffsetBegin=52 CharacterOffsetEnd=57 PartOfSpeech=RB Lemma=first NamedEntityTag=ORDINAL NormalizedNamedEntityTag=1.0]
[Text=, CharacterOffsetBegin=57 CharacterOffsetEnd=58 PartOfSpeech=, Lemma=, NamedEntityTag=O]
[Text=and CharacterOffsetBegin=59 CharacterOffsetEnd=62 PartOfSpeech=CC Lemma=and NamedEntityTag=O]
[Text=it CharacterOffsetBegin=63 CharacterOffsetEnd=65 PartOfSpeech=PRP Lemma=it NamedEntityTag=O]
[Text=is CharacterOffsetBegin=66 CharacterOffsetEnd=68 PartOfSpeech=VBZ Lemma=be NamedEntityTag=O]
[Text=always CharacterOffsetBegin=69 CharacterOffsetEnd=75 PartOfSpeech=RB Lemma=always NamedEntityTag=O]
[Text=followed CharacterOffsetBegin=76 CharacterOffsetEnd=84 PartOfSpeech=VBN Lemma=follow NamedEntityTag=O]
(ROOT
  (S
    (S
      (NP (NN Tradition))
      (VP (VBD dictated)
        (SBAR
          (S
            (NP (DT the) (NN captain))
            (VP (VBP hold)
              (NP (DT the) (NNP Stanley) (NNP Cup))
              (ADVP (RB first)))))))
    (, ,)
    (CC and)
    (S
      (NP (PRP it))
      (VP (VBZ is)
        (ADVP (RB always))
        (VP (VBN followed))))))

root(ROOT-0, dictated-2)
nsubj(dictated-2, Tradition-1)
det(captain-4, the-3)
nsubj(hold-5, captain-4)
ccomp(dictated-2, hold-5)
det(Cup-8, the-6)
compound(Cup-8, Stanley-7)
dobj(hold-5, Cup-8)
advmod(hold-5, first-9)
punct(dictated-2, ,-10)
cc(dictated-2, and-11)
nsubjpass(followed-15, it-12)
auxpass(followed-15, is-13)
advmod(followed-15, always-14)
conj:and(dictated-2, followed-15)

Coreference set:
	(1,12,[12,13]) -> (1,8,[6,9]), that is: "it" -> "the Stanley Cup"
