Sentence #1 (11 tokens):
The bat hit the ball because it was designed to hit
[Text=The CharacterOffsetBegin=0 CharacterOffsetEnd=3 PartOfSpeech=DT Lemma=the NamedEntityTag=O]
[Text=bat CharacterOffsetBegin=4 CharacterOffsetEnd=7 PartOfSpeech=NN Lemma=bat NamedEntityTag=O]
[Text=hit CharacterOffsetBegin=8 CharacterOffsetEnd=11 PartOfSpeech=VBD Lemma=hit NamedEntityTag=O]
[Text=the CharacterOffsetBegin=12 CharacterOffsetEnd=15 PartOfSpeech=DT Lemma=the NamedEntityTag=O]
[Text=ball CharacterOffsetBegin=16 CharacterOffsetEnd=20 PartOfSpeech=NN Lemma=ball NamedEntityTag=O]
[Text=because CharacterOffsetBegin=21 CharacterOffsetEnd=28 PartOfSpeech=IN Lemma=because NamedEntityTag=O]
[Text=it CharacterOffsetBegin=29 CharacterOffsetEnd=31 PartOfSpeech=PRP Lemma=it NamedEntityTag=O]
[Text=was CharacterOffsetBegin=32 CharacterOffsetEnd=35 PartOfSpeech=VBD Lemma=be NamedEntityTag=O]
[Text=designed CharacterOffsetBegin=36 CharacterOffsetEnd=44 PartOfSpeech=VBN Lemma=design NamedEntityTag=O]
[Text=to CharacterOffsetBegin=45 CharacterOffsetEnd=47 PartOfSpeech=TO Lemma=to NamedEntityTag=O]
[Text=hit CharacterOffsetBegin=48 CharacterOffsetEnd=51 PartOfSpeech=VB Lemma=hit NamedEntityTag=O]
(ROOT
  (S
    (NP (DT The) (NN bat))
    (VP (VBD hit)
      (NP (DT the) (NN ball))
      (SBAR (IN because)
        (S
          (NP (PRP it))
          (VP (VBD was)
            (VP (VBN designed)
              (S
                (VP (TO to)
                  (VP (VB hit)))))))))))

root(ROOT-0, hit-3)
det(bat-2, The-1)
nsubj(hit-3, bat-2)
det(ball-5, the-4)
dobj(hit-3, ball-5)
mark(designed-9, because-6)
nsubjpass(designed-9, it-7)
nsubj:xsubj(hit-11, it-7)
auxpass(designed-9, was-8)
advcl:because(hit-3, designed-9)
mark(hit-11, to-10)
xcomp(designed-9, hit-11)

