Sentence #1 (12 tokens):
The article about the fires said that they torched most of Seattle
[Text=The CharacterOffsetBegin=0 CharacterOffsetEnd=3 PartOfSpeech=DT Lemma=the NamedEntityTag=O]
[Text=article CharacterOffsetBegin=4 CharacterOffsetEnd=11 PartOfSpeech=NN Lemma=article NamedEntityTag=O]
[Text=about CharacterOffsetBegin=12 CharacterOffsetEnd=17 PartOfSpeech=IN Lemma=about NamedEntityTag=O]
[Text=the CharacterOffsetBegin=18 CharacterOffsetEnd=21 PartOfSpeech=DT Lemma=the NamedEntityTag=O]
[Text=fires CharacterOffsetBegin=22 CharacterOffsetEnd=27 PartOfSpeech=NNS Lemma=fire NamedEntityTag=O]
[Text=said CharacterOffsetBegin=28 CharacterOffsetEnd=32 PartOfSpeech=VBD Lemma=say NamedEntityTag=O]
[Text=that CharacterOffsetBegin=33 CharacterOffsetEnd=37 PartOfSpeech=IN Lemma=that NamedEntityTag=O]
[Text=they CharacterOffsetBegin=38 CharacterOffsetEnd=42 PartOfSpeech=PRP Lemma=they NamedEntityTag=O]
[Text=torched CharacterOffsetBegin=43 CharacterOffsetEnd=50 PartOfSpeech=VBD Lemma=torch NamedEntityTag=O]
[Text=most CharacterOffsetBegin=51 CharacterOffsetEnd=55 PartOfSpeech=JJS Lemma=most NamedEntityTag=O]
[Text=of CharacterOffsetBegin=56 CharacterOffsetEnd=58 PartOfSpeech=IN Lemma=of NamedEntityTag=O]
[Text=Seattle CharacterOffsetBegin=59 CharacterOffsetEnd=66 PartOfSpeech=NNP Lemma=Seattle NamedEntityTag=LOCATION]
(ROOT
  (S
    (NP
      (NP (DT The) (NN article))
      (PP (IN about)
        (NP (DT the) (NNS fires))))
    (VP (VBD said)
      (SBAR (IN that)
        (S
          (NP (PRP they))
          (VP (VBD torched)
            (NP
              (NP (JJS most))
              (PP (IN of)
                (NP (NNP Seattle))))))))))

root(ROOT-0, said-6)
det(article-2, The-1)
nsubj(said-6, article-2)
case(fires-5, about-3)
det(fires-5, the-4)
nmod:about(article-2, fires-5)
mark(torched-9, that-7)
nsubj(torched-9, they-8)
ccomp(said-6, torched-9)
dobj(torched-9, most-10)
case(Seattle-12, of-11)
nmod:of(most-10, Seattle-12)

