Sentence #1 (13 tokens):
The article about the fires said that they would research the situation further
[Text=The CharacterOffsetBegin=0 CharacterOffsetEnd=3 PartOfSpeech=DT Lemma=the NamedEntityTag=O]
[Text=article CharacterOffsetBegin=4 CharacterOffsetEnd=11 PartOfSpeech=NN Lemma=article NamedEntityTag=O]
[Text=about CharacterOffsetBegin=12 CharacterOffsetEnd=17 PartOfSpeech=IN Lemma=about NamedEntityTag=O]
[Text=the CharacterOffsetBegin=18 CharacterOffsetEnd=21 PartOfSpeech=DT Lemma=the NamedEntityTag=O]
[Text=fires CharacterOffsetBegin=22 CharacterOffsetEnd=27 PartOfSpeech=NNS Lemma=fire NamedEntityTag=O]
[Text=said CharacterOffsetBegin=28 CharacterOffsetEnd=32 PartOfSpeech=VBD Lemma=say NamedEntityTag=O]
[Text=that CharacterOffsetBegin=33 CharacterOffsetEnd=37 PartOfSpeech=IN Lemma=that NamedEntityTag=O]
[Text=they CharacterOffsetBegin=38 CharacterOffsetEnd=42 PartOfSpeech=PRP Lemma=they NamedEntityTag=O]
[Text=would CharacterOffsetBegin=43 CharacterOffsetEnd=48 PartOfSpeech=MD Lemma=would NamedEntityTag=O]
[Text=research CharacterOffsetBegin=49 CharacterOffsetEnd=57 PartOfSpeech=VB Lemma=research NamedEntityTag=O]
[Text=the CharacterOffsetBegin=58 CharacterOffsetEnd=61 PartOfSpeech=DT Lemma=the NamedEntityTag=O]
[Text=situation CharacterOffsetBegin=62 CharacterOffsetEnd=71 PartOfSpeech=NN Lemma=situation NamedEntityTag=O]
[Text=further CharacterOffsetBegin=72 CharacterOffsetEnd=79 PartOfSpeech=RB Lemma=further NamedEntityTag=O]
(ROOT
  (S
    (NP
      (NP (DT The) (NN article))
      (PP (IN about)
        (NP (DT the) (NNS fires))))
    (VP (VBD said)
      (SBAR (IN that)
        (S
          (NP (PRP they))
          (VP (MD would)
            (VP (VB research)
              (NP (DT the) (NN situation))
              (ADVP (RB further)))))))))

root(ROOT-0, said-6)
det(article-2, The-1)
nsubj(said-6, article-2)
case(fires-5, about-3)
det(fires-5, the-4)
nmod:about(article-2, fires-5)
mark(research-10, that-7)
nsubj(research-10, they-8)
aux(research-10, would-9)
ccomp(said-6, research-10)
det(situation-12, the-11)
dobj(research-10, situation-12)
advmod(research-10, further-13)

