Sentence #1 (14 tokens):
Carl borrowed a book from Richard, but the book was unreadable to him
[Text=Carl CharacterOffsetBegin=0 CharacterOffsetEnd=4 PartOfSpeech=NNP Lemma=Carl NamedEntityTag=PERSON]
[Text=borrowed CharacterOffsetBegin=5 CharacterOffsetEnd=13 PartOfSpeech=VBD Lemma=borrow NamedEntityTag=O]
[Text=a CharacterOffsetBegin=14 CharacterOffsetEnd=15 PartOfSpeech=DT Lemma=a NamedEntityTag=O]
[Text=book CharacterOffsetBegin=16 CharacterOffsetEnd=20 PartOfSpeech=NN Lemma=book NamedEntityTag=O]
[Text=from CharacterOffsetBegin=21 CharacterOffsetEnd=25 PartOfSpeech=IN Lemma=from NamedEntityTag=O]
[Text=Richard CharacterOffsetBegin=26 CharacterOffsetEnd=33 PartOfSpeech=NNP Lemma=Richard NamedEntityTag=PERSON]
[Text=, CharacterOffsetBegin=33 CharacterOffsetEnd=34 PartOfSpeech=, Lemma=, NamedEntityTag=O]
[Text=but CharacterOffsetBegin=35 CharacterOffsetEnd=38 PartOfSpeech=CC Lemma=but NamedEntityTag=O]
[Text=the CharacterOffsetBegin=39 CharacterOffsetEnd=42 PartOfSpeech=DT Lemma=the NamedEntityTag=O]
[Text=book CharacterOffsetBegin=43 CharacterOffsetEnd=47 PartOfSpeech=NN Lemma=book NamedEntityTag=O]
[Text=was CharacterOffsetBegin=48 CharacterOffsetEnd=51 PartOfSpeech=VBD Lemma=be NamedEntityTag=O]
[Text=unreadable CharacterOffsetBegin=52 CharacterOffsetEnd=62 PartOfSpeech=JJ Lemma=unreadable NamedEntityTag=O]
[Text=to CharacterOffsetBegin=63 CharacterOffsetEnd=65 PartOfSpeech=TO Lemma=to NamedEntityTag=O]
[Text=him CharacterOffsetBegin=66 CharacterOffsetEnd=69 PartOfSpeech=PRP Lemma=he NamedEntityTag=O]
(ROOT
  (FRAG
    (S
      (S
        (NP (NNP Carl))
        (VP (VBD borrowed)
          (NP (DT a) (NN book))
          (PP (IN from)
            (NP (NNP Richard)))))
      (, ,)
      (CC but)
      (S
        (NP (DT the) (NN book))
        (VP (VBD was)
          (ADJP (JJ unreadable)
            (PP (TO to)
              (NP (PRP him)))))))))

root(ROOT-0, borrowed-2)
nsubj(borrowed-2, Carl-1)
det(book-4, a-3)
dobj(borrowed-2, book-4)
case(Richard-6, from-5)
nmod:from(borrowed-2, Richard-6)
punct(borrowed-2, ,-7)
cc(borrowed-2, but-8)
det(book-10, the-9)
nsubj(unreadable-12, book-10)
cop(unreadable-12, was-11)
conj:but(borrowed-2, unreadable-12)
case(him-14, to-13)
nmod:to(unreadable-12, him-14)

Coreference set:
	(1,14,[14,15]) -> (1,1,[1,2]), that is: "him" -> "Carl"
Coreference set:
	(1,10,[9,11]) -> (1,4,[3,5]), that is: "the book" -> "a book"
