Sentence #1 (11 tokens):
The man jumped on the neighbor's pool and he stared
[Text=The CharacterOffsetBegin=0 CharacterOffsetEnd=3 PartOfSpeech=DT Lemma=the NamedEntityTag=O]
[Text=man CharacterOffsetBegin=4 CharacterOffsetEnd=7 PartOfSpeech=NN Lemma=man NamedEntityTag=O]
[Text=jumped CharacterOffsetBegin=8 CharacterOffsetEnd=14 PartOfSpeech=VBD Lemma=jump NamedEntityTag=O]
[Text=on CharacterOffsetBegin=15 CharacterOffsetEnd=17 PartOfSpeech=IN Lemma=on NamedEntityTag=O]
[Text=the CharacterOffsetBegin=18 CharacterOffsetEnd=21 PartOfSpeech=DT Lemma=the NamedEntityTag=O]
[Text=neighbor CharacterOffsetBegin=22 CharacterOffsetEnd=30 PartOfSpeech=NN Lemma=neighbor NamedEntityTag=O]
[Text='s CharacterOffsetBegin=30 CharacterOffsetEnd=32 PartOfSpeech=POS Lemma='s NamedEntityTag=O]
[Text=pool CharacterOffsetBegin=33 CharacterOffsetEnd=37 PartOfSpeech=NN Lemma=pool NamedEntityTag=O]
[Text=and CharacterOffsetBegin=38 CharacterOffsetEnd=41 PartOfSpeech=CC Lemma=and NamedEntityTag=O]
[Text=he CharacterOffsetBegin=42 CharacterOffsetEnd=44 PartOfSpeech=PRP Lemma=he NamedEntityTag=O]
[Text=stared CharacterOffsetBegin=45 CharacterOffsetEnd=51 PartOfSpeech=VBD Lemma=stare NamedEntityTag=O]
(ROOT
  (NP
    (S
      (S
        (NP (DT The) (NN man))
        (VP (VBD jumped)
          (PP (IN on)
            (NP
              (NP (DT the) (NN neighbor) (POS 's))
              (NN pool)))))
      (CC and)
      (S
        (NP (PRP he))
        (VP (VBD stared))))))

root(ROOT-0, jumped-3)
det(man-2, The-1)
nsubj(jumped-3, man-2)
case(pool-8, on-4)
det(neighbor-6, the-5)
nmod:poss(pool-8, neighbor-6)
case(neighbor-6, 's-7)
nmod:on(jumped-3, pool-8)
cc(jumped-3, and-9)
nsubj(stared-11, he-10)
conj:and(jumped-3, stared-11)

Coreference set:
	(1,10,[10,11]) -> (1,2,[1,3]), that is: "he" -> "The man"
