Sentence #1 (14 tokens):
The team shredded the report, so that it could rewrite a new one
[Text=The CharacterOffsetBegin=0 CharacterOffsetEnd=3 PartOfSpeech=DT Lemma=the NamedEntityTag=O]
[Text=team CharacterOffsetBegin=4 CharacterOffsetEnd=8 PartOfSpeech=NN Lemma=team NamedEntityTag=O]
[Text=shredded CharacterOffsetBegin=9 CharacterOffsetEnd=17 PartOfSpeech=VBD Lemma=shred NamedEntityTag=O]
[Text=the CharacterOffsetBegin=18 CharacterOffsetEnd=21 PartOfSpeech=DT Lemma=the NamedEntityTag=O]
[Text=report CharacterOffsetBegin=22 CharacterOffsetEnd=28 PartOfSpeech=NN Lemma=report NamedEntityTag=O]
[Text=, CharacterOffsetBegin=28 CharacterOffsetEnd=29 PartOfSpeech=, Lemma=, NamedEntityTag=O]
[Text=so CharacterOffsetBegin=30 CharacterOffsetEnd=32 PartOfSpeech=RB Lemma=so NamedEntityTag=O]
[Text=that CharacterOffsetBegin=33 CharacterOffsetEnd=37 PartOfSpeech=IN Lemma=that NamedEntityTag=O]
[Text=it CharacterOffsetBegin=38 CharacterOffsetEnd=40 PartOfSpeech=PRP Lemma=it NamedEntityTag=O]
[Text=could CharacterOffsetBegin=41 CharacterOffsetEnd=46 PartOfSpeech=MD Lemma=could NamedEntityTag=O]
[Text=rewrite CharacterOffsetBegin=47 CharacterOffsetEnd=54 PartOfSpeech=VB Lemma=rewrite NamedEntityTag=O]
[Text=a CharacterOffsetBegin=55 CharacterOffsetEnd=56 PartOfSpeech=DT Lemma=a NamedEntityTag=O]
[Text=new CharacterOffsetBegin=57 CharacterOffsetEnd=60 PartOfSpeech=JJ Lemma=new NamedEntityTag=O]
[Text=one CharacterOffsetBegin=61 CharacterOffsetEnd=64 PartOfSpeech=CD Lemma=one NamedEntityTag=NUMBER NormalizedNamedEntityTag=1.0]
(ROOT
  (S
    (NP (DT The) (NN team))
    (VP (VBD shredded)
      (NP (DT the) (NN report))
      (, ,)
      (SBAR (RB so) (IN that)
        (S
          (NP (PRP it))
          (VP (MD could)
            (VP (VB rewrite)
              (NP (DT a) (JJ new) (CD one)))))))))

root(ROOT-0, shredded-3)
det(team-2, The-1)
nsubj(shredded-3, team-2)
det(report-5, the-4)
dobj(shredded-3, report-5)
punct(shredded-3, ,-6)
mark(rewrite-11, so-7)
mwe(so-7, that-8)
nsubj(rewrite-11, it-9)
aux(rewrite-11, could-10)
advcl:so_that(shredded-3, rewrite-11)
det(one-14, a-12)
amod(one-14, new-13)
dobj(rewrite-11, one-14)

Coreference set:
	(1,9,[9,10]) -> (1,2,[1,3]), that is: "it" -> "The team"
