Sentence #1 (12 tokens):
The team shredded the report, so that it could be rewritten
[Text=The CharacterOffsetBegin=0 CharacterOffsetEnd=3 PartOfSpeech=DT Lemma=the NamedEntityTag=O]
[Text=team CharacterOffsetBegin=4 CharacterOffsetEnd=8 PartOfSpeech=NN Lemma=team NamedEntityTag=O]
[Text=shredded CharacterOffsetBegin=9 CharacterOffsetEnd=17 PartOfSpeech=VBD Lemma=shred NamedEntityTag=O]
[Text=the CharacterOffsetBegin=18 CharacterOffsetEnd=21 PartOfSpeech=DT Lemma=the NamedEntityTag=O]
[Text=report CharacterOffsetBegin=22 CharacterOffsetEnd=28 PartOfSpeech=NN Lemma=report NamedEntityTag=O]
[Text=, CharacterOffsetBegin=28 CharacterOffsetEnd=29 PartOfSpeech=, Lemma=, NamedEntityTag=O]
[Text=so CharacterOffsetBegin=30 CharacterOffsetEnd=32 PartOfSpeech=RB Lemma=so NamedEntityTag=O]
[Text=that CharacterOffsetBegin=33 CharacterOffsetEnd=37 PartOfSpeech=IN Lemma=that NamedEntityTag=O]
[Text=it CharacterOffsetBegin=38 CharacterOffsetEnd=40 PartOfSpeech=PRP Lemma=it NamedEntityTag=O]
[Text=could CharacterOffsetBegin=41 CharacterOffsetEnd=46 PartOfSpeech=MD Lemma=could NamedEntityTag=O]
[Text=be CharacterOffsetBegin=47 CharacterOffsetEnd=49 PartOfSpeech=VB Lemma=be NamedEntityTag=O]
[Text=rewritten CharacterOffsetBegin=50 CharacterOffsetEnd=59 PartOfSpeech=VBN Lemma=rewrite NamedEntityTag=O]
(ROOT
  (S
    (NP (DT The) (NN team))
    (VP (VBD shredded)
      (NP (DT the) (NN report))
      (, ,)
      (SBAR (RB so) (IN that)
        (S
          (NP (PRP it))
          (VP (MD could)
            (VP (VB be)
              (VP (VBN rewritten)))))))))

root(ROOT-0, shredded-3)
det(team-2, The-1)
nsubj(shredded-3, team-2)
det(report-5, the-4)
dobj(shredded-3, report-5)
punct(shredded-3, ,-6)
mark(rewritten-12, so-7)
mwe(so-7, that-8)
nsubjpass(rewritten-12, it-9)
aux(rewritten-12, could-10)
auxpass(rewritten-12, be-11)
advcl:so_that(shredded-3, rewritten-12)

Coreference set:
	(1,9,[9,10]) -> (1,2,[1,3]), that is: "it" -> "The team"
