Sentence #1 (11 tokens):
Bob asked Tom if he could take him to the movies
[Text=Bob CharacterOffsetBegin=0 CharacterOffsetEnd=3 PartOfSpeech=NNP Lemma=Bob NamedEntityTag=PERSON]
[Text=asked CharacterOffsetBegin=4 CharacterOffsetEnd=9 PartOfSpeech=VBD Lemma=ask NamedEntityTag=O]
[Text=Tom CharacterOffsetBegin=10 CharacterOffsetEnd=13 PartOfSpeech=NNP Lemma=Tom NamedEntityTag=PERSON]
[Text=if CharacterOffsetBegin=14 CharacterOffsetEnd=16 PartOfSpeech=IN Lemma=if NamedEntityTag=O]
[Text=he CharacterOffsetBegin=17 CharacterOffsetEnd=19 PartOfSpeech=PRP Lemma=he NamedEntityTag=O]
[Text=could CharacterOffsetBegin=20 CharacterOffsetEnd=25 PartOfSpeech=MD Lemma=could NamedEntityTag=O]
[Text=take CharacterOffsetBegin=26 CharacterOffsetEnd=30 PartOfSpeech=VB Lemma=take NamedEntityTag=O]
[Text=him CharacterOffsetBegin=31 CharacterOffsetEnd=34 PartOfSpeech=PRP Lemma=he NamedEntityTag=O]
[Text=to CharacterOffsetBegin=35 CharacterOffsetEnd=37 PartOfSpeech=TO Lemma=to NamedEntityTag=O]
[Text=the CharacterOffsetBegin=38 CharacterOffsetEnd=41 PartOfSpeech=DT Lemma=the NamedEntityTag=O]
[Text=movies CharacterOffsetBegin=42 CharacterOffsetEnd=48 PartOfSpeech=NNS Lemma=movie NamedEntityTag=O]
(ROOT
  (S
    (NP (NNP Bob))
    (VP (VBD asked)
      (NP (NNP Tom))
      (SBAR (IN if)
        (S
          (NP (PRP he))
          (VP (MD could)
            (VP (VB take)
              (NP (PRP him))
              (PP (TO to)
                (NP (DT the) (NNS movies))))))))))

root(ROOT-0, asked-2)
nsubj(asked-2, Bob-1)
dobj(asked-2, Tom-3)
mark(take-7, if-4)
nsubj(take-7, he-5)
aux(take-7, could-6)
advcl:if(asked-2, take-7)
dobj(take-7, him-8)
case(movies-11, to-9)
det(movies-11, the-10)
nmod:to(take-7, movies-11)

Coreference set:
	(1,5,[5,6]) -> (1,1,[1,2]), that is: "he" -> "Bob"
	(1,8,[8,9]) -> (1,1,[1,2]), that is: "him" -> "Bob"
