Sentence #1 (8 tokens):
Homer punched Flanders because he was being annoying
[Text=Homer CharacterOffsetBegin=0 CharacterOffsetEnd=5 PartOfSpeech=NNP Lemma=Homer NamedEntityTag=O]
[Text=punched CharacterOffsetBegin=6 CharacterOffsetEnd=13 PartOfSpeech=VBD Lemma=punch NamedEntityTag=O]
[Text=Flanders CharacterOffsetBegin=14 CharacterOffsetEnd=22 PartOfSpeech=NNP Lemma=Flanders NamedEntityTag=PERSON]
[Text=because CharacterOffsetBegin=23 CharacterOffsetEnd=30 PartOfSpeech=IN Lemma=because NamedEntityTag=O]
[Text=he CharacterOffsetBegin=31 CharacterOffsetEnd=33 PartOfSpeech=PRP Lemma=he NamedEntityTag=O]
[Text=was CharacterOffsetBegin=34 CharacterOffsetEnd=37 PartOfSpeech=VBD Lemma=be NamedEntityTag=O]
[Text=being CharacterOffsetBegin=38 CharacterOffsetEnd=43 PartOfSpeech=VBG Lemma=be NamedEntityTag=O]
[Text=annoying CharacterOffsetBegin=44 CharacterOffsetEnd=52 PartOfSpeech=JJ Lemma=annoying NamedEntityTag=O]
(ROOT
  (S
    (NP (NNP Homer))
    (VP (VBD punched)
      (NP (NNP Flanders))
      (SBAR (IN because)
        (S
          (NP (PRP he))
          (VP (VBD was)
            (VP (VBG being)
              (ADJP (JJ annoying)))))))))

root(ROOT-0, punched-2)
nsubj(punched-2, Homer-1)
dobj(punched-2, Flanders-3)
mark(annoying-8, because-4)
nsubj(annoying-8, he-5)
aux(annoying-8, was-6)
cop(annoying-8, being-7)
advcl:because(punched-2, annoying-8)

Coreference set:
	(1,5,[5,6]) -> (1,3,[3,4]), that is: "he" -> "Flanders"
