Sentence #1 (10 tokens):
Bill likes to play with Bob because he loves playing
[Text=Bill CharacterOffsetBegin=0 CharacterOffsetEnd=4 PartOfSpeech=NNP Lemma=Bill NamedEntityTag=PERSON]
[Text=likes CharacterOffsetBegin=5 CharacterOffsetEnd=10 PartOfSpeech=VBZ Lemma=like NamedEntityTag=O]
[Text=to CharacterOffsetBegin=11 CharacterOffsetEnd=13 PartOfSpeech=TO Lemma=to NamedEntityTag=O]
[Text=play CharacterOffsetBegin=14 CharacterOffsetEnd=18 PartOfSpeech=VB Lemma=play NamedEntityTag=O]
[Text=with CharacterOffsetBegin=19 CharacterOffsetEnd=23 PartOfSpeech=IN Lemma=with NamedEntityTag=O]
[Text=Bob CharacterOffsetBegin=24 CharacterOffsetEnd=27 PartOfSpeech=NNP Lemma=Bob NamedEntityTag=PERSON]
[Text=because CharacterOffsetBegin=28 CharacterOffsetEnd=35 PartOfSpeech=IN Lemma=because NamedEntityTag=O]
[Text=he CharacterOffsetBegin=36 CharacterOffsetEnd=38 PartOfSpeech=PRP Lemma=he NamedEntityTag=O]
[Text=loves CharacterOffsetBegin=39 CharacterOffsetEnd=44 PartOfSpeech=VBZ Lemma=love NamedEntityTag=O]
[Text=playing CharacterOffsetBegin=45 CharacterOffsetEnd=52 PartOfSpeech=VBG Lemma=play NamedEntityTag=O]
(ROOT
  (S
    (NP (NNP Bill))
    (VP (VBZ likes)
      (S
        (VP (TO to)
          (VP (VB play)
            (PP (IN with)
              (NP (NNP Bob)))
            (SBAR (IN because)
              (S
                (NP (PRP he))
                (VP (VBZ loves)
                  (S
                    (VP (VBG playing))))))))))))

root(ROOT-0, likes-2)
nsubj(likes-2, Bill-1)
nsubj:xsubj(play-4, Bill-1)
mark(play-4, to-3)
xcomp(likes-2, play-4)
case(Bob-6, with-5)
nmod:with(play-4, Bob-6)
mark(loves-9, because-7)
nsubj(loves-9, he-8)
advcl:because(play-4, loves-9)
xcomp(loves-9, playing-10)

Coreference set:
	(1,8,[8,9]) -> (1,6,[6,7]), that is: "he" -> "Bob"
