Sentence #1 (9 tokens):
The mermaid swam toward Sue and made her gasp
[Text=The CharacterOffsetBegin=0 CharacterOffsetEnd=3 PartOfSpeech=DT Lemma=the NamedEntityTag=O]
[Text=mermaid CharacterOffsetBegin=4 CharacterOffsetEnd=11 PartOfSpeech=NN Lemma=mermaid NamedEntityTag=O]
[Text=swam CharacterOffsetBegin=12 CharacterOffsetEnd=16 PartOfSpeech=VBD Lemma=swim NamedEntityTag=O]
[Text=toward CharacterOffsetBegin=17 CharacterOffsetEnd=23 PartOfSpeech=IN Lemma=toward NamedEntityTag=O]
[Text=Sue CharacterOffsetBegin=24 CharacterOffsetEnd=27 PartOfSpeech=NN Lemma=sue NamedEntityTag=O]
[Text=and CharacterOffsetBegin=28 CharacterOffsetEnd=31 PartOfSpeech=CC Lemma=and NamedEntityTag=O]
[Text=made CharacterOffsetBegin=32 CharacterOffsetEnd=36 PartOfSpeech=VBD Lemma=make NamedEntityTag=O]
[Text=her CharacterOffsetBegin=37 CharacterOffsetEnd=40 PartOfSpeech=PRP$ Lemma=she NamedEntityTag=O]
[Text=gasp CharacterOffsetBegin=41 CharacterOffsetEnd=45 PartOfSpeech=VBP Lemma=gasp NamedEntityTag=O]
(ROOT
  (S
    (NP (DT The) (NN mermaid))
    (VP
      (VP (VBD swam)
        (PP (IN toward)
          (NP (NN Sue))))
      (CC and)
      (VP (VBD made)
        (SBAR
          (S
            (NP (PRP$ her))
            (VP (VBP gasp))))))))

root(ROOT-0, swam-3)
det(mermaid-2, The-1)
nsubj(swam-3, mermaid-2)
nsubj(made-7, mermaid-2)
case(Sue-5, toward-4)
nmod:toward(swam-3, Sue-5)
cc(swam-3, and-6)
conj:and(swam-3, made-7)
nsubj(gasp-9, her-8)
ccomp(made-7, gasp-9)

Coreference set:
	(1,8,[8,9]) -> (1,2,[1,3]), that is: "her" -> "The mermaid"
