Sentence #1 (9 tokens):
The mermaid swam toward Sue and waved her tail
[Text=The CharacterOffsetBegin=0 CharacterOffsetEnd=3 PartOfSpeech=DT Lemma=the NamedEntityTag=O]
[Text=mermaid CharacterOffsetBegin=4 CharacterOffsetEnd=11 PartOfSpeech=NN Lemma=mermaid NamedEntityTag=O]
[Text=swam CharacterOffsetBegin=12 CharacterOffsetEnd=16 PartOfSpeech=VBD Lemma=swim NamedEntityTag=O]
[Text=toward CharacterOffsetBegin=17 CharacterOffsetEnd=23 PartOfSpeech=IN Lemma=toward NamedEntityTag=O]
[Text=Sue CharacterOffsetBegin=24 CharacterOffsetEnd=27 PartOfSpeech=NN Lemma=sue NamedEntityTag=O]
[Text=and CharacterOffsetBegin=28 CharacterOffsetEnd=31 PartOfSpeech=CC Lemma=and NamedEntityTag=O]
[Text=waved CharacterOffsetBegin=32 CharacterOffsetEnd=37 PartOfSpeech=VBD Lemma=wave NamedEntityTag=O]
[Text=her CharacterOffsetBegin=38 CharacterOffsetEnd=41 PartOfSpeech=PRP$ Lemma=she NamedEntityTag=O]
[Text=tail CharacterOffsetBegin=42 CharacterOffsetEnd=46 PartOfSpeech=NN Lemma=tail NamedEntityTag=O]
(ROOT
  (S
    (NP (DT The) (NN mermaid))
    (VP
      (VP (VBD swam)
        (PP (IN toward)
          (NP (NN Sue))))
      (CC and)
      (VP (VBD waved)
        (NP (PRP$ her) (NN tail))))))

root(ROOT-0, swam-3)
det(mermaid-2, The-1)
nsubj(swam-3, mermaid-2)
nsubj(waved-7, mermaid-2)
case(Sue-5, toward-4)
nmod:toward(swam-3, Sue-5)
cc(swam-3, and-6)
conj:and(swam-3, waved-7)
nmod:poss(tail-9, her-8)
dobj(waved-7, tail-9)

Coreference set:
	(1,8,[8,9]) -> (1,2,[1,3]), that is: "her" -> "The mermaid"
