Sentence #1 (14 tokens):
The mother bear attacked Karen because she had gotten too close to her cub
[Text=The CharacterOffsetBegin=0 CharacterOffsetEnd=3 PartOfSpeech=DT Lemma=the NamedEntityTag=O]
[Text=mother CharacterOffsetBegin=4 CharacterOffsetEnd=10 PartOfSpeech=NN Lemma=mother NamedEntityTag=O]
[Text=bear CharacterOffsetBegin=11 CharacterOffsetEnd=15 PartOfSpeech=NN Lemma=bear NamedEntityTag=O]
[Text=attacked CharacterOffsetBegin=16 CharacterOffsetEnd=24 PartOfSpeech=VBN Lemma=attack NamedEntityTag=O]
[Text=Karen CharacterOffsetBegin=25 CharacterOffsetEnd=30 PartOfSpeech=NNP Lemma=Karen NamedEntityTag=PERSON]
[Text=because CharacterOffsetBegin=31 CharacterOffsetEnd=38 PartOfSpeech=IN Lemma=because NamedEntityTag=O]
[Text=she CharacterOffsetBegin=39 CharacterOffsetEnd=42 PartOfSpeech=PRP Lemma=she NamedEntityTag=O]
[Text=had CharacterOffsetBegin=43 CharacterOffsetEnd=46 PartOfSpeech=VBD Lemma=have NamedEntityTag=O]
[Text=gotten CharacterOffsetBegin=47 CharacterOffsetEnd=53 PartOfSpeech=VBN Lemma=get NamedEntityTag=O]
[Text=too CharacterOffsetBegin=54 CharacterOffsetEnd=57 PartOfSpeech=RB Lemma=too NamedEntityTag=O]
[Text=close CharacterOffsetBegin=58 CharacterOffsetEnd=63 PartOfSpeech=RB Lemma=close NamedEntityTag=O]
[Text=to CharacterOffsetBegin=64 CharacterOffsetEnd=66 PartOfSpeech=TO Lemma=to NamedEntityTag=O]
[Text=her CharacterOffsetBegin=67 CharacterOffsetEnd=70 PartOfSpeech=PRP$ Lemma=she NamedEntityTag=O]
[Text=cub CharacterOffsetBegin=71 CharacterOffsetEnd=74 PartOfSpeech=NN Lemma=cub NamedEntityTag=O]
(ROOT
  (S
    (NP (DT The) (NN mother) (NN bear))
    (VP (VBN attacked)
      (S
        (NP (NNP Karen)))
      (SBAR (IN because)
        (S
          (NP (PRP she))
          (VP (VBD had)
            (VP (VBN gotten)
              (ADVP (RB too) (RB close))
              (PP (TO to)
                (NP (PRP$ her) (NN cub))))))))))

root(ROOT-0, attacked-4)
det(bear-3, The-1)
compound(bear-3, mother-2)
nsubj(attacked-4, bear-3)
xcomp(attacked-4, Karen-5)
mark(gotten-9, because-6)
nsubj(gotten-9, she-7)
aux(gotten-9, had-8)
advcl:because(attacked-4, gotten-9)
advmod(close-11, too-10)
advmod(gotten-9, close-11)
case(cub-14, to-12)
nmod:poss(cub-14, her-13)
nmod:to(gotten-9, cub-14)

Coreference set:
	(1,7,[7,8]) -> (1,5,[5,6]), that is: "she" -> "Karen"
	(1,13,[13,14]) -> (1,5,[5,6]), that is: "her" -> "Karen"
