Sentence #1 (12 tokens):
The mother bear attacked Karen because she was worried for her cub
[Text=The CharacterOffsetBegin=0 CharacterOffsetEnd=3 PartOfSpeech=DT Lemma=the NamedEntityTag=O]
[Text=mother CharacterOffsetBegin=4 CharacterOffsetEnd=10 PartOfSpeech=NN Lemma=mother NamedEntityTag=O]
[Text=bear CharacterOffsetBegin=11 CharacterOffsetEnd=15 PartOfSpeech=NN Lemma=bear NamedEntityTag=O]
[Text=attacked CharacterOffsetBegin=16 CharacterOffsetEnd=24 PartOfSpeech=VBN Lemma=attack NamedEntityTag=O]
[Text=Karen CharacterOffsetBegin=25 CharacterOffsetEnd=30 PartOfSpeech=NNP Lemma=Karen NamedEntityTag=PERSON]
[Text=because CharacterOffsetBegin=31 CharacterOffsetEnd=38 PartOfSpeech=IN Lemma=because NamedEntityTag=O]
[Text=she CharacterOffsetBegin=39 CharacterOffsetEnd=42 PartOfSpeech=PRP Lemma=she NamedEntityTag=O]
[Text=was CharacterOffsetBegin=43 CharacterOffsetEnd=46 PartOfSpeech=VBD Lemma=be NamedEntityTag=O]
[Text=worried CharacterOffsetBegin=47 CharacterOffsetEnd=54 PartOfSpeech=VBN Lemma=worry NamedEntityTag=O]
[Text=for CharacterOffsetBegin=55 CharacterOffsetEnd=58 PartOfSpeech=IN Lemma=for NamedEntityTag=O]
[Text=her CharacterOffsetBegin=59 CharacterOffsetEnd=62 PartOfSpeech=PRP$ Lemma=she NamedEntityTag=O]
[Text=cub CharacterOffsetBegin=63 CharacterOffsetEnd=66 PartOfSpeech=NN Lemma=cub NamedEntityTag=O]
(ROOT
  (S
    (NP (DT The) (NN mother) (NN bear))
    (VP (VBN attacked)
      (S
        (NP (NNP Karen)))
      (SBAR (IN because)
        (S
          (NP (PRP she))
          (VP (VBD was)
            (VP (VBN worried)
              (PP (IN for)
                (NP (PRP$ her) (NN cub))))))))))

root(ROOT-0, attacked-4)
det(bear-3, The-1)
compound(bear-3, mother-2)
nsubj(attacked-4, bear-3)
xcomp(attacked-4, Karen-5)
mark(worried-9, because-6)
nsubjpass(worried-9, she-7)
auxpass(worried-9, was-8)
advcl:because(attacked-4, worried-9)
case(cub-12, for-10)
nmod:poss(cub-12, her-11)
nmod:for(worried-9, cub-12)

Coreference set:
	(1,7,[7,8]) -> (1,5,[5,6]), that is: "she" -> "Karen"
	(1,11,[11,12]) -> (1,5,[5,6]), that is: "her" -> "Karen"
