Sentence #1 (11 tokens):
Mary smiled at Susan, but she did not smile back
[Text=Mary CharacterOffsetBegin=0 CharacterOffsetEnd=4 PartOfSpeech=NNP Lemma=Mary NamedEntityTag=PERSON]
[Text=smiled CharacterOffsetBegin=5 CharacterOffsetEnd=11 PartOfSpeech=VBD Lemma=smile NamedEntityTag=O]
[Text=at CharacterOffsetBegin=12 CharacterOffsetEnd=14 PartOfSpeech=IN Lemma=at NamedEntityTag=O]
[Text=Susan CharacterOffsetBegin=15 CharacterOffsetEnd=20 PartOfSpeech=NNP Lemma=Susan NamedEntityTag=PERSON]
[Text=, CharacterOffsetBegin=20 CharacterOffsetEnd=21 PartOfSpeech=, Lemma=, NamedEntityTag=O]
[Text=but CharacterOffsetBegin=22 CharacterOffsetEnd=25 PartOfSpeech=CC Lemma=but NamedEntityTag=O]
[Text=she CharacterOffsetBegin=26 CharacterOffsetEnd=29 PartOfSpeech=PRP Lemma=she NamedEntityTag=O]
[Text=did CharacterOffsetBegin=30 CharacterOffsetEnd=33 PartOfSpeech=VBD Lemma=do NamedEntityTag=O]
[Text=not CharacterOffsetBegin=34 CharacterOffsetEnd=37 PartOfSpeech=RB Lemma=not NamedEntityTag=O]
[Text=smile CharacterOffsetBegin=38 CharacterOffsetEnd=43 PartOfSpeech=VB Lemma=smile NamedEntityTag=O]
[Text=back CharacterOffsetBegin=44 CharacterOffsetEnd=48 PartOfSpeech=RB Lemma=back NamedEntityTag=O]
(ROOT
  (FRAG
    (S
      (S
        (NP (NNP Mary))
        (VP (VBD smiled)
          (PP (IN at)
            (NP (NNP Susan)))))
      (, ,)
      (CC but)
      (S
        (NP (PRP she))
        (VP (VBD did) (RB not)
          (VP (VB smile)
            (ADVP (RB back))))))))

root(ROOT-0, smiled-2)
nsubj(smiled-2, Mary-1)
case(Susan-4, at-3)
nmod:at(smiled-2, Susan-4)
punct(smiled-2, ,-5)
cc(smiled-2, but-6)
nsubj(smile-10, she-7)
aux(smile-10, did-8)
neg(smile-10, not-9)
conj:but(smiled-2, smile-10)
advmod(smile-10, back-11)

Coreference set:
	(1,7,[7,8]) -> (1,1,[1,2]), that is: "she" -> "Mary"
