Sentence #1 (13 tokens):
The leech latched onto the hippo so that it could enjoy the sunshine
[Text=The CharacterOffsetBegin=0 CharacterOffsetEnd=3 PartOfSpeech=DT Lemma=the NamedEntityTag=O]
[Text=leech CharacterOffsetBegin=4 CharacterOffsetEnd=9 PartOfSpeech=NN Lemma=leech NamedEntityTag=O]
[Text=latched CharacterOffsetBegin=10 CharacterOffsetEnd=17 PartOfSpeech=VBD Lemma=latch NamedEntityTag=O]
[Text=onto CharacterOffsetBegin=18 CharacterOffsetEnd=22 PartOfSpeech=IN Lemma=onto NamedEntityTag=O]
[Text=the CharacterOffsetBegin=23 CharacterOffsetEnd=26 PartOfSpeech=DT Lemma=the NamedEntityTag=O]
[Text=hippo CharacterOffsetBegin=27 CharacterOffsetEnd=32 PartOfSpeech=NN Lemma=hippo NamedEntityTag=O]
[Text=so CharacterOffsetBegin=33 CharacterOffsetEnd=35 PartOfSpeech=IN Lemma=so NamedEntityTag=O]
[Text=that CharacterOffsetBegin=36 CharacterOffsetEnd=40 PartOfSpeech=IN Lemma=that NamedEntityTag=O]
[Text=it CharacterOffsetBegin=41 CharacterOffsetEnd=43 PartOfSpeech=PRP Lemma=it NamedEntityTag=O]
[Text=could CharacterOffsetBegin=44 CharacterOffsetEnd=49 PartOfSpeech=MD Lemma=could NamedEntityTag=O]
[Text=enjoy CharacterOffsetBegin=50 CharacterOffsetEnd=55 PartOfSpeech=VB Lemma=enjoy NamedEntityTag=O]
[Text=the CharacterOffsetBegin=56 CharacterOffsetEnd=59 PartOfSpeech=DT Lemma=the NamedEntityTag=O]
[Text=sunshine CharacterOffsetBegin=60 CharacterOffsetEnd=68 PartOfSpeech=NN Lemma=sunshine NamedEntityTag=O]
(ROOT
  (S
    (NP (DT The) (NN leech))
    (VP (VBD latched)
      (PP (IN onto)
        (NP (DT the) (NN hippo)))
      (SBAR (IN so) (IN that)
        (S
          (NP (PRP it))
          (VP (MD could)
            (VP (VB enjoy)
              (NP (DT the) (NN sunshine)))))))))

root(ROOT-0, latched-3)
det(leech-2, The-1)
nsubj(latched-3, leech-2)
case(hippo-6, onto-4)
det(hippo-6, the-5)
nmod:onto(latched-3, hippo-6)
mark(enjoy-11, so-7)
mwe(so-7, that-8)
nsubj(enjoy-11, it-9)
aux(enjoy-11, could-10)
advcl:so_that(latched-3, enjoy-11)
det(sunshine-13, the-12)
dobj(enjoy-11, sunshine-13)

