Sentence #1 (11 tokens):
I drank the beer with a lime because it was sour
[Text=I CharacterOffsetBegin=0 CharacterOffsetEnd=1 PartOfSpeech=PRP Lemma=I NamedEntityTag=O]
[Text=drank CharacterOffsetBegin=2 CharacterOffsetEnd=7 PartOfSpeech=VBD Lemma=drink NamedEntityTag=O]
[Text=the CharacterOffsetBegin=8 CharacterOffsetEnd=11 PartOfSpeech=DT Lemma=the NamedEntityTag=O]
[Text=beer CharacterOffsetBegin=12 CharacterOffsetEnd=16 PartOfSpeech=NN Lemma=beer NamedEntityTag=O]
[Text=with CharacterOffsetBegin=17 CharacterOffsetEnd=21 PartOfSpeech=IN Lemma=with NamedEntityTag=O]
[Text=a CharacterOffsetBegin=22 CharacterOffsetEnd=23 PartOfSpeech=DT Lemma=a NamedEntityTag=O]
[Text=lime CharacterOffsetBegin=24 CharacterOffsetEnd=28 PartOfSpeech=FW Lemma=lime NamedEntityTag=O]
[Text=because CharacterOffsetBegin=29 CharacterOffsetEnd=36 PartOfSpeech=IN Lemma=because NamedEntityTag=O]
[Text=it CharacterOffsetBegin=37 CharacterOffsetEnd=39 PartOfSpeech=PRP Lemma=it NamedEntityTag=O]
[Text=was CharacterOffsetBegin=40 CharacterOffsetEnd=43 PartOfSpeech=VBD Lemma=be NamedEntityTag=O]
[Text=sour CharacterOffsetBegin=44 CharacterOffsetEnd=48 PartOfSpeech=JJ Lemma=sour NamedEntityTag=O]
(ROOT
  (S
    (NP (PRP I))
    (VP (VBD drank)
      (NP (DT the) (NN beer))
      (PP (IN with)
        (NP (DT a) (FW lime)))
      (SBAR (IN because)
        (S
          (NP (PRP it))
          (VP (VBD was)
            (ADJP (JJ sour))))))))

root(ROOT-0, drank-2)
nsubj(drank-2, I-1)
det(beer-4, the-3)
dobj(drank-2, beer-4)
case(lime-7, with-5)
det(lime-7, a-6)
nmod:with(drank-2, lime-7)
mark(sour-11, because-8)
nsubj(sour-11, it-9)
cop(sour-11, was-10)
advcl:because(drank-2, sour-11)

Coreference set:
	(1,9,[9,10]) -> (1,4,[3,5]), that is: "it" -> "the beer"
