Sentence #1 (9 tokens):
The employer talked to the employee about firing him
[Text=The CharacterOffsetBegin=0 CharacterOffsetEnd=3 PartOfSpeech=DT Lemma=the NamedEntityTag=O]
[Text=employer CharacterOffsetBegin=4 CharacterOffsetEnd=12 PartOfSpeech=NN Lemma=employer NamedEntityTag=O]
[Text=talked CharacterOffsetBegin=13 CharacterOffsetEnd=19 PartOfSpeech=VBD Lemma=talk NamedEntityTag=O]
[Text=to CharacterOffsetBegin=20 CharacterOffsetEnd=22 PartOfSpeech=TO Lemma=to NamedEntityTag=O]
[Text=the CharacterOffsetBegin=23 CharacterOffsetEnd=26 PartOfSpeech=DT Lemma=the NamedEntityTag=O]
[Text=employee CharacterOffsetBegin=27 CharacterOffsetEnd=35 PartOfSpeech=NN Lemma=employee NamedEntityTag=O]
[Text=about CharacterOffsetBegin=36 CharacterOffsetEnd=41 PartOfSpeech=IN Lemma=about NamedEntityTag=O]
[Text=firing CharacterOffsetBegin=42 CharacterOffsetEnd=48 PartOfSpeech=NN Lemma=firing NamedEntityTag=O]
[Text=him CharacterOffsetBegin=49 CharacterOffsetEnd=52 PartOfSpeech=PRP Lemma=he NamedEntityTag=O]
(ROOT
  (SINV
    (FRAG
      (NP (DT The) (NN employer)))
    (VP (VBD talked)
      (PP (TO to)
        (NP (DT the) (NN employee)))
      (PP (IN about)
        (NP (NN firing))))
    (NP (PRP him))))

root(ROOT-0, talked-3)
det(employer-2, The-1)
dep(talked-3, employer-2)
case(employee-6, to-4)
det(employee-6, the-5)
nmod:to(talked-3, employee-6)
case(firing-8, about-7)
nmod:about(talked-3, firing-8)
nsubj(talked-3, him-9)

Coreference set:
	(1,9,[9,10]) -> (1,2,[1,3]), that is: "him" -> "The employer"
