Sentence #1 (10 tokens):
A chicken pecked at a bug and it ate it
[Text=A CharacterOffsetBegin=0 CharacterOffsetEnd=1 PartOfSpeech=DT Lemma=a NamedEntityTag=O]
[Text=chicken CharacterOffsetBegin=2 CharacterOffsetEnd=9 PartOfSpeech=NN Lemma=chicken NamedEntityTag=O]
[Text=pecked CharacterOffsetBegin=10 CharacterOffsetEnd=16 PartOfSpeech=VBD Lemma=peck NamedEntityTag=O]
[Text=at CharacterOffsetBegin=17 CharacterOffsetEnd=19 PartOfSpeech=IN Lemma=at NamedEntityTag=O]
[Text=a CharacterOffsetBegin=20 CharacterOffsetEnd=21 PartOfSpeech=DT Lemma=a NamedEntityTag=O]
[Text=bug CharacterOffsetBegin=22 CharacterOffsetEnd=25 PartOfSpeech=NN Lemma=bug NamedEntityTag=O]
[Text=and CharacterOffsetBegin=26 CharacterOffsetEnd=29 PartOfSpeech=CC Lemma=and NamedEntityTag=O]
[Text=it CharacterOffsetBegin=30 CharacterOffsetEnd=32 PartOfSpeech=PRP Lemma=it NamedEntityTag=O]
[Text=ate CharacterOffsetBegin=33 CharacterOffsetEnd=36 PartOfSpeech=VBD Lemma=eat NamedEntityTag=O]
[Text=it CharacterOffsetBegin=37 CharacterOffsetEnd=39 PartOfSpeech=PRP Lemma=it NamedEntityTag=O]
(ROOT
  (NP
    (S
      (S
        (NP (DT A) (NN chicken))
        (VP (VBD pecked)
          (PP (IN at)
            (NP (DT a) (NN bug)))))
      (CC and)
      (S
        (NP (PRP it))
        (VP (VBD ate)
          (NP (PRP it)))))))

root(ROOT-0, pecked-3)
det(chicken-2, A-1)
nsubj(pecked-3, chicken-2)
case(bug-6, at-4)
det(bug-6, a-5)
nmod:at(pecked-3, bug-6)
cc(pecked-3, and-7)
nsubj(ate-9, it-8)
conj:and(pecked-3, ate-9)
dobj(ate-9, it-10)

Coreference set:
	(1,8,[8,9]) -> (1,2,[1,3]), that is: "it" -> "A chicken"
	(1,10,[10,11]) -> (1,2,[1,3]), that is: "it" -> "A chicken"
